2018-04-29 09:25:29,174 - This file is acrobot run with DQN using combined replay
2018-04-29 09:25:29,174 - Command line args: Namespace(N=50, actor_lr=0.01, actor_model_path=None, alg='dqn', alt_learn=False, combined_replay=True, critic_lr=0.01, critic_model_path=None, deepness='deep', env_name='Acrobot-v1', epsilon=0.5, gamma=0.99, hindsight=False, lr=0.0001, model_name='acro_dqn_c', num_episodes=50000, priority_replay=False, record_video_only=False, render=False, replay_batch=32, seed=None, test_mod=500, test_only=False, train_mod=100)
2018-04-29 09:25:29,174 - Log saving to logs/acro_dqn_c_2018_04_29_09_25_28.log
2018-04-29 09:25:29,174 - Alg: dqn
2018-04-29 09:25:29,174 - Numpy random seed 2672735920
2018-04-29 09:25:29,178 - Gym seed set to 2672735920
2018-04-29 09:25:29,180 - Using deep architecture.
2018-04-29 09:25:29,259 - Using initial learning rate 0.0001
2018-04-29 09:25:29,525 - Using combined replay
2018-04-29 09:25:55,670 - Training for 50000 episodes
2018-04-29 09:25:55,671 - Episode 0
2018-04-29 09:25:55,671 - Step 0
2018-04-29 09:26:03,014 - Episode reward mean: -5.000
2018-04-29 09:26:03,014 - Episode reward std: 49.500
2018-04-29 09:26:03,014 - **Testing mode
2018-04-29 09:26:03,014 - Running for 20 episodes
2018-04-29 09:26:29,050 - (test) Average reward per episode: -500.0
2018-04-29 09:26:29,050 - Standard deviation: 0.0
2018-04-29 09:26:29,131 - Beat previous value of None! Saved model to models/acro_dqn_c/acro_dqn_c.h5
2018-04-29 09:26:29,157 - Saved model for rendering to models/acro_dqn_c/acro_dqn_c_0_of_3.h5
2018-04-29 09:37:54,672 - Episode 100
2018-04-29 09:37:54,673 - Step 49639
2018-04-29 09:38:01,798 - Episode reward mean: -496.360
2018-04-29 09:38:01,798 - Episode reward std: 24.337
2018-04-29 09:49:34,872 - Episode 200
2018-04-29 09:49:34,873 - Step 98833
2018-04-29 09:49:41,985 - Episode reward mean: -491.860
2018-04-29 09:49:41,985 - Episode reward std: 38.164
2018-04-29 09:58:39,269 - Episode 300
2018-04-29 09:58:39,269 - Step 137138
2018-04-29 09:58:42,437 - Episode reward mean: -379.490
2018-04-29 09:58:42,438 - Episode reward std: 93.568
2018-04-29 10:09:35,399 - Episode 400
2018-04-29 10:09:35,399 - Step 183227
2018-04-29 10:09:42,515 - Episode reward mean: -463.470
2018-04-29 10:09:42,516 - Episode reward std: 80.416
2018-04-29 10:21:13,636 - Episode 500
2018-04-29 10:21:13,636 - Step 232489
2018-04-29 10:21:18,586 - Episode reward mean: -491.180
2018-04-29 10:21:18,587 - Episode reward std: 33.614
2018-04-29 10:21:18,587 - **Testing mode
2018-04-29 10:21:18,587 - Running for 20 episodes
2018-04-29 10:21:45,499 - (test) Average reward per episode: -500.0
2018-04-29 10:21:45,499 - Standard deviation: 0.0
2018-04-29 10:29:14,732 - Episode 600
2018-04-29 10:29:14,732 - Step 264759
2018-04-29 10:29:17,054 - Episode reward mean: -320.020
2018-04-29 10:29:17,055 - Episode reward std: 144.188
2018-04-29 10:33:29,978 - Episode 700
2018-04-29 10:33:29,978 - Step 282857
2018-04-29 10:33:31,679 - Episode reward mean: -179.540
2018-04-29 10:33:31,679 - Episode reward std: 58.658
2018-04-29 10:37:33,118 - Episode 800
2018-04-29 10:37:33,118 - Step 299919
2018-04-29 10:37:35,670 - Episode reward mean: -170.220
2018-04-29 10:37:35,670 - Episode reward std: 71.406
2018-04-29 10:43:59,695 - Episode 900
2018-04-29 10:43:59,695 - Step 327039
2018-04-29 10:44:02,444 - Episode reward mean: -270.500
2018-04-29 10:44:02,445 - Episode reward std: 140.287
2018-04-29 10:47:20,261 - Episode 1000
2018-04-29 10:47:20,262 - Step 341096
2018-04-29 10:47:21,182 - Episode reward mean: -138.310
2018-04-29 10:47:21,183 - Episode reward std: 46.855
2018-04-29 10:47:21,183 - **Testing mode
2018-04-29 10:47:21,183 - Running for 20 episodes
2018-04-29 10:47:28,776 - (test) Average reward per episode: -139.1
2018-04-29 10:47:28,777 - Standard deviation: 121.4359501959778
2018-04-29 10:47:28,805 - Beat previous value of -500.0! Saved model to models/acro_dqn_c/acro_dqn_c.h5
2018-04-29 10:53:18,592 - Episode 1100
2018-04-29 10:53:18,592 - Step 365700
2018-04-29 10:53:25,734 - Episode reward mean: -249.540
2018-04-29 10:53:25,734 - Episode reward std: 145.976
2018-04-29 10:57:11,438 - Episode 1200
2018-04-29 10:57:11,439 - Step 382030
2018-04-29 10:57:12,805 - Episode reward mean: -158.320
2018-04-29 10:57:12,805 - Episode reward std: 119.090
2018-04-29 10:59:54,202 - Episode 1300
2018-04-29 10:59:54,203 - Step 393452
2018-04-29 10:59:55,485 - Episode reward mean: -113.170
2018-04-29 10:59:55,486 - Episode reward std: 35.114
2018-04-29 11:02:30,474 - Episode 1400
2018-04-29 11:02:30,475 - Step 404407
2018-04-29 11:02:31,526 - Episode reward mean: -108.400
2018-04-29 11:02:31,527 - Episode reward std: 28.577
2018-04-29 11:05:00,896 - Episode 1500
2018-04-29 11:05:00,896 - Step 414977
2018-04-29 11:05:02,199 - Episode reward mean: -104.850
2018-04-29 11:05:02,199 - Episode reward std: 32.048
2018-04-29 11:05:02,199 - **Testing mode
2018-04-29 11:05:02,200 - Running for 20 episodes
2018-04-29 11:05:07,131 - (test) Average reward per episode: -90.05
2018-04-29 11:05:07,131 - Standard deviation: 26.850465545312243
2018-04-29 11:05:07,157 - Beat previous value of -139.1! Saved model to models/acro_dqn_c/acro_dqn_c.h5
2018-04-29 11:07:23,745 - Episode 1600
2018-04-29 11:07:23,746 - Step 424732
2018-04-29 11:07:28,229 - Episode reward mean: -98.780
2018-04-29 11:07:28,229 - Episode reward std: 34.451
2018-04-29 11:09:37,699 - Episode 1700
2018-04-29 11:09:37,699 - Step 434158
2018-04-29 11:09:38,762 - Episode reward mean: -90.870
2018-04-29 11:09:38,763 - Episode reward std: 26.234
2018-04-29 11:11:43,757 - Episode 1800
2018-04-29 11:11:43,757 - Step 443014
2018-04-29 11:11:45,251 - Episode reward mean: -87.880
2018-04-29 11:11:45,251 - Episode reward std: 16.580
2018-04-29 11:13:59,219 - Episode 1900
2018-04-29 11:13:59,220 - Step 452530
2018-04-29 11:14:00,648 - Episode reward mean: -94.110
2018-04-29 11:14:00,649 - Episode reward std: 21.645
2018-04-29 11:16:10,523 - Episode 2000
2018-04-29 11:16:10,523 - Step 461764
2018-04-29 11:16:11,713 - Episode reward mean: -91.150
2018-04-29 11:16:11,714 - Episode reward std: 19.279
2018-04-29 11:16:11,714 - **Testing mode
2018-04-29 11:16:11,714 - Running for 20 episodes
2018-04-29 11:16:16,464 - (test) Average reward per episode: -87.2
2018-04-29 11:16:16,465 - Standard deviation: 9.942836617384396
2018-04-29 11:16:16,492 - Beat previous value of -90.05! Saved model to models/acro_dqn_c/acro_dqn_c.h5
2018-04-29 11:18:27,536 - Episode 2100
2018-04-29 11:18:27,536 - Step 471094
2018-04-29 11:18:29,233 - Episode reward mean: -92.670
2018-04-29 11:18:29,233 - Episode reward std: 26.514
2018-04-29 11:20:43,042 - Episode 2200
2018-04-29 11:20:43,043 - Step 480711
2018-04-29 11:20:44,347 - Episode reward mean: -94.890
2018-04-29 11:20:44,348 - Episode reward std: 22.129
2018-04-29 11:22:51,712 - Episode 2300
2018-04-29 11:22:51,712 - Step 489829
2018-04-29 11:22:53,255 - Episode reward mean: -90.350
2018-04-29 11:22:53,255 - Episode reward std: 17.614
2018-04-29 11:25:02,615 - Episode 2400
2018-04-29 11:25:02,615 - Step 499102
2018-04-29 11:25:03,968 - Episode reward mean: -91.590
2018-04-29 11:25:03,969 - Episode reward std: 20.982
2018-04-29 11:27:25,730 - Episode 2500
2018-04-29 11:27:25,730 - Step 508515
2018-04-29 11:27:26,706 - Episode reward mean: -92.860
2018-04-29 11:27:26,707 - Episode reward std: 29.234
2018-04-29 11:27:26,707 - **Testing mode
2018-04-29 11:27:26,707 - Running for 20 episodes
2018-04-29 11:27:30,998 - (test) Average reward per episode: -78.35
2018-04-29 11:27:30,998 - Standard deviation: 7.397803728134453
2018-04-29 11:27:31,025 - Beat previous value of -87.2! Saved model to models/acro_dqn_c/acro_dqn_c.h5
2018-04-29 11:29:35,509 - Episode 2600
2018-04-29 11:29:35,509 - Step 517441
2018-04-29 11:29:37,236 - Episode reward mean: -88.800
2018-04-29 11:29:37,236 - Episode reward std: 16.881
2018-04-29 11:31:45,334 - Episode 2700
2018-04-29 11:31:45,334 - Step 526628
2018-04-29 11:31:46,436 - Episode reward mean: -90.420
2018-04-29 11:31:46,436 - Episode reward std: 19.103
2018-04-29 11:34:04,335 - Episode 2800
2018-04-29 11:34:04,335 - Step 536489
2018-04-29 11:34:05,892 - Episode reward mean: -97.970
2018-04-29 11:34:05,892 - Episode reward std: 30.811
2018-04-29 11:36:16,321 - Episode 2900
2018-04-29 11:36:16,321 - Step 545838
2018-04-29 11:36:17,416 - Episode reward mean: -92.130
2018-04-29 11:36:17,416 - Episode reward std: 24.389
2018-04-29 11:38:24,457 - Episode 3000
2018-04-29 11:38:24,457 - Step 554923
2018-04-29 11:38:25,510 - Episode reward mean: -89.830
2018-04-29 11:38:25,511 - Episode reward std: 16.853
2018-04-29 11:38:25,511 - **Testing mode
2018-04-29 11:38:25,511 - Running for 20 episodes
2018-04-29 11:38:30,265 - (test) Average reward per episode: -87.0
2018-04-29 11:38:30,265 - Standard deviation: 12.00833044182246
2018-04-29 11:41:05,940 - Episode 3100
2018-04-29 11:41:05,941 - Step 563940
2018-04-29 11:41:07,502 - Episode reward mean: -89.320
2018-04-29 11:41:07,502 - Episode reward std: 22.061
2018-04-29 11:43:45,384 - Episode 3200
2018-04-29 11:43:45,385 - Step 572954
2018-04-29 11:43:46,964 - Episode reward mean: -89.110
2018-04-29 11:43:46,964 - Episode reward std: 18.264
2018-04-29 11:46:23,982 - Episode 3300
2018-04-29 11:46:23,982 - Step 581897
2018-04-29 11:46:25,659 - Episode reward mean: -88.520
2018-04-29 11:46:25,659 - Episode reward std: 16.807
2018-04-29 11:49:04,568 - Episode 3400
2018-04-29 11:49:04,568 - Step 591007
2018-04-29 11:49:06,448 - Episode reward mean: -90.250
2018-04-29 11:49:06,448 - Episode reward std: 25.661
2018-04-29 11:51:41,347 - Episode 3500
2018-04-29 11:51:41,348 - Step 599857
2018-04-29 11:51:42,615 - Episode reward mean: -87.100
2018-04-29 11:51:42,616 - Episode reward std: 22.890
2018-04-29 11:51:42,616 - **Testing mode
2018-04-29 11:51:42,616 - Running for 20 episodes
2018-04-29 11:51:48,986 - (test) Average reward per episode: -89.85
2018-04-29 11:51:48,986 - Standard deviation: 36.864990166823596
2018-04-29 11:54:37,290 - Episode 3600
2018-04-29 11:54:37,290 - Step 609421
2018-04-29 11:54:38,828 - Episode reward mean: -94.770
2018-04-29 11:54:38,830 - Episode reward std: 35.703
2018-04-29 11:57:15,432 - Episode 3700
2018-04-29 11:57:15,432 - Step 618358
2018-04-29 11:57:16,565 - Episode reward mean: -88.180
2018-04-29 11:57:16,566 - Episode reward std: 17.836
2018-04-29 12:00:02,904 - Episode 3800
2018-04-29 12:00:02,904 - Step 627810
2018-04-29 12:00:04,066 - Episode reward mean: -93.530
2018-04-29 12:00:04,066 - Episode reward std: 26.052
2018-04-29 12:02:36,570 - Episode 3900
2018-04-29 12:02:36,570 - Step 636480
2018-04-29 12:02:37,916 - Episode reward mean: -85.810
2018-04-29 12:02:37,916 - Episode reward std: 13.023
2018-04-29 12:05:15,710 - Episode 4000
2018-04-29 12:05:15,711 - Step 645469
2018-04-29 12:05:17,159 - Episode reward mean: -88.970
2018-04-29 12:05:17,159 - Episode reward std: 14.045
2018-04-29 12:05:17,159 - **Testing mode
2018-04-29 12:05:17,160 - Running for 20 episodes
2018-04-29 12:05:23,364 - (test) Average reward per episode: -87.4
2018-04-29 12:05:23,365 - Standard deviation: 8.272847151978574
2018-04-29 12:07:56,867 - Episode 4100
2018-04-29 12:07:56,867 - Step 654246
2018-04-29 12:07:58,973 - Episode reward mean: -87.120
2018-04-29 12:07:58,973 - Episode reward std: 14.745
2018-04-29 12:10:33,930 - Episode 4200
2018-04-29 12:10:33,931 - Step 663145
2018-04-29 12:10:37,184 - Episode reward mean: -88.640
2018-04-29 12:10:37,185 - Episode reward std: 21.153
2018-04-29 12:13:22,910 - Episode 4300
2018-04-29 12:13:22,911 - Step 672714
2018-04-29 12:13:24,709 - Episode reward mean: -93.890
2018-04-29 12:13:24,710 - Episode reward std: 46.010
2018-04-29 12:16:08,143 - Episode 4400
2018-04-29 12:16:08,143 - Step 682017
2018-04-29 12:16:09,879 - Episode reward mean: -91.930
2018-04-29 12:16:09,879 - Episode reward std: 23.525
2018-04-29 12:18:53,104 - Episode 4500
2018-04-29 12:18:53,104 - Step 691360
2018-04-29 12:18:54,795 - Episode reward mean: -92.420
2018-04-29 12:18:54,795 - Episode reward std: 23.361
2018-04-29 12:18:54,795 - **Testing mode
2018-04-29 12:18:54,795 - Running for 20 episodes
2018-04-29 12:19:01,083 - (test) Average reward per episode: -87.15
2018-04-29 12:19:01,083 - Standard deviation: 28.459225217844565
2018-04-29 12:21:36,285 - Episode 4600
2018-04-29 12:21:36,286 - Step 700299
2018-04-29 12:21:38,055 - Episode reward mean: -88.470
2018-04-29 12:21:38,055 - Episode reward std: 18.641
2018-04-29 12:24:25,996 - Episode 4700
2018-04-29 12:24:25,996 - Step 709277
2018-04-29 12:24:28,197 - Episode reward mean: -88.790
2018-04-29 12:24:28,197 - Episode reward std: 17.924
2018-04-29 12:27:36,158 - Episode 4800
2018-04-29 12:27:36,158 - Step 718064
2018-04-29 12:27:37,898 - Episode reward mean: -86.680
2018-04-29 12:27:37,898 - Episode reward std: 16.455
2018-04-29 12:30:53,366 - Episode 4900
2018-04-29 12:30:53,366 - Step 727168
2018-04-29 12:30:55,483 - Episode reward mean: -90.210
2018-04-29 12:30:55,484 - Episode reward std: 15.998
2018-04-29 12:34:07,632 - Episode 5000
2018-04-29 12:34:07,632 - Step 736540
2018-04-29 12:34:09,433 - Episode reward mean: -92.560
2018-04-29 12:34:09,434 - Episode reward std: 26.748
2018-04-29 12:34:09,434 - **Testing mode
2018-04-29 12:34:09,434 - Running for 20 episodes
2018-04-29 12:34:16,166 - (test) Average reward per episode: -79.4
2018-04-29 12:34:16,167 - Standard deviation: 16.942254867637896
2018-04-29 12:37:19,385 - Episode 5100
2018-04-29 12:37:19,386 - Step 745353
2018-04-29 12:37:21,281 - Episode reward mean: -87.230
2018-04-29 12:37:21,282 - Episode reward std: 19.397
2018-04-29 12:40:26,471 - Episode 5200
2018-04-29 12:40:26,471 - Step 754259
2018-04-29 12:40:27,940 - Episode reward mean: -87.860
2018-04-29 12:40:27,940 - Episode reward std: 22.674
2018-04-29 12:43:25,221 - Episode 5300
2018-04-29 12:43:25,222 - Step 763271
2018-04-29 12:43:27,065 - Episode reward mean: -89.430
2018-04-29 12:43:27,066 - Episode reward std: 19.157
2018-04-29 12:45:57,458 - Episode 5400
2018-04-29 12:45:57,458 - Step 771853
2018-04-29 12:45:59,015 - Episode reward mean: -84.680
2018-04-29 12:45:59,015 - Episode reward std: 14.586
2018-04-29 12:48:45,364 - Episode 5500
2018-04-29 12:48:45,364 - Step 780852
2018-04-29 12:48:46,914 - Episode reward mean: -88.830
2018-04-29 12:48:46,915 - Episode reward std: 22.649
2018-04-29 12:48:46,915 - **Testing mode
2018-04-29 12:48:46,915 - Running for 20 episodes
2018-04-29 12:48:52,696 - (test) Average reward per episode: -81.35
2018-04-29 12:48:52,696 - Standard deviation: 16.02271824629017
2018-04-29 12:51:34,989 - Episode 5600
2018-04-29 12:51:34,990 - Step 790087
2018-04-29 12:51:36,650 - Episode reward mean: -91.560
2018-04-29 12:51:36,651 - Episode reward std: 38.174
2018-04-29 12:54:12,148 - Episode 5700
2018-04-29 12:54:12,149 - Step 798953
2018-04-29 12:54:13,833 - Episode reward mean: -87.640
2018-04-29 12:54:13,833 - Episode reward std: 16.929
2018-04-29 12:56:49,241 - Episode 5800
2018-04-29 12:56:49,241 - Step 807742
2018-04-29 12:56:50,538 - Episode reward mean: -86.660
2018-04-29 12:56:50,538 - Episode reward std: 23.506
2018-04-29 12:59:38,165 - Episode 5900
2018-04-29 12:59:38,165 - Step 817253
2018-04-29 12:59:39,707 - Episode reward mean: -94.280
2018-04-29 12:59:39,707 - Episode reward std: 43.049
2018-04-29 13:02:14,408 - Episode 6000
2018-04-29 13:02:14,408 - Step 826045
2018-04-29 13:02:15,952 - Episode reward mean: -86.930
2018-04-29 13:02:15,952 - Episode reward std: 15.861
2018-04-29 13:02:15,952 - **Testing mode
2018-04-29 13:02:15,953 - Running for 20 episodes
2018-04-29 13:02:21,702 - (test) Average reward per episode: -80.85
2018-04-29 13:02:21,702 - Standard deviation: 13.43605224759118
2018-04-29 13:05:00,496 - Episode 6100
2018-04-29 13:05:00,496 - Step 835101
2018-04-29 13:05:02,323 - Episode reward mean: -89.720
2018-04-29 13:05:02,324 - Episode reward std: 28.984
2018-04-29 13:07:39,402 - Episode 6200
2018-04-29 13:07:39,402 - Step 843840
2018-04-29 13:07:40,836 - Episode reward mean: -86.050
2018-04-29 13:07:40,836 - Episode reward std: 14.037
2018-04-29 13:10:20,338 - Episode 6300
2018-04-29 13:10:20,339 - Step 852683
2018-04-29 13:10:21,612 - Episode reward mean: -87.420
2018-04-29 13:10:21,613 - Episode reward std: 19.725
2018-04-29 13:13:09,029 - Episode 6400
2018-04-29 13:13:09,029 - Step 862186
2018-04-29 13:13:10,330 - Episode reward mean: -94.050
2018-04-29 13:13:10,330 - Episode reward std: 30.181
2018-04-29 13:15:43,052 - Episode 6500
2018-04-29 13:15:43,052 - Step 870848
2018-04-29 13:15:44,580 - Episode reward mean: -85.740
2018-04-29 13:15:44,580 - Episode reward std: 15.030
2018-04-29 13:15:44,581 - **Testing mode
2018-04-29 13:15:44,581 - Running for 20 episodes
2018-04-29 13:15:50,693 - (test) Average reward per episode: -85.85
2018-04-29 13:15:50,693 - Standard deviation: 19.83500693218936
2018-04-29 13:18:23,370 - Episode 6600
2018-04-29 13:18:23,370 - Step 879526
2018-04-29 13:18:24,853 - Episode reward mean: -85.770
2018-04-29 13:18:24,854 - Episode reward std: 13.705
2018-04-29 13:21:05,989 - Episode 6700
2018-04-29 13:21:05,989 - Step 888719
2018-04-29 13:21:07,596 - Episode reward mean: -91.020
2018-04-29 13:21:07,596 - Episode reward std: 30.460
2018-04-29 13:23:46,641 - Episode 6800
2018-04-29 13:23:46,641 - Step 897382
2018-04-29 13:23:48,332 - Episode reward mean: -85.640
2018-04-29 13:23:48,333 - Episode reward std: 21.181
2018-04-29 13:26:21,607 - Episode 6900
2018-04-29 13:26:21,608 - Step 906068
2018-04-29 13:26:22,718 - Episode reward mean: -85.560
2018-04-29 13:26:22,718 - Episode reward std: 20.318
2018-04-29 13:28:56,979 - Episode 7000
2018-04-29 13:28:56,979 - Step 914709
2018-04-29 13:28:58,496 - Episode reward mean: -85.630
2018-04-29 13:28:58,496 - Episode reward std: 14.631
2018-04-29 13:28:58,496 - **Testing mode
2018-04-29 13:28:58,496 - Running for 20 episodes
2018-04-29 13:29:04,385 - (test) Average reward per episode: -80.9
2018-04-29 13:29:04,385 - Standard deviation: 14.12055239712668
2018-04-29 13:31:45,894 - Episode 7100
2018-04-29 13:31:45,895 - Step 923460
2018-04-29 13:31:47,783 - Episode reward mean: -86.580
2018-04-29 13:31:47,784 - Episode reward std: 27.768
2018-04-29 13:34:20,046 - Episode 7200
2018-04-29 13:34:20,046 - Step 932137
2018-04-29 13:34:21,407 - Episode reward mean: -85.630
2018-04-29 13:34:21,407 - Episode reward std: 16.282
2018-04-29 13:36:58,035 - Episode 7300
2018-04-29 13:36:58,035 - Step 941035
2018-04-29 13:36:59,363 - Episode reward mean: -87.960
2018-04-29 13:36:59,363 - Episode reward std: 19.024
2018-04-29 13:39:44,731 - Episode 7400
2018-04-29 13:39:44,731 - Step 950387
2018-04-29 13:39:46,295 - Episode reward mean: -92.630
2018-04-29 13:39:46,295 - Episode reward std: 26.650
2018-04-29 13:42:46,756 - Episode 7500
2018-04-29 13:42:46,756 - Step 959257
2018-04-29 13:42:48,620 - Episode reward mean: -87.700
2018-04-29 13:42:48,620 - Episode reward std: 21.643
2018-04-29 13:42:48,621 - **Testing mode
2018-04-29 13:42:48,621 - Running for 20 episodes
2018-04-29 13:42:56,360 - (test) Average reward per episode: -83.0
2018-04-29 13:42:56,360 - Standard deviation: 17.25977983637103
2018-04-29 13:45:29,413 - Episode 7600
2018-04-29 13:45:29,413 - Step 967798
2018-04-29 13:45:30,777 - Episode reward mean: -84.320
2018-04-29 13:45:30,777 - Episode reward std: 17.933
2018-04-29 13:48:14,613 - Episode 7700
2018-04-29 13:48:14,613 - Step 977126
2018-04-29 13:48:16,228 - Episode reward mean: -92.410
2018-04-29 13:48:16,228 - Episode reward std: 44.337
2018-04-29 13:50:46,187 - Episode 7800
2018-04-29 13:50:46,187 - Step 985648
2018-04-29 13:50:47,526 - Episode reward mean: -84.060
2018-04-29 13:50:47,526 - Episode reward std: 18.061
2018-04-29 13:53:19,979 - Episode 7900
2018-04-29 13:53:19,979 - Step 994305
2018-04-29 13:53:21,387 - Episode reward mean: -85.600
2018-04-29 13:53:21,388 - Episode reward std: 14.379
2018-04-29 13:55:57,761 - Episode 8000
2018-04-29 13:55:57,761 - Step 1003178
2018-04-29 13:55:59,005 - Episode reward mean: -87.680
2018-04-29 13:55:59,006 - Episode reward std: 31.299
2018-04-29 13:55:59,006 - **Testing mode
2018-04-29 13:55:59,006 - Running for 20 episodes
2018-04-29 13:56:04,327 - (test) Average reward per episode: -74.8
2018-04-29 13:56:04,327 - Standard deviation: 8.322259308625274
2018-04-29 13:56:04,362 - Beat previous value of -78.35! Saved model to models/acro_dqn_c/acro_dqn_c.h5
2018-04-29 13:58:36,458 - Episode 8100
2018-04-29 13:58:36,458 - Step 1011794
2018-04-29 13:58:37,863 - Episode reward mean: -85.210
2018-04-29 13:58:37,863 - Episode reward std: 22.445
2018-04-29 14:01:09,846 - Episode 8200
2018-04-29 14:01:09,847 - Step 1020402
2018-04-29 14:01:11,383 - Episode reward mean: -85.170
2018-04-29 14:01:11,384 - Episode reward std: 23.082
2018-04-29 14:03:54,496 - Episode 8300
2018-04-29 14:03:54,496 - Step 1029218
2018-04-29 14:03:56,022 - Episode reward mean: -87.190
2018-04-29 14:03:56,022 - Episode reward std: 21.421
2018-04-29 14:06:34,600 - Episode 8400
2018-04-29 14:06:34,601 - Step 1038184
2018-04-29 14:06:35,870 - Episode reward mean: -88.520
2018-04-29 14:06:35,871 - Episode reward std: 28.442
2018-04-29 14:09:17,231 - Episode 8500
2018-04-29 14:09:17,231 - Step 1047245
2018-04-29 14:09:18,790 - Episode reward mean: -89.750
2018-04-29 14:09:18,790 - Episode reward std: 21.232
2018-04-29 14:09:18,790 - **Testing mode
2018-04-29 14:09:18,790 - Running for 20 episodes
2018-04-29 14:09:24,891 - (test) Average reward per episode: -80.35
2018-04-29 14:09:24,891 - Standard deviation: 15.307759470281733
2018-04-29 14:12:05,793 - Episode 8600
2018-04-29 14:12:05,794 - Step 1056340
2018-04-29 14:12:07,480 - Episode reward mean: -90.010
2018-04-29 14:12:07,480 - Episode reward std: 26.316
2018-04-29 14:14:49,840 - Episode 8700
2018-04-29 14:14:49,840 - Step 1065393
2018-04-29 14:14:51,509 - Episode reward mean: -89.430
2018-04-29 14:14:51,510 - Episode reward std: 25.377
2018-04-29 14:17:49,380 - Episode 8800
2018-04-29 14:17:49,380 - Step 1073847
2018-04-29 14:17:51,567 - Episode reward mean: -83.710
2018-04-29 14:17:51,568 - Episode reward std: 12.544
2018-04-29 14:20:55,768 - Episode 8900
2018-04-29 14:20:55,768 - Step 1082616
2018-04-29 14:20:57,714 - Episode reward mean: -86.590
2018-04-29 14:20:57,715 - Episode reward std: 17.291
2018-04-29 14:24:06,650 - Episode 9000
2018-04-29 14:24:06,650 - Step 1091572
2018-04-29 14:24:09,008 - Episode reward mean: -88.730
2018-04-29 14:24:09,009 - Episode reward std: 23.553
2018-04-29 14:24:09,010 - **Testing mode
2018-04-29 14:24:09,010 - Running for 20 episodes
2018-04-29 14:24:16,115 - (test) Average reward per episode: -76.95
2018-04-29 14:24:16,115 - Standard deviation: 9.313833797099882
2018-04-29 14:27:21,912 - Episode 9100
2018-04-29 14:27:21,912 - Step 1100341
2018-04-29 14:27:23,511 - Episode reward mean: -86.370
2018-04-29 14:27:23,511 - Episode reward std: 17.379
2018-04-29 14:30:25,031 - Episode 9200
2018-04-29 14:30:25,032 - Step 1108858
2018-04-29 14:30:27,312 - Episode reward mean: -84.480
2018-04-29 14:30:27,312 - Episode reward std: 14.179
2018-04-29 14:33:35,088 - Episode 9300
2018-04-29 14:33:35,088 - Step 1117732
2018-04-29 14:33:36,639 - Episode reward mean: -87.360
2018-04-29 14:33:36,639 - Episode reward std: 20.757
2018-04-29 14:36:38,864 - Episode 9400
2018-04-29 14:36:38,864 - Step 1126264
2018-04-29 14:36:40,981 - Episode reward mean: -84.630
2018-04-29 14:36:40,981 - Episode reward std: 16.181
2018-04-29 14:39:49,641 - Episode 9500
2018-04-29 14:39:49,641 - Step 1135148
2018-04-29 14:39:51,421 - Episode reward mean: -87.670
2018-04-29 14:39:51,422 - Episode reward std: 31.680
2018-04-29 14:39:51,422 - **Testing mode
2018-04-29 14:39:51,423 - Running for 20 episodes
2018-04-29 14:39:58,854 - (test) Average reward per episode: -81.45
2018-04-29 14:39:58,855 - Standard deviation: 11.951882696880856
2018-04-29 14:43:05,274 - Episode 9600
2018-04-29 14:43:05,274 - Step 1143927
2018-04-29 14:43:07,383 - Episode reward mean: -86.900
2018-04-29 14:43:07,384 - Episode reward std: 21.290
2018-04-29 14:46:19,083 - Episode 9700
2018-04-29 14:46:19,084 - Step 1153276
2018-04-29 14:46:20,970 - Episode reward mean: -92.530
2018-04-29 14:46:20,970 - Episode reward std: 48.138
2018-04-29 14:49:19,732 - Episode 9800
2018-04-29 14:49:19,733 - Step 1161787
2018-04-29 14:49:21,584 - Episode reward mean: -84.000
2018-04-29 14:49:21,584 - Episode reward std: 17.306
2018-04-29 14:52:26,592 - Episode 9900
2018-04-29 14:52:26,592 - Step 1170619
2018-04-29 14:52:28,480 - Episode reward mean: -87.350
2018-04-29 14:52:28,480 - Episode reward std: 19.267
2018-04-29 14:55:31,317 - Episode 10000
2018-04-29 14:55:31,318 - Step 1179382
2018-04-29 14:55:32,930 - Episode reward mean: -86.470
2018-04-29 14:55:32,931 - Episode reward std: 17.843
2018-04-29 14:55:32,932 - **Testing mode
2018-04-29 14:55:32,932 - Running for 20 episodes
2018-04-29 14:55:40,516 - (test) Average reward per episode: -83.8
2018-04-29 14:55:40,517 - Standard deviation: 20.412251223223763
2018-04-29 14:58:41,885 - Episode 10100
2018-04-29 14:58:41,886 - Step 1188072
2018-04-29 14:58:43,438 - Episode reward mean: -85.870
2018-04-29 14:58:43,438 - Episode reward std: 14.116
2018-04-29 15:01:40,678 - Episode 10200
2018-04-29 15:01:40,678 - Step 1196489
2018-04-29 15:01:42,118 - Episode reward mean: -83.180
2018-04-29 15:01:42,118 - Episode reward std: 18.163
2018-04-29 15:04:47,574 - Episode 10300
2018-04-29 15:04:47,574 - Step 1205369
2018-04-29 15:04:49,721 - Episode reward mean: -88.080
2018-04-29 15:04:49,721 - Episode reward std: 17.293
2018-04-29 15:07:54,558 - Episode 10400
2018-04-29 15:07:54,558 - Step 1214199
2018-04-29 15:07:56,035 - Episode reward mean: -87.010
2018-04-29 15:07:56,036 - Episode reward std: 20.492
2018-04-29 15:11:07,655 - Episode 10500
2018-04-29 15:11:07,655 - Step 1223331
2018-04-29 15:11:09,143 - Episode reward mean: -90.330
2018-04-29 15:11:09,143 - Episode reward std: 44.188
2018-04-29 15:11:09,143 - **Testing mode
2018-04-29 15:11:09,144 - Running for 20 episodes
2018-04-29 15:11:16,748 - (test) Average reward per episode: -85.65
2018-04-29 15:11:16,749 - Standard deviation: 12.40675219386605
2018-04-29 15:14:23,463 - Episode 10600
2018-04-29 15:14:23,463 - Step 1232162
2018-04-29 15:14:24,934 - Episode reward mean: -87.290
2018-04-29 15:14:24,934 - Episode reward std: 17.602
2018-04-29 15:17:29,105 - Episode 10700
2018-04-29 15:17:29,105 - Step 1240865
2018-04-29 15:17:30,658 - Episode reward mean: -86.090
2018-04-29 15:17:30,658 - Episode reward std: 19.243
2018-04-29 15:20:32,326 - Episode 10800
2018-04-29 15:20:32,326 - Step 1249562
2018-04-29 15:20:34,390 - Episode reward mean: -86.160
2018-04-29 15:20:34,390 - Episode reward std: 18.253
2018-04-29 15:23:34,464 - Episode 10900
2018-04-29 15:23:34,464 - Step 1258240
2018-04-29 15:23:35,919 - Episode reward mean: -85.530
2018-04-29 15:23:35,919 - Episode reward std: 14.668
2018-04-29 15:26:32,823 - Episode 11000
2018-04-29 15:26:32,824 - Step 1266694
2018-04-29 15:26:35,376 - Episode reward mean: -84.090
2018-04-29 15:26:35,377 - Episode reward std: 17.163
2018-04-29 15:26:35,377 - **Testing mode
2018-04-29 15:26:35,377 - Running for 20 episodes
2018-04-29 15:26:42,461 - (test) Average reward per episode: -80.45
2018-04-29 15:26:42,462 - Standard deviation: 29.06109942861763
2018-04-29 15:29:43,782 - Episode 11100
2018-04-29 15:29:43,782 - Step 1275442
2018-04-29 15:29:45,943 - Episode reward mean: -86.280
2018-04-29 15:29:45,944 - Episode reward std: 19.527
2018-04-29 15:32:54,407 - Episode 11200
2018-04-29 15:32:54,408 - Step 1284480
2018-04-29 15:32:55,744 - Episode reward mean: -88.980
2018-04-29 15:32:55,744 - Episode reward std: 25.824
2018-04-29 15:35:55,234 - Episode 11300
2018-04-29 15:35:55,235 - Step 1293061
2018-04-29 15:35:56,683 - Episode reward mean: -84.860
2018-04-29 15:35:56,684 - Episode reward std: 16.852
2018-04-29 15:38:55,108 - Episode 11400
2018-04-29 15:38:55,108 - Step 1301541
2018-04-29 15:38:57,549 - Episode reward mean: -84.290
2018-04-29 15:38:57,549 - Episode reward std: 16.058
2018-04-29 15:42:03,109 - Episode 11500
2018-04-29 15:42:03,110 - Step 1310436
2018-04-29 15:42:04,637 - Episode reward mean: -87.470
2018-04-29 15:42:04,637 - Episode reward std: 29.407
2018-04-29 15:42:04,637 - **Testing mode
2018-04-29 15:42:04,638 - Running for 20 episodes
2018-04-29 15:42:12,247 - (test) Average reward per episode: -83.4
2018-04-29 15:42:12,247 - Standard deviation: 12.249081598226049
2018-04-29 15:45:19,627 - Episode 11600
2018-04-29 15:45:19,628 - Step 1319296
2018-04-29 15:45:21,227 - Episode reward mean: -87.680
2018-04-29 15:45:21,227 - Episode reward std: 21.049
2018-04-29 15:48:27,951 - Episode 11700
2018-04-29 15:48:27,952 - Step 1328197
2018-04-29 15:48:31,637 - Episode reward mean: -88.900
2018-04-29 15:48:31,637 - Episode reward std: 21.044
2018-04-29 15:51:33,860 - Episode 11800
2018-04-29 15:51:33,860 - Step 1336896
2018-04-29 15:51:35,488 - Episode reward mean: -85.080
2018-04-29 15:51:35,488 - Episode reward std: 19.473
2018-04-29 15:54:39,183 - Episode 11900
2018-04-29 15:54:39,183 - Step 1345574
2018-04-29 15:54:41,070 - Episode reward mean: -85.920
2018-04-29 15:54:41,071 - Episode reward std: 15.472
2018-04-29 15:57:47,023 - Episode 12000
2018-04-29 15:57:47,023 - Step 1354429
2018-04-29 15:57:48,609 - Episode reward mean: -87.370
2018-04-29 15:57:48,609 - Episode reward std: 19.488
2018-04-29 15:57:48,610 - **Testing mode
2018-04-29 15:57:48,610 - Running for 20 episodes
2018-04-29 15:57:55,869 - (test) Average reward per episode: -81.6
2018-04-29 15:57:55,870 - Standard deviation: 10.33150521463354
2018-04-29 16:01:01,802 - Episode 12100
2018-04-29 16:01:01,802 - Step 1363233
2018-04-29 16:01:03,663 - Episode reward mean: -87.220
2018-04-29 16:01:03,663 - Episode reward std: 17.125
2018-04-29 16:04:20,148 - Episode 12200
2018-04-29 16:04:20,149 - Step 1372554
2018-04-29 16:04:22,030 - Episode reward mean: -92.190
2018-04-29 16:04:22,030 - Episode reward std: 50.291
2018-04-29 16:07:28,256 - Episode 12300
2018-04-29 16:07:28,256 - Step 1381378
2018-04-29 16:07:29,821 - Episode reward mean: -87.090
2018-04-29 16:07:29,822 - Episode reward std: 20.685
2018-04-29 16:10:35,627 - Episode 12400
2018-04-29 16:10:35,627 - Step 1390160
2018-04-29 16:10:37,306 - Episode reward mean: -86.880
2018-04-29 16:10:37,306 - Episode reward std: 20.399
2018-04-29 16:13:45,369 - Episode 12500
2018-04-29 16:13:45,370 - Step 1399036
2018-04-29 16:13:48,106 - Episode reward mean: -88.240
2018-04-29 16:13:48,107 - Episode reward std: 21.073
2018-04-29 16:13:48,107 - **Testing mode
2018-04-29 16:13:48,107 - Running for 20 episodes
2018-04-29 16:13:54,931 - (test) Average reward per episode: -75.7
2018-04-29 16:13:54,932 - Standard deviation: 11.640876255677663
2018-04-29 16:17:02,198 - Episode 12600
2018-04-29 16:17:02,198 - Step 1407920
2018-04-29 16:17:03,855 - Episode reward mean: -87.360
2018-04-29 16:17:03,855 - Episode reward std: 27.545
2018-04-29 16:20:00,963 - Episode 12700
2018-04-29 16:20:00,963 - Step 1416366
2018-04-29 16:20:02,304 - Episode reward mean: -83.310
2018-04-29 16:20:02,304 - Episode reward std: 14.464
2018-04-29 16:22:58,705 - Episode 12800
2018-04-29 16:22:58,705 - Step 1424749
2018-04-29 16:23:00,957 - Episode reward mean: -83.340
2018-04-29 16:23:00,958 - Episode reward std: 15.178
2018-04-29 16:26:11,959 - Episode 12900
2018-04-29 16:26:11,959 - Step 1433867
2018-04-29 16:26:13,774 - Episode reward mean: -89.890
2018-04-29 16:26:13,774 - Episode reward std: 19.856
2018-04-29 16:29:17,217 - Episode 13000
2018-04-29 16:29:17,218 - Step 1442613
2018-04-29 16:29:18,636 - Episode reward mean: -86.320
2018-04-29 16:29:18,636 - Episode reward std: 17.046
2018-04-29 16:29:18,636 - **Testing mode
2018-04-29 16:29:18,636 - Running for 20 episodes
2018-04-29 16:29:25,412 - (test) Average reward per episode: -75.8
2018-04-29 16:29:25,412 - Standard deviation: 12.08966500776593
2018-04-29 16:32:22,521 - Episode 13100
2018-04-29 16:32:22,521 - Step 1451023
2018-04-29 16:32:23,948 - Episode reward mean: -83.100
2018-04-29 16:32:23,948 - Episode reward std: 16.224
2018-04-29 16:35:26,121 - Episode 13200
2018-04-29 16:35:26,121 - Step 1459680
2018-04-29 16:35:27,659 - Episode reward mean: -85.620
2018-04-29 16:35:27,659 - Episode reward std: 15.728
2018-04-29 16:38:29,949 - Episode 13300
2018-04-29 16:38:29,949 - Step 1468358
2018-04-29 16:38:31,639 - Episode reward mean: -85.820
2018-04-29 16:38:31,639 - Episode reward std: 15.995
2018-04-29 16:41:38,764 - Episode 13400
2018-04-29 16:41:38,764 - Step 1477179
2018-04-29 16:41:40,679 - Episode reward mean: -87.270
2018-04-29 16:41:40,679 - Episode reward std: 21.082
2018-04-29 16:44:39,637 - Episode 13500
2018-04-29 16:44:39,638 - Step 1485603
2018-04-29 16:44:41,555 - Episode reward mean: -83.320
2018-04-29 16:44:41,556 - Episode reward std: 16.485
2018-04-29 16:44:41,556 - **Testing mode
2018-04-29 16:44:41,556 - Running for 20 episodes
2018-04-29 16:44:48,508 - (test) Average reward per episode: -75.6
2018-04-29 16:44:48,509 - Standard deviation: 12.154834429147934
2018-04-29 16:47:47,259 - Episode 13600
2018-04-29 16:47:47,260 - Step 1493988
2018-04-29 16:47:48,781 - Episode reward mean: -82.620
2018-04-29 16:47:48,781 - Episode reward std: 14.623
2018-04-29 16:51:00,483 - Episode 13700
2018-04-29 16:51:00,484 - Step 1503049
2018-04-29 16:51:03,336 - Episode reward mean: -90.250
2018-04-29 16:51:03,337 - Episode reward std: 21.710
2018-04-29 16:54:08,746 - Episode 13800
2018-04-29 16:54:08,746 - Step 1511901
2018-04-29 16:54:10,078 - Episode reward mean: -86.800
2018-04-29 16:54:10,078 - Episode reward std: 31.072
2018-04-29 16:57:12,939 - Episode 13900
2018-04-29 16:57:12,939 - Step 1520521
2018-04-29 16:57:14,622 - Episode reward mean: -85.330
2018-04-29 16:57:14,622 - Episode reward std: 16.385
2018-04-29 17:00:18,030 - Episode 14000
2018-04-29 17:00:18,030 - Step 1529164
2018-04-29 17:00:20,143 - Episode reward mean: -85.650
2018-04-29 17:00:20,143 - Episode reward std: 14.642
2018-04-29 17:00:20,144 - **Testing mode
2018-04-29 17:00:20,144 - Running for 20 episodes
2018-04-29 17:00:27,019 - (test) Average reward per episode: -74.65
2018-04-29 17:00:27,019 - Standard deviation: 8.125730736370729
2018-04-29 17:00:27,058 - Beat previous value of -74.8! Saved model to models/acro_dqn_c/acro_dqn_c.h5
2018-04-29 17:03:33,493 - Episode 14100
2018-04-29 17:03:33,494 - Step 1537963
2018-04-29 17:03:35,298 - Episode reward mean: -86.870
2018-04-29 17:03:35,299 - Episode reward std: 24.843
2018-04-29 17:06:36,616 - Episode 14200
2018-04-29 17:06:36,616 - Step 1546497
2018-04-29 17:06:38,946 - Episode reward mean: -84.550
2018-04-29 17:06:38,946 - Episode reward std: 18.171
2018-04-29 17:09:49,437 - Episode 14300
2018-04-29 17:09:49,437 - Step 1555508
2018-04-29 17:09:51,392 - Episode reward mean: -88.990
2018-04-29 17:09:51,393 - Episode reward std: 32.662
2018-04-29 17:12:57,879 - Episode 14400
2018-04-29 17:12:57,879 - Step 1564341
2018-04-29 17:12:59,414 - Episode reward mean: -87.100
2018-04-29 17:12:59,414 - Episode reward std: 25.186
2018-04-29 17:15:57,293 - Episode 14500
2018-04-29 17:15:57,294 - Step 1572783
2018-04-29 17:15:58,876 - Episode reward mean: -83.420
2018-04-29 17:15:58,876 - Episode reward std: 22.064
2018-04-29 17:15:58,876 - **Testing mode
2018-04-29 17:15:58,876 - Running for 20 episodes
2018-04-29 17:16:05,708 - (test) Average reward per episode: -75.7
2018-04-29 17:16:05,709 - Standard deviation: 10.663489110042734
2018-04-29 17:19:10,247 - Episode 14600
2018-04-29 17:19:10,247 - Step 1581573
2018-04-29 17:19:12,017 - Episode reward mean: -87.000
2018-04-29 17:19:12,018 - Episode reward std: 22.218
2018-04-29 17:22:17,407 - Episode 14700
2018-04-29 17:22:17,407 - Step 1590460
2018-04-29 17:22:19,170 - Episode reward mean: -87.870
2018-04-29 17:22:19,171 - Episode reward std: 19.225
2018-04-29 17:25:16,142 - Episode 14800
2018-04-29 17:25:16,142 - Step 1598847
2018-04-29 17:25:18,048 - Episode reward mean: -82.980
2018-04-29 17:25:18,048 - Episode reward std: 15.561
2018-04-29 17:28:20,477 - Episode 14900
2018-04-29 17:28:20,477 - Step 1607465
2018-04-29 17:28:22,158 - Episode reward mean: -85.030
2018-04-29 17:28:22,158 - Episode reward std: 15.970
2018-04-29 17:31:12,758 - Episode 15000
2018-04-29 17:31:12,758 - Step 1615538
2018-04-29 17:31:14,122 - Episode reward mean: -79.580
2018-04-29 17:31:14,122 - Episode reward std: 12.397
2018-04-29 17:31:14,122 - **Testing mode
2018-04-29 17:31:14,122 - Running for 20 episodes
2018-04-29 17:31:20,649 - (test) Average reward per episode: -72.9
2018-04-29 17:31:20,650 - Standard deviation: 6.5719099202591025
2018-04-29 17:31:20,701 - Beat previous value of -74.65! Saved model to models/acro_dqn_c/acro_dqn_c.h5
2018-04-29 17:34:18,974 - Episode 15100
2018-04-29 17:34:18,974 - Step 1624238
2018-04-29 17:34:20,966 - Episode reward mean: -86.330
2018-04-29 17:34:20,966 - Episode reward std: 24.443
2018-04-29 17:37:17,195 - Episode 15200
2018-04-29 17:37:17,195 - Step 1632584
2018-04-29 17:37:19,105 - Episode reward mean: -82.370
2018-04-29 17:37:19,106 - Episode reward std: 13.801
2018-04-29 17:40:18,333 - Episode 15300
2018-04-29 17:40:18,333 - Step 1641095
2018-04-29 17:40:19,835 - Episode reward mean: -83.940
2018-04-29 17:40:19,835 - Episode reward std: 20.270
2018-04-29 17:43:16,041 - Episode 15400
2018-04-29 17:43:16,042 - Step 1649422
2018-04-29 17:43:17,537 - Episode reward mean: -82.280
2018-04-29 17:43:17,538 - Episode reward std: 14.260
2018-04-29 17:46:18,280 - Episode 15500
2018-04-29 17:46:18,280 - Step 1657978
2018-04-29 17:46:20,276 - Episode reward mean: -84.780
2018-04-29 17:46:20,276 - Episode reward std: 15.011
2018-04-29 17:46:20,276 - **Testing mode
2018-04-29 17:46:20,276 - Running for 20 episodes
2018-04-29 17:46:26,963 - (test) Average reward per episode: -75.3
2018-04-29 17:46:26,964 - Standard deviation: 11.08647825055369
2018-04-29 17:49:27,443 - Episode 15600
2018-04-29 17:49:27,443 - Step 1666575
2018-04-29 17:49:29,236 - Episode reward mean: -84.910
2018-04-29 17:49:29,237 - Episode reward std: 17.588
2018-04-29 17:52:32,419 - Episode 15700
2018-04-29 17:52:32,419 - Step 1675283
2018-04-29 17:52:34,199 - Episode reward mean: -86.070
2018-04-29 17:52:34,199 - Episode reward std: 30.730
2018-04-29 17:55:27,115 - Episode 15800
2018-04-29 17:55:27,115 - Step 1683480
2018-04-29 17:55:28,909 - Episode reward mean: -80.950
2018-04-29 17:55:28,909 - Episode reward std: 12.823
2018-04-29 17:58:22,368 - Episode 15900
2018-04-29 17:58:22,368 - Step 1691681
2018-04-29 17:58:23,827 - Episode reward mean: -80.880
2018-04-29 17:58:23,827 - Episode reward std: 13.558
2018-04-29 18:01:26,863 - Episode 16000
2018-04-29 18:01:26,864 - Step 1700358
2018-04-29 18:01:28,729 - Episode reward mean: -85.970
2018-04-29 18:01:28,729 - Episode reward std: 22.296
2018-04-29 18:01:28,730 - **Testing mode
2018-04-29 18:01:28,730 - Running for 20 episodes
2018-04-29 18:01:35,483 - (test) Average reward per episode: -77.0
2018-04-29 18:01:35,483 - Standard deviation: 10.73312629199899
2018-04-29 18:04:29,611 - Episode 16100
2018-04-29 18:04:29,612 - Step 1708675
2018-04-29 18:04:31,172 - Episode reward mean: -81.970
2018-04-29 18:04:31,172 - Episode reward std: 17.571
2018-04-29 18:07:27,459 - Episode 16200
2018-04-29 18:07:27,460 - Step 1717052
2018-04-29 18:07:29,561 - Episode reward mean: -83.040
2018-04-29 18:07:29,562 - Episode reward std: 14.432
2018-04-29 18:10:28,101 - Episode 16300
2018-04-29 18:10:28,101 - Step 1725548
2018-04-29 18:10:30,864 - Episode reward mean: -84.290
2018-04-29 18:10:30,865 - Episode reward std: 20.837
2018-04-29 18:13:37,486 - Episode 16400
2018-04-29 18:13:37,486 - Step 1734459
2018-04-29 18:13:39,855 - Episode reward mean: -87.900
2018-04-29 18:13:39,855 - Episode reward std: 27.216
2018-04-29 18:16:37,478 - Episode 16500
2018-04-29 18:16:37,479 - Step 1742897
2018-04-29 18:16:39,025 - Episode reward mean: -83.020
2018-04-29 18:16:39,025 - Episode reward std: 20.014
2018-04-29 18:16:39,026 - **Testing mode
2018-04-29 18:16:39,026 - Running for 20 episodes
2018-04-29 18:16:45,920 - (test) Average reward per episode: -75.6
2018-04-29 18:16:45,920 - Standard deviation: 13.63231455036158
2018-04-29 18:19:58,290 - Episode 16600
2018-04-29 18:19:58,291 - Step 1752092
2018-04-29 18:20:00,095 - Episode reward mean: -91.040
2018-04-29 18:20:00,096 - Episode reward std: 27.426
2018-04-29 18:21:55,770 - Saved model for rendering to models/acro_dqn_c/acro_dqn_c_1_of_3.h5
2018-04-29 18:22:54,680 - Episode 16700
2018-04-29 18:22:54,680 - Step 1760440
2018-04-29 18:22:56,352 - Episode reward mean: -82.420
2018-04-29 18:22:56,352 - Episode reward std: 16.554
2018-04-29 18:25:54,184 - Episode 16800
2018-04-29 18:25:54,184 - Step 1768827
2018-04-29 18:25:55,914 - Episode reward mean: -82.940
2018-04-29 18:25:55,915 - Episode reward std: 15.148
2018-04-29 18:29:03,644 - Episode 16900
2018-04-29 18:29:03,644 - Step 1777676
2018-04-29 18:29:05,327 - Episode reward mean: -87.440
2018-04-29 18:29:05,328 - Episode reward std: 25.081
2018-04-29 18:32:01,188 - Episode 17000
2018-04-29 18:32:01,188 - Step 1785983
2018-04-29 18:32:02,530 - Episode reward mean: -81.900
2018-04-29 18:32:02,531 - Episode reward std: 15.202
2018-04-29 18:32:02,531 - **Testing mode
2018-04-29 18:32:02,531 - Running for 20 episodes
2018-04-29 18:32:09,613 - (test) Average reward per episode: -77.8
2018-04-29 18:32:09,613 - Standard deviation: 12.592060990957755
2018-04-29 18:35:07,897 - Episode 17100
2018-04-29 18:35:07,897 - Step 1794385
2018-04-29 18:35:09,573 - Episode reward mean: -83.190
2018-04-29 18:35:09,573 - Episode reward std: 16.573
2018-04-29 18:38:15,547 - Episode 17200
2018-04-29 18:38:15,548 - Step 1803304
2018-04-29 18:38:16,704 - Episode reward mean: -88.030
2018-04-29 18:38:16,704 - Episode reward std: 22.780
2018-04-29 18:40:47,183 - Episode 17300
2018-04-29 18:40:47,183 - Step 1811512
2018-04-29 18:40:48,752 - Episode reward mean: -81.310
2018-04-29 18:40:48,752 - Episode reward std: 11.845
2018-04-29 18:43:42,663 - Episode 17400
2018-04-29 18:43:42,663 - Step 1819947
2018-04-29 18:43:45,359 - Episode reward mean: -83.660
2018-04-29 18:43:45,359 - Episode reward std: 20.738
2018-04-29 18:47:03,253 - Episode 17500
2018-04-29 18:47:03,254 - Step 1828869
2018-04-29 18:47:05,810 - Episode reward mean: -88.170
2018-04-29 18:47:05,810 - Episode reward std: 16.949
2018-04-29 18:47:05,811 - **Testing mode
2018-04-29 18:47:05,811 - Running for 20 episodes
2018-04-29 18:47:13,694 - (test) Average reward per episode: -80.95
2018-04-29 18:47:13,694 - Standard deviation: 26.04126533024077
2018-04-29 18:50:15,786 - Episode 17600
2018-04-29 18:50:15,786 - Step 1837076
2018-04-29 18:50:18,014 - Episode reward mean: -80.950
2018-04-29 18:50:18,015 - Episode reward std: 13.873
2018-04-29 18:53:25,114 - Episode 17700
2018-04-29 18:53:25,114 - Step 1845558
2018-04-29 18:53:27,219 - Episode reward mean: -83.770
2018-04-29 18:53:27,219 - Episode reward std: 19.188
2018-04-29 18:56:32,970 - Episode 17800
2018-04-29 18:56:32,970 - Step 1853991
2018-04-29 18:56:35,308 - Episode reward mean: -83.430
2018-04-29 18:56:35,308 - Episode reward std: 24.069
2018-04-29 18:59:51,930 - Episode 17900
2018-04-29 18:59:51,931 - Step 1862941
2018-04-29 18:59:53,451 - Episode reward mean: -88.150
2018-04-29 18:59:53,451 - Episode reward std: 17.846
2018-04-29 19:03:05,334 - Episode 18000
2018-04-29 19:03:05,334 - Step 1871600
2018-04-29 19:03:07,338 - Episode reward mean: -85.820
2018-04-29 19:03:07,338 - Episode reward std: 14.291
2018-04-29 19:03:07,339 - **Testing mode
2018-04-29 19:03:07,339 - Running for 20 episodes
2018-04-29 19:03:16,885 - (test) Average reward per episode: -100.8
2018-04-29 19:03:16,886 - Standard deviation: 92.30308770566671
2018-04-29 19:06:25,832 - Episode 18100
2018-04-29 19:06:25,833 - Step 1880142
2018-04-29 19:06:27,884 - Episode reward mean: -84.420
2018-04-29 19:06:27,884 - Episode reward std: 12.915
2018-04-29 19:09:38,185 - Episode 18200
2018-04-29 19:09:38,186 - Step 1888782
2018-04-29 19:09:39,941 - Episode reward mean: -85.260
2018-04-29 19:09:39,941 - Episode reward std: 13.568
2018-04-29 19:12:36,761 - Episode 18300
2018-04-29 19:12:36,761 - Step 1896771
2018-04-29 19:12:38,139 - Episode reward mean: -78.730
2018-04-29 19:12:38,139 - Episode reward std: 12.543
2018-04-29 19:15:39,815 - Episode 18400
2018-04-29 19:15:39,815 - Step 1904960
2018-04-29 19:15:41,499 - Episode reward mean: -81.030
2018-04-29 19:15:41,501 - Episode reward std: 15.641
2018-04-29 19:18:45,975 - Episode 18500
2018-04-29 19:18:45,975 - Step 1913325
2018-04-29 19:18:47,903 - Episode reward mean: -82.730
2018-04-29 19:18:47,904 - Episode reward std: 13.652
2018-04-29 19:18:47,904 - **Testing mode
2018-04-29 19:18:47,904 - Running for 20 episodes
2018-04-29 19:18:54,856 - (test) Average reward per episode: -74.55
2018-04-29 19:18:54,856 - Standard deviation: 10.086996579755542
2018-04-29 19:21:57,284 - Episode 18600
2018-04-29 19:21:57,284 - Step 1921638
2018-04-29 19:21:59,025 - Episode reward mean: -82.050
2018-04-29 19:21:59,026 - Episode reward std: 19.583
2018-04-29 19:25:03,305 - Episode 18700
2018-04-29 19:25:03,305 - Step 1930027
2018-04-29 19:25:04,959 - Episode reward mean: -82.890
2018-04-29 19:25:04,960 - Episode reward std: 15.973
2018-04-29 19:28:26,806 - Episode 18800
2018-04-29 19:28:26,806 - Step 1939155
2018-04-29 19:28:28,593 - Episode reward mean: -90.340
2018-04-29 19:28:28,594 - Episode reward std: 24.290
2018-04-29 19:31:37,434 - Episode 18900
2018-04-29 19:31:37,434 - Step 1947698
2018-04-29 19:31:39,156 - Episode reward mean: -84.380
2018-04-29 19:31:39,157 - Episode reward std: 21.314
2018-04-29 19:34:46,826 - Episode 19000
2018-04-29 19:34:46,826 - Step 1956256
2018-04-29 19:34:48,384 - Episode reward mean: -84.480
2018-04-29 19:34:48,384 - Episode reward std: 18.423
2018-04-29 19:34:48,384 - **Testing mode
2018-04-29 19:34:48,385 - Running for 20 episodes
2018-04-29 19:34:55,854 - (test) Average reward per episode: -78.85
2018-04-29 19:34:55,854 - Standard deviation: 19.723780063669338
2018-04-29 19:38:05,681 - Episode 19100
2018-04-29 19:38:05,681 - Step 1964824
2018-04-29 19:38:07,522 - Episode reward mean: -84.810
2018-04-29 19:38:07,522 - Episode reward std: 23.223
2018-04-29 19:41:07,022 - Episode 19200
2018-04-29 19:41:07,022 - Step 1972895
2018-04-29 19:41:08,541 - Episode reward mean: -79.600
2018-04-29 19:41:08,541 - Episode reward std: 14.162
2018-04-29 19:44:16,963 - Episode 19300
2018-04-29 19:44:16,964 - Step 1981361
2018-04-29 19:44:18,531 - Episode reward mean: -83.660
2018-04-29 19:44:18,532 - Episode reward std: 23.790
2018-04-29 19:47:15,455 - Episode 19400
2018-04-29 19:47:15,455 - Step 1989329
2018-04-29 19:47:16,840 - Episode reward mean: -78.610
2018-04-29 19:47:16,840 - Episode reward std: 12.822
2018-04-29 19:50:25,507 - Episode 19500
2018-04-29 19:50:25,507 - Step 1997829
2018-04-29 19:50:27,573 - Episode reward mean: -84.290
2018-04-29 19:50:27,574 - Episode reward std: 17.689
2018-04-29 19:50:27,574 - **Testing mode
2018-04-29 19:50:27,574 - Running for 20 episodes
2018-04-29 19:50:34,729 - (test) Average reward per episode: -74.35
2018-04-29 19:50:34,730 - Standard deviation: 11.594287386467528
2018-04-29 19:53:40,694 - Episode 19600
2018-04-29 19:53:40,694 - Step 2006244
2018-04-29 19:53:42,137 - Episode reward mean: -82.910
2018-04-29 19:53:42,138 - Episode reward std: 24.814
2018-04-29 19:56:48,701 - Episode 19700
2018-04-29 19:56:48,701 - Step 2014661
2018-04-29 19:56:50,283 - Episode reward mean: -83.190
2018-04-29 19:56:50,284 - Episode reward std: 17.515
2018-04-29 19:59:54,501 - Episode 19800
2018-04-29 19:59:54,502 - Step 2022974
2018-04-29 19:59:56,272 - Episode reward mean: -82.260
2018-04-29 19:59:56,272 - Episode reward std: 21.903
2018-04-29 20:03:00,000 - Episode 19900
2018-04-29 20:03:00,000 - Step 2031289
2018-04-29 20:03:02,168 - Episode reward mean: -82.300
2018-04-29 20:03:02,168 - Episode reward std: 22.870
2018-04-29 20:06:07,764 - Episode 20000
2018-04-29 20:06:07,764 - Step 2039675
2018-04-29 20:06:09,392 - Episode reward mean: -82.590
2018-04-29 20:06:09,393 - Episode reward std: 15.326
2018-04-29 20:06:09,393 - **Testing mode
2018-04-29 20:06:09,393 - Running for 20 episodes
2018-04-29 20:06:16,067 - (test) Average reward per episode: -72.6
2018-04-29 20:06:16,067 - Standard deviation: 6.6211781428987395
2018-04-29 20:06:16,119 - Beat previous value of -72.9! Saved model to models/acro_dqn_c/acro_dqn_c.h5
2018-04-29 20:09:13,499 - Episode 20100
2018-04-29 20:09:13,499 - Step 2047697
2018-04-29 20:09:15,038 - Episode reward mean: -79.230
2018-04-29 20:09:15,039 - Episode reward std: 12.590
2018-04-29 20:12:30,229 - Episode 20200
2018-04-29 20:12:30,230 - Step 2056510
2018-04-29 20:12:31,815 - Episode reward mean: -87.120
2018-04-29 20:12:31,815 - Episode reward std: 45.667
2018-04-29 20:15:42,704 - Episode 20300
2018-04-29 20:15:42,704 - Step 2065122
2018-04-29 20:15:44,324 - Episode reward mean: -85.130
2018-04-29 20:15:44,324 - Episode reward std: 20.402
2018-04-29 20:18:50,369 - Episode 20400
2018-04-29 20:18:50,369 - Step 2073589
2018-04-29 20:18:53,178 - Episode reward mean: -84.230
2018-04-29 20:18:53,178 - Episode reward std: 18.796
2018-04-29 20:21:54,488 - Episode 20500
2018-04-29 20:21:54,488 - Step 2081889
2018-04-29 20:21:56,883 - Episode reward mean: -81.780
2018-04-29 20:21:56,884 - Episode reward std: 19.116
2018-04-29 20:21:56,884 - **Testing mode
2018-04-29 20:21:56,884 - Running for 20 episodes
2018-04-29 20:22:03,604 - (test) Average reward per episode: -71.05
2018-04-29 20:22:03,605 - Standard deviation: 9.243781693657633
2018-04-29 20:22:03,645 - Beat previous value of -72.6! Saved model to models/acro_dqn_c/acro_dqn_c.h5
2018-04-29 20:25:02,627 - Episode 20600
2018-04-29 20:25:02,627 - Step 2089992
2018-04-29 20:25:04,452 - Episode reward mean: -79.820
2018-04-29 20:25:04,452 - Episode reward std: 15.288
2018-04-29 20:28:09,405 - Episode 20700
2018-04-29 20:28:09,405 - Step 2098312
2018-04-29 20:28:11,733 - Episode reward mean: -82.440
2018-04-29 20:28:11,733 - Episode reward std: 19.929
2018-04-29 20:31:23,630 - Episode 20800
2018-04-29 20:31:23,630 - Step 2107008
2018-04-29 20:31:25,880 - Episode reward mean: -85.870
2018-04-29 20:31:25,881 - Episode reward std: 26.808
2018-04-29 20:34:30,092 - Episode 20900
2018-04-29 20:34:30,093 - Step 2115388
2018-04-29 20:34:31,822 - Episode reward mean: -82.590
2018-04-29 20:34:31,822 - Episode reward std: 18.745
2018-04-29 20:37:25,731 - Episode 21000
2018-04-29 20:37:25,731 - Step 2123636
2018-04-29 20:37:27,801 - Episode reward mean: -81.680
2018-04-29 20:37:27,802 - Episode reward std: 16.845
2018-04-29 20:37:27,802 - **Testing mode
2018-04-29 20:37:27,803 - Running for 20 episodes
2018-04-29 20:37:34,549 - (test) Average reward per episode: -76.55
2018-04-29 20:37:34,549 - Standard deviation: 13.980253931885501
2018-04-29 20:40:38,941 - Episode 21100
2018-04-29 20:40:38,941 - Step 2132036
2018-04-29 20:40:40,636 - Episode reward mean: -82.790
2018-04-29 20:40:40,637 - Episode reward std: 15.490
2018-04-29 20:43:51,849 - Episode 21200
2018-04-29 20:43:51,849 - Step 2140623
2018-04-29 20:43:53,448 - Episode reward mean: -84.860
2018-04-29 20:43:53,448 - Episode reward std: 25.887
2018-04-29 20:46:56,844 - Episode 21300
2018-04-29 20:46:56,844 - Step 2148874
2018-04-29 20:46:58,660 - Episode reward mean: -81.580
2018-04-29 20:46:58,661 - Episode reward std: 19.614
2018-04-29 20:50:02,597 - Episode 21400
2018-04-29 20:50:02,597 - Step 2157192
2018-04-29 20:50:04,250 - Episode reward mean: -82.120
2018-04-29 20:50:04,250 - Episode reward std: 18.973
2018-04-29 20:53:05,982 - Episode 21500
2018-04-29 20:53:05,983 - Step 2165406
2018-04-29 20:53:08,065 - Episode reward mean: -81.290
2018-04-29 20:53:08,065 - Episode reward std: 14.473
2018-04-29 20:53:08,065 - **Testing mode
2018-04-29 20:53:08,065 - Running for 20 episodes
2018-04-29 20:53:15,321 - (test) Average reward per episode: -76.3
2018-04-29 20:53:15,321 - Standard deviation: 11.081967334368027
2018-04-29 20:56:15,977 - Episode 21600
2018-04-29 20:56:15,977 - Step 2173551
2018-04-29 20:56:18,029 - Episode reward mean: -80.460
2018-04-29 20:56:18,029 - Episode reward std: 13.028
2018-04-29 20:59:30,118 - Episode 21700
2018-04-29 20:59:30,119 - Step 2182240
2018-04-29 20:59:31,837 - Episode reward mean: -85.740
2018-04-29 20:59:31,837 - Episode reward std: 17.126
2018-04-29 21:02:33,373 - Episode 21800
2018-04-29 21:02:33,373 - Step 2190503
2018-04-29 21:02:34,924 - Episode reward mean: -81.560
2018-04-29 21:02:34,925 - Episode reward std: 14.847
2018-04-29 21:05:40,146 - Episode 21900
2018-04-29 21:05:40,147 - Step 2198993
2018-04-29 21:05:44,068 - Episode reward mean: -84.930
2018-04-29 21:05:44,070 - Episode reward std: 22.354
2018-04-29 21:08:44,539 - Episode 22000
2018-04-29 21:08:44,540 - Step 2207369
2018-04-29 21:08:45,846 - Episode reward mean: -81.650
2018-04-29 21:08:45,847 - Episode reward std: 24.689
2018-04-29 21:08:45,847 - **Testing mode
2018-04-29 21:08:45,847 - Running for 20 episodes
2018-04-29 21:08:52,412 - (test) Average reward per episode: -72.05
2018-04-29 21:08:52,413 - Standard deviation: 10.594692067257075
2018-04-29 21:11:53,309 - Episode 22100
2018-04-29 21:11:53,309 - Step 2215504
2018-04-29 21:11:55,254 - Episode reward mean: -80.580
2018-04-29 21:11:55,255 - Episode reward std: 13.400
2018-04-29 21:15:02,543 - Episode 22200
2018-04-29 21:15:02,544 - Step 2224008
2018-04-29 21:15:04,254 - Episode reward mean: -83.950
2018-04-29 21:15:04,254 - Episode reward std: 20.903
2018-04-29 21:18:05,333 - Episode 22300
2018-04-29 21:18:05,333 - Step 2232149
2018-04-29 21:18:06,976 - Episode reward mean: -80.360
2018-04-29 21:18:06,976 - Episode reward std: 15.406
2018-04-29 21:21:13,209 - Episode 22400
2018-04-29 21:21:13,209 - Step 2240545
2018-04-29 21:21:14,960 - Episode reward mean: -83.050
2018-04-29 21:21:14,960 - Episode reward std: 15.058
2018-04-29 21:24:20,645 - Episode 22500
2018-04-29 21:24:20,646 - Step 2248927
2018-04-29 21:24:21,992 - Episode reward mean: -82.640
2018-04-29 21:24:21,993 - Episode reward std: 23.474
2018-04-29 21:24:21,993 - **Testing mode
2018-04-29 21:24:21,993 - Running for 20 episodes
2018-04-29 21:24:28,912 - (test) Average reward per episode: -73.75
2018-04-29 21:24:28,912 - Standard deviation: 9.908960591303208
2018-04-29 21:27:24,318 - Episode 22600
2018-04-29 21:27:24,319 - Step 2256849
2018-04-29 21:27:25,810 - Episode reward mean: -78.250
2018-04-29 21:27:25,810 - Episode reward std: 17.147
2018-04-29 21:30:26,411 - Episode 22700
2018-04-29 21:30:26,411 - Step 2265010
2018-04-29 21:30:28,455 - Episode reward mean: -80.870
2018-04-29 21:30:28,457 - Episode reward std: 13.598
2018-04-29 21:33:33,541 - Episode 22800
2018-04-29 21:33:33,542 - Step 2273405
2018-04-29 21:33:35,379 - Episode reward mean: -82.870
2018-04-29 21:33:35,379 - Episode reward std: 18.305
2018-04-29 21:36:39,801 - Episode 22900
2018-04-29 21:36:39,801 - Step 2281720
2018-04-29 21:36:41,451 - Episode reward mean: -82.030
2018-04-29 21:36:41,452 - Episode reward std: 20.131
2018-04-29 21:39:41,201 - Episode 23000
2018-04-29 21:39:41,202 - Step 2289825
2018-04-29 21:39:42,995 - Episode reward mean: -80.150
2018-04-29 21:39:42,995 - Episode reward std: 13.795
2018-04-29 21:39:42,996 - **Testing mode
2018-04-29 21:39:42,996 - Running for 20 episodes
2018-04-29 21:39:50,228 - (test) Average reward per episode: -74.6
2018-04-29 21:39:50,229 - Standard deviation: 10.248902380255165
2018-04-29 21:43:01,225 - Episode 23100
2018-04-29 21:43:01,225 - Step 2298439
2018-04-29 21:43:02,808 - Episode reward mean: -85.020
2018-04-29 21:43:02,809 - Episode reward std: 16.271
2018-04-29 21:46:04,313 - Episode 23200
2018-04-29 21:46:04,314 - Step 2306598
2018-04-29 21:46:11,621 - Episode reward mean: -83.050
2018-04-29 21:46:11,621 - Episode reward std: 27.331
2018-04-29 21:49:16,011 - Episode 23300
2018-04-29 21:49:16,011 - Step 2315053
2018-04-29 21:49:17,838 - Episode reward mean: -81.210
2018-04-29 21:49:17,839 - Episode reward std: 13.327
2018-04-29 21:52:24,436 - Episode 23400
2018-04-29 21:52:24,436 - Step 2323418
2018-04-29 21:52:26,224 - Episode reward mean: -82.590
2018-04-29 21:52:26,224 - Episode reward std: 21.860
2018-04-29 21:55:33,969 - Episode 23500
2018-04-29 21:55:33,970 - Step 2331871
2018-04-29 21:55:35,499 - Episode reward mean: -83.480
2018-04-29 21:55:35,499 - Episode reward std: 21.186
2018-04-29 21:55:35,499 - **Testing mode
2018-04-29 21:55:35,500 - Running for 20 episodes
2018-04-29 21:55:42,949 - (test) Average reward per episode: -77.2
2018-04-29 21:55:42,950 - Standard deviation: 15.360989551457939
2018-04-29 21:58:52,619 - Episode 23600
2018-04-29 21:58:52,619 - Step 2340360
2018-04-29 21:58:54,319 - Episode reward mean: -83.900
2018-04-29 21:58:54,319 - Episode reward std: 26.597
2018-04-29 22:01:58,737 - Episode 23700
2018-04-29 22:01:58,737 - Step 2348619
2018-04-29 22:02:00,660 - Episode reward mean: -81.720
2018-04-29 22:02:00,663 - Episode reward std: 17.959
2018-04-29 22:05:05,135 - Episode 23800
2018-04-29 22:05:05,136 - Step 2356902
2018-04-29 22:05:06,593 - Episode reward mean: -81.610
2018-04-29 22:05:06,593 - Episode reward std: 22.508
