2018-04-30 16:53:01,593 - Command line args: Namespace(N=50, actor_lr=0.01, actor_model_path=None, alg='dqn', alt_learn=False, combined_replay=True, critic_lr=0.01, critic_model_path=None, deepness='deep', env_name='MountainCar-v0', epsilon=0.5, gamma=0.99, hindsight=False, lr=0.0001, memory_size=50000, model_name='mcar_dqn_C', num_episodes=50000, priority_replay=False, record_video_only=False, render=False, replay_batch=32, seed=None, test_mod=500, test_only=False, train_mod=100)
2018-04-30 16:53:01,594 - Log saving to logs/mcar_dqn_C_2018_04_30_16_53_01.log
2018-04-30 16:53:01,594 - Alg: dqn
2018-04-30 16:53:01,594 - Numpy random seed 2673808693
2018-04-30 16:53:01,598 - Gym seed set to 2673808693
2018-04-30 16:53:01,599 - Using deep architecture.
2018-04-30 16:53:01,658 - Using initial learning rate 0.0001
2018-04-30 16:53:01,872 - Using combined replay
2018-04-30 16:53:01,873 - Creating replay buffer with initial max size of 50000
2018-04-30 16:53:01,873 - Burning in 10000 lines
2018-04-30 16:53:12,723 - Training for 50000 episodes
2018-04-30 16:53:12,724 - Episode 0
2018-04-30 16:53:12,724 - Step 0
2018-04-30 16:53:14,448 - Episode reward mean: -2.000
2018-04-30 16:53:14,449 - Episode reward std: 19.800
2018-04-30 16:53:14,499 - Saved model for rendering to models/mcar_dqn_C/mcar_dqn_C_0_of_3.h5
2018-04-30 16:55:03,422 - Episode 100
2018-04-30 16:55:03,422 - Step 20000
2018-04-30 16:55:04,468 - Episode reward mean: -200.000
2018-04-30 16:55:04,468 - Episode reward std: 0.000
2018-04-30 16:56:49,349 - Episode 200
2018-04-30 16:56:49,350 - Step 40000
2018-04-30 16:56:50,243 - Episode reward mean: -200.000
2018-04-30 16:56:50,244 - Episode reward std: 0.000
2018-04-30 16:58:32,838 - Episode 300
2018-04-30 16:58:32,838 - Step 60000
2018-04-30 16:58:33,914 - Episode reward mean: -200.000
2018-04-30 16:58:33,914 - Episode reward std: 0.000
2018-04-30 17:00:16,434 - Episode 400
2018-04-30 17:00:16,434 - Step 80000
2018-04-30 17:00:17,804 - Episode reward mean: -200.000
2018-04-30 17:00:17,805 - Episode reward std: 0.000
2018-04-30 17:02:01,910 - Episode 500
2018-04-30 17:02:01,910 - Step 100000
2018-04-30 17:02:02,908 - Episode reward mean: -200.000
2018-04-30 17:02:02,908 - Episode reward std: 0.000
2018-04-30 17:02:02,908 - **Testing mode
2018-04-30 17:02:02,908 - Running for 20 episodes
2018-04-30 17:02:06,965 - (test) Average reward per episode: -200.0
2018-04-30 17:02:06,965 - Standard deviation: 0.0
2018-04-30 17:02:06,985 - Beat previous value of None! Saved model to models/mcar_dqn_C/mcar_dqn_C.h5
2018-04-30 17:03:49,580 - Episode 600
2018-04-30 17:03:49,580 - Step 120000
2018-04-30 17:03:50,537 - Episode reward mean: -200.000
2018-04-30 17:03:50,538 - Episode reward std: 0.000
2018-04-30 17:05:35,245 - Episode 700
2018-04-30 17:05:35,245 - Step 139899
2018-04-30 17:05:36,474 - Episode reward mean: -198.990
2018-04-30 17:05:36,474 - Episode reward std: 10.049
2018-04-30 17:07:17,120 - Episode 800
2018-04-30 17:07:17,120 - Step 159414
2018-04-30 17:07:18,038 - Episode reward mean: -195.150
2018-04-30 17:07:18,038 - Episode reward std: 17.935
2018-04-30 17:09:01,902 - Episode 900
2018-04-30 17:09:01,902 - Step 179386
2018-04-30 17:09:02,773 - Episode reward mean: -199.720
2018-04-30 17:09:02,773 - Episode reward std: 2.502
2018-04-30 17:10:47,409 - Episode 1000
2018-04-30 17:10:47,409 - Step 199310
2018-04-30 17:10:48,358 - Episode reward mean: -199.240
2018-04-30 17:10:48,358 - Episode reward std: 5.584
2018-04-30 17:10:48,358 - **Testing mode
2018-04-30 17:10:48,358 - Running for 20 episodes
2018-04-30 17:10:52,246 - (test) Average reward per episode: -200.0
2018-04-30 17:10:52,247 - Standard deviation: 0.0
2018-04-30 17:12:36,374 - Episode 1100
2018-04-30 17:12:36,374 - Step 219094
2018-04-30 17:12:37,324 - Episode reward mean: -197.840
2018-04-30 17:12:37,324 - Episode reward std: 7.861
2018-04-30 17:14:21,226 - Episode 1200
2018-04-30 17:14:21,226 - Step 238684
2018-04-30 17:14:22,218 - Episode reward mean: -195.900
2018-04-30 17:14:22,218 - Episode reward std: 10.592
2018-04-30 17:16:03,096 - Episode 1300
2018-04-30 17:16:03,097 - Step 258056
2018-04-30 17:16:04,236 - Episode reward mean: -193.720
2018-04-30 17:16:04,237 - Episode reward std: 17.484
2018-04-30 17:17:45,601 - Episode 1400
2018-04-30 17:17:45,601 - Step 277266
2018-04-30 17:17:46,609 - Episode reward mean: -191.820
2018-04-30 17:17:46,610 - Episode reward std: 18.864
2018-04-30 17:19:18,801 - Episode 1500
2018-04-30 17:19:18,801 - Step 295146
2018-04-30 17:19:19,590 - Episode reward mean: -178.760
2018-04-30 17:19:19,590 - Episode reward std: 25.012
2018-04-30 17:19:19,590 - **Testing mode
2018-04-30 17:19:19,590 - Running for 20 episodes
2018-04-30 17:19:22,686 - (test) Average reward per episode: -141.7
2018-04-30 17:19:22,687 - Standard deviation: 38.31983820425134
2018-04-30 17:19:22,708 - Beat previous value of -200.0! Saved model to models/mcar_dqn_C/mcar_dqn_C.h5
2018-04-30 17:20:49,477 - Episode 1600
2018-04-30 17:20:49,477 - Step 311801
2018-04-30 17:20:50,431 - Episode reward mean: -166.590
2018-04-30 17:20:50,431 - Episode reward std: 25.129
2018-04-30 17:22:16,282 - Episode 1700
2018-04-30 17:22:16,282 - Step 328190
2018-04-30 17:22:16,765 - Episode reward mean: -163.280
2018-04-30 17:22:16,765 - Episode reward std: 28.751
2018-04-30 17:23:54,153 - Episode 1800
2018-04-30 17:23:54,154 - Step 346807
2018-04-30 17:23:55,457 - Episode reward mean: -187.060
2018-04-30 17:23:55,457 - Episode reward std: 21.626
2018-04-30 17:25:37,449 - Episode 1900
2018-04-30 17:25:37,449 - Step 366018
2018-04-30 17:25:38,442 - Episode reward mean: -192.110
2018-04-30 17:25:38,442 - Episode reward std: 20.532
2018-04-30 17:27:19,050 - Episode 2000
2018-04-30 17:27:19,050 - Step 385025
2018-04-30 17:27:19,939 - Episode reward mean: -190.070
2018-04-30 17:27:19,939 - Episode reward std: 22.394
2018-04-30 17:27:19,940 - **Testing mode
2018-04-30 17:27:19,940 - Running for 20 episodes
2018-04-30 17:27:23,643 - (test) Average reward per episode: -190.3
2018-04-30 17:27:23,643 - Standard deviation: 27.47380570652708
2018-04-30 17:29:00,114 - Episode 2100
2018-04-30 17:29:00,114 - Step 403746
2018-04-30 17:29:01,141 - Episode reward mean: -186.920
2018-04-30 17:29:01,141 - Episode reward std: 22.636
2018-04-30 17:30:36,053 - Episode 2200
2018-04-30 17:30:36,054 - Step 421943
2018-04-30 17:30:37,061 - Episode reward mean: -182.260
2018-04-30 17:30:37,061 - Episode reward std: 28.077
2018-04-30 17:32:02,071 - Episode 2300
2018-04-30 17:32:02,071 - Step 438658
2018-04-30 17:32:02,978 - Episode reward mean: -167.150
2018-04-30 17:32:02,978 - Episode reward std: 44.543
2018-04-30 17:33:34,044 - Episode 2400
2018-04-30 17:33:34,044 - Step 456325
2018-04-30 17:33:35,120 - Episode reward mean: -176.670
2018-04-30 17:33:35,121 - Episode reward std: 40.607
2018-04-30 17:34:58,075 - Episode 2500
2018-04-30 17:34:58,075 - Step 472550
2018-04-30 17:34:58,564 - Episode reward mean: -161.220
2018-04-30 17:34:58,565 - Episode reward std: 44.284
2018-04-30 17:34:58,565 - **Testing mode
2018-04-30 17:34:58,565 - Running for 20 episodes
2018-04-30 17:35:01,814 - (test) Average reward per episode: -164.05
2018-04-30 17:35:01,814 - Standard deviation: 49.675421487894795
2018-04-30 17:36:25,988 - Episode 2600
2018-04-30 17:36:25,988 - Step 488842
2018-04-30 17:36:26,946 - Episode reward mean: -163.950
2018-04-30 17:36:26,946 - Episode reward std: 42.179
2018-04-30 17:37:51,869 - Episode 2700
2018-04-30 17:37:51,869 - Step 505450
2018-04-30 17:37:52,312 - Episode reward mean: -165.020
2018-04-30 17:37:52,312 - Episode reward std: 42.140
2018-04-30 17:39:18,174 - Episode 2800
2018-04-30 17:39:18,175 - Step 522034
2018-04-30 17:39:18,920 - Episode reward mean: -166.440
2018-04-30 17:39:18,921 - Episode reward std: 31.152
2018-04-30 17:40:40,323 - Episode 2900
2018-04-30 17:40:40,323 - Step 537839
2018-04-30 17:40:40,704 - Episode reward mean: -157.370
2018-04-30 17:40:40,704 - Episode reward std: 34.395
2018-04-30 17:42:02,639 - Episode 3000
2018-04-30 17:42:02,639 - Step 553532
2018-04-30 17:42:03,434 - Episode reward mean: -157.800
2018-04-30 17:42:03,434 - Episode reward std: 36.283
2018-04-30 17:42:03,434 - **Testing mode
2018-04-30 17:42:03,434 - Running for 20 episodes
2018-04-30 17:42:06,403 - (test) Average reward per episode: -141.15
2018-04-30 17:42:06,403 - Standard deviation: 40.97959858270942
2018-04-30 17:42:06,425 - Beat previous value of -141.7! Saved model to models/mcar_dqn_C/mcar_dqn_C.h5
2018-04-30 17:43:31,213 - Episode 3100
2018-04-30 17:43:31,214 - Step 569931
2018-04-30 17:43:31,637 - Episode reward mean: -163.150
2018-04-30 17:43:31,637 - Episode reward std: 30.261
2018-04-30 17:44:57,268 - Episode 3200
2018-04-30 17:44:57,268 - Step 586279
2018-04-30 17:44:58,115 - Episode reward mean: -164.270
2018-04-30 17:44:58,115 - Episode reward std: 30.675
2018-04-30 17:46:19,367 - Episode 3300
2018-04-30 17:46:19,367 - Step 601908
2018-04-30 17:46:19,897 - Episode reward mean: -155.670
2018-04-30 17:46:19,897 - Episode reward std: 30.836
2018-04-30 17:47:42,375 - Episode 3400
2018-04-30 17:47:42,375 - Step 618061
2018-04-30 17:47:43,263 - Episode reward mean: -162.200
2018-04-30 17:47:43,263 - Episode reward std: 25.958
2018-04-30 17:49:01,109 - Episode 3500
2018-04-30 17:49:01,110 - Step 633248
2018-04-30 17:49:01,930 - Episode reward mean: -151.750
2018-04-30 17:49:01,930 - Episode reward std: 28.712
2018-04-30 17:49:01,931 - **Testing mode
2018-04-30 17:49:01,931 - Running for 20 episodes
2018-04-30 17:49:04,333 - (test) Average reward per episode: -128.55
2018-04-30 17:49:04,334 - Standard deviation: 31.785963883450194
2018-04-30 17:49:04,349 - Beat previous value of -141.15! Saved model to models/mcar_dqn_C/mcar_dqn_C.h5
2018-04-30 17:50:22,772 - Episode 3600
2018-04-30 17:50:22,772 - Step 648389
2018-04-30 17:50:23,518 - Episode reward mean: -151.390
2018-04-30 17:50:23,518 - Episode reward std: 27.813
2018-04-30 17:51:45,355 - Episode 3700
2018-04-30 17:51:45,356 - Step 663811
2018-04-30 17:51:46,344 - Episode reward mean: -154.490
2018-04-30 17:51:46,345 - Episode reward std: 31.833
2018-04-30 17:53:05,118 - Episode 3800
2018-04-30 17:53:05,118 - Step 679257
2018-04-30 17:53:05,732 - Episode reward mean: -153.790
2018-04-30 17:53:05,732 - Episode reward std: 35.158
2018-04-30 17:54:30,384 - Episode 3900
2018-04-30 17:54:30,384 - Step 695548
2018-04-30 17:54:31,185 - Episode reward mean: -163.010
2018-04-30 17:54:31,185 - Episode reward std: 34.633
2018-04-30 17:55:56,697 - Episode 4000
2018-04-30 17:55:56,697 - Step 711876
2018-04-30 17:55:57,264 - Episode reward mean: -163.190
2018-04-30 17:55:57,264 - Episode reward std: 41.461
2018-04-30 17:55:57,265 - **Testing mode
2018-04-30 17:55:57,265 - Running for 20 episodes
2018-04-30 17:55:59,661 - (test) Average reward per episode: -125.0
2018-04-30 17:55:59,661 - Standard deviation: 46.05648705665685
2018-04-30 17:55:59,683 - Beat previous value of -128.55! Saved model to models/mcar_dqn_C/mcar_dqn_C.h5
2018-04-30 17:57:18,906 - Episode 4100
2018-04-30 17:57:18,906 - Step 727399
2018-04-30 17:57:19,770 - Episode reward mean: -155.560
2018-04-30 17:57:19,770 - Episode reward std: 42.325
2018-04-30 17:58:42,368 - Episode 4200
2018-04-30 17:58:42,368 - Step 743487
2018-04-30 17:58:43,465 - Episode reward mean: -161.350
2018-04-30 17:58:43,465 - Episode reward std: 43.566
2018-04-30 18:00:06,842 - Episode 4300
2018-04-30 18:00:06,842 - Step 759398
2018-04-30 18:00:07,766 - Episode reward mean: -158.980
2018-04-30 18:00:07,766 - Episode reward std: 41.280
2018-04-30 18:01:31,305 - Episode 4400
2018-04-30 18:01:31,305 - Step 775269
2018-04-30 18:01:31,935 - Episode reward mean: -157.960
2018-04-30 18:01:31,935 - Episode reward std: 37.909
2018-04-30 18:02:54,835 - Episode 4500
2018-04-30 18:02:54,835 - Step 791072
2018-04-30 18:02:55,764 - Episode reward mean: -158.610
2018-04-30 18:02:55,764 - Episode reward std: 39.373
2018-04-30 18:02:55,765 - **Testing mode
2018-04-30 18:02:55,765 - Running for 20 episodes
2018-04-30 18:02:58,613 - (test) Average reward per episode: -135.4
2018-04-30 18:02:58,613 - Standard deviation: 44.94930477771597
2018-04-30 18:04:19,659 - Episode 4600
2018-04-30 18:04:19,660 - Step 806963
2018-04-30 18:04:20,271 - Episode reward mean: -158.440
2018-04-30 18:04:20,271 - Episode reward std: 28.870
2018-04-30 18:05:43,753 - Episode 4700
2018-04-30 18:05:43,753 - Step 822839
2018-04-30 18:05:44,655 - Episode reward mean: -159.430
2018-04-30 18:05:44,655 - Episode reward std: 27.735
2018-04-30 18:07:05,429 - Episode 4800
2018-04-30 18:07:05,429 - Step 838441
2018-04-30 18:07:06,296 - Episode reward mean: -155.580
2018-04-30 18:07:06,296 - Episode reward std: 35.995
2018-04-30 18:08:28,005 - Episode 4900
2018-04-30 18:08:28,005 - Step 853967
2018-04-30 18:08:28,993 - Episode reward mean: -155.800
2018-04-30 18:08:28,993 - Episode reward std: 37.725
2018-04-30 18:09:55,054 - Episode 5000
2018-04-30 18:09:55,055 - Step 870136
2018-04-30 18:09:55,559 - Episode reward mean: -160.600
2018-04-30 18:09:55,559 - Episode reward std: 34.253
2018-04-30 18:09:55,559 - **Testing mode
2018-04-30 18:09:55,559 - Running for 20 episodes
2018-04-30 18:09:58,880 - (test) Average reward per episode: -151.7
2018-04-30 18:09:58,880 - Standard deviation: 48.033425861581016
2018-04-30 18:11:19,516 - Episode 5100
2018-04-30 18:11:19,516 - Step 885646
2018-04-30 18:11:20,632 - Episode reward mean: -156.060
2018-04-30 18:11:20,632 - Episode reward std: 40.087
2018-04-30 18:12:41,768 - Episode 5200
2018-04-30 18:12:41,768 - Step 901110
2018-04-30 18:12:42,745 - Episode reward mean: -154.540
2018-04-30 18:12:42,745 - Episode reward std: 40.431
2018-04-30 18:14:04,838 - Episode 5300
2018-04-30 18:14:04,838 - Step 916927
2018-04-30 18:14:05,691 - Episode reward mean: -158.060
2018-04-30 18:14:05,691 - Episode reward std: 39.368
2018-04-30 18:15:30,492 - Episode 5400
2018-04-30 18:15:30,493 - Step 933097
2018-04-30 18:15:30,901 - Episode reward mean: -160.890
2018-04-30 18:15:30,901 - Episode reward std: 39.879
2018-04-30 18:16:53,123 - Episode 5500
2018-04-30 18:16:53,123 - Step 948594
2018-04-30 18:16:53,614 - Episode reward mean: -154.970
2018-04-30 18:16:53,614 - Episode reward std: 41.435
2018-04-30 18:16:53,614 - **Testing mode
2018-04-30 18:16:53,614 - Running for 20 episodes
2018-04-30 18:16:56,784 - (test) Average reward per episode: -147.6
2018-04-30 18:16:56,784 - Standard deviation: 52.52180499563967
2018-04-30 18:18:16,842 - Episode 5600
2018-04-30 18:18:16,842 - Step 963803
2018-04-30 18:18:17,728 - Episode reward mean: -153.010
2018-04-30 18:18:17,728 - Episode reward std: 39.799
2018-04-30 18:19:35,356 - Episode 5700
2018-04-30 18:19:35,357 - Step 978516
2018-04-30 18:19:36,101 - Episode reward mean: -146.870
2018-04-30 18:19:36,101 - Episode reward std: 33.992
2018-04-30 18:20:51,346 - Episode 5800
2018-04-30 18:20:51,346 - Step 993050
2018-04-30 18:20:52,273 - Episode reward mean: -145.580
2018-04-30 18:20:52,273 - Episode reward std: 30.932
2018-04-30 18:22:11,524 - Episode 5900
2018-04-30 18:22:11,524 - Step 1008029
2018-04-30 18:22:12,420 - Episode reward mean: -149.780
2018-04-30 18:22:12,421 - Episode reward std: 35.931
2018-04-30 18:23:29,471 - Episode 6000
2018-04-30 18:23:29,471 - Step 1022884
2018-04-30 18:23:30,196 - Episode reward mean: -148.290
2018-04-30 18:23:30,196 - Episode reward std: 35.201
2018-04-30 18:23:30,197 - **Testing mode
2018-04-30 18:23:30,197 - Running for 20 episodes
2018-04-30 18:23:33,093 - (test) Average reward per episode: -128.25
2018-04-30 18:23:33,094 - Standard deviation: 39.83450137757469
2018-04-30 18:24:46,910 - Episode 6100
2018-04-30 18:24:46,910 - Step 1037412
2018-04-30 18:24:47,615 - Episode reward mean: -145.320
2018-04-30 18:24:47,615 - Episode reward std: 36.396
2018-04-30 18:26:06,119 - Episode 6200
2018-04-30 18:26:06,119 - Step 1052730
2018-04-30 18:26:06,556 - Episode reward mean: -152.520
2018-04-30 18:26:06,556 - Episode reward std: 37.233
2018-04-30 18:27:24,707 - Episode 6300
2018-04-30 18:27:24,707 - Step 1068082
2018-04-30 18:27:25,191 - Episode reward mean: -153.580
2018-04-30 18:27:25,191 - Episode reward std: 37.959
2018-04-30 18:28:46,316 - Episode 6400
2018-04-30 18:28:46,316 - Step 1083930
2018-04-30 18:28:47,206 - Episode reward mean: -159.200
2018-04-30 18:28:47,206 - Episode reward std: 37.494
2018-04-30 18:30:06,306 - Episode 6500
2018-04-30 18:30:06,306 - Step 1099590
2018-04-30 18:30:06,949 - Episode reward mean: -156.030
2018-04-30 18:30:06,949 - Episode reward std: 36.575
2018-04-30 18:30:06,949 - **Testing mode
2018-04-30 18:30:06,949 - Running for 20 episodes
2018-04-30 18:30:09,683 - (test) Average reward per episode: -151.2
2018-04-30 18:30:09,683 - Standard deviation: 40.80759733186947
2018-04-30 18:31:33,293 - Episode 6600
2018-04-30 18:31:33,293 - Step 1115838
2018-04-30 18:31:34,135 - Episode reward mean: -162.930
2018-04-30 18:31:34,135 - Episode reward std: 34.504
2018-04-30 18:32:54,958 - Episode 6700
2018-04-30 18:32:54,959 - Step 1131427
2018-04-30 18:32:55,589 - Episode reward mean: -155.470
2018-04-30 18:32:55,589 - Episode reward std: 39.825
2018-04-30 18:34:16,856 - Episode 6800
2018-04-30 18:34:16,857 - Step 1146669
2018-04-30 18:34:17,983 - Episode reward mean: -153.230
2018-04-30 18:34:17,984 - Episode reward std: 37.357
2018-04-30 18:35:36,356 - Episode 6900
2018-04-30 18:35:36,356 - Step 1161818
2018-04-30 18:35:37,089 - Episode reward mean: -151.130
2018-04-30 18:35:37,090 - Episode reward std: 35.317
2018-04-30 18:36:52,463 - Episode 7000
2018-04-30 18:36:52,463 - Step 1176638
2018-04-30 18:36:53,284 - Episode reward mean: -148.420
2018-04-30 18:36:53,284 - Episode reward std: 34.387
2018-04-30 18:36:53,284 - **Testing mode
2018-04-30 18:36:53,284 - Running for 20 episodes
2018-04-30 18:36:56,039 - (test) Average reward per episode: -137.75
2018-04-30 18:36:56,040 - Standard deviation: 34.08353708170559
2018-04-30 18:38:10,151 - Episode 7100
2018-04-30 18:38:10,151 - Step 1190946
2018-04-30 18:38:11,027 - Episode reward mean: -142.820
2018-04-30 18:38:11,027 - Episode reward std: 33.547
2018-04-30 18:39:26,604 - Episode 7200
2018-04-30 18:39:26,604 - Step 1205678
2018-04-30 18:39:27,363 - Episode reward mean: -147.380
2018-04-30 18:39:27,363 - Episode reward std: 33.455
2018-04-30 18:40:43,344 - Episode 7300
2018-04-30 18:40:43,344 - Step 1220420
2018-04-30 18:40:44,113 - Episode reward mean: -147.400
2018-04-30 18:40:44,113 - Episode reward std: 34.255
2018-04-30 18:42:04,349 - Episode 7400
2018-04-30 18:42:04,350 - Step 1235669
2018-04-30 18:42:05,290 - Episode reward mean: -152.460
2018-04-30 18:42:05,290 - Episode reward std: 38.699
2018-04-30 18:43:26,293 - Episode 7500
2018-04-30 18:43:26,293 - Step 1251571
2018-04-30 18:43:27,222 - Episode reward mean: -159.270
2018-04-30 18:43:27,222 - Episode reward std: 39.336
2018-04-30 18:43:27,222 - **Testing mode
2018-04-30 18:43:27,222 - Running for 20 episodes
2018-04-30 18:43:29,980 - (test) Average reward per episode: -137.0
2018-04-30 18:43:29,980 - Standard deviation: 43.93290338686939
2018-04-30 18:44:49,456 - Episode 7600
2018-04-30 18:44:49,456 - Step 1266916
2018-04-30 18:44:49,944 - Episode reward mean: -152.570
2018-04-30 18:44:49,944 - Episode reward std: 40.948
2018-04-30 18:46:09,330 - Episode 7700
2018-04-30 18:46:09,330 - Step 1282092
2018-04-30 18:46:10,070 - Episode reward mean: -152.330
2018-04-30 18:46:10,070 - Episode reward std: 39.744
2018-04-30 18:47:28,451 - Episode 7800
2018-04-30 18:47:28,451 - Step 1297217
2018-04-30 18:47:28,940 - Episode reward mean: -150.710
2018-04-30 18:47:28,940 - Episode reward std: 41.290
2018-04-30 18:48:50,542 - Episode 7900
2018-04-30 18:48:50,542 - Step 1313124
2018-04-30 18:48:50,967 - Episode reward mean: -159.040
2018-04-30 18:48:50,967 - Episode reward std: 38.955
2018-04-30 18:50:09,069 - Episode 8000
2018-04-30 18:50:09,070 - Step 1328315
2018-04-30 18:50:10,204 - Episode reward mean: -152.660
2018-04-30 18:50:10,204 - Episode reward std: 40.172
2018-04-30 18:50:10,204 - **Testing mode
2018-04-30 18:50:10,204 - Running for 20 episodes
2018-04-30 18:50:12,831 - (test) Average reward per episode: -127.35
2018-04-30 18:50:12,832 - Standard deviation: 33.223899530307996
2018-04-30 18:51:26,218 - Episode 8100
2018-04-30 18:51:26,218 - Step 1342492
2018-04-30 18:51:26,964 - Episode reward mean: -141.730
2018-04-30 18:51:26,965 - Episode reward std: 27.404
2018-04-30 18:52:41,798 - Episode 8200
2018-04-30 18:52:41,798 - Step 1357134
2018-04-30 18:52:42,593 - Episode reward mean: -146.380
2018-04-30 18:52:42,593 - Episode reward std: 25.803
2018-04-30 18:53:52,961 - Episode 8300
2018-04-30 18:53:52,961 - Step 1370827
2018-04-30 18:53:53,662 - Episode reward mean: -136.840
2018-04-30 18:53:53,663 - Episode reward std: 25.893
2018-04-30 18:55:03,727 - Episode 8400
2018-04-30 18:55:03,727 - Step 1384600
2018-04-30 18:55:04,617 - Episode reward mean: -138.100
2018-04-30 18:55:04,617 - Episode reward std: 28.753
2018-04-30 18:56:18,733 - Episode 8500
2018-04-30 18:56:18,733 - Step 1398802
2018-04-30 18:56:19,533 - Episode reward mean: -141.740
2018-04-30 18:56:19,533 - Episode reward std: 30.568
2018-04-30 18:56:19,533 - **Testing mode
2018-04-30 18:56:19,533 - Running for 20 episodes
2018-04-30 18:56:22,482 - (test) Average reward per episode: -146.9
2018-04-30 18:56:22,483 - Standard deviation: 38.67027282034612
2018-04-30 18:57:43,964 - Episode 8600
2018-04-30 18:57:43,964 - Step 1414283
2018-04-30 18:57:44,834 - Episode reward mean: -155.130
2018-04-30 18:57:44,834 - Episode reward std: 25.926
2018-04-30 18:58:59,142 - Episode 8700
2018-04-30 18:58:59,142 - Step 1428904
2018-04-30 18:58:59,913 - Episode reward mean: -145.870
2018-04-30 18:58:59,913 - Episode reward std: 29.610
2018-04-30 19:00:15,772 - Episode 8800
2018-04-30 19:00:15,772 - Step 1443582
2018-04-30 19:00:16,611 - Episode reward mean: -146.780
2018-04-30 19:00:16,611 - Episode reward std: 27.044
2018-04-30 19:01:33,490 - Episode 8900
2018-04-30 19:01:33,490 - Step 1458320
2018-04-30 19:01:34,204 - Episode reward mean: -147.350
2018-04-30 19:01:34,205 - Episode reward std: 28.504
2018-04-30 19:02:44,624 - Episode 9000
2018-04-30 19:02:44,624 - Step 1472107
2018-04-30 19:02:45,407 - Episode reward mean: -137.910
2018-04-30 19:02:45,407 - Episode reward std: 28.420
2018-04-30 19:02:45,407 - **Testing mode
2018-04-30 19:02:45,407 - Running for 20 episodes
2018-04-30 19:02:47,872 - (test) Average reward per episode: -117.5
2018-04-30 19:02:47,873 - Standard deviation: 32.659608080930795
2018-04-30 19:02:47,888 - Beat previous value of -125.0! Saved model to models/mcar_dqn_C/mcar_dqn_C.h5
2018-04-30 19:04:01,465 - Episode 9100
2018-04-30 19:04:01,465 - Step 1486413
2018-04-30 19:04:01,908 - Episode reward mean: -142.410
2018-04-30 19:04:01,908 - Episode reward std: 28.098
2018-04-30 19:05:15,177 - Episode 9200
2018-04-30 19:05:15,177 - Step 1500435
2018-04-30 19:05:15,732 - Episode reward mean: -140.370
2018-04-30 19:05:15,732 - Episode reward std: 29.142
2018-04-30 19:06:25,306 - Episode 9300
2018-04-30 19:06:25,306 - Step 1513993
2018-04-30 19:06:26,027 - Episode reward mean: -135.930
2018-04-30 19:06:26,027 - Episode reward std: 26.245
2018-04-30 19:07:38,403 - Episode 9400
2018-04-30 19:07:38,404 - Step 1527765
2018-04-30 19:07:39,061 - Episode reward mean: -137.790
2018-04-30 19:07:39,062 - Episode reward std: 28.620
2018-04-30 19:08:53,429 - Episode 9500
2018-04-30 19:08:53,429 - Step 1542034
2018-04-30 19:08:53,896 - Episode reward mean: -142.240
2018-04-30 19:08:53,897 - Episode reward std: 33.263
2018-04-30 19:08:53,897 - **Testing mode
2018-04-30 19:08:53,897 - Running for 20 episodes
2018-04-30 19:08:56,524 - (test) Average reward per episode: -128.7
2018-04-30 19:08:56,524 - Standard deviation: 20.66663978492875
2018-04-30 19:10:09,340 - Episode 9600
2018-04-30 19:10:09,340 - Step 1555827
2018-04-30 19:10:10,110 - Episode reward mean: -138.350
2018-04-30 19:10:10,110 - Episode reward std: 25.531
2018-04-30 19:11:22,048 - Episode 9700
2018-04-30 19:11:22,048 - Step 1569802
2018-04-30 19:11:22,699 - Episode reward mean: -139.700
2018-04-30 19:11:22,700 - Episode reward std: 25.942
2018-04-30 19:12:35,319 - Episode 9800
2018-04-30 19:12:35,320 - Step 1583958
2018-04-30 19:12:36,185 - Episode reward mean: -141.630
2018-04-30 19:12:36,185 - Episode reward std: 25.179
2018-04-30 19:13:48,741 - Episode 9900
2018-04-30 19:13:48,741 - Step 1597852
2018-04-30 19:13:49,614 - Episode reward mean: -139.030
2018-04-30 19:13:49,615 - Episode reward std: 32.027
2018-04-30 19:15:02,019 - Episode 10000
2018-04-30 19:15:02,019 - Step 1611971
2018-04-30 19:15:02,534 - Episode reward mean: -140.560
2018-04-30 19:15:02,535 - Episode reward std: 24.873
2018-04-30 19:15:02,535 - **Testing mode
2018-04-30 19:15:02,535 - Running for 20 episodes
2018-04-30 19:15:04,993 - (test) Average reward per episode: -125.45
2018-04-30 19:15:04,993 - Standard deviation: 31.07808713547216
2018-04-30 19:16:17,878 - Episode 10100
2018-04-30 19:16:17,878 - Step 1625871
2018-04-30 19:16:18,792 - Episode reward mean: -139.610
2018-04-30 19:16:18,792 - Episode reward std: 24.598
2018-04-30 19:17:31,944 - Episode 10200
2018-04-30 19:17:31,944 - Step 1639801
2018-04-30 19:17:32,841 - Episode reward mean: -139.310
2018-04-30 19:17:32,841 - Episode reward std: 26.169
2018-04-30 19:18:45,949 - Episode 10300
2018-04-30 19:18:45,949 - Step 1653944
2018-04-30 19:18:46,684 - Episode reward mean: -141.330
2018-04-30 19:18:46,684 - Episode reward std: 25.234
2018-04-30 19:19:58,533 - Episode 10400
2018-04-30 19:19:58,533 - Step 1668242
2018-04-30 19:19:59,239 - Episode reward mean: -143.100
2018-04-30 19:19:59,239 - Episode reward std: 28.773
2018-04-30 19:21:15,130 - Episode 10500
2018-04-30 19:21:15,131 - Step 1682675
2018-04-30 19:21:16,047 - Episode reward mean: -144.370
2018-04-30 19:21:16,048 - Episode reward std: 31.875
2018-04-30 19:21:16,048 - **Testing mode
2018-04-30 19:21:16,048 - Running for 20 episodes
2018-04-30 19:21:18,481 - (test) Average reward per episode: -116.25
2018-04-30 19:21:18,482 - Standard deviation: 26.825128145080686
2018-04-30 19:21:18,504 - Beat previous value of -117.5! Saved model to models/mcar_dqn_C/mcar_dqn_C.h5
2018-04-30 19:22:39,129 - Episode 10600
2018-04-30 19:22:39,130 - Step 1697870
2018-04-30 19:22:39,950 - Episode reward mean: -151.850
2018-04-30 19:22:39,951 - Episode reward std: 34.219
2018-04-30 19:23:57,230 - Episode 10700
2018-04-30 19:23:57,230 - Step 1712725
2018-04-30 19:23:58,011 - Episode reward mean: -148.530
2018-04-30 19:23:58,012 - Episode reward std: 34.363
2018-04-30 19:25:15,871 - Episode 10800
2018-04-30 19:25:15,872 - Step 1727339
2018-04-30 19:25:16,627 - Episode reward mean: -146.290
2018-04-30 19:25:16,627 - Episode reward std: 29.815
2018-04-30 19:26:33,246 - Episode 10900
2018-04-30 19:26:33,246 - Step 1741945
2018-04-30 19:26:33,677 - Episode reward mean: -145.290
2018-04-30 19:26:33,677 - Episode reward std: 34.375
2018-04-30 19:27:56,730 - Episode 11000
2018-04-30 19:27:56,730 - Step 1757399
2018-04-30 19:27:57,191 - Episode reward mean: -154.580
2018-04-30 19:27:57,191 - Episode reward std: 31.422
2018-04-30 19:27:57,191 - **Testing mode
2018-04-30 19:27:57,191 - Running for 20 episodes
2018-04-30 19:27:59,762 - (test) Average reward per episode: -125.15
2018-04-30 19:27:59,762 - Standard deviation: 31.140447973656382
2018-04-30 19:29:16,080 - Episode 11100
2018-04-30 19:29:16,081 - Step 1771635
2018-04-30 19:29:16,604 - Episode reward mean: -142.360
2018-04-30 19:29:16,605 - Episode reward std: 28.395
2018-04-30 19:30:31,763 - Episode 11200
2018-04-30 19:30:31,763 - Step 1785842
2018-04-30 19:30:32,469 - Episode reward mean: -142.650
2018-04-30 19:30:32,469 - Episode reward std: 30.905
2018-04-30 19:31:47,737 - Episode 11300
2018-04-30 19:31:47,737 - Step 1800300
2018-04-30 19:31:48,552 - Episode reward mean: -144.650
2018-04-30 19:31:48,552 - Episode reward std: 34.662
2018-04-30 19:33:05,513 - Episode 11400
2018-04-30 19:33:05,513 - Step 1815040
2018-04-30 19:33:06,317 - Episode reward mean: -147.430
2018-04-30 19:33:06,317 - Episode reward std: 27.451
2018-04-30 19:34:25,622 - Episode 11500
2018-04-30 19:34:25,622 - Step 1830107
2018-04-30 19:34:26,398 - Episode reward mean: -150.650
2018-04-30 19:34:26,398 - Episode reward std: 28.645
2018-04-30 19:34:26,398 - **Testing mode
2018-04-30 19:34:26,398 - Running for 20 episodes
2018-04-30 19:34:29,145 - (test) Average reward per episode: -132.15
2018-04-30 19:34:29,146 - Standard deviation: 33.6024924670775
2018-04-30 19:35:44,364 - Episode 11600
2018-04-30 19:35:44,364 - Step 1844799
2018-04-30 19:35:44,923 - Episode reward mean: -146.320
2018-04-30 19:35:44,924 - Episode reward std: 33.084
2018-04-30 19:37:01,991 - Episode 11700
2018-04-30 19:37:01,992 - Step 1859608
2018-04-30 19:37:02,666 - Episode reward mean: -148.630
2018-04-30 19:37:02,666 - Episode reward std: 34.611
2018-04-30 19:38:21,235 - Episode 11800
2018-04-30 19:38:21,235 - Step 1874776
2018-04-30 19:38:22,234 - Episode reward mean: -151.770
2018-04-30 19:38:22,235 - Episode reward std: 32.221
2018-04-30 19:39:36,635 - Episode 11900
2018-04-30 19:39:36,635 - Step 1889113
2018-04-30 19:39:37,370 - Episode reward mean: -143.220
2018-04-30 19:39:37,371 - Episode reward std: 31.326
2018-04-30 19:40:53,672 - Episode 12000
2018-04-30 19:40:53,672 - Step 1903836
2018-04-30 19:40:54,549 - Episode reward mean: -147.260
2018-04-30 19:40:54,549 - Episode reward std: 25.891
2018-04-30 19:40:54,549 - **Testing mode
2018-04-30 19:40:54,549 - Running for 20 episodes
2018-04-30 19:40:57,368 - (test) Average reward per episode: -129.85
2018-04-30 19:40:57,369 - Standard deviation: 29.633216160248285
2018-04-30 19:42:13,344 - Episode 12100
2018-04-30 19:42:13,344 - Step 1918567
2018-04-30 19:42:14,166 - Episode reward mean: -147.430
2018-04-30 19:42:14,166 - Episode reward std: 23.482
2018-04-30 19:43:30,303 - Episode 12200
2018-04-30 19:43:30,304 - Step 1933246
2018-04-30 19:43:31,020 - Episode reward mean: -146.650
2018-04-30 19:43:31,020 - Episode reward std: 24.372
2018-04-30 19:44:48,611 - Episode 12300
2018-04-30 19:44:48,612 - Step 1947836
2018-04-30 19:44:49,815 - Episode reward mean: -146.450
2018-04-30 19:44:49,816 - Episode reward std: 27.423
2018-04-30 19:46:06,284 - Episode 12400
2018-04-30 19:46:06,284 - Step 1962570
2018-04-30 19:46:07,239 - Episode reward mean: -146.900
2018-04-30 19:46:07,240 - Episode reward std: 27.853
2018-04-30 19:47:23,547 - Episode 12500
2018-04-30 19:47:23,547 - Step 1977077
2018-04-30 19:47:24,380 - Episode reward mean: -145.320
2018-04-30 19:47:24,381 - Episode reward std: 31.365
2018-04-30 19:47:24,381 - **Testing mode
2018-04-30 19:47:24,381 - Running for 20 episodes
2018-04-30 19:47:27,541 - (test) Average reward per episode: -133.55
2018-04-30 19:47:27,541 - Standard deviation: 26.24209404754125
2018-04-30 19:48:42,567 - Episode 12600
2018-04-30 19:48:42,567 - Step 1991653
2018-04-30 19:48:43,023 - Episode reward mean: -144.930
2018-04-30 19:48:43,023 - Episode reward std: 35.058
2018-04-30 19:49:56,979 - Episode 12700
2018-04-30 19:49:56,979 - Step 2006099
2018-04-30 19:49:57,648 - Episode reward mean: -144.960
2018-04-30 19:49:57,649 - Episode reward std: 27.910
2018-04-30 19:51:11,375 - Episode 12800
2018-04-30 19:51:11,376 - Step 2020615
2018-04-30 19:51:11,856 - Episode reward mean: -144.620
2018-04-30 19:51:11,856 - Episode reward std: 31.541
2018-04-30 19:52:30,136 - Episode 12900
2018-04-30 19:52:30,137 - Step 2035498
2018-04-30 19:52:31,046 - Episode reward mean: -149.790
2018-04-30 19:52:31,046 - Episode reward std: 31.089
2018-04-30 19:53:50,138 - Episode 13000
2018-04-30 19:53:50,138 - Step 2050863
2018-04-30 19:53:50,966 - Episode reward mean: -153.340
2018-04-30 19:53:50,967 - Episode reward std: 30.304
2018-04-30 19:53:50,967 - **Testing mode
2018-04-30 19:53:50,967 - Running for 20 episodes
2018-04-30 19:53:53,338 - (test) Average reward per episode: -126.85
2018-04-30 19:53:53,338 - Standard deviation: 32.7204446791299
2018-04-30 19:55:09,941 - Episode 13100
2018-04-30 19:55:09,942 - Step 2065728
2018-04-30 19:55:10,549 - Episode reward mean: -148.000
2018-04-30 19:55:10,549 - Episode reward std: 31.323
2018-04-30 19:56:27,387 - Episode 13200
2018-04-30 19:56:27,388 - Step 2080881
2018-04-30 19:56:28,112 - Episode reward mean: -152.060
2018-04-30 19:56:28,112 - Episode reward std: 30.908
2018-04-30 19:57:42,541 - Episode 13300
2018-04-30 19:57:42,541 - Step 2095328
2018-04-30 19:57:43,360 - Episode reward mean: -144.620
2018-04-30 19:57:43,360 - Episode reward std: 33.005
2018-04-30 19:59:02,873 - Episode 13400
2018-04-30 19:59:02,874 - Step 2110489
2018-04-30 19:59:03,766 - Episode reward mean: -151.900
2018-04-30 19:59:03,766 - Episode reward std: 36.138
2018-04-30 20:00:22,539 - Episode 13500
2018-04-30 20:00:22,539 - Step 2126160
2018-04-30 20:00:23,702 - Episode reward mean: -156.800
2018-04-30 20:00:23,702 - Episode reward std: 33.095
2018-04-30 20:00:23,702 - **Testing mode
2018-04-30 20:00:23,702 - Running for 20 episodes
2018-04-30 20:00:26,233 - (test) Average reward per episode: -119.25
2018-04-30 20:00:26,233 - Standard deviation: 29.145968846480297
2018-04-30 20:01:44,338 - Episode 13600
2018-04-30 20:01:44,339 - Step 2141055
2018-04-30 20:01:45,202 - Episode reward mean: -148.470
2018-04-30 20:01:45,202 - Episode reward std: 36.053
2018-04-30 20:03:01,864 - Episode 13700
2018-04-30 20:03:01,864 - Step 2155797
2018-04-30 20:03:02,582 - Episode reward mean: -147.570
2018-04-30 20:03:02,582 - Episode reward std: 34.020
2018-04-30 20:04:19,562 - Episode 13800
2018-04-30 20:04:19,562 - Step 2170624
2018-04-30 20:04:20,039 - Episode reward mean: -147.660
2018-04-30 20:04:20,039 - Episode reward std: 31.458
2018-04-30 20:05:32,859 - Episode 13900
2018-04-30 20:05:32,860 - Step 2184451
2018-04-30 20:05:33,904 - Episode reward mean: -139.210
2018-04-30 20:05:33,904 - Episode reward std: 36.402
2018-04-30 20:06:48,526 - Episode 14000
2018-04-30 20:06:48,527 - Step 2199069
2018-04-30 20:06:49,243 - Episode reward mean: -145.820
2018-04-30 20:06:49,244 - Episode reward std: 27.144
2018-04-30 20:06:49,244 - **Testing mode
2018-04-30 20:06:49,244 - Running for 20 episodes
2018-04-30 20:06:51,896 - (test) Average reward per episode: -119.9
2018-04-30 20:06:51,897 - Standard deviation: 28.816488335673384
2018-04-30 20:08:06,201 - Episode 14100
2018-04-30 20:08:06,202 - Step 2213375
2018-04-30 20:08:06,753 - Episode reward mean: -142.400
2018-04-30 20:08:06,753 - Episode reward std: 30.179
2018-04-30 20:09:27,832 - Episode 14200
2018-04-30 20:09:27,832 - Step 2228268
2018-04-30 20:09:28,517 - Episode reward mean: -149.340
2018-04-30 20:09:28,517 - Episode reward std: 30.177
2018-04-30 20:10:41,136 - Episode 14300
2018-04-30 20:10:41,136 - Step 2242965
2018-04-30 20:10:41,546 - Episode reward mean: -146.450
2018-04-30 20:10:41,546 - Episode reward std: 30.365
2018-04-30 20:11:54,133 - Episode 14400
2018-04-30 20:11:54,133 - Step 2257012
2018-04-30 20:11:55,005 - Episode reward mean: -141.340
2018-04-30 20:11:55,005 - Episode reward std: 33.170
2018-04-30 20:13:13,981 - Episode 14500
2018-04-30 20:13:13,981 - Step 2272201
2018-04-30 20:13:14,871 - Episode reward mean: -151.630
2018-04-30 20:13:14,871 - Episode reward std: 29.841
2018-04-30 20:13:14,871 - **Testing mode
2018-04-30 20:13:14,871 - Running for 20 episodes
2018-04-30 20:13:17,175 - (test) Average reward per episode: -117.9
2018-04-30 20:13:17,175 - Standard deviation: 20.549695861496346
2018-04-30 20:14:33,883 - Episode 14600
2018-04-30 20:14:33,884 - Step 2287404
2018-04-30 20:14:34,626 - Episode reward mean: -152.150
2018-04-30 20:14:34,627 - Episode reward std: 31.608
2018-04-30 20:15:50,121 - Episode 14700
2018-04-30 20:15:50,122 - Step 2301756
2018-04-30 20:15:50,721 - Episode reward mean: -143.090
2018-04-30 20:15:50,721 - Episode reward std: 34.513
2018-04-30 20:17:04,462 - Episode 14800
2018-04-30 20:17:04,462 - Step 2316419
2018-04-30 20:17:05,182 - Episode reward mean: -146.990
2018-04-30 20:17:05,182 - Episode reward std: 33.767
2018-04-30 20:18:20,898 - Episode 14900
2018-04-30 20:18:20,898 - Step 2331195
2018-04-30 20:18:21,812 - Episode reward mean: -147.820
2018-04-30 20:18:21,812 - Episode reward std: 33.393
2018-04-30 20:19:35,412 - Episode 15000
2018-04-30 20:19:35,412 - Step 2345635
2018-04-30 20:19:35,931 - Episode reward mean: -143.770
2018-04-30 20:19:35,932 - Episode reward std: 33.536
2018-04-30 20:19:35,932 - **Testing mode
2018-04-30 20:19:35,932 - Running for 20 episodes
2018-04-30 20:19:37,883 - (test) Average reward per episode: -104.6
2018-04-30 20:19:37,883 - Standard deviation: 15.941769036088814
2018-04-30 20:19:37,899 - Beat previous value of -116.25! Saved model to models/mcar_dqn_C/mcar_dqn_C.h5
2018-04-30 20:20:48,629 - Episode 15100
2018-04-30 20:20:48,630 - Step 2359546
2018-04-30 20:20:49,047 - Episode reward mean: -139.020
2018-04-30 20:20:49,048 - Episode reward std: 32.695
2018-04-30 20:22:03,336 - Episode 15200
2018-04-30 20:22:03,336 - Step 2373675
2018-04-30 20:22:04,170 - Episode reward mean: -142.140
2018-04-30 20:22:04,170 - Episode reward std: 33.484
2018-04-30 20:23:19,585 - Episode 15300
2018-04-30 20:23:19,585 - Step 2388501
2018-04-30 20:23:20,115 - Episode reward mean: -147.450
2018-04-30 20:23:20,115 - Episode reward std: 33.145
2018-04-30 20:24:37,235 - Episode 15400
2018-04-30 20:24:37,235 - Step 2403333
2018-04-30 20:24:37,720 - Episode reward mean: -148.400
2018-04-30 20:24:37,720 - Episode reward std: 30.072
2018-04-30 20:25:52,284 - Episode 15500
2018-04-30 20:25:52,284 - Step 2417703
2018-04-30 20:25:52,905 - Episode reward mean: -144.080
2018-04-30 20:25:52,905 - Episode reward std: 33.629
2018-04-30 20:25:52,905 - **Testing mode
2018-04-30 20:25:52,906 - Running for 20 episodes
2018-04-30 20:25:55,021 - (test) Average reward per episode: -102.65
2018-04-30 20:25:55,021 - Standard deviation: 10.532212493108938
2018-04-30 20:25:55,037 - Beat previous value of -104.6! Saved model to models/mcar_dqn_C/mcar_dqn_C.h5
2018-04-30 20:27:09,519 - Episode 15600
2018-04-30 20:27:09,519 - Step 2432003
2018-04-30 20:27:10,268 - Episode reward mean: -143.170
2018-04-30 20:27:10,268 - Episode reward std: 34.611
2018-04-30 20:28:25,326 - Episode 15700
2018-04-30 20:28:25,326 - Step 2446599
2018-04-30 20:28:25,819 - Episode reward mean: -145.470
2018-04-30 20:28:25,819 - Episode reward std: 33.427
2018-04-30 20:29:38,064 - Episode 15800
2018-04-30 20:29:38,064 - Step 2460914
2018-04-30 20:29:38,792 - Episode reward mean: -143.350
2018-04-30 20:29:38,792 - Episode reward std: 31.133
2018-04-30 20:30:50,236 - Episode 15900
2018-04-30 20:30:50,236 - Step 2474968
2018-04-30 20:30:51,013 - Episode reward mean: -141.020
2018-04-30 20:30:51,013 - Episode reward std: 34.760
2018-04-30 20:32:03,480 - Episode 16000
2018-04-30 20:32:03,480 - Step 2489355
2018-04-30 20:32:03,825 - Episode reward mean: -142.980
2018-04-30 20:32:03,825 - Episode reward std: 33.552
2018-04-30 20:32:03,825 - **Testing mode
2018-04-30 20:32:03,825 - Running for 20 episodes
2018-04-30 20:32:05,742 - (test) Average reward per episode: -105.25
2018-04-30 20:32:05,742 - Standard deviation: 20.10938835469642
2018-04-30 20:33:19,072 - Episode 16100
2018-04-30 20:33:19,072 - Step 2503797
2018-04-30 20:33:19,667 - Episode reward mean: -144.790
2018-04-30 20:33:19,667 - Episode reward std: 34.259
2018-04-30 20:34:37,063 - Episode 16200
2018-04-30 20:34:37,063 - Step 2518578
2018-04-30 20:34:37,910 - Episode reward mean: -148.200
2018-04-30 20:34:37,910 - Episode reward std: 30.511
2018-04-30 20:35:53,837 - Episode 16300
2018-04-30 20:35:53,837 - Step 2533150
2018-04-30 20:35:54,466 - Episode reward mean: -145.490
2018-04-30 20:35:54,467 - Episode reward std: 27.550
2018-04-30 20:37:13,373 - Episode 16400
2018-04-30 20:37:13,374 - Step 2548001
2018-04-30 20:37:14,162 - Episode reward mean: -148.660
2018-04-30 20:37:14,162 - Episode reward std: 30.729
2018-04-30 20:38:31,212 - Episode 16500
2018-04-30 20:38:31,212 - Step 2562897
2018-04-30 20:38:31,922 - Episode reward mean: -149.070
2018-04-30 20:38:31,922 - Episode reward std: 29.678
2018-04-30 20:38:31,922 - **Testing mode
2018-04-30 20:38:31,922 - Running for 20 episodes
2018-04-30 20:38:34,088 - (test) Average reward per episode: -108.05
2018-04-30 20:38:34,089 - Standard deviation: 16.824015572983757
2018-04-30 20:39:51,753 - Episode 16600
2018-04-30 20:39:51,754 - Step 2578301
2018-04-30 20:39:52,282 - Episode reward mean: -153.520
2018-04-30 20:39:52,282 - Episode reward std: 23.180
2018-04-30 20:40:41,848 - Saved model for rendering to models/mcar_dqn_C/mcar_dqn_C_1_of_3.h5
2018-04-30 20:41:08,045 - Episode 16700
2018-04-30 20:41:08,045 - Step 2593126
2018-04-30 20:41:08,877 - Episode reward mean: -148.710
2018-04-30 20:41:08,877 - Episode reward std: 28.087
2018-04-30 20:42:21,303 - Episode 16800
2018-04-30 20:42:21,304 - Step 2607360
2018-04-30 20:42:21,998 - Episode reward mean: -142.360
2018-04-30 20:42:21,999 - Episode reward std: 33.326
2018-04-30 20:43:32,444 - Episode 16900
2018-04-30 20:43:32,444 - Step 2621122
2018-04-30 20:43:33,083 - Episode reward mean: -137.070
2018-04-30 20:43:33,083 - Episode reward std: 31.919
2018-04-30 20:44:48,420 - Episode 17000
2018-04-30 20:44:48,420 - Step 2635639
2018-04-30 20:44:48,894 - Episode reward mean: -145.140
2018-04-30 20:44:48,895 - Episode reward std: 29.454
2018-04-30 20:44:48,895 - **Testing mode
2018-04-30 20:44:48,895 - Running for 20 episodes
2018-04-30 20:44:51,168 - (test) Average reward per episode: -115.7
2018-04-30 20:44:51,168 - Standard deviation: 16.26376340211576
2018-04-30 20:46:04,414 - Episode 17100
2018-04-30 20:46:04,414 - Step 2649796
2018-04-30 20:46:05,099 - Episode reward mean: -142.010
2018-04-30 20:46:05,099 - Episode reward std: 30.109
2018-04-30 20:47:20,408 - Episode 17200
2018-04-30 20:47:20,408 - Step 2664354
2018-04-30 20:47:21,148 - Episode reward mean: -145.670
2018-04-30 20:47:21,148 - Episode reward std: 29.519
2018-04-30 20:48:38,627 - Episode 17300
2018-04-30 20:48:38,627 - Step 2679227
2018-04-30 20:48:39,150 - Episode reward mean: -148.300
2018-04-30 20:48:39,150 - Episode reward std: 31.904
2018-04-30 20:49:57,054 - Episode 17400
2018-04-30 20:49:57,054 - Step 2694085
2018-04-30 20:49:58,041 - Episode reward mean: -149.150
2018-04-30 20:49:58,042 - Episode reward std: 31.931
2018-04-30 20:51:14,023 - Episode 17500
2018-04-30 20:51:14,023 - Step 2708780
2018-04-30 20:51:14,970 - Episode reward mean: -147.010
2018-04-30 20:51:14,971 - Episode reward std: 31.527
2018-04-30 20:51:14,971 - **Testing mode
2018-04-30 20:51:14,971 - Running for 20 episodes
2018-04-30 20:51:17,138 - (test) Average reward per episode: -109.3
2018-04-30 20:51:17,138 - Standard deviation: 22.487996798292194
2018-04-30 20:52:33,519 - Episode 17600
2018-04-30 20:52:33,520 - Step 2723584
2018-04-30 20:52:34,028 - Episode reward mean: -147.360
2018-04-30 20:52:34,028 - Episode reward std: 31.273
2018-04-30 20:53:50,613 - Episode 17700
2018-04-30 20:53:50,613 - Step 2738922
2018-04-30 20:53:51,315 - Episode reward mean: -153.800
2018-04-30 20:53:51,316 - Episode reward std: 31.658
2018-04-30 20:55:06,757 - Episode 17800
2018-04-30 20:55:06,757 - Step 2753358
2018-04-30 20:55:07,585 - Episode reward mean: -144.350
2018-04-30 20:55:07,586 - Episode reward std: 30.213
2018-04-30 20:56:21,757 - Episode 17900
2018-04-30 20:56:21,757 - Step 2767695
2018-04-30 20:56:22,505 - Episode reward mean: -143.560
2018-04-30 20:56:22,506 - Episode reward std: 32.619
2018-04-30 20:57:38,742 - Episode 18000
2018-04-30 20:57:38,742 - Step 2782480
2018-04-30 20:57:39,676 - Episode reward mean: -147.880
2018-04-30 20:57:39,677 - Episode reward std: 31.687
2018-04-30 20:57:39,677 - **Testing mode
2018-04-30 20:57:39,677 - Running for 20 episodes
2018-04-30 20:57:41,955 - (test) Average reward per episode: -105.1
2018-04-30 20:57:41,955 - Standard deviation: 16.36429039097021
2018-04-30 20:58:54,099 - Episode 18100
2018-04-30 20:58:54,099 - Step 2796775
2018-04-30 20:58:54,823 - Episode reward mean: -142.760
2018-04-30 20:58:54,823 - Episode reward std: 29.037
2018-04-30 21:00:04,532 - Episode 18200
2018-04-30 21:00:04,533 - Step 2810456
2018-04-30 21:00:05,114 - Episode reward mean: -136.430
2018-04-30 21:00:05,114 - Episode reward std: 28.257
2018-04-30 21:01:13,639 - Episode 18300
2018-04-30 21:01:13,639 - Step 2824006
2018-04-30 21:01:14,327 - Episode reward mean: -135.930
2018-04-30 21:01:14,327 - Episode reward std: 28.181
2018-04-30 21:02:27,504 - Episode 18400
2018-04-30 21:02:27,504 - Step 2838322
2018-04-30 21:02:28,461 - Episode reward mean: -143.120
2018-04-30 21:02:28,461 - Episode reward std: 29.420
2018-04-30 21:03:41,591 - Episode 18500
2018-04-30 21:03:41,591 - Step 2852357
2018-04-30 21:03:43,008 - Episode reward mean: -140.690
2018-04-30 21:03:43,009 - Episode reward std: 31.053
2018-04-30 21:03:43,009 - **Testing mode
2018-04-30 21:03:43,009 - Running for 20 episodes
2018-04-30 21:03:45,146 - (test) Average reward per episode: -111.6
2018-04-30 21:03:45,146 - Standard deviation: 21.969069165533618
2018-04-30 21:04:53,206 - Episode 18600
2018-04-30 21:04:53,207 - Step 2865576
2018-04-30 21:04:54,029 - Episode reward mean: -131.940
2018-04-30 21:04:54,029 - Episode reward std: 25.791
2018-04-30 21:06:01,445 - Episode 18700
2018-04-30 21:06:01,445 - Step 2878660
2018-04-30 21:06:02,421 - Episode reward mean: -131.240
2018-04-30 21:06:02,422 - Episode reward std: 28.367
2018-04-30 21:07:12,566 - Episode 18800
2018-04-30 21:07:12,566 - Step 2892362
2018-04-30 21:07:13,195 - Episode reward mean: -136.360
2018-04-30 21:07:13,195 - Episode reward std: 33.164
2018-04-30 21:08:27,759 - Episode 18900
2018-04-30 21:08:27,759 - Step 2906546
2018-04-30 21:08:28,647 - Episode reward mean: -142.310
2018-04-30 21:08:28,647 - Episode reward std: 31.265
2018-04-30 21:09:43,492 - Episode 19000
2018-04-30 21:09:43,492 - Step 2921126
2018-04-30 21:09:44,379 - Episode reward mean: -145.530
2018-04-30 21:09:44,379 - Episode reward std: 33.507
2018-04-30 21:09:44,379 - **Testing mode
2018-04-30 21:09:44,379 - Running for 20 episodes
2018-04-30 21:09:46,598 - (test) Average reward per episode: -107.4
2018-04-30 21:09:46,598 - Standard deviation: 19.985995096566995
2018-04-30 21:10:58,744 - Episode 19100
2018-04-30 21:10:58,744 - Step 2935135
2018-04-30 21:10:59,433 - Episode reward mean: -139.890
2018-04-30 21:10:59,433 - Episode reward std: 33.212
2018-04-30 21:12:09,770 - Episode 19200
2018-04-30 21:12:09,770 - Step 2948294
2018-04-30 21:12:10,603 - Episode reward mean: -131.760
2018-04-30 21:12:10,603 - Episode reward std: 29.969
2018-04-30 21:13:22,239 - Episode 19300
2018-04-30 21:13:22,239 - Step 2961870
2018-04-30 21:13:22,967 - Episode reward mean: -135.860
2018-04-30 21:13:22,967 - Episode reward std: 28.187
2018-04-30 21:14:35,248 - Episode 19400
2018-04-30 21:14:35,248 - Step 2975749
2018-04-30 21:14:35,946 - Episode reward mean: -138.170
2018-04-30 21:14:35,946 - Episode reward std: 29.828
2018-04-30 21:15:48,905 - Episode 19500
2018-04-30 21:15:48,905 - Step 2989530
2018-04-30 21:15:49,578 - Episode reward mean: -138.070
2018-04-30 21:15:49,579 - Episode reward std: 27.972
2018-04-30 21:15:49,579 - **Testing mode
2018-04-30 21:15:49,579 - Running for 20 episodes
2018-04-30 21:15:51,801 - (test) Average reward per episode: -105.95
2018-04-30 21:15:51,802 - Standard deviation: 19.46143622654813
2018-04-30 21:17:03,486 - Episode 19600
2018-04-30 21:17:03,486 - Step 3003258
2018-04-30 21:17:04,396 - Episode reward mean: -137.880
2018-04-30 21:17:04,396 - Episode reward std: 28.199
2018-04-30 21:18:14,691 - Episode 19700
2018-04-30 21:18:14,691 - Step 3016768
2018-04-30 21:18:15,268 - Episode reward mean: -134.370
2018-04-30 21:18:15,268 - Episode reward std: 25.390
2018-04-30 21:19:23,677 - Episode 19800
2018-04-30 21:19:23,677 - Step 3029665
2018-04-30 21:19:24,238 - Episode reward mean: -128.980
2018-04-30 21:19:24,238 - Episode reward std: 27.624
2018-04-30 21:20:35,218 - Episode 19900
2018-04-30 21:20:35,219 - Step 3043102
2018-04-30 21:20:35,950 - Episode reward mean: -134.590
2018-04-30 21:20:35,950 - Episode reward std: 26.364
2018-04-30 21:21:46,368 - Episode 20000
2018-04-30 21:21:46,368 - Step 3056490
2018-04-30 21:21:47,279 - Episode reward mean: -134.270
2018-04-30 21:21:47,279 - Episode reward std: 27.093
2018-04-30 21:21:47,279 - **Testing mode
2018-04-30 21:21:47,279 - Running for 20 episodes
2018-04-30 21:21:49,180 - (test) Average reward per episode: -106.2
2018-04-30 21:21:49,180 - Standard deviation: 8.459314393022641
2018-04-30 21:22:59,150 - Episode 20100
2018-04-30 21:22:59,151 - Step 3070222
2018-04-30 21:22:59,678 - Episode reward mean: -136.680
2018-04-30 21:22:59,678 - Episode reward std: 27.203
2018-04-30 21:24:12,664 - Episode 20200
2018-04-30 21:24:12,664 - Step 3084318
2018-04-30 21:24:13,440 - Episode reward mean: -141.490
2018-04-30 21:24:13,440 - Episode reward std: 29.168
2018-04-30 21:25:24,636 - Episode 20300
2018-04-30 21:25:24,636 - Step 3098119
2018-04-30 21:25:25,187 - Episode reward mean: -137.550
2018-04-30 21:25:25,188 - Episode reward std: 28.102
2018-04-30 21:26:36,861 - Episode 20400
2018-04-30 21:26:36,861 - Step 3112103
2018-04-30 21:26:37,780 - Episode reward mean: -140.320
2018-04-30 21:26:37,780 - Episode reward std: 31.875
2018-04-30 21:27:45,308 - Episode 20500
2018-04-30 21:27:45,308 - Step 3125255
2018-04-30 21:27:45,809 - Episode reward mean: -130.840
2018-04-30 21:27:45,810 - Episode reward std: 27.001
2018-04-30 21:27:45,810 - **Testing mode
2018-04-30 21:27:45,810 - Running for 20 episodes
2018-04-30 21:27:48,140 - (test) Average reward per episode: -109.95
2018-04-30 21:27:48,140 - Standard deviation: 18.48100376061863
2018-04-30 21:28:53,483 - Episode 20600
2018-04-30 21:28:53,484 - Step 3138204
2018-04-30 21:28:53,986 - Episode reward mean: -129.400
2018-04-30 21:28:53,987 - Episode reward std: 26.428
2018-04-30 21:29:57,077 - Episode 20700
2018-04-30 21:29:57,077 - Step 3150759
2018-04-30 21:29:57,696 - Episode reward mean: -125.910
2018-04-30 21:29:57,697 - Episode reward std: 29.371
2018-04-30 21:31:03,234 - Episode 20800
2018-04-30 21:31:03,234 - Step 3163579
2018-04-30 21:31:04,077 - Episode reward mean: -128.420
2018-04-30 21:31:04,077 - Episode reward std: 26.652
2018-04-30 21:32:09,145 - Episode 20900
2018-04-30 21:32:09,145 - Step 3176396
2018-04-30 21:32:09,738 - Episode reward mean: -127.970
2018-04-30 21:32:09,738 - Episode reward std: 27.544
2018-04-30 21:33:15,454 - Episode 21000
2018-04-30 21:33:15,455 - Step 3189323
2018-04-30 21:33:16,215 - Episode reward mean: -129.250
2018-04-30 21:33:16,216 - Episode reward std: 26.798
2018-04-30 21:33:16,216 - **Testing mode
2018-04-30 21:33:16,216 - Running for 20 episodes
2018-04-30 21:33:18,527 - (test) Average reward per episode: -106.1
2018-04-30 21:33:18,527 - Standard deviation: 13.545848072379966
2018-04-30 21:34:23,245 - Episode 21100
2018-04-30 21:34:23,245 - Step 3201839
2018-04-30 21:34:23,698 - Episode reward mean: -124.880
2018-04-30 21:34:23,698 - Episode reward std: 25.393
2018-04-30 21:35:31,172 - Episode 21200
2018-04-30 21:35:31,172 - Step 3214668
2018-04-30 21:35:31,891 - Episode reward mean: -128.600
2018-04-30 21:35:31,892 - Episode reward std: 30.580
2018-04-30 21:36:33,064 - Episode 21300
2018-04-30 21:36:33,064 - Step 3226576
2018-04-30 21:36:33,667 - Episode reward mean: -119.090
2018-04-30 21:36:33,667 - Episode reward std: 25.185
2018-04-30 21:37:38,171 - Episode 21400
2018-04-30 21:37:38,171 - Step 3238978
2018-04-30 21:37:39,006 - Episode reward mean: -124.500
2018-04-30 21:37:39,006 - Episode reward std: 25.558
2018-04-30 21:38:44,633 - Episode 21500
2018-04-30 21:38:44,633 - Step 3251723
2018-04-30 21:38:45,190 - Episode reward mean: -126.810
2018-04-30 21:38:45,190 - Episode reward std: 28.500
2018-04-30 21:38:45,190 - **Testing mode
2018-04-30 21:38:45,190 - Running for 20 episodes
2018-04-30 21:38:47,529 - (test) Average reward per episode: -110.8
2018-04-30 21:38:47,529 - Standard deviation: 27.198529372008334
2018-04-30 21:39:53,268 - Episode 21600
2018-04-30 21:39:53,268 - Step 3264417
2018-04-30 21:39:53,891 - Episode reward mean: -126.950
2018-04-30 21:39:53,891 - Episode reward std: 28.244
2018-04-30 21:40:57,480 - Episode 21700
2018-04-30 21:40:57,480 - Step 3276611
2018-04-30 21:40:57,876 - Episode reward mean: -121.670
2018-04-30 21:40:57,876 - Episode reward std: 28.159
2018-04-30 21:42:06,355 - Episode 21800
2018-04-30 21:42:06,355 - Step 3289583
2018-04-30 21:42:07,081 - Episode reward mean: -130.450
2018-04-30 21:42:07,081 - Episode reward std: 30.643
2018-04-30 21:43:16,386 - Episode 21900
2018-04-30 21:43:16,387 - Step 3302581
2018-04-30 21:43:17,187 - Episode reward mean: -129.560
2018-04-30 21:43:17,188 - Episode reward std: 28.975
2018-04-30 21:44:22,016 - Episode 22000
2018-04-30 21:44:22,017 - Step 3315128
2018-04-30 21:44:22,512 - Episode reward mean: -125.430
2018-04-30 21:44:22,512 - Episode reward std: 28.577
2018-04-30 21:44:22,512 - **Testing mode
2018-04-30 21:44:22,512 - Running for 20 episodes
2018-04-30 21:44:24,441 - (test) Average reward per episode: -106.05
2018-04-30 21:44:24,441 - Standard deviation: 12.159255733802132
2018-04-30 21:45:28,373 - Episode 22100
2018-04-30 21:45:28,373 - Step 3327637
2018-04-30 21:45:28,984 - Episode reward mean: -125.080
2018-04-30 21:45:28,984 - Episode reward std: 28.990
2018-04-30 21:46:34,766 - Episode 22200
2018-04-30 21:46:34,766 - Step 3340529
2018-04-30 21:46:35,558 - Episode reward mean: -129.160
2018-04-30 21:46:35,558 - Episode reward std: 28.724
2018-04-30 21:47:37,220 - Episode 22300
2018-04-30 21:47:37,220 - Step 3352858
2018-04-30 21:47:37,795 - Episode reward mean: -123.200
2018-04-30 21:47:37,795 - Episode reward std: 27.333
2018-04-30 21:48:42,736 - Episode 22400
2018-04-30 21:48:42,736 - Step 3365767
2018-04-30 21:48:43,265 - Episode reward mean: -129.050
2018-04-30 21:48:43,266 - Episode reward std: 28.022
2018-04-30 21:49:45,521 - Episode 22500
2018-04-30 21:49:45,521 - Step 3378375
2018-04-30 21:49:46,086 - Episode reward mean: -126.020
2018-04-30 21:49:46,086 - Episode reward std: 26.670
2018-04-30 21:49:46,086 - **Testing mode
2018-04-30 21:49:46,086 - Running for 20 episodes
2018-04-30 21:49:48,359 - (test) Average reward per episode: -108.15
2018-04-30 21:49:48,359 - Standard deviation: 15.688451166383505
2018-04-30 21:50:53,215 - Episode 22600
2018-04-30 21:50:53,215 - Step 3391405
2018-04-30 21:50:53,662 - Episode reward mean: -130.080
2018-04-30 21:50:53,662 - Episode reward std: 28.899
2018-04-30 21:51:59,149 - Episode 22700
2018-04-30 21:51:59,149 - Step 3404505
2018-04-30 21:51:59,751 - Episode reward mean: -131.010
2018-04-30 21:51:59,751 - Episode reward std: 30.833
2018-04-30 21:53:04,357 - Episode 22800
2018-04-30 21:53:04,357 - Step 3417371
2018-04-30 21:53:05,258 - Episode reward mean: -129.330
2018-04-30 21:53:05,258 - Episode reward std: 32.187
2018-04-30 21:54:08,873 - Episode 22900
2018-04-30 21:54:08,873 - Step 3430255
2018-04-30 21:54:10,029 - Episode reward mean: -129.030
2018-04-30 21:54:10,029 - Episode reward std: 30.087
2018-04-30 21:55:14,719 - Episode 23000
2018-04-30 21:55:14,720 - Step 3443249
2018-04-30 21:55:15,238 - Episode reward mean: -129.240
2018-04-30 21:55:15,238 - Episode reward std: 33.365
2018-04-30 21:55:15,238 - **Testing mode
2018-04-30 21:55:15,238 - Running for 20 episodes
2018-04-30 21:55:17,128 - (test) Average reward per episode: -100.25
2018-04-30 21:55:17,128 - Standard deviation: 9.98436277385793
2018-04-30 21:55:17,144 - Beat previous value of -102.65! Saved model to models/mcar_dqn_C/mcar_dqn_C.h5
2018-04-30 21:56:25,348 - Episode 23100
2018-04-30 21:56:25,348 - Step 3456614
2018-04-30 21:56:26,003 - Episode reward mean: -133.820
2018-04-30 21:56:26,004 - Episode reward std: 36.234
2018-04-30 21:57:34,294 - Episode 23200
2018-04-30 21:57:34,294 - Step 3470048
2018-04-30 21:57:34,961 - Episode reward mean: -134.160
2018-04-30 21:57:34,961 - Episode reward std: 31.224
2018-04-30 21:58:37,621 - Episode 23300
2018-04-30 21:58:37,621 - Step 3482798
2018-04-30 21:58:38,225 - Episode reward mean: -127.500
2018-04-30 21:58:38,225 - Episode reward std: 26.666
2018-04-30 21:59:45,854 - Episode 23400
2018-04-30 21:59:45,854 - Step 3496152
2018-04-30 21:59:46,581 - Episode reward mean: -133.650
2018-04-30 21:59:46,581 - Episode reward std: 28.790
2018-04-30 22:00:52,353 - Episode 23500
2018-04-30 22:00:52,353 - Step 3509100
2018-04-30 22:00:53,221 - Episode reward mean: -130.080
2018-04-30 22:00:53,222 - Episode reward std: 31.097
2018-04-30 22:00:53,222 - **Testing mode
2018-04-30 22:00:53,222 - Running for 20 episodes
2018-04-30 22:00:55,382 - (test) Average reward per episode: -102.55
2018-04-30 22:00:55,383 - Standard deviation: 10.384965093826748
2018-04-30 22:02:02,615 - Episode 23600
2018-04-30 22:02:02,615 - Step 3522289
2018-04-30 22:02:03,132 - Episode reward mean: -131.180
2018-04-30 22:02:03,132 - Episode reward std: 28.969
2018-04-30 22:03:11,255 - Episode 23700
2018-04-30 22:03:11,255 - Step 3535403
2018-04-30 22:03:11,918 - Episode reward mean: -131.520
2018-04-30 22:03:11,918 - Episode reward std: 30.874
2018-04-30 22:04:20,596 - Episode 23800
2018-04-30 22:04:20,597 - Step 3549020
2018-04-30 22:04:21,117 - Episode reward mean: -135.830
2018-04-30 22:04:21,117 - Episode reward std: 33.908
2018-04-30 22:05:32,292 - Episode 23900
2018-04-30 22:05:32,292 - Step 3562787
2018-04-30 22:05:32,834 - Episode reward mean: -137.620
2018-04-30 22:05:32,834 - Episode reward std: 32.062
2018-04-30 22:06:40,332 - Episode 24000
2018-04-30 22:06:40,332 - Step 3576147
2018-04-30 22:06:40,770 - Episode reward mean: -133.450
2018-04-30 22:06:40,770 - Episode reward std: 31.921
2018-04-30 22:06:40,770 - **Testing mode
2018-04-30 22:06:40,770 - Running for 20 episodes
2018-04-30 22:06:42,940 - (test) Average reward per episode: -104.6
2018-04-30 22:06:42,941 - Standard deviation: 10.627323275406654
2018-04-30 22:07:48,832 - Episode 24100
2018-04-30 22:07:48,832 - Step 3589217
2018-04-30 22:07:49,371 - Episode reward mean: -131.000
2018-04-30 22:07:49,371 - Episode reward std: 30.674
2018-04-30 22:08:52,168 - Episode 24200
2018-04-30 22:08:52,168 - Step 3601449
2018-04-30 22:08:52,969 - Episode reward mean: -122.410
2018-04-30 22:08:52,969 - Episode reward std: 27.692
2018-04-30 22:10:00,550 - Episode 24300
2018-04-30 22:10:00,550 - Step 3614648
2018-04-30 22:10:01,159 - Episode reward mean: -131.930
2018-04-30 22:10:01,159 - Episode reward std: 30.370
2018-04-30 22:11:09,955 - Episode 24400
2018-04-30 22:11:09,955 - Step 3628325
2018-04-30 22:11:10,525 - Episode reward mean: -136.420
2018-04-30 22:11:10,526 - Episode reward std: 32.943
2018-04-30 22:12:16,576 - Episode 24500
2018-04-30 22:12:16,576 - Step 3641287
2018-04-30 22:12:17,758 - Episode reward mean: -130.690
2018-04-30 22:12:17,758 - Episode reward std: 30.056
2018-04-30 22:12:17,759 - **Testing mode
2018-04-30 22:12:17,759 - Running for 20 episodes
2018-04-30 22:12:19,760 - (test) Average reward per episode: -101.25
2018-04-30 22:12:19,760 - Standard deviation: 10.765105665993252
2018-04-30 22:13:29,535 - Episode 24600
2018-04-30 22:13:29,536 - Step 3654846
2018-04-30 22:13:30,347 - Episode reward mean: -134.940
2018-04-30 22:13:30,348 - Episode reward std: 30.083
2018-04-30 22:14:37,263 - Episode 24700
2018-04-30 22:14:37,263 - Step 3668491
2018-04-30 22:14:37,713 - Episode reward mean: -136.070
2018-04-30 22:14:37,713 - Episode reward std: 33.254
2018-04-30 22:15:43,765 - Episode 24800
2018-04-30 22:15:43,765 - Step 3681595
2018-04-30 22:15:44,362 - Episode reward mean: -131.260
2018-04-30 22:15:44,362 - Episode reward std: 33.386
2018-04-30 22:16:50,693 - Episode 24900
2018-04-30 22:16:50,693 - Step 3694648
2018-04-30 22:16:51,532 - Episode reward mean: -130.730
2018-04-30 22:16:51,532 - Episode reward std: 28.544
2018-04-30 22:18:03,305 - Episode 25000
2018-04-30 22:18:03,305 - Step 3708591
2018-04-30 22:18:03,941 - Episode reward mean: -139.410
2018-04-30 22:18:03,941 - Episode reward std: 32.648
2018-04-30 22:18:03,941 - **Testing mode
2018-04-30 22:18:03,941 - Running for 20 episodes
2018-04-30 22:18:05,808 - (test) Average reward per episode: -99.7
2018-04-30 22:18:05,808 - Standard deviation: 10.09504829111778
2018-04-30 22:18:05,827 - Beat previous value of -100.25! Saved model to models/mcar_dqn_C/mcar_dqn_C.h5
2018-04-30 22:19:13,466 - Episode 25100
2018-04-30 22:19:13,466 - Step 3722063
2018-04-30 22:19:13,892 - Episode reward mean: -134.310
2018-04-30 22:19:13,892 - Episode reward std: 33.229
2018-04-30 22:20:23,961 - Episode 25200
2018-04-30 22:20:23,961 - Step 3735795
2018-04-30 22:20:24,501 - Episode reward mean: -137.530
2018-04-30 22:20:24,501 - Episode reward std: 36.005
2018-04-30 22:21:32,204 - Episode 25300
2018-04-30 22:21:32,204 - Step 3749395
2018-04-30 22:21:32,767 - Episode reward mean: -135.990
2018-04-30 22:21:32,767 - Episode reward std: 32.837
2018-04-30 22:22:42,649 - Episode 25400
2018-04-30 22:22:42,650 - Step 3763225
2018-04-30 22:22:43,386 - Episode reward mean: -138.400
2018-04-30 22:22:43,386 - Episode reward std: 31.205
2018-04-30 22:23:50,159 - Episode 25500
2018-04-30 22:23:50,159 - Step 3776457
2018-04-30 22:23:50,878 - Episode reward mean: -132.720
2018-04-30 22:23:50,879 - Episode reward std: 31.780
2018-04-30 22:23:50,879 - **Testing mode
2018-04-30 22:23:50,879 - Running for 20 episodes
2018-04-30 22:23:52,959 - (test) Average reward per episode: -100.9
2018-04-30 22:23:52,959 - Standard deviation: 8.590110593001699
2018-04-30 22:25:00,473 - Episode 25600
2018-04-30 22:25:00,473 - Step 3790046
2018-04-30 22:25:01,230 - Episode reward mean: -135.450
2018-04-30 22:25:01,231 - Episode reward std: 30.949
2018-04-30 22:26:12,351 - Episode 25700
2018-04-30 22:26:12,351 - Step 3804177
2018-04-30 22:26:12,793 - Episode reward mean: -141.030
2018-04-30 22:26:12,794 - Episode reward std: 31.670
2018-04-30 22:27:19,960 - Episode 25800
2018-04-30 22:27:19,960 - Step 3817474
2018-04-30 22:27:20,719 - Episode reward mean: -133.450
2018-04-30 22:27:20,719 - Episode reward std: 33.217
2018-04-30 22:28:29,319 - Episode 25900
2018-04-30 22:28:29,319 - Step 3831112
2018-04-30 22:28:29,937 - Episode reward mean: -136.220
2018-04-30 22:28:29,937 - Episode reward std: 31.194
2018-04-30 22:29:34,991 - Episode 26000
2018-04-30 22:29:34,991 - Step 3843998
2018-04-30 22:29:35,976 - Episode reward mean: -129.250
2018-04-30 22:29:35,976 - Episode reward std: 27.570
2018-04-30 22:29:35,977 - **Testing mode
2018-04-30 22:29:35,977 - Running for 20 episodes
2018-04-30 22:29:38,060 - (test) Average reward per episode: -102.95
2018-04-30 22:29:38,060 - Standard deviation: 8.806105836293362
2018-04-30 22:30:44,521 - Episode 26100
2018-04-30 22:30:44,521 - Step 3856951
2018-04-30 22:30:45,189 - Episode reward mean: -129.310
2018-04-30 22:30:45,189 - Episode reward std: 32.460
2018-04-30 22:31:53,637 - Episode 26200
2018-04-30 22:31:53,637 - Step 3870060
2018-04-30 22:31:54,196 - Episode reward mean: -130.810
2018-04-30 22:31:54,196 - Episode reward std: 30.011
2018-04-30 22:33:02,045 - Episode 26300
2018-04-30 22:33:02,045 - Step 3883612
2018-04-30 22:33:02,620 - Episode reward mean: -135.300
2018-04-30 22:33:02,621 - Episode reward std: 29.503
2018-04-30 22:34:07,516 - Episode 26400
2018-04-30 22:34:07,516 - Step 3896385
2018-04-30 22:34:08,111 - Episode reward mean: -128.130
2018-04-30 22:34:08,112 - Episode reward std: 26.660
2018-04-30 22:35:16,493 - Episode 26500
2018-04-30 22:35:16,493 - Step 3909718
2018-04-30 22:35:17,010 - Episode reward mean: -133.180
2018-04-30 22:35:17,011 - Episode reward std: 31.931
2018-04-30 22:35:17,011 - **Testing mode
2018-04-30 22:35:17,011 - Running for 20 episodes
2018-04-30 22:35:18,960 - (test) Average reward per episode: -97.05
2018-04-30 22:35:18,961 - Standard deviation: 9.473515714875866
2018-04-30 22:35:18,983 - Beat previous value of -99.7! Saved model to models/mcar_dqn_C/mcar_dqn_C.h5
2018-04-30 22:36:28,922 - Episode 26600
2018-04-30 22:36:28,922 - Step 3923778
2018-04-30 22:36:29,642 - Episode reward mean: -140.960
2018-04-30 22:36:29,642 - Episode reward std: 31.860
2018-04-30 22:37:38,088 - Episode 26700
2018-04-30 22:37:38,088 - Step 3936913
2018-04-30 22:37:39,146 - Episode reward mean: -131.740
2018-04-30 22:37:39,146 - Episode reward std: 34.125
2018-04-30 22:38:42,978 - Episode 26800
2018-04-30 22:38:42,978 - Step 3949692
2018-04-30 22:38:43,402 - Episode reward mean: -126.730
2018-04-30 22:38:43,403 - Episode reward std: 28.186
2018-04-30 22:39:53,394 - Episode 26900
2018-04-30 22:39:53,394 - Step 3963500
2018-04-30 22:39:54,225 - Episode reward mean: -138.820
2018-04-30 22:39:54,225 - Episode reward std: 33.387
2018-04-30 22:41:00,798 - Episode 27000
2018-04-30 22:41:00,798 - Step 3976357
2018-04-30 22:41:01,311 - Episode reward mean: -128.100
2018-04-30 22:41:01,311 - Episode reward std: 29.133
2018-04-30 22:41:01,312 - **Testing mode
2018-04-30 22:41:01,312 - Running for 20 episodes
2018-04-30 22:41:03,332 - (test) Average reward per episode: -99.4
2018-04-30 22:41:03,332 - Standard deviation: 16.9952934661335
2018-04-30 22:42:08,298 - Episode 27100
2018-04-30 22:42:08,299 - Step 3988857
2018-04-30 22:42:09,168 - Episode reward mean: -125.720
2018-04-30 22:42:09,168 - Episode reward std: 31.505
2018-04-30 22:43:16,054 - Episode 27200
2018-04-30 22:43:16,054 - Step 4001916
2018-04-30 22:43:16,716 - Episode reward mean: -130.200
2018-04-30 22:43:16,717 - Episode reward std: 28.643
2018-04-30 22:44:20,514 - Episode 27300
2018-04-30 22:44:20,514 - Step 4014526
2018-04-30 22:44:21,012 - Episode reward mean: -125.660
2018-04-30 22:44:21,013 - Episode reward std: 31.107
2018-04-30 22:45:25,739 - Episode 27400
2018-04-30 22:45:25,739 - Step 4027450
2018-04-30 22:45:26,341 - Episode reward mean: -129.540
2018-04-30 22:45:26,341 - Episode reward std: 28.626
2018-04-30 22:46:35,314 - Episode 27500
2018-04-30 22:46:35,314 - Step 4040615
2018-04-30 22:46:35,930 - Episode reward mean: -131.460
2018-04-30 22:46:35,931 - Episode reward std: 27.354
2018-04-30 22:46:35,931 - **Testing mode
2018-04-30 22:46:35,931 - Running for 20 episodes
2018-04-30 22:46:37,893 - (test) Average reward per episode: -101.15
2018-04-30 22:46:37,893 - Standard deviation: 8.765129776563494
2018-04-30 22:47:42,066 - Episode 27600
2018-04-30 22:47:42,066 - Step 4053444
2018-04-30 22:47:42,952 - Episode reward mean: -129.080
2018-04-30 22:47:42,953 - Episode reward std: 27.594
