2018-04-30 17:55:37,033 - Command line args: Namespace(N=50, actor_lr=0.01, actor_model_path=None, alg='dqn', alt_learn=False, combined_replay=False, critic_lr=0.01, critic_model_path=None, deepness='deep', env_name='MountainCar-v0', epsilon=0.5, gamma=0.99, hindsight=True, lr=0.0001, memory_size=50000, model_name='mcar_dqn_H', num_episodes=50000, priority_replay=False, record_video_only=False, render=False, replay_batch=32, seed=None, test_mod=500, test_only=False, train_mod=100)
2018-04-30 17:55:37,034 - Log saving to logs/mcar_dqn_H_2018_04_30_17_55_37.log
2018-04-30 17:55:37,034 - Alg: dqn
2018-04-30 17:55:37,034 - Numpy random seed 2673818929
2018-04-30 17:55:37,037 - Gym seed set to 2673818929
2018-04-30 17:55:37,038 - Using deep architecture.
2018-04-30 17:55:37,076 - Using initial learning rate 0.0001
2018-04-30 17:55:37,212 - _________________________________________________________________
2018-04-30 17:55:37,212 - Layer (type)                 Output Shape              Param #   
2018-04-30 17:55:37,212 - =================================================================
2018-04-30 17:55:37,212 - dense_1 (Dense)              (None, 40)                160       
2018-04-30 17:55:37,212 - _________________________________________________________________
2018-04-30 17:55:37,212 - dense_2 (Dense)              (None, 40)                1640      
2018-04-30 17:55:37,213 - _________________________________________________________________
2018-04-30 17:55:37,213 - dense_3 (Dense)              (None, 30)                1230      
2018-04-30 17:55:37,213 - _________________________________________________________________
2018-04-30 17:55:37,213 - dense_4 (Dense)              (None, 3)                 93        
2018-04-30 17:55:37,213 - =================================================================
2018-04-30 17:55:37,213 - Total params: 3,123
2018-04-30 17:55:37,213 - Trainable params: 3,123
2018-04-30 17:55:37,213 - Non-trainable params: 0
2018-04-30 17:55:37,213 - _________________________________________________________________
2018-04-30 17:55:37,213 - Using hindsight replay
2018-04-30 17:55:37,213 - Creating replay buffer with initial max size of 50000
2018-04-30 17:55:37,213 - Burning in 10000 lines
2018-04-30 17:55:44,692 - Training for 50000 episodes
2018-04-30 17:55:44,692 - Episode 0
2018-04-30 17:55:44,692 - Step 0
2018-04-30 17:55:45,936 - Episode reward mean: -2.000
2018-04-30 17:55:45,936 - Episode reward std: 19.800
2018-04-30 17:55:45,983 - Saved model for rendering to models/mcar_dqn_H/mcar_dqn_H_0_of_3.h5
2018-04-30 17:57:13,824 - Episode 100
2018-04-30 17:57:13,824 - Step 20000
2018-04-30 17:57:14,831 - Episode reward mean: -200.000
2018-04-30 17:57:14,831 - Episode reward std: 0.000
2018-04-30 17:58:52,335 - Episode 200
2018-04-30 17:58:52,335 - Step 40000
2018-04-30 17:58:53,328 - Episode reward mean: -200.000
2018-04-30 17:58:53,328 - Episode reward std: 0.000
2018-04-30 18:00:27,932 - Episode 300
2018-04-30 18:00:27,932 - Step 60000
2018-04-30 18:00:28,816 - Episode reward mean: -200.000
2018-04-30 18:00:28,816 - Episode reward std: 0.000
2018-04-30 18:02:01,832 - Episode 400
2018-04-30 18:02:01,832 - Step 80000
2018-04-30 18:02:02,847 - Episode reward mean: -200.000
2018-04-30 18:02:02,847 - Episode reward std: 0.000
2018-04-30 18:03:37,365 - Episode 500
2018-04-30 18:03:37,365 - Step 100000
2018-04-30 18:03:38,347 - Episode reward mean: -200.000
2018-04-30 18:03:38,347 - Episode reward std: 0.000
2018-04-30 18:03:38,347 - **Testing mode
2018-04-30 18:03:38,347 - Running for 20 episodes
2018-04-30 18:03:41,936 - (test) Average reward per episode: -200.0
2018-04-30 18:03:41,936 - Standard deviation: 0.0
2018-04-30 18:03:41,958 - Beat previous value of None! Saved model to models/mcar_dqn_H/mcar_dqn_H.h5
2018-04-30 18:05:15,896 - Episode 600
2018-04-30 18:05:15,897 - Step 120000
2018-04-30 18:05:16,845 - Episode reward mean: -200.000
2018-04-30 18:05:16,845 - Episode reward std: 0.000
2018-04-30 18:06:50,655 - Episode 700
2018-04-30 18:06:50,655 - Step 140000
2018-04-30 18:06:51,606 - Episode reward mean: -200.000
2018-04-30 18:06:51,606 - Episode reward std: 0.000
2018-04-30 18:08:24,547 - Episode 800
2018-04-30 18:08:24,547 - Step 160000
2018-04-30 18:08:25,515 - Episode reward mean: -200.000
2018-04-30 18:08:25,516 - Episode reward std: 0.000
2018-04-30 18:09:59,495 - Episode 900
2018-04-30 18:09:59,495 - Step 180000
2018-04-30 18:10:00,418 - Episode reward mean: -200.000
2018-04-30 18:10:00,418 - Episode reward std: 0.000
2018-04-30 18:11:31,715 - Episode 1000
2018-04-30 18:11:31,715 - Step 200000
2018-04-30 18:11:32,636 - Episode reward mean: -200.000
2018-04-30 18:11:32,636 - Episode reward std: 0.000
2018-04-30 18:11:32,636 - **Testing mode
2018-04-30 18:11:32,636 - Running for 20 episodes
2018-04-30 18:11:36,056 - (test) Average reward per episode: -200.0
2018-04-30 18:11:36,056 - Standard deviation: 0.0
2018-04-30 18:13:09,550 - Episode 1100
2018-04-30 18:13:09,550 - Step 220000
2018-04-30 18:13:10,468 - Episode reward mean: -200.000
2018-04-30 18:13:10,468 - Episode reward std: 0.000
2018-04-30 18:14:44,935 - Episode 1200
2018-04-30 18:14:44,936 - Step 240000
2018-04-30 18:14:45,782 - Episode reward mean: -200.000
2018-04-30 18:14:45,782 - Episode reward std: 0.000
2018-04-30 18:16:19,917 - Episode 1300
2018-04-30 18:16:19,917 - Step 260000
2018-04-30 18:16:20,830 - Episode reward mean: -200.000
2018-04-30 18:16:20,830 - Episode reward std: 0.000
2018-04-30 18:17:54,100 - Episode 1400
2018-04-30 18:17:54,101 - Step 280000
2018-04-30 18:17:55,203 - Episode reward mean: -200.000
2018-04-30 18:17:55,203 - Episode reward std: 0.000
2018-04-30 18:19:29,107 - Episode 1500
2018-04-30 18:19:29,108 - Step 300000
2018-04-30 18:19:30,064 - Episode reward mean: -200.000
2018-04-30 18:19:30,064 - Episode reward std: 0.000
2018-04-30 18:19:30,064 - **Testing mode
2018-04-30 18:19:30,064 - Running for 20 episodes
2018-04-30 18:19:33,874 - (test) Average reward per episode: -200.0
2018-04-30 18:19:33,874 - Standard deviation: 0.0
2018-04-30 18:21:07,826 - Episode 1600
2018-04-30 18:21:07,826 - Step 320000
2018-04-30 18:21:08,801 - Episode reward mean: -200.000
2018-04-30 18:21:08,801 - Episode reward std: 0.000
2018-04-30 18:22:41,158 - Episode 1700
2018-04-30 18:22:41,158 - Step 340000
2018-04-30 18:22:42,073 - Episode reward mean: -200.000
2018-04-30 18:22:42,074 - Episode reward std: 0.000
2018-04-30 18:24:15,763 - Episode 1800
2018-04-30 18:24:15,763 - Step 360000
2018-04-30 18:24:16,728 - Episode reward mean: -200.000
2018-04-30 18:24:16,728 - Episode reward std: 0.000
2018-04-30 18:25:48,462 - Episode 1900
2018-04-30 18:25:48,462 - Step 380000
2018-04-30 18:25:49,327 - Episode reward mean: -200.000
2018-04-30 18:25:49,327 - Episode reward std: 0.000
2018-04-30 18:27:22,579 - Episode 2000
2018-04-30 18:27:22,580 - Step 400000
2018-04-30 18:27:23,530 - Episode reward mean: -200.000
2018-04-30 18:27:23,531 - Episode reward std: 0.000
2018-04-30 18:27:23,531 - **Testing mode
2018-04-30 18:27:23,531 - Running for 20 episodes
2018-04-30 18:27:27,064 - (test) Average reward per episode: -200.0
2018-04-30 18:27:27,064 - Standard deviation: 0.0
2018-04-30 18:28:59,626 - Episode 2100
2018-04-30 18:28:59,627 - Step 420000
2018-04-30 18:29:00,592 - Episode reward mean: -200.000
2018-04-30 18:29:00,592 - Episode reward std: 0.000
2018-04-30 18:30:33,914 - Episode 2200
2018-04-30 18:30:33,914 - Step 440000
2018-04-30 18:30:34,816 - Episode reward mean: -200.000
2018-04-30 18:30:34,816 - Episode reward std: 0.000
2018-04-30 18:32:08,732 - Episode 2300
2018-04-30 18:32:08,732 - Step 460000
2018-04-30 18:32:09,606 - Episode reward mean: -200.000
2018-04-30 18:32:09,606 - Episode reward std: 0.000
2018-04-30 18:33:42,747 - Episode 2400
2018-04-30 18:33:42,747 - Step 480000
2018-04-30 18:33:43,828 - Episode reward mean: -200.000
2018-04-30 18:33:43,828 - Episode reward std: 0.000
2018-04-30 18:35:17,000 - Episode 2500
2018-04-30 18:35:17,001 - Step 500000
2018-04-30 18:35:17,859 - Episode reward mean: -200.000
2018-04-30 18:35:17,859 - Episode reward std: 0.000
2018-04-30 18:35:17,860 - **Testing mode
2018-04-30 18:35:17,860 - Running for 20 episodes
2018-04-30 18:35:21,303 - (test) Average reward per episode: -200.0
2018-04-30 18:35:21,303 - Standard deviation: 0.0
2018-04-30 18:36:54,452 - Episode 2600
2018-04-30 18:36:54,452 - Step 520000
2018-04-30 18:36:55,445 - Episode reward mean: -200.000
2018-04-30 18:36:55,445 - Episode reward std: 0.000
2018-04-30 18:38:30,255 - Episode 2700
2018-04-30 18:38:30,255 - Step 540000
2018-04-30 18:38:31,415 - Episode reward mean: -200.000
2018-04-30 18:38:31,415 - Episode reward std: 0.000
2018-04-30 18:40:05,997 - Episode 2800
2018-04-30 18:40:05,997 - Step 560000
2018-04-30 18:40:06,987 - Episode reward mean: -200.000
2018-04-30 18:40:06,987 - Episode reward std: 0.000
2018-04-30 18:41:40,159 - Episode 2900
2018-04-30 18:41:40,160 - Step 580000
2018-04-30 18:41:41,198 - Episode reward mean: -200.000
2018-04-30 18:41:41,198 - Episode reward std: 0.000
2018-04-30 18:43:11,315 - Episode 3000
2018-04-30 18:43:11,316 - Step 600000
2018-04-30 18:43:12,215 - Episode reward mean: -200.000
2018-04-30 18:43:12,215 - Episode reward std: 0.000
2018-04-30 18:43:12,215 - **Testing mode
2018-04-30 18:43:12,216 - Running for 20 episodes
2018-04-30 18:43:15,634 - (test) Average reward per episode: -200.0
2018-04-30 18:43:15,634 - Standard deviation: 0.0
2018-04-30 18:44:48,045 - Episode 3100
2018-04-30 18:44:48,045 - Step 620000
2018-04-30 18:44:49,007 - Episode reward mean: -200.000
2018-04-30 18:44:49,007 - Episode reward std: 0.000
2018-04-30 18:46:21,691 - Episode 3200
2018-04-30 18:46:21,691 - Step 640000
2018-04-30 18:46:22,630 - Episode reward mean: -200.000
2018-04-30 18:46:22,630 - Episode reward std: 0.000
2018-04-30 18:47:56,542 - Episode 3300
2018-04-30 18:47:56,543 - Step 660000
2018-04-30 18:47:57,427 - Episode reward mean: -200.000
2018-04-30 18:47:57,427 - Episode reward std: 0.000
2018-04-30 18:49:31,023 - Episode 3400
2018-04-30 18:49:31,023 - Step 680000
2018-04-30 18:49:31,909 - Episode reward mean: -200.000
2018-04-30 18:49:31,909 - Episode reward std: 0.000
2018-04-30 18:51:05,720 - Episode 3500
2018-04-30 18:51:05,720 - Step 700000
2018-04-30 18:51:06,581 - Episode reward mean: -200.000
2018-04-30 18:51:06,581 - Episode reward std: 0.000
2018-04-30 18:51:06,581 - **Testing mode
2018-04-30 18:51:06,581 - Running for 20 episodes
2018-04-30 18:51:10,188 - (test) Average reward per episode: -200.0
2018-04-30 18:51:10,188 - Standard deviation: 0.0
2018-04-30 18:52:43,515 - Episode 3600
2018-04-30 18:52:43,515 - Step 720000
2018-04-30 18:52:44,422 - Episode reward mean: -200.000
2018-04-30 18:52:44,422 - Episode reward std: 0.000
2018-04-30 18:54:16,601 - Episode 3700
2018-04-30 18:54:16,601 - Step 740000
2018-04-30 18:54:17,555 - Episode reward mean: -200.000
2018-04-30 18:54:17,555 - Episode reward std: 0.000
2018-04-30 18:55:48,466 - Episode 3800
2018-04-30 18:55:48,466 - Step 760000
2018-04-30 18:55:49,479 - Episode reward mean: -200.000
2018-04-30 18:55:49,479 - Episode reward std: 0.000
2018-04-30 18:57:21,998 - Episode 3900
2018-04-30 18:57:21,998 - Step 780000
2018-04-30 18:57:22,959 - Episode reward mean: -200.000
2018-04-30 18:57:22,959 - Episode reward std: 0.000
2018-04-30 18:58:56,163 - Episode 4000
2018-04-30 18:58:56,163 - Step 800000
2018-04-30 18:58:57,104 - Episode reward mean: -200.000
2018-04-30 18:58:57,105 - Episode reward std: 0.000
2018-04-30 18:58:57,105 - **Testing mode
2018-04-30 18:58:57,105 - Running for 20 episodes
2018-04-30 18:59:00,613 - (test) Average reward per episode: -200.0
2018-04-30 18:59:00,613 - Standard deviation: 0.0
2018-04-30 19:00:34,797 - Episode 4100
2018-04-30 19:00:34,797 - Step 820000
2018-04-30 19:00:35,865 - Episode reward mean: -200.000
2018-04-30 19:00:35,865 - Episode reward std: 0.000
2018-04-30 19:02:23,768 - Episode 4200
2018-04-30 19:02:23,768 - Step 840000
2018-04-30 19:02:25,021 - Episode reward mean: -200.000
2018-04-30 19:02:25,021 - Episode reward std: 0.000
2018-04-30 19:04:17,396 - Episode 4300
2018-04-30 19:04:17,396 - Step 860000
2018-04-30 19:04:18,609 - Episode reward mean: -200.000
2018-04-30 19:04:18,609 - Episode reward std: 0.000
2018-04-30 19:06:11,376 - Episode 4400
2018-04-30 19:06:11,376 - Step 880000
2018-04-30 19:06:12,349 - Episode reward mean: -200.000
2018-04-30 19:06:12,349 - Episode reward std: 0.000
2018-04-30 19:08:02,895 - Episode 4500
2018-04-30 19:08:02,896 - Step 899899
2018-04-30 19:08:03,906 - Episode reward mean: -198.990
2018-04-30 19:08:03,907 - Episode reward std: 10.049
2018-04-30 19:08:03,907 - **Testing mode
2018-04-30 19:08:03,907 - Running for 20 episodes
2018-04-30 19:08:08,261 - (test) Average reward per episode: -200.0
2018-04-30 19:08:08,261 - Standard deviation: 0.0
2018-04-30 19:10:00,851 - Episode 4600
2018-04-30 19:10:00,851 - Step 919899
2018-04-30 19:10:02,094 - Episode reward mean: -200.000
2018-04-30 19:10:02,095 - Episode reward std: 0.000
2018-04-30 19:11:54,583 - Episode 4700
2018-04-30 19:11:54,583 - Step 939891
2018-04-30 19:11:55,642 - Episode reward mean: -199.920
2018-04-30 19:11:55,642 - Episode reward std: 0.796
2018-04-30 19:13:47,136 - Episode 4800
2018-04-30 19:13:47,137 - Step 959891
2018-04-30 19:13:48,221 - Episode reward mean: -200.000
2018-04-30 19:13:48,221 - Episode reward std: 0.000
2018-04-30 19:15:41,088 - Episode 4900
2018-04-30 19:15:41,088 - Step 979868
2018-04-30 19:15:42,245 - Episode reward mean: -199.770
2018-04-30 19:15:42,246 - Episode reward std: 1.593
2018-04-30 19:17:33,497 - Episode 5000
2018-04-30 19:17:33,497 - Step 999820
2018-04-30 19:17:34,710 - Episode reward mean: -199.520
2018-04-30 19:17:34,711 - Episode reward std: 3.465
2018-04-30 19:17:34,711 - **Testing mode
2018-04-30 19:17:34,711 - Running for 20 episodes
2018-04-30 19:17:39,772 - (test) Average reward per episode: -200.0
2018-04-30 19:17:39,773 - Standard deviation: 0.0
2018-04-30 19:19:31,741 - Episode 5100
2018-04-30 19:19:31,741 - Step 1019752
2018-04-30 19:19:32,919 - Episode reward mean: -199.320
2018-04-30 19:19:32,919 - Episode reward std: 3.420
2018-04-30 19:21:23,106 - Episode 5200
2018-04-30 19:21:23,106 - Step 1039602
2018-04-30 19:21:24,289 - Episode reward mean: -198.500
2018-04-30 19:21:24,289 - Episode reward std: 5.925
2018-04-30 19:23:13,978 - Episode 5300
2018-04-30 19:23:13,978 - Step 1058994
2018-04-30 19:23:15,157 - Episode reward mean: -193.920
2018-04-30 19:23:15,157 - Episode reward std: 18.889
2018-04-30 19:25:03,999 - Episode 5400
2018-04-30 19:25:03,999 - Step 1078478
2018-04-30 19:25:05,105 - Episode reward mean: -194.710
2018-04-30 19:25:05,105 - Episode reward std: 16.824
2018-04-30 19:26:53,063 - Episode 5500
2018-04-30 19:26:53,064 - Step 1097431
2018-04-30 19:26:54,128 - Episode reward mean: -189.490
2018-04-30 19:26:54,128 - Episode reward std: 25.328
2018-04-30 19:26:54,128 - **Testing mode
2018-04-30 19:26:54,128 - Running for 20 episodes
2018-04-30 19:26:58,237 - (test) Average reward per episode: -200.0
2018-04-30 19:26:58,237 - Standard deviation: 0.0
2018-04-30 19:28:47,052 - Episode 5600
2018-04-30 19:28:47,052 - Step 1116875
2018-04-30 19:28:48,289 - Episode reward mean: -194.610
2018-04-30 19:28:48,289 - Episode reward std: 17.888
2018-04-30 19:30:37,988 - Episode 5700
2018-04-30 19:30:37,988 - Step 1136431
2018-04-30 19:30:39,010 - Episode reward mean: -195.560
2018-04-30 19:30:39,010 - Episode reward std: 11.782
2018-04-30 19:32:24,812 - Episode 5800
2018-04-30 19:32:24,812 - Step 1155289
2018-04-30 19:32:26,043 - Episode reward mean: -188.580
2018-04-30 19:32:26,043 - Episode reward std: 19.135
2018-04-30 19:34:00,693 - Episode 5900
2018-04-30 19:34:00,693 - Step 1172342
2018-04-30 19:34:01,602 - Episode reward mean: -170.120
2018-04-30 19:34:01,602 - Episode reward std: 19.685
2018-04-30 19:35:32,240 - Episode 6000
2018-04-30 19:35:32,241 - Step 1188584
2018-04-30 19:35:33,167 - Episode reward mean: -162.570
2018-04-30 19:35:33,167 - Episode reward std: 25.209
2018-04-30 19:35:33,167 - **Testing mode
2018-04-30 19:35:33,167 - Running for 20 episodes
2018-04-30 19:35:36,382 - (test) Average reward per episode: -140.9
2018-04-30 19:35:36,382 - Standard deviation: 41.03888400042087
2018-04-30 19:35:36,404 - Beat previous value of -200.0! Saved model to models/mcar_dqn_H/mcar_dqn_H.h5
2018-04-30 19:37:18,041 - Episode 6100
2018-04-30 19:37:18,041 - Step 1206668
2018-04-30 19:37:18,401 - Episode reward mean: -179.950
2018-04-30 19:37:18,402 - Episode reward std: 34.107
2018-04-30 19:38:59,055 - Episode 6200
2018-04-30 19:38:59,056 - Step 1224833
2018-04-30 19:38:59,974 - Episode reward mean: -182.800
2018-04-30 19:38:59,974 - Episode reward std: 32.675
2018-04-30 19:40:52,735 - Episode 6300
2018-04-30 19:40:52,736 - Step 1244624
2018-04-30 19:40:53,988 - Episode reward mean: -197.910
2018-04-30 19:40:53,988 - Episode reward std: 11.455
2018-04-30 19:42:41,057 - Episode 6400
2018-04-30 19:42:41,057 - Step 1263660
2018-04-30 19:42:42,210 - Episode reward mean: -190.360
2018-04-30 19:42:42,210 - Episode reward std: 30.117
2018-04-30 19:44:34,127 - Episode 6500
2018-04-30 19:44:34,127 - Step 1283660
2018-04-30 19:44:35,203 - Episode reward mean: -200.000
2018-04-30 19:44:35,204 - Episode reward std: 0.000
2018-04-30 19:44:35,204 - **Testing mode
2018-04-30 19:44:35,204 - Running for 20 episodes
2018-04-30 19:44:39,768 - (test) Average reward per episode: -200.0
2018-04-30 19:44:39,768 - Standard deviation: 0.0
2018-04-30 19:46:29,713 - Episode 6600
2018-04-30 19:46:29,713 - Step 1303006
2018-04-30 19:46:30,822 - Episode reward mean: -193.460
2018-04-30 19:46:30,823 - Episode reward std: 23.172
2018-04-30 19:48:19,453 - Episode 6700
2018-04-30 19:48:19,453 - Step 1322266
2018-04-30 19:48:20,403 - Episode reward mean: -192.250
2018-04-30 19:48:20,403 - Episode reward std: 22.923
2018-04-30 19:50:11,145 - Episode 6800
2018-04-30 19:50:11,145 - Step 1342163
2018-04-30 19:50:12,186 - Episode reward mean: -199.320
2018-04-30 19:50:12,187 - Episode reward std: 4.516
2018-04-30 19:51:58,782 - Episode 6900
2018-04-30 19:51:58,782 - Step 1361233
2018-04-30 19:51:59,794 - Episode reward mean: -190.300
2018-04-30 19:51:59,794 - Episode reward std: 16.919
2018-04-30 19:53:35,338 - Episode 7000
2018-04-30 19:53:35,338 - Step 1378000
2018-04-30 19:53:36,115 - Episode reward mean: -167.760
2018-04-30 19:53:36,115 - Episode reward std: 14.082
2018-04-30 19:53:36,115 - **Testing mode
2018-04-30 19:53:36,115 - Running for 20 episodes
2018-04-30 19:53:39,507 - (test) Average reward per episode: -163.95
2018-04-30 19:53:39,507 - Standard deviation: 9.362024353738885
2018-04-30 19:54:59,736 - Episode 7100
2018-04-30 19:54:59,737 - Step 1393564
2018-04-30 19:55:00,422 - Episode reward mean: -155.450
2018-04-30 19:55:00,422 - Episode reward std: 19.387
2018-04-30 19:56:22,854 - Episode 7200
2018-04-30 19:56:22,855 - Step 1408151
2018-04-30 19:56:23,725 - Episode reward mean: -145.800
2018-04-30 19:56:23,725 - Episode reward std: 24.301
2018-04-30 19:57:50,998 - Episode 7300
2018-04-30 19:57:50,998 - Step 1423453
2018-04-30 19:57:51,788 - Episode reward mean: -153.030
2018-04-30 19:57:51,788 - Episode reward std: 20.011
2018-04-30 19:59:20,976 - Episode 7400
2018-04-30 19:59:20,977 - Step 1439503
2018-04-30 19:59:21,866 - Episode reward mean: -160.680
2018-04-30 19:59:21,867 - Episode reward std: 29.107
2018-04-30 20:00:51,753 - Episode 7500
2018-04-30 20:00:51,753 - Step 1455499
2018-04-30 20:00:52,603 - Episode reward mean: -159.880
2018-04-30 20:00:52,603 - Episode reward std: 30.859
2018-04-30 20:00:52,603 - **Testing mode
2018-04-30 20:00:52,603 - Running for 20 episodes
2018-04-30 20:00:56,228 - (test) Average reward per episode: -153.1
2018-04-30 20:00:56,228 - Standard deviation: 26.877313853880562
2018-04-30 20:02:30,516 - Episode 7600
2018-04-30 20:02:30,516 - Step 1472097
2018-04-30 20:02:31,308 - Episode reward mean: -165.920
2018-04-30 20:02:31,309 - Episode reward std: 35.345
2018-04-30 20:04:03,112 - Episode 7700
2018-04-30 20:04:03,112 - Step 1488217
2018-04-30 20:04:04,037 - Episode reward mean: -161.380
2018-04-30 20:04:04,038 - Episode reward std: 33.600
2018-04-30 20:05:31,406 - Episode 7800
2018-04-30 20:05:31,406 - Step 1503478
2018-04-30 20:05:32,371 - Episode reward mean: -152.630
2018-04-30 20:05:32,372 - Episode reward std: 22.469
2018-04-30 20:06:59,372 - Episode 7900
2018-04-30 20:06:59,372 - Step 1518876
2018-04-30 20:07:00,224 - Episode reward mean: -153.840
2018-04-30 20:07:00,224 - Episode reward std: 18.751
2018-04-30 20:08:21,586 - Episode 8000
2018-04-30 20:08:21,586 - Step 1533375
2018-04-30 20:08:22,468 - Episode reward mean: -144.830
2018-04-30 20:08:22,469 - Episode reward std: 9.706
2018-04-30 20:08:22,469 - **Testing mode
2018-04-30 20:08:22,469 - Running for 20 episodes
2018-04-30 20:08:25,747 - (test) Average reward per episode: -139.65
2018-04-30 20:08:25,747 - Standard deviation: 12.904553459922587
2018-04-30 20:08:25,770 - Beat previous value of -140.9! Saved model to models/mcar_dqn_H/mcar_dqn_H.h5
2018-04-30 20:09:44,371 - Episode 8100
2018-04-30 20:09:44,371 - Step 1547205
2018-04-30 20:09:45,167 - Episode reward mean: -138.270
2018-04-30 20:09:45,168 - Episode reward std: 8.190
2018-04-30 20:11:17,332 - Episode 8200
2018-04-30 20:11:17,332 - Step 1563643
2018-04-30 20:11:17,893 - Episode reward mean: -163.890
2018-04-30 20:11:17,893 - Episode reward std: 39.939
2018-04-30 20:13:04,226 - Episode 8300
2018-04-30 20:13:04,226 - Step 1582457
2018-04-30 20:13:05,481 - Episode reward mean: -189.280
2018-04-30 20:13:05,481 - Episode reward std: 28.637
2018-04-30 20:14:55,208 - Episode 8400
2018-04-30 20:14:55,208 - Step 1601613
2018-04-30 20:14:56,361 - Episode reward mean: -191.560
2018-04-30 20:14:56,361 - Episode reward std: 24.185
2018-04-30 20:16:43,989 - Episode 8500
2018-04-30 20:16:43,990 - Step 1620502
2018-04-30 20:16:45,141 - Episode reward mean: -188.890
2018-04-30 20:16:45,141 - Episode reward std: 23.162
2018-04-30 20:16:45,141 - **Testing mode
2018-04-30 20:16:45,142 - Running for 20 episodes
2018-04-30 20:16:49,329 - (test) Average reward per episode: -177.65
2018-04-30 20:16:49,329 - Standard deviation: 37.770722788953876
2018-04-30 20:18:26,005 - Episode 8600
2018-04-30 20:18:26,005 - Step 1637817
2018-04-30 20:18:26,834 - Episode reward mean: -172.850
2018-04-30 20:18:26,835 - Episode reward std: 28.822
2018-04-30 20:19:58,431 - Episode 8700
2018-04-30 20:19:58,431 - Step 1653652
2018-04-30 20:19:59,086 - Episode reward mean: -157.810
2018-04-30 20:19:59,086 - Episode reward std: 26.462
2018-04-30 20:21:17,493 - Episode 8800
2018-04-30 20:21:17,493 - Step 1667294
2018-04-30 20:21:18,133 - Episode reward mean: -136.290
2018-04-30 20:21:18,133 - Episode reward std: 29.587
2018-04-30 20:22:42,054 - Episode 8900
2018-04-30 20:22:42,054 - Step 1681892
2018-04-30 20:22:42,875 - Episode reward mean: -146.430
2018-04-30 20:22:42,875 - Episode reward std: 31.167
2018-04-30 20:24:07,574 - Episode 9000
2018-04-30 20:24:07,574 - Step 1696769
2018-04-30 20:24:08,304 - Episode reward mean: -148.680
2018-04-30 20:24:08,304 - Episode reward std: 29.053
2018-04-30 20:24:08,304 - **Testing mode
2018-04-30 20:24:08,305 - Running for 20 episodes
2018-04-30 20:24:11,296 - (test) Average reward per episode: -129.15
2018-04-30 20:24:11,297 - Standard deviation: 31.101889010154995
2018-04-30 20:24:11,313 - Beat previous value of -139.65! Saved model to models/mcar_dqn_H/mcar_dqn_H.h5
2018-04-30 20:25:32,578 - Episode 9100
2018-04-30 20:25:32,578 - Step 1711292
2018-04-30 20:25:33,176 - Episode reward mean: -144.790
2018-04-30 20:25:33,176 - Episode reward std: 35.031
2018-04-30 20:27:01,527 - Episode 9200
2018-04-30 20:27:01,527 - Step 1726610
2018-04-30 20:27:02,069 - Episode reward mean: -153.240
2018-04-30 20:27:02,070 - Episode reward std: 33.638
2018-04-30 20:28:37,358 - Episode 9300
2018-04-30 20:28:37,358 - Step 1742907
2018-04-30 20:28:38,539 - Episode reward mean: -163.960
2018-04-30 20:28:38,540 - Episode reward std: 33.084
2018-04-30 20:30:17,107 - Episode 9400
2018-04-30 20:30:17,107 - Step 1760468
2018-04-30 20:30:18,146 - Episode reward mean: -175.610
2018-04-30 20:30:18,147 - Episode reward std: 30.148
2018-04-30 20:31:58,619 - Episode 9500
2018-04-30 20:31:58,619 - Step 1777950
2018-04-30 20:31:59,744 - Episode reward mean: -174.820
2018-04-30 20:31:59,744 - Episode reward std: 30.548
2018-04-30 20:31:59,744 - **Testing mode
2018-04-30 20:31:59,744 - Running for 20 episodes
2018-04-30 20:32:03,823 - (test) Average reward per episode: -182.5
2018-04-30 20:32:03,823 - Standard deviation: 31.428490259635446
2018-04-30 20:33:40,845 - Episode 9600
2018-04-30 20:33:40,845 - Step 1795385
2018-04-30 20:33:41,654 - Episode reward mean: -173.840
2018-04-30 20:33:41,654 - Episode reward std: 26.528
2018-04-30 20:35:10,757 - Episode 9700
2018-04-30 20:35:10,757 - Step 1811132
2018-04-30 20:35:11,762 - Episode reward mean: -157.520
2018-04-30 20:35:11,762 - Episode reward std: 21.913
2018-04-30 20:36:39,822 - Episode 9800
2018-04-30 20:36:39,822 - Step 1826581
2018-04-30 20:36:40,791 - Episode reward mean: -154.510
2018-04-30 20:36:40,791 - Episode reward std: 19.591
2018-04-30 20:38:07,954 - Episode 9900
2018-04-30 20:38:07,954 - Step 1841953
2018-04-30 20:38:09,032 - Episode reward mean: -153.910
2018-04-30 20:38:09,032 - Episode reward std: 30.288
2018-04-30 20:39:38,841 - Episode 10000
2018-04-30 20:39:38,841 - Step 1857883
2018-04-30 20:39:39,584 - Episode reward mean: -158.990
2018-04-30 20:39:39,584 - Episode reward std: 30.771
2018-04-30 20:39:39,584 - **Testing mode
2018-04-30 20:39:39,584 - Running for 20 episodes
2018-04-30 20:39:42,513 - (test) Average reward per episode: -135.65
2018-04-30 20:39:42,513 - Standard deviation: 39.83625860946282
2018-04-30 20:41:14,608 - Episode 10100
2018-04-30 20:41:14,608 - Step 1874128
2018-04-30 20:41:15,633 - Episode reward mean: -162.780
2018-04-30 20:41:15,633 - Episode reward std: 33.665
2018-04-30 20:42:48,594 - Episode 10200
2018-04-30 20:42:48,594 - Step 1890853
2018-04-30 20:42:49,415 - Episode reward mean: -166.970
2018-04-30 20:42:49,415 - Episode reward std: 32.506
2018-04-30 20:44:22,485 - Episode 10300
2018-04-30 20:44:22,485 - Step 1907759
2018-04-30 20:44:23,338 - Episode reward mean: -169.010
2018-04-30 20:44:23,338 - Episode reward std: 35.709
2018-04-30 20:45:57,795 - Episode 10400
2018-04-30 20:45:57,795 - Step 1924476
2018-04-30 20:45:58,388 - Episode reward mean: -166.750
2018-04-30 20:45:58,388 - Episode reward std: 35.111
2018-04-30 20:47:32,483 - Episode 10500
2018-04-30 20:47:32,484 - Step 1941227
2018-04-30 20:47:33,206 - Episode reward mean: -167.930
2018-04-30 20:47:33,206 - Episode reward std: 31.582
2018-04-30 20:47:33,206 - **Testing mode
2018-04-30 20:47:33,207 - Running for 20 episodes
2018-04-30 20:47:36,361 - (test) Average reward per episode: -127.6
2018-04-30 20:47:36,361 - Standard deviation: 38.89395839973093
2018-04-30 20:47:36,382 - Beat previous value of -129.15! Saved model to models/mcar_dqn_H/mcar_dqn_H.h5
2018-04-30 20:49:01,727 - Episode 10600
2018-04-30 20:49:01,727 - Step 1956501
2018-04-30 20:49:02,854 - Episode reward mean: -153.250
2018-04-30 20:49:02,854 - Episode reward std: 38.749
2018-04-30 20:50:28,514 - Episode 10700
2018-04-30 20:50:28,514 - Step 1971774
2018-04-30 20:50:29,296 - Episode reward mean: -152.280
2018-04-30 20:50:29,296 - Episode reward std: 32.546
2018-04-30 20:51:55,062 - Episode 10800
2018-04-30 20:51:55,063 - Step 1987202
2018-04-30 20:51:55,985 - Episode reward mean: -154.600
2018-04-30 20:51:55,985 - Episode reward std: 34.128
2018-04-30 20:53:23,427 - Episode 10900
2018-04-30 20:53:23,427 - Step 2002852
2018-04-30 20:53:24,265 - Episode reward mean: -156.420
2018-04-30 20:53:24,265 - Episode reward std: 25.043
2018-04-30 20:54:54,475 - Episode 11000
2018-04-30 20:54:54,475 - Step 2019041
2018-04-30 20:54:55,412 - Episode reward mean: -161.650
2018-04-30 20:54:55,412 - Episode reward std: 23.731
2018-04-30 20:54:55,412 - **Testing mode
2018-04-30 20:54:55,412 - Running for 20 episodes
2018-04-30 20:54:58,680 - (test) Average reward per episode: -155.45
2018-04-30 20:54:58,680 - Standard deviation: 25.757474643295293
2018-04-30 20:56:27,506 - Episode 11100
2018-04-30 20:56:27,506 - Step 2034894
2018-04-30 20:56:28,313 - Episode reward mean: -158.490
2018-04-30 20:56:28,313 - Episode reward std: 23.326
2018-04-30 20:57:56,529 - Episode 11200
2018-04-30 20:57:56,530 - Step 2050894
2018-04-30 20:57:57,377 - Episode reward mean: -160.430
2018-04-30 20:57:57,378 - Episode reward std: 29.212
2018-04-30 20:59:28,769 - Episode 11300
2018-04-30 20:59:28,769 - Step 2067164
2018-04-30 20:59:29,761 - Episode reward mean: -162.630
2018-04-30 20:59:29,761 - Episode reward std: 30.496
2018-04-30 21:00:55,245 - Episode 11400
2018-04-30 21:00:55,245 - Step 2082279
2018-04-30 21:00:56,141 - Episode reward mean: -150.920
2018-04-30 21:00:56,141 - Episode reward std: 33.409
2018-04-30 21:02:22,095 - Episode 11500
2018-04-30 21:02:22,095 - Step 2097551
2018-04-30 21:02:22,671 - Episode reward mean: -152.220
2018-04-30 21:02:22,671 - Episode reward std: 34.457
2018-04-30 21:02:22,671 - **Testing mode
2018-04-30 21:02:22,671 - Running for 20 episodes
2018-04-30 21:02:25,730 - (test) Average reward per episode: -134.65
2018-04-30 21:02:25,730 - Standard deviation: 28.302429224361642
2018-04-30 21:03:52,148 - Episode 11600
2018-04-30 21:03:52,148 - Step 2112651
2018-04-30 21:03:53,127 - Episode reward mean: -151.500
2018-04-30 21:03:53,127 - Episode reward std: 34.664
2018-04-30 21:05:17,753 - Episode 11700
2018-04-30 21:05:17,754 - Step 2128027
2018-04-30 21:05:18,636 - Episode reward mean: -153.700
2018-04-30 21:05:18,636 - Episode reward std: 37.063
2018-04-30 21:06:39,119 - Episode 11800
2018-04-30 21:06:39,119 - Step 2143773
2018-04-30 21:06:39,925 - Episode reward mean: -157.590
2018-04-30 21:06:39,925 - Episode reward std: 35.480
2018-04-30 21:08:02,908 - Episode 11900
2018-04-30 21:08:02,908 - Step 2159223
2018-04-30 21:08:03,766 - Episode reward mean: -154.410
2018-04-30 21:08:03,766 - Episode reward std: 35.340
2018-04-30 21:09:35,516 - Episode 12000
2018-04-30 21:09:35,516 - Step 2175693
2018-04-30 21:09:36,102 - Episode reward mean: -164.230
2018-04-30 21:09:36,102 - Episode reward std: 35.455
2018-04-30 21:09:36,102 - **Testing mode
2018-04-30 21:09:36,102 - Running for 20 episodes
2018-04-30 21:09:39,699 - (test) Average reward per episode: -154.5
2018-04-30 21:09:39,699 - Standard deviation: 44.21820891895103
2018-04-30 21:11:06,301 - Episode 12100
2018-04-30 21:11:06,301 - Step 2191318
2018-04-30 21:11:07,199 - Episode reward mean: -156.650
2018-04-30 21:11:07,199 - Episode reward std: 36.643
2018-04-30 21:12:36,055 - Episode 12200
2018-04-30 21:12:36,055 - Step 2207261
2018-04-30 21:12:37,061 - Episode reward mean: -159.620
2018-04-30 21:12:37,061 - Episode reward std: 33.981
2018-04-30 21:14:06,393 - Episode 12300
2018-04-30 21:14:06,393 - Step 2223283
2018-04-30 21:14:07,456 - Episode reward mean: -160.210
2018-04-30 21:14:07,456 - Episode reward std: 28.981
2018-04-30 21:15:33,584 - Episode 12400
2018-04-30 21:15:33,584 - Step 2238527
2018-04-30 21:15:34,078 - Episode reward mean: -151.660
2018-04-30 21:15:34,078 - Episode reward std: 33.401
2018-04-30 21:17:02,792 - Episode 12500
2018-04-30 21:17:02,793 - Step 2254125
2018-04-30 21:17:03,526 - Episode reward mean: -156.530
2018-04-30 21:17:03,526 - Episode reward std: 34.849
2018-04-30 21:17:03,526 - **Testing mode
2018-04-30 21:17:03,526 - Running for 20 episodes
2018-04-30 21:17:06,555 - (test) Average reward per episode: -127.05
2018-04-30 21:17:06,555 - Standard deviation: 41.96007030499353
2018-04-30 21:17:06,576 - Beat previous value of -127.6! Saved model to models/mcar_dqn_H/mcar_dqn_H.h5
2018-04-30 21:18:30,308 - Episode 12600
2018-04-30 21:18:30,308 - Step 2269272
2018-04-30 21:18:31,192 - Episode reward mean: -151.770
2018-04-30 21:18:31,192 - Episode reward std: 31.518
2018-04-30 21:19:52,499 - Episode 12700
2018-04-30 21:19:52,499 - Step 2283811
2018-04-30 21:19:52,865 - Episode reward mean: -144.490
2018-04-30 21:19:52,865 - Episode reward std: 35.437
2018-04-30 21:21:15,834 - Episode 12800
2018-04-30 21:21:15,834 - Step 2298417
2018-04-30 21:21:17,041 - Episode reward mean: -147.210
2018-04-30 21:21:17,041 - Episode reward std: 36.134
2018-04-30 21:22:41,521 - Episode 12900
2018-04-30 21:22:41,521 - Step 2313451
2018-04-30 21:22:42,595 - Episode reward mean: -150.340
2018-04-30 21:22:42,595 - Episode reward std: 32.704
2018-04-30 21:24:04,101 - Episode 13000
2018-04-30 21:24:04,101 - Step 2328017
2018-04-30 21:24:04,823 - Episode reward mean: -145.080
2018-04-30 21:24:04,824 - Episode reward std: 31.694
2018-04-30 21:24:04,824 - **Testing mode
2018-04-30 21:24:04,824 - Running for 20 episodes
2018-04-30 21:24:08,375 - (test) Average reward per episode: -144.3
2018-04-30 21:24:08,376 - Standard deviation: 22.201576520598714
2018-04-30 21:25:27,030 - Episode 13100
2018-04-30 21:25:27,030 - Step 2342182
2018-04-30 21:25:27,970 - Episode reward mean: -142.230
2018-04-30 21:25:27,970 - Episode reward std: 32.628
2018-04-30 21:26:52,727 - Episode 13200
2018-04-30 21:26:52,727 - Step 2357535
2018-04-30 21:26:53,724 - Episode reward mean: -153.280
2018-04-30 21:26:53,725 - Episode reward std: 32.314
2018-04-30 21:28:18,641 - Episode 13300
2018-04-30 21:28:18,641 - Step 2372758
2018-04-30 21:28:19,698 - Episode reward mean: -152.210
2018-04-30 21:28:19,699 - Episode reward std: 32.004
2018-04-30 21:29:44,124 - Episode 13400
2018-04-30 21:29:44,124 - Step 2387815
2018-04-30 21:29:45,187 - Episode reward mean: -150.600
2018-04-30 21:29:45,187 - Episode reward std: 31.138
2018-04-30 21:31:14,384 - Episode 13500
2018-04-30 21:31:14,384 - Step 2403481
2018-04-30 21:31:15,365 - Episode reward mean: -156.810
2018-04-30 21:31:15,365 - Episode reward std: 30.867
2018-04-30 21:31:15,365 - **Testing mode
2018-04-30 21:31:15,365 - Running for 20 episodes
2018-04-30 21:31:18,307 - (test) Average reward per episode: -113.7
2018-04-30 21:31:18,307 - Standard deviation: 28.848050194077242
2018-04-30 21:31:18,329 - Beat previous value of -127.05! Saved model to models/mcar_dqn_H/mcar_dqn_H.h5
2018-04-30 21:32:37,933 - Episode 13600
2018-04-30 21:32:37,933 - Step 2418046
2018-04-30 21:32:38,888 - Episode reward mean: -145.590
2018-04-30 21:32:38,889 - Episode reward std: 33.317
2018-04-30 21:33:58,813 - Episode 13700
2018-04-30 21:33:58,813 - Step 2432331
2018-04-30 21:33:59,815 - Episode reward mean: -142.540
2018-04-30 21:33:59,816 - Episode reward std: 32.815
2018-04-30 21:35:20,188 - Episode 13800
2018-04-30 21:35:20,188 - Step 2446974
2018-04-30 21:35:21,063 - Episode reward mean: -146.370
2018-04-30 21:35:21,064 - Episode reward std: 27.519
2018-04-30 21:36:45,364 - Episode 13900
2018-04-30 21:36:45,364 - Step 2462256
2018-04-30 21:36:45,924 - Episode reward mean: -152.420
2018-04-30 21:36:45,924 - Episode reward std: 32.809
2018-04-30 21:38:07,351 - Episode 14000
2018-04-30 21:38:07,352 - Step 2476769
2018-04-30 21:38:08,300 - Episode reward mean: -145.550
2018-04-30 21:38:08,300 - Episode reward std: 30.831
2018-04-30 21:38:08,300 - **Testing mode
2018-04-30 21:38:08,300 - Running for 20 episodes
2018-04-30 21:38:11,324 - (test) Average reward per episode: -129.9
2018-04-30 21:38:11,324 - Standard deviation: 32.93615035185503
2018-04-30 21:39:33,737 - Episode 14100
2018-04-30 21:39:33,737 - Step 2491603
2018-04-30 21:39:34,188 - Episode reward mean: -147.920
2018-04-30 21:39:34,188 - Episode reward std: 32.071
2018-04-30 21:41:03,092 - Episode 14200
2018-04-30 21:41:03,092 - Step 2507509
2018-04-30 21:41:03,585 - Episode reward mean: -158.960
2018-04-30 21:41:03,585 - Episode reward std: 32.070
2018-04-30 21:42:27,090 - Episode 14300
2018-04-30 21:42:27,090 - Step 2522285
2018-04-30 21:42:28,041 - Episode reward mean: -148.280
2018-04-30 21:42:28,042 - Episode reward std: 31.843
2018-04-30 21:43:51,902 - Episode 14400
2018-04-30 21:43:51,902 - Step 2537328
2018-04-30 21:43:52,844 - Episode reward mean: -150.750
2018-04-30 21:43:52,844 - Episode reward std: 31.441
2018-04-30 21:45:19,263 - Episode 14500
2018-04-30 21:45:19,264 - Step 2552854
2018-04-30 21:45:20,084 - Episode reward mean: -155.060
2018-04-30 21:45:20,084 - Episode reward std: 30.504
2018-04-30 21:45:20,084 - **Testing mode
2018-04-30 21:45:20,085 - Running for 20 episodes
2018-04-30 21:45:23,489 - (test) Average reward per episode: -135.45
2018-04-30 21:45:23,490 - Standard deviation: 29.768229708869153
2018-04-30 21:46:46,901 - Episode 14600
2018-04-30 21:46:46,901 - Step 2567813
2018-04-30 21:46:48,068 - Episode reward mean: -149.950
2018-04-30 21:46:48,068 - Episode reward std: 29.188
2018-04-30 21:48:11,176 - Episode 14700
2018-04-30 21:48:11,176 - Step 2582805
2018-04-30 21:48:11,887 - Episode reward mean: -149.370
2018-04-30 21:48:11,887 - Episode reward std: 30.732
2018-04-30 21:49:41,461 - Episode 14800
2018-04-30 21:49:41,461 - Step 2598807
2018-04-30 21:49:42,112 - Episode reward mean: -159.670
2018-04-30 21:49:42,112 - Episode reward std: 39.878
2018-04-30 21:51:12,563 - Episode 14900
2018-04-30 21:51:12,563 - Step 2614969
2018-04-30 21:51:13,678 - Episode reward mean: -162.540
2018-04-30 21:51:13,678 - Episode reward std: 41.866
2018-04-30 21:52:45,434 - Episode 15000
2018-04-30 21:52:45,434 - Step 2631174
2018-04-30 21:52:45,985 - Episode reward mean: -161.010
2018-04-30 21:52:45,986 - Episode reward std: 43.502
2018-04-30 21:52:45,986 - **Testing mode
2018-04-30 21:52:45,986 - Running for 20 episodes
2018-04-30 21:52:48,768 - (test) Average reward per episode: -141.05
2018-04-30 21:52:48,768 - Standard deviation: 53.51586213451111
2018-04-30 21:54:21,825 - Episode 15100
2018-04-30 21:54:21,825 - Step 2648263
2018-04-30 21:54:22,949 - Episode reward mean: -171.930
2018-04-30 21:54:22,949 - Episode reward std: 40.141
2018-04-30 21:55:53,751 - Episode 15200
2018-04-30 21:55:53,752 - Step 2664558
2018-04-30 21:55:54,808 - Episode reward mean: -162.820
2018-04-30 21:55:54,809 - Episode reward std: 38.436
2018-04-30 21:57:16,340 - Episode 15300
2018-04-30 21:57:16,340 - Step 2679903
2018-04-30 21:57:17,074 - Episode reward mean: -153.100
2018-04-30 21:57:17,074 - Episode reward std: 33.775
2018-04-30 21:58:39,745 - Episode 15400
2018-04-30 21:58:39,745 - Step 2694759
2018-04-30 21:58:40,686 - Episode reward mean: -148.750
2018-04-30 21:58:40,687 - Episode reward std: 33.199
2018-04-30 22:00:03,470 - Episode 15500
2018-04-30 22:00:03,470 - Step 2709448
2018-04-30 22:00:04,017 - Episode reward mean: -146.260
2018-04-30 22:00:04,017 - Episode reward std: 33.323
2018-04-30 22:00:04,018 - **Testing mode
2018-04-30 22:00:04,018 - Running for 20 episodes
2018-04-30 22:00:06,409 - (test) Average reward per episode: -105.3
2018-04-30 22:00:06,409 - Standard deviation: 13.191285001848758
2018-04-30 22:00:06,424 - Beat previous value of -113.7! Saved model to models/mcar_dqn_H/mcar_dqn_H.h5
2018-04-30 22:01:19,951 - Episode 15600
2018-04-30 22:01:19,952 - Step 2722490
2018-04-30 22:01:20,659 - Episode reward mean: -130.450
2018-04-30 22:01:20,659 - Episode reward std: 32.243
2018-04-30 22:02:29,577 - Episode 15700
2018-04-30 22:02:29,577 - Step 2734804
2018-04-30 22:02:30,116 - Episode reward mean: -123.090
2018-04-30 22:02:30,116 - Episode reward std: 28.608
2018-04-30 22:03:34,830 - Episode 15800
2018-04-30 22:03:34,831 - Step 2746554
2018-04-30 22:03:35,752 - Episode reward mean: -118.040
2018-04-30 22:03:35,753 - Episode reward std: 24.089
2018-04-30 22:04:42,302 - Episode 15900
2018-04-30 22:04:42,302 - Step 2758327
2018-04-30 22:04:42,898 - Episode reward mean: -117.090
2018-04-30 22:04:42,898 - Episode reward std: 25.833
2018-04-30 22:05:50,648 - Episode 16000
2018-04-30 22:05:50,649 - Step 2770267
2018-04-30 22:05:51,293 - Episode reward mean: -119.580
2018-04-30 22:05:51,294 - Episode reward std: 27.124
2018-04-30 22:05:51,294 - **Testing mode
2018-04-30 22:05:51,294 - Running for 20 episodes
2018-04-30 22:05:53,877 - (test) Average reward per episode: -105.55
2018-04-30 22:05:53,877 - Standard deviation: 6.224748990923248
2018-04-30 22:07:01,983 - Episode 16100
2018-04-30 22:07:01,983 - Step 2782361
2018-04-30 22:07:02,625 - Episode reward mean: -120.930
2018-04-30 22:07:02,626 - Episode reward std: 25.724
2018-04-30 22:08:14,845 - Episode 16200
2018-04-30 22:08:14,845 - Step 2795408
2018-04-30 22:08:15,423 - Episode reward mean: -130.250
2018-04-30 22:08:15,424 - Episode reward std: 26.546
2018-04-30 22:09:22,361 - Episode 16300
2018-04-30 22:09:22,362 - Step 2807112
2018-04-30 22:09:23,036 - Episode reward mean: -117.220
2018-04-30 22:09:23,036 - Episode reward std: 23.880
2018-04-30 22:10:26,866 - Episode 16400
2018-04-30 22:10:26,866 - Step 2818593
2018-04-30 22:10:27,453 - Episode reward mean: -114.880
2018-04-30 22:10:27,453 - Episode reward std: 21.672
2018-04-30 22:11:30,032 - Episode 16500
2018-04-30 22:11:30,032 - Step 2829880
2018-04-30 22:11:30,714 - Episode reward mean: -112.800
2018-04-30 22:11:30,714 - Episode reward std: 18.635
2018-04-30 22:11:30,715 - **Testing mode
2018-04-30 22:11:30,715 - Running for 20 episodes
2018-04-30 22:11:33,321 - (test) Average reward per episode: -104.95
2018-04-30 22:11:33,321 - Standard deviation: 14.154416271962614
2018-04-30 22:11:33,341 - Beat previous value of -105.3! Saved model to models/mcar_dqn_H/mcar_dqn_H.h5
2018-04-30 22:12:39,052 - Episode 16600
2018-04-30 22:12:39,052 - Step 2841668
2018-04-30 22:12:39,815 - Episode reward mean: -118.160
2018-04-30 22:12:39,815 - Episode reward std: 19.465
2018-04-30 22:13:25,729 - Saved model for rendering to models/mcar_dqn_H/mcar_dqn_H_1_of_3.h5
2018-04-30 22:13:48,737 - Episode 16700
2018-04-30 22:13:48,738 - Step 2853970
2018-04-30 22:13:49,631 - Episode reward mean: -123.270
2018-04-30 22:13:49,631 - Episode reward std: 27.138
2018-04-30 22:14:55,889 - Episode 16800
2018-04-30 22:14:55,890 - Step 2865873
2018-04-30 22:14:56,603 - Episode reward mean: -118.540
2018-04-30 22:14:56,604 - Episode reward std: 24.339
2018-04-30 22:15:58,034 - Episode 16900
2018-04-30 22:15:58,034 - Step 2877078
2018-04-30 22:15:58,810 - Episode reward mean: -112.190
2018-04-30 22:15:58,811 - Episode reward std: 21.082
2018-04-30 22:17:02,367 - Episode 17000
2018-04-30 22:17:02,367 - Step 2888560
2018-04-30 22:17:02,934 - Episode reward mean: -114.660
2018-04-30 22:17:02,934 - Episode reward std: 20.240
2018-04-30 22:17:02,934 - **Testing mode
2018-04-30 22:17:02,934 - Running for 20 episodes
2018-04-30 22:17:05,461 - (test) Average reward per episode: -102.45
2018-04-30 22:17:05,461 - Standard deviation: 7.248965443427083
2018-04-30 22:17:05,483 - Beat previous value of -104.95! Saved model to models/mcar_dqn_H/mcar_dqn_H.h5
2018-04-30 22:18:11,561 - Episode 17100
2018-04-30 22:18:11,561 - Step 2900227
2018-04-30 22:18:12,395 - Episode reward mean: -117.150
2018-04-30 22:18:12,395 - Episode reward std: 24.693
2018-04-30 22:19:12,557 - Episode 17200
2018-04-30 22:19:12,558 - Step 2911252
2018-04-30 22:19:13,250 - Episode reward mean: -109.820
2018-04-30 22:19:13,250 - Episode reward std: 17.865
2018-04-30 22:20:19,598 - Episode 17300
2018-04-30 22:20:19,598 - Step 2923208
2018-04-30 22:20:20,245 - Episode reward mean: -119.470
2018-04-30 22:20:20,245 - Episode reward std: 24.650
2018-04-30 22:21:32,739 - Episode 17400
2018-04-30 22:21:32,739 - Step 2936212
2018-04-30 22:21:33,426 - Episode reward mean: -130.150
2018-04-30 22:21:33,426 - Episode reward std: 33.741
2018-04-30 22:22:44,866 - Episode 17500
2018-04-30 22:22:44,866 - Step 2948899
2018-04-30 22:22:45,624 - Episode reward mean: -127.000
2018-04-30 22:22:45,624 - Episode reward std: 33.852
2018-04-30 22:22:45,624 - **Testing mode
2018-04-30 22:22:45,624 - Running for 20 episodes
2018-04-30 22:22:48,196 - (test) Average reward per episode: -111.6
2018-04-30 22:22:48,196 - Standard deviation: 23.4081182498722
2018-04-30 22:24:04,633 - Episode 17600
2018-04-30 22:24:04,633 - Step 2962478
2018-04-30 22:24:05,308 - Episode reward mean: -135.660
2018-04-30 22:24:05,309 - Episode reward std: 33.749
2018-04-30 22:25:21,772 - Episode 17700
2018-04-30 22:25:21,773 - Step 2976017
2018-04-30 22:25:22,415 - Episode reward mean: -135.340
2018-04-30 22:25:22,416 - Episode reward std: 34.010
2018-04-30 22:26:39,214 - Episode 17800
2018-04-30 22:26:39,214 - Step 2989671
2018-04-30 22:26:40,150 - Episode reward mean: -137.100
2018-04-30 22:26:40,150 - Episode reward std: 35.655
2018-04-30 22:27:59,121 - Episode 17900
2018-04-30 22:27:59,121 - Step 3003766
2018-04-30 22:28:00,189 - Episode reward mean: -141.060
2018-04-30 22:28:00,189 - Episode reward std: 37.111
2018-04-30 22:29:23,080 - Episode 18000
2018-04-30 22:29:23,080 - Step 3018889
2018-04-30 22:29:23,768 - Episode reward mean: -150.620
2018-04-30 22:29:23,769 - Episode reward std: 39.112
2018-04-30 22:29:23,769 - **Testing mode
2018-04-30 22:29:23,769 - Running for 20 episodes
2018-04-30 22:29:26,180 - (test) Average reward per episode: -107.4
2018-04-30 22:29:26,181 - Standard deviation: 20.433795535827404
2018-04-30 22:30:47,818 - Episode 18100
2018-04-30 22:30:47,818 - Step 3033553
2018-04-30 22:30:48,817 - Episode reward mean: -147.090
2018-04-30 22:30:48,818 - Episode reward std: 35.094
2018-04-30 22:32:05,589 - Episode 18200
2018-04-30 22:32:05,590 - Step 3047689
2018-04-30 22:32:06,344 - Episode reward mean: -140.950
2018-04-30 22:32:06,344 - Episode reward std: 33.361
2018-04-30 22:33:25,641 - Episode 18300
2018-04-30 22:33:25,641 - Step 3062005
2018-04-30 22:33:26,481 - Episode reward mean: -143.570
2018-04-30 22:33:26,481 - Episode reward std: 35.766
2018-04-30 22:34:41,752 - Episode 18400
2018-04-30 22:34:41,752 - Step 3075476
2018-04-30 22:34:42,306 - Episode reward mean: -134.030
2018-04-30 22:34:42,307 - Episode reward std: 34.650
2018-04-30 22:35:55,196 - Episode 18500
2018-04-30 22:35:55,196 - Step 3088407
2018-04-30 22:35:55,757 - Episode reward mean: -129.440
2018-04-30 22:35:55,758 - Episode reward std: 28.032
2018-04-30 22:35:55,758 - **Testing mode
2018-04-30 22:35:55,758 - Running for 20 episodes
2018-04-30 22:35:58,045 - (test) Average reward per episode: -102.9
2018-04-30 22:35:58,045 - Standard deviation: 10.8531101533155
2018-04-30 22:37:09,896 - Episode 18600
2018-04-30 22:37:09,896 - Step 3101217
2018-04-30 22:37:10,678 - Episode reward mean: -128.430
2018-04-30 22:37:10,678 - Episode reward std: 32.253
2018-04-30 22:38:22,528 - Episode 18700
2018-04-30 22:38:22,528 - Step 3114065
2018-04-30 22:38:23,028 - Episode reward mean: -128.080
2018-04-30 22:38:23,028 - Episode reward std: 31.604
2018-04-30 22:39:31,897 - Episode 18800
2018-04-30 22:39:31,897 - Step 3126409
2018-04-30 22:39:32,879 - Episode reward mean: -124.080
2018-04-30 22:39:32,879 - Episode reward std: 30.207
2018-04-30 22:40:44,790 - Episode 18900
2018-04-30 22:40:44,790 - Step 3139218
2018-04-30 22:40:45,398 - Episode reward mean: -127.400
2018-04-30 22:40:45,398 - Episode reward std: 30.664
2018-04-30 22:42:01,462 - Episode 19000
2018-04-30 22:42:01,463 - Step 3153075
2018-04-30 22:42:02,115 - Episode reward mean: -138.680
2018-04-30 22:42:02,115 - Episode reward std: 30.660
2018-04-30 22:42:02,115 - **Testing mode
2018-04-30 22:42:02,115 - Running for 20 episodes
2018-04-30 22:42:05,173 - (test) Average reward per episode: -127.85
2018-04-30 22:42:05,173 - Standard deviation: 37.139298593269096
2018-04-30 22:43:22,784 - Episode 19100
2018-04-30 22:43:22,785 - Step 3166973
2018-04-30 22:43:23,296 - Episode reward mean: -138.750
2018-04-30 22:43:23,296 - Episode reward std: 34.379
2018-04-30 22:44:42,080 - Episode 19200
2018-04-30 22:44:42,080 - Step 3181151
2018-04-30 22:44:42,786 - Episode reward mean: -142.050
2018-04-30 22:44:42,786 - Episode reward std: 31.531
2018-04-30 22:46:03,035 - Episode 19300
2018-04-30 22:46:03,035 - Step 3195285
2018-04-30 22:46:03,972 - Episode reward mean: -142.220
2018-04-30 22:46:03,972 - Episode reward std: 33.249
2018-04-30 22:47:25,855 - Episode 19400
2018-04-30 22:47:25,856 - Step 3210079
2018-04-30 22:47:26,810 - Episode reward mean: -147.940
2018-04-30 22:47:26,810 - Episode reward std: 38.619
2018-04-30 22:48:43,339 - Episode 19500
2018-04-30 22:48:43,339 - Step 3223644
2018-04-30 22:48:44,147 - Episode reward mean: -135.220
2018-04-30 22:48:44,148 - Episode reward std: 38.806
2018-04-30 22:48:44,148 - **Testing mode
2018-04-30 22:48:44,148 - Running for 20 episodes
2018-04-30 22:48:46,592 - (test) Average reward per episode: -109.05
2018-04-30 22:48:46,592 - Standard deviation: 24.512190844557324
2018-04-30 22:50:03,032 - Episode 19600
2018-04-30 22:50:03,032 - Step 3237252
2018-04-30 22:50:04,014 - Episode reward mean: -136.240
2018-04-30 22:50:04,015 - Episode reward std: 34.993
2018-04-30 22:51:27,195 - Episode 19700
2018-04-30 22:51:27,195 - Step 3252035
2018-04-30 22:51:27,924 - Episode reward mean: -147.650
2018-04-30 22:51:27,924 - Episode reward std: 31.096
2018-04-30 22:52:41,683 - Episode 19800
2018-04-30 22:52:41,683 - Step 3265252
2018-04-30 22:52:42,872 - Episode reward mean: -132.550
2018-04-30 22:52:42,872 - Episode reward std: 29.472
2018-04-30 22:54:00,740 - Episode 19900
2018-04-30 22:54:00,740 - Step 3279230
2018-04-30 22:54:01,349 - Episode reward mean: -138.980
2018-04-30 22:54:01,349 - Episode reward std: 28.574
2018-04-30 22:55:24,627 - Episode 20000
2018-04-30 22:55:24,628 - Step 3293752
2018-04-30 22:55:25,143 - Episode reward mean: -145.110
2018-04-30 22:55:25,144 - Episode reward std: 35.725
2018-04-30 22:55:25,144 - **Testing mode
2018-04-30 22:55:25,144 - Running for 20 episodes
2018-04-30 22:55:27,858 - (test) Average reward per episode: -111.25
2018-04-30 22:55:27,858 - Standard deviation: 27.062658775515757
2018-04-30 22:56:47,278 - Episode 20100
2018-04-30 22:56:47,278 - Step 3307951
2018-04-30 22:56:47,767 - Episode reward mean: -141.850
2018-04-30 22:56:47,767 - Episode reward std: 35.765
2018-04-30 22:58:06,636 - Episode 20200
2018-04-30 22:58:06,636 - Step 3321962
2018-04-30 22:58:07,285 - Episode reward mean: -140.350
2018-04-30 22:58:07,286 - Episode reward std: 31.786
2018-04-30 22:59:27,063 - Episode 20300
2018-04-30 22:59:27,063 - Step 3336296
2018-04-30 22:59:28,032 - Episode reward mean: -143.910
2018-04-30 22:59:28,032 - Episode reward std: 32.909
2018-04-30 23:00:53,294 - Episode 20400
2018-04-30 23:00:53,343 - Step 3351622
2018-04-30 23:00:54,376 - Episode reward mean: -153.570
2018-04-30 23:00:54,377 - Episode reward std: 36.795
2018-04-30 23:02:23,299 - Episode 20500
2018-04-30 23:02:23,299 - Step 3367686
2018-04-30 23:02:24,122 - Episode reward mean: -160.190
2018-04-30 23:02:24,123 - Episode reward std: 33.185
2018-04-30 23:02:24,123 - **Testing mode
2018-04-30 23:02:24,123 - Running for 20 episodes
2018-04-30 23:02:27,163 - (test) Average reward per episode: -124.55
2018-04-30 23:02:27,164 - Standard deviation: 35.248368756582195
2018-04-30 23:03:41,945 - Episode 20600
2018-04-30 23:03:41,945 - Step 3381032
2018-04-30 23:03:42,421 - Episode reward mean: -132.920
2018-04-30 23:03:42,421 - Episode reward std: 33.257
2018-04-30 23:04:44,743 - Episode 20700
2018-04-30 23:04:44,743 - Step 3393148
2018-04-30 23:04:45,201 - Episode reward mean: -121.240
2018-04-30 23:04:45,202 - Episode reward std: 27.023
2018-04-30 23:05:37,087 - Episode 20800
2018-04-30 23:05:37,087 - Step 3404276
2018-04-30 23:05:37,446 - Episode reward mean: -111.090
2018-04-30 23:05:37,446 - Episode reward std: 20.472
2018-04-30 23:06:33,784 - Episode 20900
2018-04-30 23:06:33,784 - Step 3416281
2018-04-30 23:06:34,227 - Episode reward mean: -120.200
2018-04-30 23:06:34,227 - Episode reward std: 27.396
2018-04-30 23:07:27,095 - Episode 21000
2018-04-30 23:07:27,095 - Step 3427532
2018-04-30 23:07:27,596 - Episode reward mean: -112.520
2018-04-30 23:07:27,597 - Episode reward std: 21.422
2018-04-30 23:07:27,597 - **Testing mode
2018-04-30 23:07:27,597 - Running for 20 episodes
2018-04-30 23:07:29,284 - (test) Average reward per episode: -91.7
2018-04-30 23:07:29,284 - Standard deviation: 8.173738434767778
2018-04-30 23:07:29,301 - Beat previous value of -102.45! Saved model to models/mcar_dqn_H/mcar_dqn_H.h5
2018-04-30 23:08:35,189 - Episode 21100
2018-04-30 23:08:35,189 - Step 3438788
2018-04-30 23:08:35,787 - Episode reward mean: -112.380
2018-04-30 23:08:35,787 - Episode reward std: 22.295
2018-04-30 23:09:57,324 - Episode 21200
2018-04-30 23:09:57,324 - Step 3451881
2018-04-30 23:09:58,029 - Episode reward mean: -131.100
2018-04-30 23:09:58,029 - Episode reward std: 39.135
2018-04-30 23:11:17,645 - Episode 21300
2018-04-30 23:11:17,645 - Step 3464747
2018-04-30 23:11:18,129 - Episode reward mean: -128.580
2018-04-30 23:11:18,129 - Episode reward std: 34.166
2018-04-30 23:12:39,210 - Episode 21400
2018-04-30 23:12:39,210 - Step 3477987
2018-04-30 23:12:40,023 - Episode reward mean: -132.950
2018-04-30 23:12:40,023 - Episode reward std: 35.097
2018-04-30 23:14:09,417 - Episode 21500
2018-04-30 23:14:09,417 - Step 3492880
2018-04-30 23:14:10,367 - Episode reward mean: -148.900
2018-04-30 23:14:10,368 - Episode reward std: 30.465
2018-04-30 23:14:10,368 - **Testing mode
2018-04-30 23:14:10,368 - Running for 20 episodes
2018-04-30 23:14:13,679 - (test) Average reward per episode: -134.85
2018-04-30 23:14:13,679 - Standard deviation: 35.34158315638958
2018-04-30 23:15:36,019 - Episode 21600
2018-04-30 23:15:36,019 - Step 3507534
2018-04-30 23:15:36,905 - Episode reward mean: -146.530
2018-04-30 23:15:36,906 - Episode reward std: 27.916
2018-04-30 23:16:58,733 - Episode 21700
2018-04-30 23:16:58,733 - Step 3521500
2018-04-30 23:16:59,942 - Episode reward mean: -140.090
2018-04-30 23:16:59,942 - Episode reward std: 32.721
2018-04-30 23:18:18,028 - Episode 21800
2018-04-30 23:18:18,028 - Step 3534283
2018-04-30 23:18:18,753 - Episode reward mean: -127.030
2018-04-30 23:18:18,753 - Episode reward std: 26.717
2018-04-30 23:19:29,850 - Episode 21900
2018-04-30 23:19:29,850 - Step 3546347
2018-04-30 23:19:30,629 - Episode reward mean: -120.980
2018-04-30 23:19:30,630 - Episode reward std: 24.931
2018-04-30 23:20:40,659 - Episode 22000
2018-04-30 23:20:40,659 - Step 3558072
2018-04-30 23:20:41,257 - Episode reward mean: -116.950
2018-04-30 23:20:41,257 - Episode reward std: 20.205
2018-04-30 23:20:41,257 - **Testing mode
2018-04-30 23:20:41,257 - Running for 20 episodes
2018-04-30 23:20:43,626 - (test) Average reward per episode: -102.35
2018-04-30 23:20:43,627 - Standard deviation: 5.479735395071554
2018-04-30 23:21:54,335 - Episode 22100
2018-04-30 23:21:54,335 - Step 3569757
2018-04-30 23:21:55,087 - Episode reward mean: -116.830
2018-04-30 23:21:55,087 - Episode reward std: 27.071
2018-04-30 23:23:06,165 - Episode 22200
2018-04-30 23:23:06,165 - Step 3581432
2018-04-30 23:23:06,867 - Episode reward mean: -116.660
2018-04-30 23:23:06,867 - Episode reward std: 22.932
