2018-04-29 18:41:44,671 - Command line args: Namespace(N=50, actor_lr=0.01, actor_model_path=None, alg='dqn', alt_learn=False, combined_replay=True, critic_lr=0.01, critic_model_path=None, deepness='deep', env_name='MountainCar-v0', epsilon=0.5, gamma=0.99, hindsight=True, lr=0.0001, memory_size=50000, model_name='mcar_dqn_CH', num_episodes=50000, priority_replay=False, record_video_only=False, render=False, replay_batch=32, seed=None, test_mod=500, test_only=False, train_mod=100)
2018-04-29 18:41:44,671 - Log saving to logs/mcar_dqn_CH_2018_04_29_18_41_44.log
2018-04-29 18:41:44,671 - Alg: dqn
2018-04-29 18:41:44,672 - Numpy random seed 2672827536
2018-04-29 18:41:44,676 - Gym seed set to 2672827536
2018-04-29 18:41:44,677 - Using deep architecture.
2018-04-29 18:41:44,760 - Using initial learning rate 0.0001
2018-04-29 18:41:45,124 - Using combined replay
2018-04-29 18:41:45,124 - Using hindsight replay
2018-04-29 18:41:45,125 - Creating replay buffer with initial max size of 50000
2018-04-29 18:41:45,125 - Burning in 10000 lines
2018-04-29 18:42:29,056 - Training for 50000 episodes
2018-04-29 18:42:29,057 - Episode 0
2018-04-29 18:42:29,057 - Step 0
2018-04-29 18:42:34,589 - Episode reward mean: -2.000
2018-04-29 18:42:34,589 - Episode reward std: 19.800
2018-04-29 18:42:34,744 - Saved model for rendering to models/mcar_dqn_CH/mcar_dqn_CH_0_of_3.h5
2018-04-29 18:50:00,027 - Episode 100
2018-04-29 18:50:00,028 - Step 20000
2018-04-29 18:50:04,444 - Episode reward mean: -200.000
2018-04-29 18:50:04,445 - Episode reward std: 0.000
2018-04-29 18:57:27,945 - Episode 200
2018-04-29 18:57:27,945 - Step 40000
2018-04-29 18:57:32,315 - Episode reward mean: -200.000
2018-04-29 18:57:32,316 - Episode reward std: 0.000
2018-04-29 19:04:51,683 - Episode 300
2018-04-29 19:04:51,684 - Step 60000
2018-04-29 19:04:56,166 - Episode reward mean: -200.000
2018-04-29 19:04:56,167 - Episode reward std: 0.000
2018-04-29 19:12:11,126 - Episode 400
2018-04-29 19:12:11,127 - Step 79929
2018-04-29 19:12:15,518 - Episode reward mean: -199.290
2018-04-29 19:12:15,518 - Episode reward std: 7.064
2018-04-29 19:19:29,931 - Episode 500
2018-04-29 19:19:29,932 - Step 99928
2018-04-29 19:19:34,354 - Episode reward mean: -199.990
2018-04-29 19:19:34,354 - Episode reward std: 0.099
2018-04-29 19:19:34,355 - **Testing mode
2018-04-29 19:19:34,355 - Running for 20 episodes
2018-04-29 19:19:51,632 - (test) Average reward per episode: -200.0
2018-04-29 19:19:51,632 - Standard deviation: 0.0
2018-04-29 19:19:51,683 - Beat previous value of None! Saved model to models/mcar_dqn_CH/mcar_dqn_CH.h5
2018-04-29 19:27:06,717 - Episode 600
2018-04-29 19:27:06,718 - Step 119841
2018-04-29 19:27:11,134 - Episode reward mean: -199.130
2018-04-29 19:27:11,134 - Episode reward std: 7.630
2018-04-29 19:34:26,473 - Episode 700
2018-04-29 19:34:26,473 - Step 139841
2018-04-29 19:34:30,944 - Episode reward mean: -200.000
2018-04-29 19:34:30,944 - Episode reward std: 0.000
2018-04-29 19:41:46,594 - Episode 800
2018-04-29 19:41:46,594 - Step 159841
2018-04-29 19:41:51,009 - Episode reward mean: -200.000
2018-04-29 19:41:51,009 - Episode reward std: 0.000
2018-04-29 19:49:03,759 - Episode 900
2018-04-29 19:49:03,759 - Step 179631
2018-04-29 19:49:08,209 - Episode reward mean: -197.900
2018-04-29 19:49:08,210 - Episode reward std: 14.706
2018-04-29 19:56:26,589 - Episode 1000
2018-04-29 19:56:26,589 - Step 199606
2018-04-29 19:56:30,911 - Episode reward mean: -199.750
2018-04-29 19:56:30,911 - Episode reward std: 2.046
2018-04-29 19:56:30,911 - **Testing mode
2018-04-29 19:56:30,912 - Running for 20 episodes
2018-04-29 19:56:47,772 - (test) Average reward per episode: -200.0
2018-04-29 19:56:47,772 - Standard deviation: 0.0
2018-04-29 20:04:03,117 - Episode 1100
2018-04-29 20:04:03,117 - Step 219606
2018-04-29 20:04:07,616 - Episode reward mean: -200.000
2018-04-29 20:04:07,617 - Episode reward std: 0.000
2018-04-29 20:11:25,467 - Episode 1200
2018-04-29 20:11:25,468 - Step 239603
2018-04-29 20:11:30,037 - Episode reward mean: -199.970
2018-04-29 20:11:30,037 - Episode reward std: 0.298
2018-04-29 20:18:43,255 - Episode 1300
2018-04-29 20:18:43,256 - Step 259603
2018-04-29 20:18:47,741 - Episode reward mean: -200.000
2018-04-29 20:18:47,741 - Episode reward std: 0.000
2018-04-29 20:25:59,934 - Episode 1400
2018-04-29 20:25:59,934 - Step 279411
2018-04-29 20:26:04,440 - Episode reward mean: -198.080
2018-04-29 20:26:04,440 - Episode reward std: 11.606
2018-04-29 20:33:16,890 - Episode 1500
2018-04-29 20:33:16,891 - Step 299193
2018-04-29 20:33:21,249 - Episode reward mean: -197.820
2018-04-29 20:33:21,251 - Episode reward std: 12.605
2018-04-29 20:33:21,251 - **Testing mode
2018-04-29 20:33:21,252 - Running for 20 episodes
2018-04-29 20:33:38,363 - (test) Average reward per episode: -200.0
2018-04-29 20:33:38,363 - Standard deviation: 0.0
2018-04-29 20:40:44,334 - Episode 1600
2018-04-29 20:40:44,335 - Step 319193
2018-04-29 20:40:48,664 - Episode reward mean: -200.000
2018-04-29 20:40:48,665 - Episode reward std: 0.000
2018-04-29 20:48:02,245 - Episode 1700
2018-04-29 20:48:02,246 - Step 339065
2018-04-29 20:48:06,599 - Episode reward mean: -198.720
2018-04-29 20:48:06,599 - Episode reward std: 8.618
2018-04-29 20:55:18,591 - Episode 1800
2018-04-29 20:55:18,592 - Step 358919
2018-04-29 20:55:22,970 - Episode reward mean: -198.540
2018-04-29 20:55:22,970 - Episode reward std: 9.846
2018-04-29 21:02:12,670 - Episode 1900
2018-04-29 21:02:12,670 - Step 377657
2018-04-29 21:02:17,185 - Episode reward mean: -187.380
2018-04-29 21:02:17,185 - Episode reward std: 28.753
2018-04-29 21:08:34,737 - Episode 2000
2018-04-29 21:08:34,737 - Step 395130
2018-04-29 21:08:39,186 - Episode reward mean: -174.730
2018-04-29 21:08:39,187 - Episode reward std: 27.895
2018-04-29 21:08:39,187 - **Testing mode
2018-04-29 21:08:39,187 - Running for 20 episodes
2018-04-29 21:08:54,481 - (test) Average reward per episode: -180.35
2018-04-29 21:08:54,482 - Standard deviation: 21.305574387938943
2018-04-29 21:08:54,519 - Beat previous value of -200.0! Saved model to models/mcar_dqn_CH/mcar_dqn_CH.h5
2018-04-29 21:14:23,755 - Episode 2100
2018-04-29 21:14:23,755 - Step 410228
2018-04-29 21:14:27,109 - Episode reward mean: -150.510
2018-04-29 21:14:27,110 - Episode reward std: 28.039
2018-04-29 21:20:31,699 - Episode 2200
2018-04-29 21:20:31,701 - Step 426872
2018-04-29 21:20:36,118 - Episode reward mean: -166.910
2018-04-29 21:20:36,118 - Episode reward std: 30.415
2018-04-29 21:27:35,615 - Episode 2300
2018-04-29 21:27:35,615 - Step 446109
2018-04-29 21:27:38,814 - Episode reward mean: -191.800
2018-04-29 21:27:38,814 - Episode reward std: 21.075
2018-04-29 21:33:15,315 - Episode 2400
2018-04-29 21:33:15,316 - Step 461472
2018-04-29 21:33:18,295 - Episode reward mean: -153.560
2018-04-29 21:33:18,296 - Episode reward std: 31.166
2018-04-29 21:38:06,419 - Episode 2500
2018-04-29 21:38:06,420 - Step 474570
2018-04-29 21:38:09,482 - Episode reward mean: -130.970
2018-04-29 21:38:09,482 - Episode reward std: 21.205
2018-04-29 21:38:09,482 - **Testing mode
2018-04-29 21:38:09,482 - Running for 20 episodes
2018-04-29 21:38:20,961 - (test) Average reward per episode: -132.6
2018-04-29 21:38:20,962 - Standard deviation: 23.894350796788768
2018-04-29 21:38:21,004 - Beat previous value of -180.35! Saved model to models/mcar_dqn_CH/mcar_dqn_CH.h5
2018-04-29 21:43:23,641 - Episode 2600
2018-04-29 21:43:23,642 - Step 488423
2018-04-29 21:43:25,983 - Episode reward mean: -138.240
2018-04-29 21:43:25,984 - Episode reward std: 26.348
2018-04-29 21:48:46,788 - Episode 2700
2018-04-29 21:48:46,788 - Step 502943
2018-04-29 21:48:50,622 - Episode reward mean: -145.820
2018-04-29 21:48:50,622 - Episode reward std: 22.606
2018-04-29 21:54:33,546 - Episode 2800
2018-04-29 21:54:33,547 - Step 518511
2018-04-29 21:54:35,627 - Episode reward mean: -154.980
2018-04-29 21:54:35,627 - Episode reward std: 32.149
2018-04-29 22:00:06,990 - Episode 2900
2018-04-29 22:00:06,991 - Step 533563
2018-04-29 22:00:08,905 - Episode reward mean: -150.420
2018-04-29 22:00:08,906 - Episode reward std: 39.735
2018-04-29 22:06:06,945 - Episode 3000
2018-04-29 22:06:06,945 - Step 549869
2018-04-29 22:06:10,486 - Episode reward mean: -163.780
2018-04-29 22:06:10,486 - Episode reward std: 40.117
2018-04-29 22:06:10,486 - **Testing mode
2018-04-29 22:06:10,487 - Running for 20 episodes
2018-04-29 22:06:23,135 - (test) Average reward per episode: -146.3
2018-04-29 22:06:23,135 - Standard deviation: 46.84879934427349
2018-04-29 22:10:35,697 - Episode 3100
2018-04-29 22:10:35,698 - Step 565597
2018-04-29 22:10:37,365 - Episode reward mean: -156.860
2018-04-29 22:10:37,365 - Episode reward std: 46.407
2018-04-29 22:14:31,409 - Episode 3200
2018-04-29 22:14:31,409 - Step 582427
2018-04-29 22:14:32,582 - Episode reward mean: -167.970
2018-04-29 22:14:32,582 - Episode reward std: 43.726
2018-04-29 22:18:28,013 - Episode 3300
2018-04-29 22:18:28,013 - Step 599393
2018-04-29 22:18:29,278 - Episode reward mean: -169.720
2018-04-29 22:18:29,279 - Episode reward std: 44.423
2018-04-29 22:23:19,754 - Episode 3400
2018-04-29 22:23:19,754 - Step 616206
2018-04-29 22:23:23,287 - Episode reward mean: -169.220
2018-04-29 22:23:23,289 - Episode reward std: 41.582
2018-04-29 22:28:40,948 - Episode 3500
2018-04-29 22:28:40,948 - Step 632452
2018-04-29 22:28:44,920 - Episode reward mean: -162.460
2018-04-29 22:28:44,920 - Episode reward std: 46.749
2018-04-29 22:28:44,920 - **Testing mode
2018-04-29 22:28:44,920 - Running for 20 episodes
2018-04-29 22:28:56,149 - (test) Average reward per episode: -146.1
2018-04-29 22:28:56,150 - Standard deviation: 54.0397076231913
2018-04-29 22:34:27,408 - Episode 3600
2018-04-29 22:34:27,409 - Step 648245
2018-04-29 22:34:29,597 - Episode reward mean: -156.960
2018-04-29 22:34:29,597 - Episode reward std: 49.034
2018-04-29 22:40:36,770 - Episode 3700
2018-04-29 22:40:36,771 - Step 665551
2018-04-29 22:40:38,644 - Episode reward mean: -172.910
2018-04-29 22:40:38,645 - Episode reward std: 42.741
2018-04-29 22:46:41,624 - Episode 3800
2018-04-29 22:46:41,625 - Step 682664
2018-04-29 22:46:45,819 - Episode reward mean: -172.250
2018-04-29 22:46:45,819 - Episode reward std: 43.175
2018-04-29 22:53:01,504 - Episode 3900
2018-04-29 22:53:01,504 - Step 700623
2018-04-29 22:53:05,731 - Episode reward mean: -179.590
2018-04-29 22:53:05,732 - Episode reward std: 38.977
2018-04-29 22:59:14,543 - Episode 4000
2018-04-29 22:59:14,543 - Step 718420
2018-04-29 22:59:16,626 - Episode reward mean: -176.970
2018-04-29 22:59:16,627 - Episode reward std: 41.989
2018-04-29 22:59:16,627 - **Testing mode
2018-04-29 22:59:16,627 - Running for 20 episodes
2018-04-29 22:59:29,547 - (test) Average reward per episode: -160.7
2018-04-29 22:59:29,548 - Standard deviation: 53.584605998364864
2018-04-29 23:05:26,554 - Episode 4100
2018-04-29 23:05:26,555 - Step 735544
2018-04-29 23:05:30,802 - Episode reward mean: -172.240
2018-04-29 23:05:30,802 - Episode reward std: 46.296
2018-04-29 23:11:31,535 - Episode 4200
2018-04-29 23:11:31,536 - Step 752929
2018-04-29 23:11:35,155 - Episode reward mean: -173.520
2018-04-29 23:11:35,155 - Episode reward std: 43.511
2018-04-29 23:17:32,309 - Episode 4300
2018-04-29 23:17:32,309 - Step 770211
2018-04-29 23:17:36,283 - Episode reward mean: -173.150
2018-04-29 23:17:36,283 - Episode reward std: 43.170
2018-04-29 23:23:28,516 - Episode 4400
2018-04-29 23:23:28,516 - Step 787350
2018-04-29 23:23:32,643 - Episode reward mean: -171.390
2018-04-29 23:23:32,643 - Episode reward std: 43.480
2018-04-29 23:29:05,499 - Episode 4500
2018-04-29 23:29:05,499 - Step 803562
2018-04-29 23:29:07,402 - Episode reward mean: -161.010
2018-04-29 23:29:07,402 - Episode reward std: 45.352
2018-04-29 23:29:07,402 - **Testing mode
2018-04-29 23:29:07,403 - Running for 20 episodes
2018-04-29 23:29:19,299 - (test) Average reward per episode: -146.6
2018-04-29 23:29:19,300 - Standard deviation: 47.375521105313446
2018-04-29 23:34:49,409 - Episode 4600
2018-04-29 23:34:49,409 - Step 819518
2018-04-29 23:34:53,448 - Episode reward mean: -160.670
2018-04-29 23:34:53,449 - Episode reward std: 43.747
2018-04-29 23:40:11,249 - Episode 4700
2018-04-29 23:40:11,249 - Step 834949
2018-04-29 23:40:13,086 - Episode reward mean: -153.170
2018-04-29 23:40:13,087 - Episode reward std: 42.031
2018-04-29 23:45:29,396 - Episode 4800
2018-04-29 23:45:29,397 - Step 850249
2018-04-29 23:45:32,757 - Episode reward mean: -153.750
2018-04-29 23:45:32,758 - Episode reward std: 44.095
2018-04-29 23:50:44,336 - Episode 4900
2018-04-29 23:50:44,336 - Step 865378
2018-04-29 23:50:46,440 - Episode reward mean: -150.680
2018-04-29 23:50:46,440 - Episode reward std: 40.364
2018-04-29 23:56:04,486 - Episode 5000
2018-04-29 23:56:04,487 - Step 880685
2018-04-29 23:56:08,334 - Episode reward mean: -153.950
2018-04-29 23:56:08,334 - Episode reward std: 35.658
2018-04-29 23:56:08,335 - **Testing mode
2018-04-29 23:56:08,335 - Running for 20 episodes
2018-04-29 23:56:17,523 - (test) Average reward per episode: -114.1
2018-04-29 23:56:17,523 - Standard deviation: 37.2396294288759
2018-04-29 23:56:17,561 - Beat previous value of -132.6! Saved model to models/mcar_dqn_CH/mcar_dqn_CH.h5
2018-04-30 00:01:25,510 - Episode 5100
2018-04-30 00:01:25,511 - Step 895570
2018-04-30 00:01:28,875 - Episode reward mean: -148.540
2018-04-30 00:01:28,875 - Episode reward std: 29.053
2018-04-30 00:06:48,052 - Episode 5200
2018-04-30 00:06:48,052 - Step 911044
2018-04-30 00:06:51,615 - Episode reward mean: -154.860
2018-04-30 00:06:51,616 - Episode reward std: 32.151
2018-04-30 00:11:58,651 - Episode 5300
2018-04-30 00:11:58,652 - Step 925961
2018-04-30 00:12:01,544 - Episode reward mean: -148.870
2018-04-30 00:12:01,545 - Episode reward std: 33.196
2018-04-30 00:17:05,310 - Episode 5400
2018-04-30 00:17:05,311 - Step 940674
2018-04-30 00:17:08,966 - Episode reward mean: -147.560
2018-04-30 00:17:08,966 - Episode reward std: 31.098
2018-04-30 00:22:14,119 - Episode 5500
2018-04-30 00:22:14,119 - Step 955496
2018-04-30 00:22:17,297 - Episode reward mean: -147.900
2018-04-30 00:22:17,298 - Episode reward std: 35.005
2018-04-30 00:22:17,298 - **Testing mode
2018-04-30 00:22:17,298 - Running for 20 episodes
2018-04-30 00:22:27,684 - (test) Average reward per episode: -127.05
2018-04-30 00:22:27,685 - Standard deviation: 36.79602560059986
2018-04-30 00:27:48,021 - Episode 5600
2018-04-30 00:27:48,021 - Step 971031
2018-04-30 00:27:49,764 - Episode reward mean: -154.700
2018-04-30 00:27:49,765 - Episode reward std: 36.087
2018-04-30 00:33:12,852 - Episode 5700
2018-04-30 00:33:12,852 - Step 986560
2018-04-30 00:33:15,007 - Episode reward mean: -155.410
2018-04-30 00:33:15,007 - Episode reward std: 38.857
2018-04-30 00:38:54,252 - Episode 5800
2018-04-30 00:38:54,253 - Step 1002958
2018-04-30 00:38:57,508 - Episode reward mean: -164.830
2018-04-30 00:38:57,509 - Episode reward std: 33.657
2018-04-30 00:44:28,965 - Episode 5900
2018-04-30 00:44:28,965 - Step 1019301
2018-04-30 00:44:32,818 - Episode reward mean: -163.390
2018-04-30 00:44:32,819 - Episode reward std: 36.685
2018-04-30 00:49:56,700 - Episode 6000
2018-04-30 00:49:56,701 - Step 1035045
2018-04-30 00:49:58,870 - Episode reward mean: -156.690
2018-04-30 00:49:58,870 - Episode reward std: 29.754
2018-04-30 00:49:58,870 - **Testing mode
2018-04-30 00:49:58,870 - Running for 20 episodes
2018-04-30 00:50:11,068 - (test) Average reward per episode: -150.2
2018-04-30 00:50:11,069 - Standard deviation: 37.64385740064373
2018-04-30 00:55:23,281 - Episode 6100
2018-04-30 00:55:23,281 - Step 1050169
2018-04-30 00:55:25,947 - Episode reward mean: -151.460
2018-04-30 00:55:25,948 - Episode reward std: 29.576
2018-04-30 01:00:30,265 - Episode 6200
2018-04-30 01:00:30,265 - Step 1064901
2018-04-30 01:00:33,713 - Episode reward mean: -147.810
2018-04-30 01:00:33,713 - Episode reward std: 32.196
2018-04-30 01:05:43,440 - Episode 6300
2018-04-30 01:05:43,441 - Step 1079917
2018-04-30 01:05:46,856 - Episode reward mean: -150.050
2018-04-30 01:05:46,856 - Episode reward std: 30.765
2018-04-30 01:10:51,913 - Episode 6400
2018-04-30 01:10:51,913 - Step 1094764
2018-04-30 01:10:54,220 - Episode reward mean: -147.950
2018-04-30 01:10:54,220 - Episode reward std: 31.044
2018-04-30 01:16:06,717 - Episode 6500
2018-04-30 01:16:06,717 - Step 1109940
2018-04-30 01:16:08,792 - Episode reward mean: -151.650
2018-04-30 01:16:08,792 - Episode reward std: 33.399
2018-04-30 01:16:08,792 - **Testing mode
2018-04-30 01:16:08,792 - Running for 20 episodes
2018-04-30 01:16:20,130 - (test) Average reward per episode: -139.15
2018-04-30 01:16:20,130 - Standard deviation: 40.640220225781256
2018-04-30 01:21:20,687 - Episode 6600
2018-04-30 01:21:20,688 - Step 1124551
2018-04-30 01:21:24,489 - Episode reward mean: -146.890
2018-04-30 01:21:24,489 - Episode reward std: 35.108
2018-04-30 01:26:31,399 - Episode 6700
2018-04-30 01:26:31,399 - Step 1139609
2018-04-30 01:26:33,219 - Episode reward mean: -149.700
2018-04-30 01:26:33,219 - Episode reward std: 29.335
2018-04-30 01:31:30,234 - Episode 6800
2018-04-30 01:31:30,235 - Step 1154046
2018-04-30 01:31:33,747 - Episode reward mean: -145.140
2018-04-30 01:31:33,747 - Episode reward std: 32.288
2018-04-30 01:36:31,246 - Episode 6900
2018-04-30 01:36:31,247 - Step 1168571
2018-04-30 01:36:34,557 - Episode reward mean: -145.130
2018-04-30 01:36:34,557 - Episode reward std: 33.870
2018-04-30 01:41:42,604 - Episode 7000
2018-04-30 01:41:42,605 - Step 1183618
2018-04-30 01:41:46,144 - Episode reward mean: -150.600
2018-04-30 01:41:46,145 - Episode reward std: 32.651
2018-04-30 01:41:46,145 - **Testing mode
2018-04-30 01:41:46,145 - Running for 20 episodes
2018-04-30 01:41:55,928 - (test) Average reward per episode: -121.5
2018-04-30 01:41:55,928 - Standard deviation: 35.88523373199623
2018-04-30 01:46:55,760 - Episode 7100
2018-04-30 01:46:55,762 - Step 1198246
2018-04-30 01:46:58,021 - Episode reward mean: -145.630
2018-04-30 01:46:58,022 - Episode reward std: 32.018
2018-04-30 01:51:54,039 - Episode 7200
2018-04-30 01:51:54,040 - Step 1213356
2018-04-30 01:51:57,122 - Episode reward mean: -151.550
2018-04-30 01:51:57,123 - Episode reward std: 30.304
2018-04-30 01:57:09,704 - Episode 7300
2018-04-30 01:57:09,704 - Step 1228563
2018-04-30 01:57:12,669 - Episode reward mean: -152.070
2018-04-30 01:57:12,670 - Episode reward std: 27.667
2018-04-30 02:02:22,104 - Episode 7400
2018-04-30 02:02:22,104 - Step 1243649
2018-04-30 02:02:26,309 - Episode reward mean: -151.380
2018-04-30 02:02:26,310 - Episode reward std: 30.807
2018-04-30 02:07:42,233 - Episode 7500
2018-04-30 02:07:42,233 - Step 1259110
2018-04-30 02:07:46,037 - Episode reward mean: -154.470
2018-04-30 02:07:46,038 - Episode reward std: 31.151
2018-04-30 02:07:46,038 - **Testing mode
2018-04-30 02:07:46,038 - Running for 20 episodes
2018-04-30 02:07:56,623 - (test) Average reward per episode: -131.85
2018-04-30 02:07:56,624 - Standard deviation: 33.1093264806157
2018-04-30 02:13:34,965 - Episode 7600
2018-04-30 02:13:34,965 - Step 1275599
2018-04-30 02:13:38,529 - Episode reward mean: -164.740
2018-04-30 02:13:38,530 - Episode reward std: 24.583
2018-04-30 02:19:08,568 - Episode 7700
2018-04-30 02:19:08,568 - Step 1291656
2018-04-30 02:19:12,659 - Episode reward mean: -160.860
2018-04-30 02:19:12,660 - Episode reward std: 27.261
2018-04-30 02:24:46,219 - Episode 7800
2018-04-30 02:24:46,219 - Step 1307941
2018-04-30 02:24:49,334 - Episode reward mean: -162.330
2018-04-30 02:24:49,334 - Episode reward std: 29.536
2018-04-30 02:30:10,132 - Episode 7900
2018-04-30 02:30:10,132 - Step 1323799
2018-04-30 02:30:14,346 - Episode reward mean: -159.100
2018-04-30 02:30:14,347 - Episode reward std: 30.955
2018-04-30 02:35:22,318 - Episode 8000
2018-04-30 02:35:22,318 - Step 1338754
2018-04-30 02:35:24,276 - Episode reward mean: -148.500
2018-04-30 02:35:24,277 - Episode reward std: 32.378
2018-04-30 02:35:24,277 - **Testing mode
2018-04-30 02:35:24,277 - Running for 20 episodes
2018-04-30 02:35:35,381 - (test) Average reward per episode: -138.65
2018-04-30 02:35:35,381 - Standard deviation: 30.262641986449232
2018-04-30 02:40:39,564 - Episode 8100
2018-04-30 02:40:39,564 - Step 1353710
2018-04-30 02:40:42,329 - Episode reward mean: -150.100
2018-04-30 02:40:42,329 - Episode reward std: 30.473
2018-04-30 02:45:47,608 - Episode 8200
2018-04-30 02:45:47,608 - Step 1368772
2018-04-30 02:45:50,860 - Episode reward mean: -150.710
2018-04-30 02:45:50,861 - Episode reward std: 27.851
2018-04-30 02:50:54,455 - Episode 8300
2018-04-30 02:50:54,455 - Step 1383490
2018-04-30 02:50:57,644 - Episode reward mean: -147.140
2018-04-30 02:50:57,645 - Episode reward std: 25.699
2018-04-30 02:56:00,017 - Episode 8400
2018-04-30 02:56:00,017 - Step 1398187
2018-04-30 02:56:02,366 - Episode reward mean: -146.520
2018-04-30 02:56:02,367 - Episode reward std: 28.847
2018-04-30 03:01:06,084 - Episode 8500
2018-04-30 03:01:06,084 - Step 1412954
2018-04-30 03:01:09,276 - Episode reward mean: -148.140
2018-04-30 03:01:09,276 - Episode reward std: 30.748
2018-04-30 03:01:09,276 - **Testing mode
2018-04-30 03:01:09,277 - Running for 20 episodes
2018-04-30 03:01:20,157 - (test) Average reward per episode: -130.55
2018-04-30 03:01:20,158 - Standard deviation: 39.78375924922128
2018-04-30 03:06:34,097 - Episode 8600
2018-04-30 03:06:34,098 - Step 1428234
2018-04-30 03:06:38,012 - Episode reward mean: -153.110
2018-04-30 03:06:38,012 - Episode reward std: 31.741
2018-04-30 03:11:33,244 - Episode 8700
2018-04-30 03:11:33,244 - Step 1442686
2018-04-30 03:11:36,417 - Episode reward mean: -144.230
2018-04-30 03:11:36,418 - Episode reward std: 35.718
2018-04-30 03:16:31,407 - Episode 8800
2018-04-30 03:16:31,407 - Step 1457005
2018-04-30 03:16:34,563 - Episode reward mean: -143.150
2018-04-30 03:16:34,564 - Episode reward std: 32.922
2018-04-30 03:21:34,224 - Episode 8900
2018-04-30 03:21:34,224 - Step 1471597
2018-04-30 03:21:37,688 - Episode reward mean: -146.080
2018-04-30 03:21:37,689 - Episode reward std: 32.431
2018-04-30 03:26:40,996 - Episode 9000
2018-04-30 03:26:40,996 - Step 1486393
2018-04-30 03:26:43,928 - Episode reward mean: -147.730
2018-04-30 03:26:43,929 - Episode reward std: 31.554
2018-04-30 03:26:43,929 - **Testing mode
2018-04-30 03:26:43,929 - Running for 20 episodes
2018-04-30 03:26:53,357 - (test) Average reward per episode: -117.35
2018-04-30 03:26:53,358 - Standard deviation: 28.771991589043676
2018-04-30 03:32:08,422 - Episode 9100
2018-04-30 03:32:08,422 - Step 1501700
2018-04-30 03:32:11,506 - Episode reward mean: -153.100
2018-04-30 03:32:11,511 - Episode reward std: 30.528
2018-04-30 03:37:13,509 - Episode 9200
2018-04-30 03:37:13,509 - Step 1516352
2018-04-30 03:37:16,793 - Episode reward mean: -146.530
2018-04-30 03:37:16,794 - Episode reward std: 29.579
2018-04-30 03:42:31,823 - Episode 9300
2018-04-30 03:42:31,824 - Step 1531705
2018-04-30 03:42:36,030 - Episode reward mean: -154.020
2018-04-30 03:42:36,031 - Episode reward std: 26.271
2018-04-30 03:47:29,873 - Episode 9400
2018-04-30 03:47:29,873 - Step 1546145
2018-04-30 03:47:33,133 - Episode reward mean: -144.010
2018-04-30 03:47:33,134 - Episode reward std: 29.884
2018-04-30 03:52:24,908 - Episode 9500
2018-04-30 03:52:24,908 - Step 1560470
2018-04-30 03:52:27,080 - Episode reward mean: -142.690
2018-04-30 03:52:27,080 - Episode reward std: 34.374
2018-04-30 03:52:27,080 - **Testing mode
2018-04-30 03:52:27,080 - Running for 20 episodes
2018-04-30 03:52:37,207 - (test) Average reward per episode: -128.3
2018-04-30 03:52:37,208 - Standard deviation: 31.22194740883406
2018-04-30 03:57:29,679 - Episode 9600
2018-04-30 03:57:29,680 - Step 1574686
2018-04-30 03:57:31,613 - Episode reward mean: -142.060
2018-04-30 03:57:31,614 - Episode reward std: 35.806
2018-04-30 04:02:23,090 - Episode 9700
2018-04-30 04:02:23,090 - Step 1588877
2018-04-30 04:02:25,199 - Episode reward mean: -141.960
2018-04-30 04:02:25,201 - Episode reward std: 30.277
2018-04-30 04:07:24,125 - Episode 9800
2018-04-30 04:07:24,126 - Step 1603319
2018-04-30 04:07:26,136 - Episode reward mean: -144.390
2018-04-30 04:07:26,136 - Episode reward std: 30.437
2018-04-30 04:12:19,457 - Episode 9900
2018-04-30 04:12:19,458 - Step 1617484
2018-04-30 04:12:21,563 - Episode reward mean: -141.680
2018-04-30 04:12:21,563 - Episode reward std: 30.402
2018-04-30 04:17:05,064 - Episode 10000
2018-04-30 04:17:05,065 - Step 1631168
2018-04-30 04:17:06,792 - Episode reward mean: -136.690
2018-04-30 04:17:06,792 - Episode reward std: 28.434
2018-04-30 04:17:06,792 - **Testing mode
2018-04-30 04:17:06,792 - Running for 20 episodes
2018-04-30 04:17:16,276 - (test) Average reward per episode: -122.35
2018-04-30 04:17:16,276 - Standard deviation: 32.21688222035149
2018-04-30 04:22:06,119 - Episode 10100
2018-04-30 04:22:06,120 - Step 1645277
2018-04-30 04:22:07,761 - Episode reward mean: -141.100
2018-04-30 04:22:07,762 - Episode reward std: 26.337
2018-04-30 04:26:42,518 - Episode 10200
2018-04-30 04:26:42,518 - Step 1658602
2018-04-30 04:26:45,810 - Episode reward mean: -133.990
2018-04-30 04:26:45,810 - Episode reward std: 26.994
2018-04-30 04:31:35,932 - Episode 10300
2018-04-30 04:31:35,933 - Step 1672737
2018-04-30 04:31:38,808 - Episode reward mean: -141.130
2018-04-30 04:31:38,809 - Episode reward std: 32.434
2018-04-30 04:36:25,908 - Episode 10400
2018-04-30 04:36:25,908 - Step 1687420
2018-04-30 04:36:29,056 - Episode reward mean: -146.990
2018-04-30 04:36:29,057 - Episode reward std: 34.452
2018-04-30 04:41:15,914 - Episode 10500
2018-04-30 04:41:15,915 - Step 1701834
2018-04-30 04:41:20,050 - Episode reward mean: -144.600
2018-04-30 04:41:20,050 - Episode reward std: 29.070
2018-04-30 04:41:20,051 - **Testing mode
2018-04-30 04:41:20,051 - Running for 20 episodes
2018-04-30 04:41:30,312 - (test) Average reward per episode: -131.15
2018-04-30 04:41:30,313 - Standard deviation: 30.888954336461442
2018-04-30 04:46:21,848 - Episode 10600
2018-04-30 04:46:21,848 - Step 1716023
2018-04-30 04:46:24,781 - Episode reward mean: -141.300
2018-04-30 04:46:24,781 - Episode reward std: 29.402
2018-04-30 04:51:23,366 - Episode 10700
2018-04-30 04:51:23,366 - Step 1730543
2018-04-30 04:51:26,333 - Episode reward mean: -145.250
2018-04-30 04:51:26,333 - Episode reward std: 27.472
2018-04-30 04:56:04,412 - Episode 10800
2018-04-30 04:56:04,412 - Step 1744054
2018-04-30 04:56:07,581 - Episode reward mean: -135.160
2018-04-30 04:56:07,582 - Episode reward std: 25.333
2018-04-30 05:01:08,640 - Episode 10900
2018-04-30 05:01:08,641 - Step 1758658
2018-04-30 05:01:10,839 - Episode reward mean: -145.580
2018-04-30 05:01:10,840 - Episode reward std: 26.533
2018-04-30 05:06:20,231 - Episode 11000
2018-04-30 05:06:20,231 - Step 1773576
2018-04-30 05:06:23,280 - Episode reward mean: -149.610
2018-04-30 05:06:23,281 - Episode reward std: 35.143
2018-04-30 05:06:23,281 - **Testing mode
2018-04-30 05:06:23,281 - Running for 20 episodes
2018-04-30 05:06:32,427 - (test) Average reward per episode: -119.75
2018-04-30 05:06:32,427 - Standard deviation: 35.08258114791442
2018-04-30 05:11:43,306 - Episode 11100
2018-04-30 05:11:43,307 - Step 1788578
2018-04-30 05:11:46,454 - Episode reward mean: -150.040
2018-04-30 05:11:46,454 - Episode reward std: 36.181
2018-04-30 05:17:01,139 - Episode 11200
2018-04-30 05:17:01,139 - Step 1803694
2018-04-30 05:17:04,333 - Episode reward mean: -151.190
2018-04-30 05:17:04,333 - Episode reward std: 34.633
2018-04-30 05:21:56,282 - Episode 11300
2018-04-30 05:21:56,283 - Step 1817898
2018-04-30 05:21:59,454 - Episode reward mean: -141.980
2018-04-30 05:21:59,455 - Episode reward std: 21.468
2018-04-30 05:26:42,650 - Episode 11400
2018-04-30 05:26:42,650 - Step 1831646
2018-04-30 05:26:46,021 - Episode reward mean: -137.600
2018-04-30 05:26:46,022 - Episode reward std: 24.276
2018-04-30 05:31:31,390 - Episode 11500
2018-04-30 05:31:31,390 - Step 1845512
2018-04-30 05:31:33,194 - Episode reward mean: -137.940
2018-04-30 05:31:33,195 - Episode reward std: 31.851
2018-04-30 05:31:33,195 - **Testing mode
2018-04-30 05:31:33,195 - Running for 20 episodes
2018-04-30 05:31:42,667 - (test) Average reward per episode: -116.5
2018-04-30 05:31:42,667 - Standard deviation: 27.59257146407344
2018-04-30 05:36:41,274 - Episode 11600
2018-04-30 05:36:41,274 - Step 1859956
2018-04-30 05:36:45,439 - Episode reward mean: -145.570
2018-04-30 05:36:45,439 - Episode reward std: 31.447
2018-04-30 05:41:57,472 - Episode 11700
2018-04-30 05:41:57,472 - Step 1875050
2018-04-30 05:42:00,613 - Episode reward mean: -150.460
2018-04-30 05:42:00,613 - Episode reward std: 29.557
2018-04-30 05:47:14,634 - Episode 11800
2018-04-30 05:47:14,634 - Step 1890250
2018-04-30 05:47:18,380 - Episode reward mean: -152.340
2018-04-30 05:47:18,380 - Episode reward std: 30.745
2018-04-30 05:52:45,709 - Episode 11900
2018-04-30 05:52:45,709 - Step 1906192
2018-04-30 05:52:49,300 - Episode reward mean: -159.280
2018-04-30 05:52:49,300 - Episode reward std: 32.543
2018-04-30 05:58:02,379 - Episode 12000
2018-04-30 05:58:02,384 - Step 1921475
2018-04-30 05:58:05,744 - Episode reward mean: -152.630
2018-04-30 05:58:05,744 - Episode reward std: 30.247
2018-04-30 05:58:05,744 - **Testing mode
2018-04-30 05:58:05,745 - Running for 20 episodes
2018-04-30 05:58:18,314 - (test) Average reward per episode: -151.75
2018-04-30 05:58:18,314 - Standard deviation: 38.69609153390042
2018-04-30 06:03:32,704 - Episode 12100
2018-04-30 06:03:32,704 - Step 1936760
2018-04-30 06:03:35,892 - Episode reward mean: -152.900
2018-04-30 06:03:35,892 - Episode reward std: 31.258
2018-04-30 06:09:06,753 - Episode 12200
2018-04-30 06:09:06,754 - Step 1952805
2018-04-30 06:09:10,029 - Episode reward mean: -160.440
2018-04-30 06:09:10,030 - Episode reward std: 28.147
2018-04-30 06:14:19,419 - Episode 12300
2018-04-30 06:14:19,419 - Step 1967782
2018-04-30 06:14:22,705 - Episode reward mean: -149.770
2018-04-30 06:14:22,706 - Episode reward std: 31.319
2018-04-30 06:19:32,454 - Episode 12400
2018-04-30 06:19:32,455 - Step 1983330
2018-04-30 06:19:35,603 - Episode reward mean: -155.500
2018-04-30 06:19:35,603 - Episode reward std: 33.869
2018-04-30 06:24:32,561 - Episode 12500
2018-04-30 06:24:32,562 - Step 1997861
2018-04-30 06:24:35,707 - Episode reward mean: -145.220
2018-04-30 06:24:35,707 - Episode reward std: 34.980
2018-04-30 06:24:35,707 - **Testing mode
2018-04-30 06:24:35,708 - Running for 20 episodes
2018-04-30 06:24:46,603 - (test) Average reward per episode: -135.75
2018-04-30 06:24:46,604 - Standard deviation: 38.17967391165095
2018-04-30 06:29:47,787 - Episode 12600
2018-04-30 06:29:47,787 - Step 2012515
2018-04-30 06:29:51,018 - Episode reward mean: -146.590
2018-04-30 06:29:51,018 - Episode reward std: 31.727
2018-04-30 06:34:40,080 - Episode 12700
2018-04-30 06:34:40,080 - Step 2026748
2018-04-30 06:34:43,278 - Episode reward mean: -142.320
2018-04-30 06:34:43,278 - Episode reward std: 32.156
2018-04-30 06:39:33,345 - Episode 12800
2018-04-30 06:39:33,345 - Step 2040782
2018-04-30 06:39:37,093 - Episode reward mean: -140.630
2018-04-30 06:39:37,094 - Episode reward std: 23.717
2018-04-30 06:44:30,499 - Episode 12900
2018-04-30 06:44:30,500 - Step 2055036
2018-04-30 06:44:33,572 - Episode reward mean: -142.260
2018-04-30 06:44:33,572 - Episode reward std: 25.905
2018-04-30 06:49:25,579 - Episode 13000
2018-04-30 06:49:25,579 - Step 2069137
2018-04-30 06:49:28,638 - Episode reward mean: -140.980
2018-04-30 06:49:28,639 - Episode reward std: 28.016
2018-04-30 06:49:28,639 - **Testing mode
2018-04-30 06:49:28,639 - Running for 20 episodes
2018-04-30 06:49:37,838 - (test) Average reward per episode: -113.95
2018-04-30 06:49:37,838 - Standard deviation: 26.48862963612878
2018-04-30 06:49:37,889 - Beat previous value of -114.1! Saved model to models/mcar_dqn_CH/mcar_dqn_CH.h5
2018-04-30 06:54:26,051 - Episode 13100
2018-04-30 06:54:26,051 - Step 2083489
2018-04-30 06:54:29,839 - Episode reward mean: -144.010
2018-04-30 06:54:29,839 - Episode reward std: 25.165
2018-04-30 06:59:17,281 - Episode 13200
2018-04-30 06:59:17,281 - Step 2097556
2018-04-30 06:59:19,532 - Episode reward mean: -139.720
2018-04-30 06:59:19,533 - Episode reward std: 31.203
2018-04-30 07:04:07,116 - Episode 13300
2018-04-30 07:04:07,117 - Step 2111475
2018-04-30 07:04:10,212 - Episode reward mean: -139.590
2018-04-30 07:04:10,212 - Episode reward std: 30.851
2018-04-30 07:09:08,726 - Episode 13400
2018-04-30 07:09:08,727 - Step 2125964
2018-04-30 07:09:11,755 - Episode reward mean: -144.920
2018-04-30 07:09:11,756 - Episode reward std: 24.687
2018-04-30 07:14:01,294 - Episode 13500
2018-04-30 07:14:01,295 - Step 2140044
2018-04-30 07:14:04,301 - Episode reward mean: -140.790
2018-04-30 07:14:04,302 - Episode reward std: 25.389
2018-04-30 07:14:04,302 - **Testing mode
2018-04-30 07:14:04,302 - Running for 20 episodes
2018-04-30 07:14:14,889 - (test) Average reward per episode: -130.55
2018-04-30 07:14:14,889 - Standard deviation: 25.22989298431525
2018-04-30 07:19:07,406 - Episode 13600
2018-04-30 07:19:07,406 - Step 2154217
2018-04-30 07:19:11,091 - Episode reward mean: -142.020
2018-04-30 07:19:11,092 - Episode reward std: 29.149
2018-04-30 07:24:01,806 - Episode 13700
2018-04-30 07:24:01,806 - Step 2168312
2018-04-30 07:24:05,000 - Episode reward mean: -140.680
2018-04-30 07:24:05,001 - Episode reward std: 31.196
2018-04-30 07:29:00,318 - Episode 13800
2018-04-30 07:29:00,319 - Step 2182655
2018-04-30 07:29:03,440 - Episode reward mean: -143.480
2018-04-30 07:29:03,440 - Episode reward std: 32.129
2018-04-30 07:33:50,832 - Episode 13900
2018-04-30 07:33:50,833 - Step 2196655
2018-04-30 07:33:53,921 - Episode reward mean: -139.900
2018-04-30 07:33:53,922 - Episode reward std: 28.018
2018-04-30 07:38:41,143 - Episode 14000
2018-04-30 07:38:41,143 - Step 2210565
2018-04-30 07:38:44,132 - Episode reward mean: -139.110
2018-04-30 07:38:44,132 - Episode reward std: 31.141
2018-04-30 07:38:44,132 - **Testing mode
2018-04-30 07:38:44,133 - Running for 20 episodes
2018-04-30 07:38:53,790 - (test) Average reward per episode: -121.7
2018-04-30 07:38:53,790 - Standard deviation: 27.07600413650434
2018-04-30 07:43:33,308 - Episode 14100
2018-04-30 07:43:33,308 - Step 2224104
2018-04-30 07:43:36,282 - Episode reward mean: -135.380
2018-04-30 07:43:36,283 - Episode reward std: 27.544
2018-04-30 07:48:34,252 - Episode 14200
2018-04-30 07:48:34,253 - Step 2238575
2018-04-30 07:48:37,433 - Episode reward mean: -144.780
2018-04-30 07:48:37,433 - Episode reward std: 26.718
2018-04-30 07:53:40,000 - Episode 14300
2018-04-30 07:53:40,000 - Step 2253349
2018-04-30 07:53:43,151 - Episode reward mean: -147.720
2018-04-30 07:53:43,151 - Episode reward std: 34.411
2018-04-30 07:59:13,216 - Episode 14400
2018-04-30 07:59:13,216 - Step 2269346
2018-04-30 07:59:17,306 - Episode reward mean: -160.480
2018-04-30 07:59:17,307 - Episode reward std: 32.392
2018-04-30 08:04:16,974 - Episode 14500
2018-04-30 08:04:16,974 - Step 2283981
2018-04-30 08:04:18,870 - Episode reward mean: -145.310
2018-04-30 08:04:18,870 - Episode reward std: 39.130
2018-04-30 08:04:18,870 - **Testing mode
2018-04-30 08:04:18,871 - Running for 20 episodes
2018-04-30 08:04:28,297 - (test) Average reward per episode: -116.95
2018-04-30 08:04:28,298 - Standard deviation: 29.628491355450414
2018-04-30 08:09:30,738 - Episode 14600
2018-04-30 08:09:30,738 - Step 2298782
2018-04-30 08:09:33,792 - Episode reward mean: -148.510
2018-04-30 08:09:33,792 - Episode reward std: 31.295
2018-04-30 08:14:40,756 - Episode 14700
2018-04-30 08:14:40,756 - Step 2313624
2018-04-30 08:14:43,702 - Episode reward mean: -148.380
2018-04-30 08:14:43,702 - Episode reward std: 39.127
2018-04-30 08:19:57,844 - Episode 14800
2018-04-30 08:19:57,844 - Step 2328949
2018-04-30 08:20:00,643 - Episode reward mean: -153.270
2018-04-30 08:20:00,644 - Episode reward std: 39.182
2018-04-30 08:25:03,154 - Episode 14900
2018-04-30 08:25:03,154 - Step 2343692
2018-04-30 08:25:06,227 - Episode reward mean: -147.500
2018-04-30 08:25:06,227 - Episode reward std: 28.901
2018-04-30 08:30:09,637 - Episode 15000
2018-04-30 08:30:09,637 - Step 2358440
2018-04-30 08:30:13,836 - Episode reward mean: -147.970
2018-04-30 08:30:13,836 - Episode reward std: 31.679
2018-04-30 08:30:13,836 - **Testing mode
2018-04-30 08:30:13,837 - Running for 20 episodes
2018-04-30 08:30:22,962 - (test) Average reward per episode: -117.75
2018-04-30 08:30:22,962 - Standard deviation: 32.25968846718765
2018-04-30 08:35:28,126 - Episode 15100
2018-04-30 08:35:28,127 - Step 2373392
2018-04-30 08:35:32,152 - Episode reward mean: -149.360
2018-04-30 08:35:32,153 - Episode reward std: 36.862
2018-04-30 08:40:39,804 - Episode 15200
2018-04-30 08:40:39,804 - Step 2388412
2018-04-30 08:40:43,931 - Episode reward mean: -150.360
2018-04-30 08:40:43,932 - Episode reward std: 36.320
2018-04-30 08:46:01,992 - Episode 15300
2018-04-30 08:46:01,993 - Step 2403960
2018-04-30 08:46:04,880 - Episode reward mean: -154.920
2018-04-30 08:46:04,880 - Episode reward std: 33.597
2018-04-30 08:51:12,830 - Episode 15400
2018-04-30 08:51:12,830 - Step 2419034
2018-04-30 08:51:15,880 - Episode reward mean: -150.760
2018-04-30 08:51:15,881 - Episode reward std: 35.486
2018-04-30 08:56:20,719 - Episode 15500
2018-04-30 08:56:20,719 - Step 2433805
2018-04-30 08:56:24,652 - Episode reward mean: -148.250
2018-04-30 08:56:24,652 - Episode reward std: 35.236
2018-04-30 08:56:24,653 - **Testing mode
2018-04-30 08:56:24,653 - Running for 20 episodes
2018-04-30 08:56:34,686 - (test) Average reward per episode: -131.95
2018-04-30 08:56:34,688 - Standard deviation: 31.80483453816416
2018-04-30 09:01:41,728 - Episode 15600
2018-04-30 09:01:41,729 - Step 2448947
2018-04-30 09:01:45,353 - Episode reward mean: -151.110
2018-04-30 09:01:45,353 - Episode reward std: 27.467
2018-04-30 09:06:48,033 - Episode 15700
2018-04-30 09:06:48,033 - Step 2463647
2018-04-30 09:06:51,767 - Episode reward mean: -147.100
2018-04-30 09:06:51,768 - Episode reward std: 31.596
2018-04-30 09:11:56,433 - Episode 15800
2018-04-30 09:11:56,433 - Step 2478455
2018-04-30 09:11:59,749 - Episode reward mean: -147.910
2018-04-30 09:11:59,749 - Episode reward std: 32.801
2018-04-30 09:17:28,264 - Episode 15900
2018-04-30 09:17:28,265 - Step 2494462
2018-04-30 09:17:32,438 - Episode reward mean: -160.450
2018-04-30 09:17:32,439 - Episode reward std: 37.953
2018-04-30 09:23:06,381 - Episode 16000
2018-04-30 09:23:06,381 - Step 2510712
2018-04-30 09:23:09,494 - Episode reward mean: -162.000
2018-04-30 09:23:09,495 - Episode reward std: 36.553
2018-04-30 09:23:09,495 - **Testing mode
2018-04-30 09:23:09,495 - Running for 20 episodes
2018-04-30 09:23:22,038 - (test) Average reward per episode: -155.35
2018-04-30 09:23:22,038 - Standard deviation: 49.57748985174622
2018-04-30 09:28:48,886 - Episode 16100
2018-04-30 09:28:48,886 - Step 2526670
2018-04-30 09:28:53,074 - Episode reward mean: -160.080
2018-04-30 09:28:53,074 - Episode reward std: 35.365
2018-04-30 09:34:17,936 - Episode 16200
2018-04-30 09:34:17,937 - Step 2542528
2018-04-30 09:34:22,003 - Episode reward mean: -158.580
2018-04-30 09:34:22,004 - Episode reward std: 40.082
2018-04-30 09:39:39,625 - Episode 16300
2018-04-30 09:39:39,626 - Step 2558060
2018-04-30 09:39:42,921 - Episode reward mean: -154.870
2018-04-30 09:39:42,921 - Episode reward std: 36.897
2018-04-30 09:45:08,326 - Episode 16400
2018-04-30 09:45:08,326 - Step 2573769
2018-04-30 09:45:11,322 - Episode reward mean: -157.020
2018-04-30 09:45:11,323 - Episode reward std: 36.145
2018-04-30 09:50:27,052 - Episode 16500
2018-04-30 09:50:27,052 - Step 2589088
2018-04-30 09:50:31,010 - Episode reward mean: -153.710
2018-04-30 09:50:31,011 - Episode reward std: 33.177
2018-04-30 09:50:31,011 - **Testing mode
2018-04-30 09:50:31,011 - Running for 20 episodes
2018-04-30 09:50:40,228 - (test) Average reward per episode: -120.35
2018-04-30 09:50:40,229 - Standard deviation: 37.68325224818049
2018-04-30 09:55:43,029 - Episode 16600
2018-04-30 09:55:43,030 - Step 2603860
2018-04-30 09:55:46,183 - Episode reward mean: -147.180
2018-04-30 09:55:46,184 - Episode reward std: 34.053
2018-04-30 09:59:09,939 - Saved model for rendering to models/mcar_dqn_CH/mcar_dqn_CH_1_of_3.h5
2018-04-30 10:00:51,240 - Episode 16700
2018-04-30 10:00:51,240 - Step 2618599
2018-04-30 10:00:54,477 - Episode reward mean: -147.460
2018-04-30 10:00:54,477 - Episode reward std: 29.912
2018-04-30 10:05:49,457 - Episode 16800
2018-04-30 10:05:49,457 - Step 2632836
2018-04-30 10:05:52,427 - Episode reward mean: -142.290
2018-04-30 10:05:52,427 - Episode reward std: 30.240
2018-04-30 10:10:57,677 - Episode 16900
2018-04-30 10:10:57,677 - Step 2647621
2018-04-30 10:11:00,747 - Episode reward mean: -147.860
2018-04-30 10:11:00,747 - Episode reward std: 26.415
2018-04-30 10:16:05,627 - Episode 17000
2018-04-30 10:16:05,627 - Step 2662339
2018-04-30 10:16:08,732 - Episode reward mean: -147.210
2018-04-30 10:16:08,733 - Episode reward std: 31.387
2018-04-30 10:16:08,733 - **Testing mode
2018-04-30 10:16:08,734 - Running for 20 episodes
2018-04-30 10:16:18,710 - (test) Average reward per episode: -125.0
2018-04-30 10:16:18,710 - Standard deviation: 28.053520278211074
2018-04-30 10:21:10,554 - Episode 17100
2018-04-30 10:21:10,555 - Step 2676500
2018-04-30 10:21:13,735 - Episode reward mean: -141.610
2018-04-30 10:21:13,736 - Episode reward std: 30.495
2018-04-30 10:26:09,480 - Episode 17200
2018-04-30 10:26:09,481 - Step 2691065
2018-04-30 10:26:13,765 - Episode reward mean: -146.160
2018-04-30 10:26:13,765 - Episode reward std: 29.743
2018-04-30 10:31:10,112 - Episode 17300
2018-04-30 10:31:10,113 - Step 2705497
2018-04-30 10:31:13,799 - Episode reward mean: -144.070
2018-04-30 10:31:13,799 - Episode reward std: 28.659
2018-04-30 10:36:14,916 - Episode 17400
2018-04-30 10:36:14,916 - Step 2720017
2018-04-30 10:36:18,112 - Episode reward mean: -144.980
2018-04-30 10:36:18,113 - Episode reward std: 27.636
2018-04-30 10:41:13,023 - Episode 17500
2018-04-30 10:41:13,024 - Step 2734180
2018-04-30 10:41:15,951 - Episode reward mean: -141.570
2018-04-30 10:41:15,952 - Episode reward std: 29.840
2018-04-30 10:41:15,952 - **Testing mode
2018-04-30 10:41:15,953 - Running for 20 episodes
2018-04-30 10:41:24,897 - (test) Average reward per episode: -117.1
2018-04-30 10:41:24,898 - Standard deviation: 29.317059879871994
2018-04-30 10:46:34,211 - Episode 17600
2018-04-30 10:46:34,211 - Step 2749047
2018-04-30 10:46:36,222 - Episode reward mean: -148.170
2018-04-30 10:46:36,223 - Episode reward std: 30.811
