2018-04-29 14:14:43,463 - Command line args: Namespace(N=50, actor_lr=0.01, actor_model_path=None, alg='dqn', alt_learn=False, combined_replay=False, critic_lr=0.01, critic_model_path=None, deepness='deep', env_name='LunarLander-v2', epsilon=0.5, gamma=0.99, hindsight=True, lr=0.0001, memory_size=50000, model_name='LL_dqn_H', num_episodes=50000, priority_replay=False, record_video_only=False, render=False, replay_batch=32, seed=None, test_mod=500, test_only=False, train_mod=100)
2018-04-29 14:14:43,463 - Log saving to logs/LL_dqn_H_2018_04_29_14_14_42.log
2018-04-29 14:14:43,464 - Alg: dqn
2018-04-29 14:14:43,464 - Numpy random seed 2672784834
2018-04-29 14:14:43,484 - Gym seed set to 2672784834
2018-04-29 14:14:43,486 - Using deep architecture.
2018-04-29 14:14:43,564 - Using initial learning rate 0.0001
2018-04-29 14:14:43,938 - Using hindsight replay
2018-04-29 14:14:43,939 - Creating replay buffer with initial max size of 50000
2018-04-29 14:14:43,940 - Burning in 10000 lines
2018-04-29 14:15:29,862 - Training for 50000 episodes
2018-04-29 14:15:29,863 - Episode 0
2018-04-29 14:15:29,863 - Step 0
2018-04-29 14:15:32,967 - Episode reward mean: -3.898
2018-04-29 14:15:32,967 - Episode reward std: 38.595
2018-04-29 14:15:33,104 - Saved model for rendering to models/LL_dqn_H/LL_dqn_H_0_of_3.h5
2018-04-29 14:19:46,297 - Episode 100
2018-04-29 14:19:46,297 - Step 11509
2018-04-29 14:19:49,659 - Episode reward mean: -248.364
2018-04-29 14:19:49,660 - Episode reward std: 128.913
2018-04-29 14:24:59,323 - Episode 200
2018-04-29 14:24:59,323 - Step 25905
2018-04-29 14:25:03,816 - Episode reward mean: -240.901
2018-04-29 14:25:03,817 - Episode reward std: 80.439
2018-04-29 14:31:13,599 - Episode 300
2018-04-29 14:31:13,599 - Step 42969
2018-04-29 14:31:17,097 - Episode reward mean: -227.537
2018-04-29 14:31:17,098 - Episode reward std: 67.542
2018-04-29 14:36:39,069 - Episode 400
2018-04-29 14:36:39,070 - Step 57776
2018-04-29 14:36:41,315 - Episode reward mean: -203.312
2018-04-29 14:36:41,315 - Episode reward std: 65.023
2018-04-29 14:43:31,324 - Episode 500
2018-04-29 14:43:31,324 - Step 76137
2018-04-29 14:43:56,124 - Episode reward mean: -164.965
2018-04-29 14:43:56,125 - Episode reward std: 63.047
2018-04-29 14:43:56,125 - **Testing mode
2018-04-29 14:43:56,126 - Running for 20 episodes
2018-04-29 14:44:53,249 - (test) Average reward per episode: -143.82108725171352
2018-04-29 14:44:53,250 - Standard deviation: 61.76899292503987
2018-04-29 14:44:53,302 - Beat previous value of None! Saved model to models/LL_dqn_H/LL_dqn_H.h5
2018-04-29 15:20:56,823 - Episode 600
2018-04-29 15:20:56,823 - Step 164907
2018-04-29 15:21:22,375 - Episode reward mean: -130.189
2018-04-29 15:21:22,375 - Episode reward std: 43.359
2018-04-29 16:00:10,556 - Episode 700
2018-04-29 16:00:10,556 - Step 259142
2018-04-29 16:00:36,613 - Episode reward mean: -105.285
2018-04-29 16:00:36,614 - Episode reward std: 37.146
2018-04-29 16:30:15,078 - Episode 800
2018-04-29 16:30:15,079 - Step 332163
2018-04-29 16:30:40,289 - Episode reward mean: -108.404
2018-04-29 16:30:40,290 - Episode reward std: 70.011
2018-04-29 16:59:28,121 - Episode 900
2018-04-29 16:59:28,122 - Step 402161
2018-04-29 16:59:53,749 - Episode reward mean: -99.029
2018-04-29 16:59:53,750 - Episode reward std: 103.848
2018-04-29 17:31:28,492 - Episode 1000
2018-04-29 17:31:28,492 - Step 478993
2018-04-29 17:31:43,584 - Episode reward mean: -82.163
2018-04-29 17:31:43,585 - Episode reward std: 87.155
2018-04-29 17:31:43,585 - **Testing mode
2018-04-29 17:31:43,585 - Running for 20 episodes
2018-04-29 17:33:07,603 - (test) Average reward per episode: -62.48502747216926
2018-04-29 17:33:07,604 - Standard deviation: 111.6856356177911
2018-04-29 17:33:07,653 - Beat previous value of -143.82108725171352! Saved model to models/LL_dqn_H/LL_dqn_H.h5
2018-04-29 18:05:40,243 - Episode 1100
2018-04-29 18:05:40,244 - Step 557718
2018-04-29 18:05:44,440 - Episode reward mean: -80.450
2018-04-29 18:05:44,440 - Episode reward std: 80.866
2018-04-29 18:39:10,856 - Episode 1200
2018-04-29 18:39:10,856 - Step 638919
2018-04-29 18:39:32,895 - Episode reward mean: -83.597
2018-04-29 18:39:32,895 - Episode reward std: 62.541
2018-04-29 19:17:03,874 - Episode 1300
2018-04-29 19:17:03,874 - Step 727027
2018-04-29 19:17:31,231 - Episode reward mean: -78.010
2018-04-29 19:17:31,232 - Episode reward std: 41.782
2018-04-29 19:56:30,317 - Episode 1400
2018-04-29 19:56:30,317 - Step 816768
2018-04-29 19:56:50,307 - Episode reward mean: -63.338
2018-04-29 19:56:50,308 - Episode reward std: 63.976
2018-04-29 20:35:07,681 - Episode 1500
2018-04-29 20:35:07,681 - Step 904494
2018-04-29 20:35:19,179 - Episode reward mean: -16.917
2018-04-29 20:35:19,180 - Episode reward std: 93.866
2018-04-29 20:35:19,181 - **Testing mode
2018-04-29 20:35:19,183 - Running for 20 episodes
2018-04-29 20:37:52,419 - (test) Average reward per episode: 33.68557636584992
2018-04-29 20:37:52,419 - Standard deviation: 90.51764899126532
2018-04-29 20:37:52,468 - Beat previous value of -62.48502747216926! Saved model to models/LL_dqn_H/LL_dqn_H.h5
2018-04-29 21:11:04,724 - Episode 1600
2018-04-29 21:11:04,724 - Step 981903
2018-04-29 21:11:14,324 - Episode reward mean: 75.318
2018-04-29 21:11:14,325 - Episode reward std: 104.128
2018-04-29 21:32:22,672 - Episode 1700
2018-04-29 21:32:22,673 - Step 1033671
2018-04-29 21:32:35,353 - Episode reward mean: 127.627
2018-04-29 21:32:35,354 - Episode reward std: 96.119
2018-04-29 21:52:37,305 - Episode 1800
2018-04-29 21:52:37,306 - Step 1083204
2018-04-29 21:52:50,724 - Episode reward mean: 155.888
2018-04-29 21:52:50,725 - Episode reward std: 74.131
2018-04-29 22:11:46,628 - Episode 1900
2018-04-29 22:11:46,628 - Step 1134958
2018-04-29 22:11:56,586 - Episode reward mean: 99.742
2018-04-29 22:11:56,586 - Episode reward std: 117.624
2018-04-29 22:27:24,693 - Episode 2000
2018-04-29 22:27:24,693 - Step 1186843
2018-04-29 22:27:31,990 - Episode reward mean: 89.440
2018-04-29 22:27:31,991 - Episode reward std: 114.846
2018-04-29 22:27:31,992 - **Testing mode
2018-04-29 22:27:31,992 - Running for 20 episodes
2018-04-29 22:29:01,554 - (test) Average reward per episode: 14.259175245585684
2018-04-29 22:29:01,554 - Standard deviation: 125.42994444079754
2018-04-29 22:56:57,378 - Episode 2100
2018-04-29 22:56:57,378 - Step 1255380
2018-04-29 22:57:22,946 - Episode reward mean: 64.323
2018-04-29 22:57:22,947 - Episode reward std: 117.368
2018-04-29 23:24:57,537 - Episode 2200
2018-04-29 23:24:57,538 - Step 1324505
2018-04-29 23:25:22,283 - Episode reward mean: 78.961
2018-04-29 23:25:22,284 - Episode reward std: 110.320
2018-04-29 23:52:28,024 - Episode 2300
2018-04-29 23:52:28,024 - Step 1392944
2018-04-29 23:52:52,497 - Episode reward mean: 106.430
2018-04-29 23:52:52,497 - Episode reward std: 103.900
2018-04-30 00:16:37,628 - Episode 2400
2018-04-30 00:16:37,628 - Step 1453418
2018-04-30 00:16:54,339 - Episode reward mean: 115.662
2018-04-30 00:16:54,340 - Episode reward std: 96.371
2018-04-30 00:38:26,185 - Episode 2500
2018-04-30 00:38:26,186 - Step 1508649
2018-04-30 00:38:37,312 - Episode reward mean: 90.764
2018-04-30 00:38:37,312 - Episode reward std: 109.820
2018-04-30 00:38:37,313 - **Testing mode
2018-04-30 00:38:37,313 - Running for 20 episodes
2018-04-30 00:40:18,064 - (test) Average reward per episode: 74.96192797033169
2018-04-30 00:40:18,064 - Standard deviation: 90.28635314375379
2018-04-30 00:40:18,109 - Beat previous value of 33.68557636584992! Saved model to models/LL_dqn_H/LL_dqn_H.h5
2018-04-30 01:04:37,182 - Episode 2600
2018-04-30 01:04:37,182 - Step 1570167
2018-04-30 01:04:47,123 - Episode reward mean: 86.943
2018-04-30 01:04:47,124 - Episode reward std: 113.832
2018-04-30 01:30:00,627 - Episode 2700
2018-04-30 01:30:00,627 - Step 1633881
2018-04-30 01:30:07,525 - Episode reward mean: 109.917
2018-04-30 01:30:07,526 - Episode reward std: 103.843
2018-04-30 01:54:33,771 - Episode 2800
2018-04-30 01:54:33,771 - Step 1696059
2018-04-30 01:54:58,382 - Episode reward mean: 125.427
2018-04-30 01:54:58,383 - Episode reward std: 93.023
2018-04-30 02:18:14,929 - Episode 2900
2018-04-30 02:18:14,929 - Step 1755816
2018-04-30 02:18:26,622 - Episode reward mean: 130.992
2018-04-30 02:18:26,623 - Episode reward std: 90.307
2018-04-30 02:39:53,654 - Episode 3000
2018-04-30 02:39:53,654 - Step 1810789
2018-04-30 02:40:03,180 - Episode reward mean: 145.823
2018-04-30 02:40:03,180 - Episode reward std: 84.616
2018-04-30 02:40:03,180 - **Testing mode
2018-04-30 02:40:03,181 - Running for 20 episodes
2018-04-30 02:41:30,364 - (test) Average reward per episode: 132.80918026771533
2018-04-30 02:41:30,365 - Standard deviation: 90.48387290604238
2018-04-30 02:41:30,410 - Beat previous value of 74.96192797033169! Saved model to models/LL_dqn_H/LL_dqn_H.h5
2018-04-30 03:02:30,718 - Episode 3100
2018-04-30 03:02:30,718 - Step 1864582
2018-04-30 03:02:36,926 - Episode reward mean: 127.346
2018-04-30 03:02:36,926 - Episode reward std: 102.956
2018-04-30 03:20:36,918 - Episode 3200
2018-04-30 03:20:36,918 - Step 1911441
2018-04-30 03:20:43,966 - Episode reward mean: 127.272
2018-04-30 03:20:43,967 - Episode reward std: 111.674
2018-04-30 03:39:59,792 - Episode 3300
2018-04-30 03:39:59,792 - Step 1961250
2018-04-30 03:40:15,388 - Episode reward mean: 126.544
2018-04-30 03:40:15,388 - Episode reward std: 108.449
2018-04-30 04:09:44,092 - Episode 3400
2018-04-30 04:09:44,093 - Step 2034723
2018-04-30 04:09:54,378 - Episode reward mean: 66.791
2018-04-30 04:09:54,379 - Episode reward std: 110.596
2018-04-30 04:37:20,858 - Episode 3500
2018-04-30 04:37:20,858 - Step 2103878
2018-04-30 04:37:34,098 - Episode reward mean: 80.612
2018-04-30 04:37:34,099 - Episode reward std: 118.094
2018-04-30 04:37:34,099 - **Testing mode
2018-04-30 04:37:34,099 - Running for 20 episodes
2018-04-30 04:39:23,334 - (test) Average reward per episode: 58.955823351682895
2018-04-30 04:39:23,334 - Standard deviation: 129.6293609481172
2018-04-30 05:02:01,550 - Episode 3600
2018-04-30 05:02:01,550 - Step 2161096
2018-04-30 05:02:10,840 - Episode reward mean: 82.295
2018-04-30 05:02:10,840 - Episode reward std: 118.177
2018-04-30 05:22:31,756 - Episode 3700
2018-04-30 05:22:31,757 - Step 2213198
2018-04-30 05:22:38,890 - Episode reward mean: 150.859
2018-04-30 05:22:38,891 - Episode reward std: 81.840
2018-04-30 05:46:18,815 - Episode 3800
2018-04-30 05:46:18,816 - Step 2273012
2018-04-30 05:46:27,046 - Episode reward mean: 104.591
2018-04-30 05:46:27,046 - Episode reward std: 98.416
2018-04-30 06:09:19,591 - Episode 3900
2018-04-30 06:09:19,592 - Step 2331014
2018-04-30 06:09:29,849 - Episode reward mean: 128.288
2018-04-30 06:09:29,850 - Episode reward std: 92.795
2018-04-30 06:31:35,577 - Episode 4000
2018-04-30 06:31:35,577 - Step 2388052
2018-04-30 06:32:00,021 - Episode reward mean: 122.443
2018-04-30 06:32:00,022 - Episode reward std: 109.227
2018-04-30 06:32:00,022 - **Testing mode
2018-04-30 06:32:00,022 - Running for 20 episodes
2018-04-30 06:32:50,979 - (test) Average reward per episode: 134.89235375269246
2018-04-30 06:32:50,979 - Standard deviation: 99.69248220065127
2018-04-30 06:32:51,031 - Beat previous value of 132.80918026771533! Saved model to models/LL_dqn_H/LL_dqn_H.h5
2018-04-30 06:50:42,075 - Episode 4100
2018-04-30 06:50:42,075 - Step 2434955
2018-04-30 06:50:48,848 - Episode reward mean: 140.240
2018-04-30 06:50:48,849 - Episode reward std: 105.187
2018-04-30 07:11:16,295 - Episode 4200
2018-04-30 07:11:16,295 - Step 2487966
2018-04-30 07:11:25,593 - Episode reward mean: 129.594
2018-04-30 07:11:25,593 - Episode reward std: 103.902
2018-04-30 07:32:23,290 - Episode 4300
2018-04-30 07:32:23,291 - Step 2541931
2018-04-30 07:32:27,994 - Episode reward mean: 127.853
2018-04-30 07:32:27,995 - Episode reward std: 120.310
2018-04-30 07:48:48,461 - Episode 4400
2018-04-30 07:48:48,461 - Step 2584769
2018-04-30 07:49:12,139 - Episode reward mean: 135.240
2018-04-30 07:49:12,140 - Episode reward std: 97.410
2018-04-30 08:05:43,388 - Episode 4500
2018-04-30 08:05:43,388 - Step 2628910
2018-04-30 08:05:49,345 - Episode reward mean: 164.550
2018-04-30 08:05:49,346 - Episode reward std: 81.012
2018-04-30 08:05:49,346 - **Testing mode
2018-04-30 08:05:49,346 - Running for 20 episodes
2018-04-30 08:06:25,356 - (test) Average reward per episode: 195.88833318844198
2018-04-30 08:06:25,360 - Standard deviation: 48.839924738015974
2018-04-30 08:06:25,400 - Beat previous value of 134.89235375269246! Saved model to models/LL_dqn_H/LL_dqn_H.h5
2018-04-30 08:21:03,591 - Episode 4600
2018-04-30 08:21:03,591 - Step 2667931
2018-04-30 08:21:08,363 - Episode reward mean: 174.589
2018-04-30 08:21:08,364 - Episode reward std: 56.211
2018-04-30 08:34:09,835 - Episode 4700
2018-04-30 08:34:09,836 - Step 2703059
2018-04-30 08:34:33,960 - Episode reward mean: 175.292
2018-04-30 08:34:33,961 - Episode reward std: 77.369
2018-04-30 08:46:22,265 - Episode 4800
2018-04-30 08:46:22,265 - Step 2735864
2018-04-30 08:46:29,472 - Episode reward mean: 177.499
2018-04-30 08:46:29,473 - Episode reward std: 75.341
2018-04-30 09:00:14,117 - Episode 4900
2018-04-30 09:00:14,117 - Step 2772782
2018-04-30 09:00:20,397 - Episode reward mean: 168.897
2018-04-30 09:00:20,397 - Episode reward std: 78.617
2018-04-30 09:12:40,323 - Episode 5000
2018-04-30 09:12:40,323 - Step 2805884
2018-04-30 09:12:45,265 - Episode reward mean: 191.171
2018-04-30 09:12:45,265 - Episode reward std: 44.737
2018-04-30 09:12:45,266 - **Testing mode
2018-04-30 09:12:45,266 - Running for 20 episodes
2018-04-30 09:13:17,675 - (test) Average reward per episode: 183.66399505639578
2018-04-30 09:13:17,675 - Standard deviation: 33.00453289531693
2018-04-30 09:25:57,901 - Episode 5100
2018-04-30 09:25:57,901 - Step 2839956
2018-04-30 09:26:11,538 - Episode reward mean: 162.125
2018-04-30 09:26:11,539 - Episode reward std: 83.515
2018-04-30 09:37:38,427 - Episode 5200
2018-04-30 09:37:38,427 - Step 2871455
2018-04-30 09:37:51,581 - Episode reward mean: 171.501
2018-04-30 09:37:51,582 - Episode reward std: 69.752
2018-04-30 09:49:04,002 - Episode 5300
2018-04-30 09:49:04,002 - Step 2901948
2018-04-30 09:49:09,243 - Episode reward mean: 149.832
2018-04-30 09:49:09,244 - Episode reward std: 93.627
2018-04-30 10:04:53,535 - Episode 5400
2018-04-30 10:04:53,536 - Step 2943095
2018-04-30 10:05:00,212 - Episode reward mean: 110.130
2018-04-30 10:05:00,212 - Episode reward std: 118.261
2018-04-30 10:22:21,670 - Episode 5500
2018-04-30 10:22:21,671 - Step 2988410
2018-04-30 10:22:29,749 - Episode reward mean: 120.668
2018-04-30 10:22:29,750 - Episode reward std: 102.702
2018-04-30 10:22:29,750 - **Testing mode
2018-04-30 10:22:29,750 - Running for 20 episodes
2018-04-30 10:23:25,986 - (test) Average reward per episode: 115.56886338720804
2018-04-30 10:23:25,987 - Standard deviation: 95.43334798960396
2018-04-30 10:37:54,409 - Episode 5600
2018-04-30 10:37:54,410 - Step 3026619
2018-04-30 10:37:58,092 - Episode reward mean: 105.794
2018-04-30 10:37:58,093 - Episode reward std: 111.006
2018-04-30 10:49:00,093 - Episode 5700
2018-04-30 10:49:00,094 - Step 3056524
2018-04-30 10:49:18,361 - Episode reward mean: -6.504
2018-04-30 10:49:18,362 - Episode reward std: 164.864
2018-04-30 10:59:18,081 - Episode 5800
2018-04-30 10:59:18,082 - Step 3089230
2018-04-30 10:59:27,978 - Episode reward mean: 47.970
2018-04-30 10:59:27,978 - Episode reward std: 162.843
2018-04-30 11:11:59,145 - Episode 5900
2018-04-30 11:11:59,145 - Step 3128757
2018-04-30 11:12:08,673 - Episode reward mean: 84.622
2018-04-30 11:12:08,673 - Episode reward std: 161.687
2018-04-30 11:24:09,219 - Episode 6000
2018-04-30 11:24:09,219 - Step 3166832
2018-04-30 11:24:16,307 - Episode reward mean: 123.056
2018-04-30 11:24:16,308 - Episode reward std: 112.738
2018-04-30 11:24:16,308 - **Testing mode
2018-04-30 11:24:16,308 - Running for 20 episodes
2018-04-30 11:25:04,779 - (test) Average reward per episode: 108.73350884233801
2018-04-30 11:25:04,779 - Standard deviation: 137.66558653866528
2018-04-30 11:37:18,295 - Episode 6100
2018-04-30 11:37:18,295 - Step 3205477
2018-04-30 11:37:27,372 - Episode reward mean: 138.968
2018-04-30 11:37:27,372 - Episode reward std: 112.491
2018-04-30 11:50:11,498 - Episode 6200
2018-04-30 11:50:11,498 - Step 3245685
2018-04-30 11:50:17,140 - Episode reward mean: 174.539
2018-04-30 11:50:17,140 - Episode reward std: 67.554
2018-04-30 12:03:37,341 - Episode 6300
2018-04-30 12:03:37,342 - Step 3287353
2018-04-30 12:03:41,922 - Episode reward mean: 156.426
2018-04-30 12:03:41,922 - Episode reward std: 108.159
2018-04-30 12:14:29,665 - Episode 6400
2018-04-30 12:14:29,665 - Step 3321962
2018-04-30 12:14:34,757 - Episode reward mean: 191.130
2018-04-30 12:14:34,757 - Episode reward std: 66.348
2018-04-30 12:26:22,605 - Episode 6500
2018-04-30 12:26:22,605 - Step 3360543
2018-04-30 12:26:35,299 - Episode reward mean: 191.293
2018-04-30 12:26:35,299 - Episode reward std: 53.777
2018-04-30 12:26:35,300 - **Testing mode
2018-04-30 12:26:35,300 - Running for 20 episodes
2018-04-30 12:27:06,253 - (test) Average reward per episode: 185.92398021552773
2018-04-30 12:27:06,253 - Standard deviation: 58.02737570764481
2018-04-30 12:36:37,543 - Episode 6600
2018-04-30 12:36:37,543 - Step 3392290
2018-04-30 12:36:41,309 - Episode reward mean: 199.897
2018-04-30 12:36:41,309 - Episode reward std: 55.028
2018-04-30 12:45:05,069 - Episode 6700
2018-04-30 12:45:05,070 - Step 3420179
2018-04-30 12:45:09,309 - Episode reward mean: 176.418
2018-04-30 12:45:09,310 - Episode reward std: 89.317
2018-04-30 12:54:19,056 - Episode 6800
2018-04-30 12:54:19,057 - Step 3449944
2018-04-30 12:54:21,628 - Episode reward mean: 182.456
2018-04-30 12:54:21,629 - Episode reward std: 84.155
2018-04-30 13:04:03,366 - Episode 6900
2018-04-30 13:04:03,367 - Step 3481490
2018-04-30 13:04:06,856 - Episode reward mean: 201.503
2018-04-30 13:04:06,856 - Episode reward std: 59.223
2018-04-30 13:13:32,045 - Episode 7000
2018-04-30 13:13:32,045 - Step 3512187
2018-04-30 13:13:48,220 - Episode reward mean: 204.502
2018-04-30 13:13:48,220 - Episode reward std: 55.927
2018-04-30 13:13:48,221 - **Testing mode
2018-04-30 13:13:48,221 - Running for 20 episodes
2018-04-30 13:14:13,799 - (test) Average reward per episode: 181.92969333445942
2018-04-30 13:14:13,799 - Standard deviation: 70.2723591445214
2018-04-30 13:24:02,700 - Episode 7100
2018-04-30 13:24:02,700 - Step 3544730
2018-04-30 13:24:05,838 - Episode reward mean: 181.197
2018-04-30 13:24:05,838 - Episode reward std: 82.305
2018-04-30 13:32:10,305 - Episode 7200
2018-04-30 13:32:10,305 - Step 3571318
2018-04-30 13:32:13,385 - Episode reward mean: 149.670
2018-04-30 13:32:13,385 - Episode reward std: 108.514
2018-04-30 13:37:28,265 - Episode 7300
2018-04-30 13:37:28,265 - Step 3589126
2018-04-30 13:37:29,802 - Episode reward mean: 76.119
2018-04-30 13:37:29,802 - Episode reward std: 131.001
2018-04-30 13:44:07,191 - Episode 7400
2018-04-30 13:44:07,191 - Step 3611087
2018-04-30 13:44:09,155 - Episode reward mean: 97.749
2018-04-30 13:44:09,156 - Episode reward std: 133.228
2018-04-30 13:51:57,581 - Episode 7500
2018-04-30 13:51:57,581 - Step 3636802
2018-04-30 13:51:58,853 - Episode reward mean: 110.778
2018-04-30 13:51:58,853 - Episode reward std: 140.087
2018-04-30 13:51:58,853 - **Testing mode
2018-04-30 13:51:58,853 - Running for 20 episodes
2018-04-30 13:52:19,101 - (test) Average reward per episode: 91.83416550310521
2018-04-30 13:52:19,101 - Standard deviation: 149.94469466063128
2018-04-30 13:59:05,496 - Episode 7600
2018-04-30 13:59:05,496 - Step 3659120
2018-04-30 13:59:07,212 - Episode reward mean: 57.440
2018-04-30 13:59:07,213 - Episode reward std: 168.650
2018-04-30 14:08:22,225 - Episode 7700
2018-04-30 14:08:22,225 - Step 3689150
2018-04-30 14:08:26,645 - Episode reward mean: 101.531
2018-04-30 14:08:26,645 - Episode reward std: 167.114
2018-04-30 14:19:14,381 - Episode 7800
2018-04-30 14:19:14,382 - Step 3724198
2018-04-30 14:19:19,374 - Episode reward mean: 146.713
2018-04-30 14:19:19,374 - Episode reward std: 122.165
2018-04-30 14:30:08,979 - Episode 7900
2018-04-30 14:30:08,979 - Step 3760172
2018-04-30 14:30:13,978 - Episode reward mean: 174.266
2018-04-30 14:30:13,979 - Episode reward std: 73.828
2018-04-30 14:42:18,565 - Episode 8000
2018-04-30 14:42:18,565 - Step 3799627
2018-04-30 14:42:22,065 - Episode reward mean: 166.955
2018-04-30 14:42:22,066 - Episode reward std: 74.295
2018-04-30 14:42:22,066 - **Testing mode
2018-04-30 14:42:22,066 - Running for 20 episodes
2018-04-30 14:42:42,664 - (test) Average reward per episode: 165.37624873501719
2018-04-30 14:42:42,664 - Standard deviation: 90.77578313429582
2018-04-30 14:53:45,360 - Episode 8100
2018-04-30 14:53:45,360 - Step 3835567
2018-04-30 14:53:50,740 - Episode reward mean: 152.910
2018-04-30 14:53:50,741 - Episode reward std: 106.034
2018-04-30 15:04:11,385 - Episode 8200
2018-04-30 15:04:11,386 - Step 3869411
2018-04-30 15:04:14,923 - Episode reward mean: 165.994
2018-04-30 15:04:14,926 - Episode reward std: 113.879
2018-04-30 15:14:04,962 - Episode 8300
2018-04-30 15:14:04,962 - Step 3901988
2018-04-30 15:14:15,132 - Episode reward mean: 203.836
2018-04-30 15:14:15,132 - Episode reward std: 30.179
2018-04-30 15:23:35,146 - Episode 8400
2018-04-30 15:23:35,146 - Step 3933810
2018-04-30 15:23:41,650 - Episode reward mean: 174.988
2018-04-30 15:23:41,650 - Episode reward std: 76.225
2018-04-30 15:32:28,126 - Episode 8500
2018-04-30 15:32:28,126 - Step 3963357
2018-04-30 15:32:45,324 - Episode reward mean: 135.406
2018-04-30 15:32:45,325 - Episode reward std: 150.662
2018-04-30 15:32:45,325 - **Testing mode
2018-04-30 15:32:45,325 - Running for 20 episodes
2018-04-30 15:33:12,269 - (test) Average reward per episode: 161.1134684822563
2018-04-30 15:33:12,270 - Standard deviation: 136.17300607571326
2018-04-30 15:43:01,212 - Episode 8600
2018-04-30 15:43:01,212 - Step 3997124
2018-04-30 15:43:15,714 - Episode reward mean: 168.579
2018-04-30 15:43:15,714 - Episode reward std: 111.577
2018-04-30 15:53:21,110 - Episode 8700
2018-04-30 15:53:21,110 - Step 4031263
2018-04-30 15:53:25,355 - Episode reward mean: 189.740
2018-04-30 15:53:25,355 - Episode reward std: 60.043
2018-04-30 16:04:40,271 - Episode 8800
2018-04-30 16:04:40,271 - Step 4068552
2018-04-30 16:04:45,619 - Episode reward mean: 184.742
2018-04-30 16:04:45,620 - Episode reward std: 66.116
2018-04-30 16:16:31,805 - Episode 8900
2018-04-30 16:16:31,806 - Step 4107540
2018-04-30 16:16:42,391 - Episode reward mean: 128.315
2018-04-30 16:16:42,391 - Episode reward std: 162.630
2018-04-30 16:27:57,317 - Episode 9000
2018-04-30 16:27:57,318 - Step 4144745
2018-04-30 16:28:06,475 - Episode reward mean: 117.637
2018-04-30 16:28:06,475 - Episode reward std: 154.374
2018-04-30 16:28:06,475 - **Testing mode
2018-04-30 16:28:06,476 - Running for 20 episodes
2018-04-30 16:28:35,252 - (test) Average reward per episode: 76.73362317128486
2018-04-30 16:28:35,252 - Standard deviation: 184.46306896286606
2018-04-30 16:39:15,313 - Episode 9100
2018-04-30 16:39:15,313 - Step 4180390
2018-04-30 16:39:20,365 - Episode reward mean: 127.742
2018-04-30 16:39:20,365 - Episode reward std: 148.740
2018-04-30 16:50:43,245 - Episode 9200
2018-04-30 16:50:43,246 - Step 4218003
2018-04-30 16:50:52,362 - Episode reward mean: 132.708
2018-04-30 16:50:52,363 - Episode reward std: 142.359
2018-04-30 17:05:08,290 - Episode 9300
2018-04-30 17:05:08,290 - Step 4264868
2018-04-30 17:05:13,526 - Episode reward mean: 161.645
2018-04-30 17:05:13,527 - Episode reward std: 92.707
2018-04-30 17:19:36,642 - Episode 9400
2018-04-30 17:19:36,642 - Step 4311332
2018-04-30 17:19:43,527 - Episode reward mean: 167.756
2018-04-30 17:19:43,527 - Episode reward std: 84.292
2018-04-30 17:34:00,773 - Episode 9500
2018-04-30 17:34:00,773 - Step 4357197
2018-04-30 17:34:07,190 - Episode reward mean: 174.331
2018-04-30 17:34:07,190 - Episode reward std: 60.453
2018-04-30 17:34:07,191 - **Testing mode
2018-04-30 17:34:07,191 - Running for 20 episodes
2018-04-30 17:34:50,773 - (test) Average reward per episode: 150.69041847988365
2018-04-30 17:34:50,773 - Standard deviation: 76.34730971568568
2018-04-30 17:50:26,432 - Episode 9600
2018-04-30 17:50:26,433 - Step 4407412
2018-04-30 17:50:32,569 - Episode reward mean: 124.780
2018-04-30 17:50:32,570 - Episode reward std: 95.922
2018-04-30 18:13:06,977 - Episode 9700
2018-04-30 18:13:06,978 - Step 4476758
2018-04-30 18:13:26,537 - Episode reward mean: 28.479
2018-04-30 18:13:26,537 - Episode reward std: 135.389
2018-04-30 18:30:43,029 - Episode 9800
2018-04-30 18:30:43,029 - Step 4530864
2018-04-30 18:31:03,223 - Episode reward mean: 46.622
2018-04-30 18:31:03,223 - Episode reward std: 179.379
2018-04-30 18:46:47,556 - Episode 9900
2018-04-30 18:46:47,556 - Step 4580754
2018-04-30 18:47:01,338 - Episode reward mean: 109.739
2018-04-30 18:47:01,338 - Episode reward std: 140.519
2018-04-30 19:02:59,339 - Episode 10000
2018-04-30 19:02:59,339 - Step 4631373
2018-04-30 19:03:19,353 - Episode reward mean: 33.601
2018-04-30 19:03:19,353 - Episode reward std: 162.052
2018-04-30 19:03:19,353 - **Testing mode
2018-04-30 19:03:19,353 - Running for 20 episodes
2018-04-30 19:04:35,897 - (test) Average reward per episode: 88.71962081408086
2018-04-30 19:04:35,897 - Standard deviation: 85.54370088097501
2018-04-30 19:32:43,994 - Episode 10100
2018-04-30 19:32:43,994 - Step 4716750
2018-04-30 19:32:50,759 - Episode reward mean: -11.634
2018-04-30 19:32:50,759 - Episode reward std: 112.246
2018-04-30 19:59:12,286 - Episode 10200
2018-04-30 19:59:12,287 - Step 4796383
2018-04-30 19:59:29,942 - Episode reward mean: 45.604
2018-04-30 19:59:29,943 - Episode reward std: 122.634
2018-04-30 20:17:13,698 - Episode 10300
2018-04-30 20:17:13,698 - Step 4852334
2018-04-30 20:17:16,971 - Episode reward mean: 154.085
2018-04-30 20:17:16,971 - Episode reward std: 75.622
2018-04-30 20:29:36,594 - Episode 10400
2018-04-30 20:29:36,594 - Step 4891801
2018-04-30 20:29:43,590 - Episode reward mean: 178.695
2018-04-30 20:29:43,591 - Episode reward std: 67.752
2018-04-30 20:41:27,075 - Episode 10500
2018-04-30 20:41:27,076 - Step 4929575
2018-04-30 20:41:33,169 - Episode reward mean: 140.905
2018-04-30 20:41:33,169 - Episode reward std: 103.138
2018-04-30 20:41:33,169 - **Testing mode
2018-04-30 20:41:33,169 - Running for 20 episodes
2018-04-30 20:42:15,278 - (test) Average reward per episode: 175.57103269219078
2018-04-30 20:42:15,278 - Standard deviation: 60.76978255699223
2018-04-30 20:52:50,344 - Episode 10600
2018-04-30 20:52:50,344 - Step 4963989
2018-04-30 20:52:55,699 - Episode reward mean: 181.996
2018-04-30 20:52:55,699 - Episode reward std: 69.454
2018-04-30 21:04:21,133 - Episode 10700
2018-04-30 21:04:21,133 - Step 5000812
2018-04-30 21:04:24,347 - Episode reward mean: 187.607
2018-04-30 21:04:24,347 - Episode reward std: 70.313
2018-04-30 21:15:05,403 - Episode 10800
2018-04-30 21:15:05,403 - Step 5035264
2018-04-30 21:15:10,154 - Episode reward mean: 189.723
2018-04-30 21:15:10,154 - Episode reward std: 84.387
2018-04-30 21:26:10,215 - Episode 10900
2018-04-30 21:26:10,215 - Step 5070894
2018-04-30 21:26:12,967 - Episode reward mean: 196.538
2018-04-30 21:26:12,967 - Episode reward std: 59.925
2018-04-30 21:35:57,922 - Episode 11000
2018-04-30 21:35:57,922 - Step 5102817
2018-04-30 21:36:18,235 - Episode reward mean: 195.851
2018-04-30 21:36:18,235 - Episode reward std: 82.845
2018-04-30 21:36:18,236 - **Testing mode
2018-04-30 21:36:18,236 - Running for 20 episodes
2018-04-30 21:36:48,486 - (test) Average reward per episode: 205.71370236226352
2018-04-30 21:36:48,486 - Standard deviation: 35.1697168477781
2018-04-30 21:36:48,519 - Beat previous value of 195.88833318844198! Saved model to models/LL_dqn_H/LL_dqn_H.h5
2018-04-30 21:48:04,606 - Episode 11100
2018-04-30 21:48:04,606 - Step 5139870
2018-04-30 21:48:08,569 - Episode reward mean: 196.189
2018-04-30 21:48:08,570 - Episode reward std: 62.129
2018-04-30 21:58:05,130 - Episode 11200
2018-04-30 21:58:05,131 - Step 5171869
2018-04-30 21:58:09,185 - Episode reward mean: 179.648
2018-04-30 21:58:09,185 - Episode reward std: 90.842
2018-04-30 22:08:16,799 - Episode 11300
2018-04-30 22:08:16,799 - Step 5204524
2018-04-30 22:08:36,388 - Episode reward mean: 165.803
2018-04-30 22:08:36,389 - Episode reward std: 101.821
2018-04-30 22:22:08,695 - Episode 11400
2018-04-30 22:22:08,696 - Step 5248397
2018-04-30 22:22:16,682 - Episode reward mean: 180.677
2018-04-30 22:22:16,683 - Episode reward std: 75.875
2018-04-30 22:42:09,630 - Episode 11500
2018-04-30 22:42:09,630 - Step 5310034
2018-04-30 22:42:13,762 - Episode reward mean: 124.575
2018-04-30 22:42:13,762 - Episode reward std: 92.070
2018-04-30 22:42:13,762 - **Testing mode
2018-04-30 22:42:13,762 - Running for 20 episodes
2018-04-30 22:43:29,834 - (test) Average reward per episode: 124.97270239236127
2018-04-30 22:43:29,835 - Standard deviation: 89.20536003206715
2018-04-30 22:54:43,993 - Episode 11600
2018-04-30 22:54:43,994 - Step 5346406
2018-04-30 22:54:49,028 - Episode reward mean: 136.694
2018-04-30 22:54:49,028 - Episode reward std: 148.120
2018-04-30 23:08:39,285 - Episode 11700
2018-04-30 23:08:39,285 - Step 5390267
2018-04-30 23:08:43,862 - Episode reward mean: 187.426
2018-04-30 23:08:43,862 - Episode reward std: 70.968
2018-04-30 23:20:57,506 - Episode 11800
2018-04-30 23:20:57,507 - Step 5429618
2018-04-30 23:21:01,804 - Episode reward mean: 194.802
2018-04-30 23:21:01,804 - Episode reward std: 72.268
2018-04-30 23:32:31,793 - Episode 11900
2018-04-30 23:32:31,793 - Step 5466728
2018-04-30 23:32:42,728 - Episode reward mean: 211.752
2018-04-30 23:32:42,729 - Episode reward std: 40.481
2018-04-30 23:42:05,674 - Episode 12000
2018-04-30 23:42:05,675 - Step 5498043
2018-04-30 23:42:08,890 - Episode reward mean: 165.994
2018-04-30 23:42:08,891 - Episode reward std: 108.647
2018-04-30 23:42:08,891 - **Testing mode
2018-04-30 23:42:08,891 - Running for 20 episodes
2018-04-30 23:42:52,658 - (test) Average reward per episode: 161.40776025259868
2018-04-30 23:42:52,659 - Standard deviation: 94.06651463170526
2018-04-30 23:57:18,452 - Episode 12100
2018-04-30 23:57:18,453 - Step 5544292
2018-04-30 23:57:28,877 - Episode reward mean: 186.530
2018-04-30 23:57:28,877 - Episode reward std: 71.332
2018-05-01 00:08:29,911 - Episode 12200
2018-05-01 00:08:29,912 - Step 5580726
2018-05-01 00:08:32,796 - Episode reward mean: 206.591
2018-05-01 00:08:32,796 - Episode reward std: 55.094
2018-05-01 00:16:49,169 - Episode 12300
2018-05-01 00:16:49,169 - Step 5607881
2018-05-01 00:16:57,304 - Episode reward mean: 148.362
2018-05-01 00:16:57,304 - Episode reward std: 110.029
2018-05-01 00:24:30,405 - Episode 12400
2018-05-01 00:24:30,405 - Step 5633218
2018-05-01 00:24:50,308 - Episode reward mean: 192.736
2018-05-01 00:24:50,308 - Episode reward std: 81.846
2018-05-01 00:38:43,707 - Episode 12500
2018-05-01 00:38:43,707 - Step 5678475
2018-05-01 00:39:03,824 - Episode reward mean: 197.260
2018-05-01 00:39:03,824 - Episode reward std: 70.049
2018-05-01 00:39:03,825 - **Testing mode
2018-05-01 00:39:03,825 - Running for 20 episodes
2018-05-01 00:39:54,431 - (test) Average reward per episode: 189.92279914125936
2018-05-01 00:39:54,431 - Standard deviation: 60.361416716160115
2018-05-01 00:51:26,491 - Episode 12600
2018-05-01 00:51:26,492 - Step 5716543
2018-05-01 00:51:32,290 - Episode reward mean: 179.113
2018-05-01 00:51:32,290 - Episode reward std: 105.708
2018-05-01 01:01:31,068 - Episode 12700
2018-05-01 01:01:31,068 - Step 5749204
2018-05-01 01:01:35,283 - Episode reward mean: 196.850
2018-05-01 01:01:35,284 - Episode reward std: 75.538
2018-05-01 01:13:04,464 - Episode 12800
2018-05-01 01:13:04,464 - Step 5790532
2018-05-01 01:13:07,703 - Episode reward mean: 166.739
2018-05-01 01:13:07,703 - Episode reward std: 104.521
