2018-05-02 11:02:08,297 - Command line args: Namespace(N=50, actor_lr=0.01, actor_model_path=None, alg='dqn', alt_learn=False, combined_replay=True, critic_lr=0.01, critic_model_path=None, deepness='deep', env_name='LunarLander-v2', epsilon=0.5, gamma=0.99, hindsight=True, lr=0.0001, memory_size=50000, model_name='LL_dqn_CHP', num_episodes=50000, priority_replay=True, record_video_only=False, render=False, replay_batch=32, seed=None, test_mod=500, test_only=False, train_mod=100)
2018-05-02 11:02:08,297 - Log saving to logs/LL_dqn_CHP_2018_05_02_11_02_08.log
2018-05-02 11:02:08,297 - Alg: dqn
2018-05-02 11:02:08,298 - Numpy random seed 2745753600
2018-05-02 11:02:08,317 - Gym seed set to 2745753600
2018-05-02 11:02:08,318 - Using deep architecture.
2018-05-02 11:02:08,373 - Using initial learning rate 0.0001
2018-05-02 11:02:08,572 - _________________________________________________________________
2018-05-02 11:02:08,572 - Layer (type)                 Output Shape              Param #   
2018-05-02 11:02:08,572 - =================================================================
2018-05-02 11:02:08,572 - dense_1 (Dense)              (None, 180)               1980      
2018-05-02 11:02:08,573 - _________________________________________________________________
2018-05-02 11:02:08,573 - dense_2 (Dense)              (None, 140)               25340     
2018-05-02 11:02:08,573 - _________________________________________________________________
2018-05-02 11:02:08,573 - dense_3 (Dense)              (None, 30)                4230      
2018-05-02 11:02:08,573 - _________________________________________________________________
2018-05-02 11:02:08,574 - dense_4 (Dense)              (None, 4)                 124       
2018-05-02 11:02:08,574 - =================================================================
2018-05-02 11:02:08,574 - Total params: 31,674
2018-05-02 11:02:08,574 - Trainable params: 31,674
2018-05-02 11:02:08,574 - Non-trainable params: 0
2018-05-02 11:02:08,574 - _________________________________________________________________
2018-05-02 11:02:08,574 - Using combined replay
2018-05-02 11:02:08,574 - Using prioritized replay
2018-05-02 11:02:08,575 - Using hindsight replay
2018-05-02 11:02:08,575 - Creating replay buffer with initial max size of 50000
2018-05-02 11:02:08,582 - Burning in 10000 lines
2018-05-02 11:02:22,170 - Training for 50000 episodes
2018-05-02 11:02:22,170 - Episode 0
2018-05-02 11:02:22,170 - Step 0
2018-05-02 11:02:23,767 - Episode reward mean: -2.800
2018-05-02 11:02:23,767 - Episode reward std: 27.716
2018-05-02 11:02:23,817 - Saved model for rendering to models/LL_dqn_CHP/LL_dqn_CHP_0_of_3.h5
2018-05-02 11:04:27,157 - Episode 100
2018-05-02 11:04:27,157 - Step 11221
2018-05-02 11:04:28,987 - Episode reward mean: -234.118
2018-05-02 11:04:28,987 - Episode reward std: 94.198
2018-05-02 11:06:52,356 - Episode 200
2018-05-02 11:06:52,357 - Step 23902
2018-05-02 11:06:53,484 - Episode reward mean: -217.560
2018-05-02 11:06:53,484 - Episode reward std: 98.261
2018-05-02 11:09:09,524 - Episode 300
2018-05-02 11:09:09,524 - Step 35986
2018-05-02 11:09:10,487 - Episode reward mean: -214.457
2018-05-02 11:09:10,487 - Episode reward std: 58.415
2018-05-02 11:11:11,853 - Episode 400
2018-05-02 11:11:11,854 - Step 46902
2018-05-02 11:11:13,763 - Episode reward mean: -200.890
2018-05-02 11:11:13,763 - Episode reward std: 65.642
2018-05-02 11:14:11,688 - Episode 500
2018-05-02 11:14:11,688 - Step 62490
2018-05-02 11:14:13,775 - Episode reward mean: -190.633
2018-05-02 11:14:13,775 - Episode reward std: 68.676
2018-05-02 11:14:13,775 - **Testing mode
2018-05-02 11:14:13,775 - Running for 20 episodes
2018-05-02 11:14:27,311 - (test) Average reward per episode: -122.85562865645178
2018-05-02 11:14:27,312 - Standard deviation: 80.84997752418174
2018-05-02 11:14:27,333 - Beat previous value of None! Saved model to models/LL_dqn_CHP/LL_dqn_CHP.h5
2018-05-02 11:25:45,147 - Episode 600
2018-05-02 11:25:45,148 - Step 119085
2018-05-02 11:25:50,276 - Episode reward mean: -114.919
2018-05-02 11:25:50,276 - Episode reward std: 113.800
2018-05-02 11:38:41,006 - Episode 700
2018-05-02 11:38:41,006 - Step 183968
2018-05-02 11:38:44,933 - Episode reward mean: -139.039
2018-05-02 11:38:44,933 - Episode reward std: 100.185
2018-05-02 11:51:15,666 - Episode 800
2018-05-02 11:51:15,666 - Step 246839
2018-05-02 11:51:21,923 - Episode reward mean: -142.530
2018-05-02 11:51:21,923 - Episode reward std: 75.276
2018-05-02 12:03:52,612 - Episode 900
2018-05-02 12:03:52,612 - Step 310262
2018-05-02 12:04:06,331 - Episode reward mean: -169.737
2018-05-02 12:04:06,331 - Episode reward std: 65.637
2018-05-02 12:22:39,755 - Episode 1000
2018-05-02 12:22:39,755 - Step 401132
2018-05-02 12:22:51,704 - Episode reward mean: -90.338
2018-05-02 12:22:51,705 - Episode reward std: 73.372
2018-05-02 12:22:51,705 - **Testing mode
2018-05-02 12:22:51,705 - Running for 20 episodes
2018-05-02 12:23:48,990 - (test) Average reward per episode: -80.52631843408115
2018-05-02 12:23:48,990 - Standard deviation: 37.96275293421476
2018-05-02 12:23:49,007 - Beat previous value of -122.85562865645178! Saved model to models/LL_dqn_CHP/LL_dqn_CHP.h5
2018-05-02 12:43:54,926 - Episode 1100
2018-05-02 12:43:54,926 - Step 499337
2018-05-02 12:44:08,085 - Episode reward mean: -57.220
2018-05-02 12:44:08,085 - Episode reward std: 65.069
2018-05-02 13:00:38,497 - Episode 1200
2018-05-02 13:00:38,498 - Step 580101
2018-05-02 13:00:50,215 - Episode reward mean: -25.231
2018-05-02 13:00:50,215 - Episode reward std: 112.135
2018-05-02 13:16:24,615 - Episode 1300
2018-05-02 13:16:24,615 - Step 656960
2018-05-02 13:16:31,033 - Episode reward mean: -88.980
2018-05-02 13:16:31,033 - Episode reward std: 40.465
2018-05-02 13:29:46,757 - Episode 1400
2018-05-02 13:29:46,758 - Step 723504
2018-05-02 13:29:54,532 - Episode reward mean: -67.897
2018-05-02 13:29:54,533 - Episode reward std: 57.973
2018-05-02 13:41:34,636 - Episode 1500
2018-05-02 13:41:34,636 - Step 781547
2018-05-02 13:41:38,516 - Episode reward mean: -53.678
2018-05-02 13:41:38,516 - Episode reward std: 122.744
2018-05-02 13:41:38,516 - **Testing mode
2018-05-02 13:41:38,517 - Running for 20 episodes
2018-05-02 13:41:54,695 - (test) Average reward per episode: -114.4902769993221
2018-05-02 13:41:54,696 - Standard deviation: 72.01473646804838
2018-05-02 13:49:16,822 - Episode 1600
2018-05-02 13:49:16,822 - Step 819071
2018-05-02 13:49:18,804 - Episode reward mean: -95.462
2018-05-02 13:49:18,805 - Episode reward std: 97.817
2018-05-02 13:55:25,879 - Episode 1700
2018-05-02 13:55:25,880 - Step 850995
2018-05-02 13:55:30,759 - Episode reward mean: -107.735
2018-05-02 13:55:30,760 - Episode reward std: 111.917
2018-05-02 14:04:17,879 - Episode 1800
2018-05-02 14:04:17,879 - Step 896482
2018-05-02 14:04:19,997 - Episode reward mean: -20.103
2018-05-02 14:04:19,997 - Episode reward std: 154.488
2018-05-02 14:15:12,522 - Episode 1900
2018-05-02 14:15:12,522 - Step 951802
2018-05-02 14:15:25,017 - Episode reward mean: 60.732
2018-05-02 14:15:25,017 - Episode reward std: 133.016
2018-05-02 14:22:05,498 - Episode 2000
2018-05-02 14:22:05,498 - Step 987938
2018-05-02 14:22:10,665 - Episode reward mean: 84.487
2018-05-02 14:22:10,665 - Episode reward std: 152.040
2018-05-02 14:22:10,666 - **Testing mode
2018-05-02 14:22:10,666 - Running for 20 episodes
2018-05-02 14:22:23,047 - (test) Average reward per episode: 73.41317824263953
2018-05-02 14:22:23,047 - Standard deviation: 140.580491994259
2018-05-02 14:22:23,064 - Beat previous value of -80.52631843408115! Saved model to models/LL_dqn_CHP/LL_dqn_CHP.h5
2018-05-02 14:30:11,176 - Episode 2100
2018-05-02 14:30:11,176 - Step 1028944
2018-05-02 14:30:22,886 - Episode reward mean: 80.020
2018-05-02 14:30:22,886 - Episode reward std: 155.381
2018-05-02 14:39:24,051 - Episode 2200
2018-05-02 14:39:24,051 - Step 1076059
2018-05-02 14:39:26,965 - Episode reward mean: 121.245
2018-05-02 14:39:26,966 - Episode reward std: 125.954
2018-05-02 14:48:11,259 - Episode 2300
2018-05-02 14:48:11,259 - Step 1121134
2018-05-02 14:48:13,998 - Episode reward mean: 56.120
2018-05-02 14:48:13,998 - Episode reward std: 178.412
2018-05-02 14:59:07,476 - Episode 2400
2018-05-02 14:59:07,476 - Step 1176521
2018-05-02 14:59:11,424 - Episode reward mean: -20.856
2018-05-02 14:59:11,424 - Episode reward std: 177.398
2018-05-02 15:09:58,398 - Episode 2500
2018-05-02 15:09:58,398 - Step 1231076
2018-05-02 15:10:05,514 - Episode reward mean: 93.592
2018-05-02 15:10:05,515 - Episode reward std: 144.176
2018-05-02 15:10:05,515 - **Testing mode
2018-05-02 15:10:05,515 - Running for 20 episodes
2018-05-02 15:10:29,765 - (test) Average reward per episode: 75.26838290265057
2018-05-02 15:10:29,765 - Standard deviation: 176.71296058368623
2018-05-02 15:10:29,788 - Beat previous value of 73.41317824263953! Saved model to models/LL_dqn_CHP/LL_dqn_CHP.h5
2018-05-02 15:21:14,556 - Episode 2600
2018-05-02 15:21:14,557 - Step 1286364
2018-05-02 15:21:17,671 - Episode reward mean: 78.751
2018-05-02 15:21:17,671 - Episode reward std: 158.480
2018-05-02 15:29:11,830 - Episode 2700
2018-05-02 15:29:11,830 - Step 1327665
2018-05-02 15:29:16,129 - Episode reward mean: 134.650
2018-05-02 15:29:16,130 - Episode reward std: 115.241
2018-05-02 15:36:33,348 - Episode 2800
2018-05-02 15:36:33,348 - Step 1366138
2018-05-02 15:36:35,461 - Episode reward mean: 90.436
2018-05-02 15:36:35,461 - Episode reward std: 127.442
2018-05-02 15:44:02,094 - Episode 2900
2018-05-02 15:44:02,094 - Step 1405246
2018-05-02 15:44:07,915 - Episode reward mean: 103.892
2018-05-02 15:44:07,916 - Episode reward std: 135.408
2018-05-02 15:48:55,186 - Episode 3000
2018-05-02 15:48:55,187 - Step 1431354
2018-05-02 15:48:57,808 - Episode reward mean: 43.319
2018-05-02 15:48:57,809 - Episode reward std: 136.695
2018-05-02 15:48:57,809 - **Testing mode
2018-05-02 15:48:57,809 - Running for 20 episodes
2018-05-02 15:49:05,774 - (test) Average reward per episode: 102.41393646734483
2018-05-02 15:49:05,774 - Standard deviation: 131.53397289876327
2018-05-02 15:49:05,797 - Beat previous value of 75.26838290265057! Saved model to models/LL_dqn_CHP/LL_dqn_CHP.h5
2018-05-02 15:54:38,447 - Episode 3100
2018-05-02 15:54:38,447 - Step 1460846
2018-05-02 15:54:40,631 - Episode reward mean: 72.795
2018-05-02 15:54:40,631 - Episode reward std: 139.043
2018-05-02 16:01:23,516 - Episode 3200
2018-05-02 16:01:23,516 - Step 1495954
2018-05-02 16:01:25,625 - Episode reward mean: 18.523
2018-05-02 16:01:25,625 - Episode reward std: 184.320
2018-05-02 16:09:40,951 - Episode 3300
2018-05-02 16:09:40,951 - Step 1538735
2018-05-02 16:09:47,889 - Episode reward mean: 47.035
2018-05-02 16:09:47,890 - Episode reward std: 199.682
2018-05-02 16:17:50,483 - Episode 3400
2018-05-02 16:17:50,483 - Step 1580821
2018-05-02 16:17:55,590 - Episode reward mean: 89.293
2018-05-02 16:17:55,590 - Episode reward std: 152.596
2018-05-02 16:26:31,846 - Episode 3500
2018-05-02 16:26:31,846 - Step 1624997
2018-05-02 16:26:34,729 - Episode reward mean: 95.521
2018-05-02 16:26:34,730 - Episode reward std: 149.479
2018-05-02 16:26:34,730 - **Testing mode
2018-05-02 16:26:34,730 - Running for 20 episodes
2018-05-02 16:26:50,947 - (test) Average reward per episode: -150.0593582923598
2018-05-02 16:26:50,947 - Standard deviation: 225.57693824446494
2018-05-02 16:36:54,740 - Episode 3600
2018-05-02 16:36:54,740 - Step 1675055
2018-05-02 16:36:55,962 - Episode reward mean: -39.955
2018-05-02 16:36:55,962 - Episode reward std: 170.876
2018-05-02 16:46:07,892 - Episode 3700
2018-05-02 16:46:07,892 - Step 1720974
2018-05-02 16:46:20,801 - Episode reward mean: 10.994
2018-05-02 16:46:20,801 - Episode reward std: 174.685
2018-05-02 16:57:40,136 - Episode 3800
2018-05-02 16:57:40,136 - Step 1779234
2018-05-02 16:57:52,637 - Episode reward mean: 42.173
2018-05-02 16:57:52,638 - Episode reward std: 150.617
2018-05-02 17:07:30,914 - Episode 3900
2018-05-02 17:07:30,915 - Step 1829528
2018-05-02 17:07:36,842 - Episode reward mean: 99.539
2018-05-02 17:07:36,842 - Episode reward std: 127.843
2018-05-02 17:14:28,521 - Episode 4000
2018-05-02 17:14:28,521 - Step 1865765
2018-05-02 17:14:31,409 - Episode reward mean: 112.854
2018-05-02 17:14:31,409 - Episode reward std: 127.348
2018-05-02 17:14:31,410 - **Testing mode
2018-05-02 17:14:31,410 - Running for 20 episodes
2018-05-02 17:14:40,621 - (test) Average reward per episode: 144.59522011290704
2018-05-02 17:14:40,621 - Standard deviation: 117.20224510746598
2018-05-02 17:14:40,643 - Beat previous value of 102.41393646734483! Saved model to models/LL_dqn_CHP/LL_dqn_CHP.h5
2018-05-02 17:20:47,915 - Episode 4100
2018-05-02 17:20:47,915 - Step 1898707
2018-05-02 17:20:49,245 - Episode reward mean: 113.431
2018-05-02 17:20:49,245 - Episode reward std: 155.244
2018-05-02 17:26:32,870 - Episode 4200
2018-05-02 17:26:32,870 - Step 1929349
2018-05-02 17:26:35,718 - Episode reward mean: 142.842
2018-05-02 17:26:35,718 - Episode reward std: 144.419
2018-05-02 17:32:29,243 - Episode 4300
2018-05-02 17:32:29,243 - Step 1960760
2018-05-02 17:32:35,898 - Episode reward mean: 161.877
2018-05-02 17:32:35,899 - Episode reward std: 119.452
2018-05-02 17:38:07,768 - Episode 4400
2018-05-02 17:38:07,768 - Step 1990730
2018-05-02 17:38:13,219 - Episode reward mean: 133.486
2018-05-02 17:38:13,219 - Episode reward std: 159.190
2018-05-02 17:44:43,733 - Episode 4500
2018-05-02 17:44:43,733 - Step 2025660
2018-05-02 17:44:45,919 - Episode reward mean: 100.733
2018-05-02 17:44:45,919 - Episode reward std: 155.141
2018-05-02 17:44:45,920 - **Testing mode
2018-05-02 17:44:45,920 - Running for 20 episodes
2018-05-02 17:45:05,806 - (test) Average reward per episode: 100.32016272244803
2018-05-02 17:45:05,806 - Standard deviation: 151.83261384141167
2018-05-02 17:52:53,850 - Episode 4600
2018-05-02 17:52:53,851 - Step 2066656
2018-05-02 17:52:56,767 - Episode reward mean: 118.677
2018-05-02 17:52:56,768 - Episode reward std: 132.122
2018-05-02 17:59:38,253 - Episode 4700
2018-05-02 17:59:38,254 - Step 2101858
2018-05-02 17:59:41,332 - Episode reward mean: 124.642
2018-05-02 17:59:41,332 - Episode reward std: 142.737
2018-05-02 18:05:33,120 - Episode 4800
2018-05-02 18:05:33,120 - Step 2132810
2018-05-02 18:05:43,138 - Episode reward mean: 143.412
2018-05-02 18:05:43,138 - Episode reward std: 160.153
2018-05-02 18:12:27,091 - Episode 4900
2018-05-02 18:12:27,091 - Step 2168589
2018-05-02 18:12:28,712 - Episode reward mean: 147.965
2018-05-02 18:12:28,713 - Episode reward std: 120.909
2018-05-02 18:17:59,093 - Episode 5000
2018-05-02 18:17:59,093 - Step 2197534
2018-05-02 18:18:01,233 - Episode reward mean: 175.004
2018-05-02 18:18:01,234 - Episode reward std: 95.103
2018-05-02 18:18:01,234 - **Testing mode
2018-05-02 18:18:01,234 - Running for 20 episodes
2018-05-02 18:18:12,791 - (test) Average reward per episode: 193.98159322987078
2018-05-02 18:18:12,792 - Standard deviation: 70.36368186444375
2018-05-02 18:18:12,816 - Beat previous value of 144.59522011290704! Saved model to models/LL_dqn_CHP/LL_dqn_CHP.h5
2018-05-02 18:24:47,434 - Episode 5100
2018-05-02 18:24:47,435 - Step 2232427
2018-05-02 18:24:49,428 - Episode reward mean: 163.185
2018-05-02 18:24:49,429 - Episode reward std: 134.280
2018-05-02 18:28:55,258 - Episode 5200
2018-05-02 18:28:55,259 - Step 2254636
2018-05-02 18:28:56,402 - Episode reward mean: 65.803
2018-05-02 18:28:56,402 - Episode reward std: 185.080
2018-05-02 18:35:27,445 - Episode 5300
2018-05-02 18:35:27,446 - Step 2288722
2018-05-02 18:35:29,394 - Episode reward mean: 47.940
2018-05-02 18:35:29,394 - Episode reward std: 176.777
2018-05-02 18:41:08,378 - Episode 5400
2018-05-02 18:41:08,378 - Step 2318573
2018-05-02 18:41:09,894 - Episode reward mean: -19.468
2018-05-02 18:41:09,894 - Episode reward std: 183.254
2018-05-02 18:45:43,292 - Episode 5500
2018-05-02 18:45:43,292 - Step 2342754
2018-05-02 18:45:44,728 - Episode reward mean: -54.075
2018-05-02 18:45:44,728 - Episode reward std: 206.609
2018-05-02 18:45:44,728 - **Testing mode
2018-05-02 18:45:44,728 - Running for 20 episodes
2018-05-02 18:45:52,191 - (test) Average reward per episode: -53.72691379363755
2018-05-02 18:45:52,191 - Standard deviation: 232.7956069818226
2018-05-02 18:50:52,410 - Episode 5600
2018-05-02 18:50:52,410 - Step 2369337
2018-05-02 18:50:53,268 - Episode reward mean: -6.522
2018-05-02 18:50:53,268 - Episode reward std: 223.206
2018-05-02 18:55:16,130 - Episode 5700
2018-05-02 18:55:16,130 - Step 2393097
2018-05-02 18:55:17,997 - Episode reward mean: 28.017
2018-05-02 18:55:17,998 - Episode reward std: 200.798
2018-05-02 19:00:16,837 - Episode 5800
2018-05-02 19:00:16,837 - Step 2419866
2018-05-02 19:00:19,270 - Episode reward mean: 158.592
2018-05-02 19:00:19,270 - Episode reward std: 131.901
2018-05-02 19:05:06,209 - Episode 5900
2018-05-02 19:05:06,210 - Step 2445687
2018-05-02 19:05:08,368 - Episode reward mean: 125.217
2018-05-02 19:05:08,369 - Episode reward std: 139.218
2018-05-02 19:10:40,488 - Episode 6000
2018-05-02 19:10:40,489 - Step 2475340
2018-05-02 19:10:41,921 - Episode reward mean: 162.643
2018-05-02 19:10:41,921 - Episode reward std: 114.463
2018-05-02 19:10:41,921 - **Testing mode
2018-05-02 19:10:41,921 - Running for 20 episodes
2018-05-02 19:10:53,852 - (test) Average reward per episode: 174.2980216081425
2018-05-02 19:10:53,852 - Standard deviation: 64.06150019214623
2018-05-02 19:16:48,304 - Episode 6100
2018-05-02 19:16:48,304 - Step 2506890
2018-05-02 19:16:52,071 - Episode reward mean: 157.083
2018-05-02 19:16:52,071 - Episode reward std: 114.179
2018-05-02 19:22:58,489 - Episode 6200
2018-05-02 19:22:58,489 - Step 2539396
2018-05-02 19:23:00,635 - Episode reward mean: 126.755
2018-05-02 19:23:00,635 - Episode reward std: 147.070
2018-05-02 19:29:17,322 - Episode 6300
2018-05-02 19:29:17,323 - Step 2572433
2018-05-02 19:29:19,343 - Episode reward mean: 156.777
2018-05-02 19:29:19,344 - Episode reward std: 112.219
2018-05-02 19:35:17,712 - Episode 6400
2018-05-02 19:35:17,712 - Step 2604076
2018-05-02 19:35:24,923 - Episode reward mean: 119.959
2018-05-02 19:35:24,923 - Episode reward std: 159.368
2018-05-02 19:44:38,693 - Episode 6500
2018-05-02 19:44:38,693 - Step 2651975
2018-05-02 19:44:39,803 - Episode reward mean: 72.200
2018-05-02 19:44:39,804 - Episode reward std: 166.211
2018-05-02 19:44:39,804 - **Testing mode
2018-05-02 19:44:39,804 - Running for 20 episodes
2018-05-02 19:44:54,375 - (test) Average reward per episode: -40.05654065796706
2018-05-02 19:44:54,375 - Standard deviation: 223.0309157955901
2018-05-02 19:52:00,249 - Episode 6600
2018-05-02 19:52:00,249 - Step 2689074
2018-05-02 19:52:04,260 - Episode reward mean: 52.654
2018-05-02 19:52:04,260 - Episode reward std: 191.618
2018-05-02 19:58:01,633 - Episode 6700
2018-05-02 19:58:01,633 - Step 2720765
2018-05-02 19:58:02,677 - Episode reward mean: 26.327
2018-05-02 19:58:02,678 - Episode reward std: 203.881
2018-05-02 20:03:44,942 - Episode 6800
2018-05-02 20:03:44,942 - Step 2751019
2018-05-02 20:03:47,346 - Episode reward mean: 105.321
2018-05-02 20:03:47,346 - Episode reward std: 151.430
2018-05-02 20:08:54,436 - Episode 6900
2018-05-02 20:08:54,437 - Step 2778466
2018-05-02 20:08:56,932 - Episode reward mean: 82.820
2018-05-02 20:08:56,932 - Episode reward std: 181.397
2018-05-02 20:13:58,015 - Episode 7000
2018-05-02 20:13:58,015 - Step 2805451
2018-05-02 20:14:03,280 - Episode reward mean: 121.725
2018-05-02 20:14:03,280 - Episode reward std: 134.288
2018-05-02 20:14:03,280 - **Testing mode
2018-05-02 20:14:03,280 - Running for 20 episodes
2018-05-02 20:14:11,205 - (test) Average reward per episode: 72.33135825203789
2018-05-02 20:14:11,205 - Standard deviation: 138.0777035674846
2018-05-02 20:19:50,212 - Episode 7100
2018-05-02 20:19:50,212 - Step 2835978
2018-05-02 20:19:53,092 - Episode reward mean: 74.467
2018-05-02 20:19:53,093 - Episode reward std: 147.046
2018-05-02 20:26:35,940 - Episode 7200
2018-05-02 20:26:35,940 - Step 2871224
2018-05-02 20:26:38,952 - Episode reward mean: 106.569
2018-05-02 20:26:38,953 - Episode reward std: 138.430
2018-05-02 20:34:02,560 - Episode 7300
2018-05-02 20:34:02,560 - Step 2909164
2018-05-02 20:34:05,787 - Episode reward mean: 39.730
2018-05-02 20:34:05,788 - Episode reward std: 146.666
2018-05-02 20:39:03,936 - Episode 7400
2018-05-02 20:39:03,936 - Step 2935527
2018-05-02 20:39:05,722 - Episode reward mean: 16.612
2018-05-02 20:39:05,722 - Episode reward std: 146.617
2018-05-02 20:43:32,550 - Episode 7500
2018-05-02 20:43:32,550 - Step 2959468
2018-05-02 20:43:34,514 - Episode reward mean: 14.326
2018-05-02 20:43:34,514 - Episode reward std: 150.120
2018-05-02 20:43:34,514 - **Testing mode
2018-05-02 20:43:34,514 - Running for 20 episodes
2018-05-02 20:43:45,693 - (test) Average reward per episode: 32.99296289846499
2018-05-02 20:43:45,694 - Standard deviation: 151.59344768929367
2018-05-02 20:49:19,683 - Episode 7600
2018-05-02 20:49:19,683 - Step 2989224
2018-05-02 20:49:24,491 - Episode reward mean: 102.637
2018-05-02 20:49:24,491 - Episode reward std: 160.901
2018-05-02 20:56:19,414 - Episode 7700
2018-05-02 20:56:19,414 - Step 3025731
2018-05-02 20:56:22,354 - Episode reward mean: 151.641
2018-05-02 20:56:22,354 - Episode reward std: 133.386
2018-05-02 21:03:09,625 - Episode 7800
2018-05-02 21:03:09,625 - Step 3061728
2018-05-02 21:03:20,645 - Episode reward mean: 145.773
2018-05-02 21:03:20,645 - Episode reward std: 180.899
2018-05-02 21:08:40,165 - Episode 7900
2018-05-02 21:08:40,165 - Step 3091261
2018-05-02 21:08:41,728 - Episode reward mean: 163.124
2018-05-02 21:08:41,728 - Episode reward std: 143.494
2018-05-02 21:14:06,831 - Episode 8000
2018-05-02 21:14:06,831 - Step 3120179
2018-05-02 21:14:09,496 - Episode reward mean: 164.478
2018-05-02 21:14:09,497 - Episode reward std: 110.875
2018-05-02 21:14:09,497 - **Testing mode
2018-05-02 21:14:09,497 - Running for 20 episodes
2018-05-02 21:14:19,651 - (test) Average reward per episode: 210.3409141097075
2018-05-02 21:14:19,651 - Standard deviation: 32.933777858843776
2018-05-02 21:14:19,672 - Beat previous value of 193.98159322987078! Saved model to models/LL_dqn_CHP/LL_dqn_CHP.h5
2018-05-02 21:20:06,303 - Episode 8100
2018-05-02 21:20:06,303 - Step 3150982
2018-05-02 21:20:09,125 - Episode reward mean: 141.691
2018-05-02 21:20:09,125 - Episode reward std: 125.426
2018-05-02 21:25:40,152 - Episode 8200
2018-05-02 21:25:40,152 - Step 3180132
2018-05-02 21:25:43,310 - Episode reward mean: 79.297
2018-05-02 21:25:43,310 - Episode reward std: 169.538
2018-05-02 21:32:42,662 - Episode 8300
2018-05-02 21:32:42,662 - Step 3216556
2018-05-02 21:32:46,708 - Episode reward mean: 104.436
2018-05-02 21:32:46,708 - Episode reward std: 136.763
2018-05-02 21:41:41,217 - Episode 8400
2018-05-02 21:41:41,217 - Step 3262605
2018-05-02 21:41:42,034 - Episode reward mean: 120.618
2018-05-02 21:41:42,035 - Episode reward std: 149.251
2018-05-02 21:49:04,413 - Episode 8500
2018-05-02 21:49:04,413 - Step 3300608
2018-05-02 21:49:07,841 - Episode reward mean: 137.682
2018-05-02 21:49:07,841 - Episode reward std: 130.843
2018-05-02 21:49:07,841 - **Testing mode
2018-05-02 21:49:07,842 - Running for 20 episodes
2018-05-02 21:49:20,844 - (test) Average reward per episode: 190.22013177391392
2018-05-02 21:49:20,844 - Standard deviation: 53.95136830602559
2018-05-02 21:55:36,302 - Episode 8600
2018-05-02 21:55:36,302 - Step 3333685
2018-05-02 21:55:38,117 - Episode reward mean: 125.107
2018-05-02 21:55:38,117 - Episode reward std: 154.195
2018-05-02 22:01:32,516 - Episode 8700
2018-05-02 22:01:32,516 - Step 3364881
2018-05-02 22:01:34,522 - Episode reward mean: 147.492
2018-05-02 22:01:34,522 - Episode reward std: 148.878
2018-05-02 22:07:57,569 - Episode 8800
2018-05-02 22:07:57,569 - Step 3398408
2018-05-02 22:07:59,957 - Episode reward mean: 136.786
2018-05-02 22:07:59,957 - Episode reward std: 141.297
2018-05-02 22:12:34,070 - Episode 8900
2018-05-02 22:12:34,070 - Step 3423163
2018-05-02 22:12:34,908 - Episode reward mean: 115.008
2018-05-02 22:12:34,908 - Episode reward std: 180.560
2018-05-02 22:17:40,922 - Episode 9000
2018-05-02 22:17:40,922 - Step 3450062
2018-05-02 22:17:43,462 - Episode reward mean: 43.708
2018-05-02 22:17:43,463 - Episode reward std: 201.663
2018-05-02 22:17:43,463 - **Testing mode
2018-05-02 22:17:43,463 - Running for 20 episodes
2018-05-02 22:17:51,825 - (test) Average reward per episode: 77.4916511165818
2018-05-02 22:17:51,826 - Standard deviation: 186.01661656530536
2018-05-02 22:23:50,072 - Episode 9100
2018-05-02 22:23:50,072 - Step 3481463
2018-05-02 22:23:56,267 - Episode reward mean: 119.570
2018-05-02 22:23:56,267 - Episode reward std: 261.887
2018-05-02 22:30:26,514 - Episode 9200
2018-05-02 22:30:26,514 - Step 3516036
2018-05-02 22:30:39,203 - Episode reward mean: 147.770
2018-05-02 22:30:39,203 - Episode reward std: 161.687
2018-05-02 22:36:51,453 - Episode 9300
2018-05-02 22:36:51,453 - Step 3549448
2018-05-02 22:36:52,290 - Episode reward mean: 183.100
2018-05-02 22:36:52,290 - Episode reward std: 92.532
2018-05-02 22:44:38,837 - Episode 9400
2018-05-02 22:44:38,837 - Step 3589910
2018-05-02 22:44:51,013 - Episode reward mean: 13.327
2018-05-02 22:44:51,013 - Episode reward std: 201.197
2018-05-02 22:55:15,255 - Episode 9500
2018-05-02 22:55:15,255 - Step 3650085
2018-05-02 22:55:16,398 - Episode reward mean: -49.823
2018-05-02 22:55:16,398 - Episode reward std: 141.609
2018-05-02 22:55:16,398 - **Testing mode
2018-05-02 22:55:16,398 - Running for 20 episodes
2018-05-02 22:55:21,846 - (test) Average reward per episode: -61.445203095358764
2018-05-02 22:55:21,846 - Standard deviation: 96.65050265639063
2018-05-02 22:59:35,401 - Episode 9600
2018-05-02 22:59:35,401 - Step 3676669
2018-05-02 22:59:38,066 - Episode reward mean: 11.474
2018-05-02 22:59:38,066 - Episode reward std: 183.592
2018-05-02 23:04:08,177 - Episode 9700
2018-05-02 23:04:08,177 - Step 3705038
2018-05-02 23:04:09,820 - Episode reward mean: 72.179
2018-05-02 23:04:09,820 - Episode reward std: 181.656
2018-05-02 23:08:29,835 - Episode 9800
2018-05-02 23:08:29,835 - Step 3732701
2018-05-02 23:08:31,829 - Episode reward mean: 95.653
2018-05-02 23:08:31,829 - Episode reward std: 183.288
2018-05-02 23:12:53,238 - Episode 9900
2018-05-02 23:12:53,239 - Step 3760810
2018-05-02 23:12:55,177 - Episode reward mean: 134.754
2018-05-02 23:12:55,178 - Episode reward std: 167.832
2018-05-02 23:18:16,761 - Episode 10000
2018-05-02 23:18:16,761 - Step 3794703
2018-05-02 23:18:23,772 - Episode reward mean: 185.115
2018-05-02 23:18:23,772 - Episode reward std: 94.387
2018-05-02 23:18:23,772 - **Testing mode
2018-05-02 23:18:23,772 - Running for 20 episodes
2018-05-02 23:18:35,252 - (test) Average reward per episode: 197.58939257003362
2018-05-02 23:18:35,252 - Standard deviation: 44.521744447394
2018-05-02 23:23:26,909 - Episode 10100
2018-05-02 23:23:26,909 - Step 3825977
2018-05-02 23:23:28,872 - Episode reward mean: 165.259
2018-05-02 23:23:28,872 - Episode reward std: 143.362
2018-05-02 23:28:40,390 - Episode 10200
2018-05-02 23:28:40,390 - Step 3858802
2018-05-02 23:28:41,454 - Episode reward mean: 113.996
2018-05-02 23:28:41,454 - Episode reward std: 144.173
2018-05-02 23:33:48,404 - Episode 10300
2018-05-02 23:33:48,404 - Step 3891265
2018-05-02 23:33:52,112 - Episode reward mean: 156.947
2018-05-02 23:33:52,112 - Episode reward std: 121.235
2018-05-02 23:38:10,192 - Episode 10400
2018-05-02 23:38:10,192 - Step 3919238
2018-05-02 23:38:16,374 - Episode reward mean: 185.220
2018-05-02 23:38:16,374 - Episode reward std: 85.773
2018-05-02 23:43:34,279 - Episode 10500
2018-05-02 23:43:34,279 - Step 3953361
2018-05-02 23:43:35,720 - Episode reward mean: 148.663
2018-05-02 23:43:35,720 - Episode reward std: 123.549
2018-05-02 23:43:35,720 - **Testing mode
2018-05-02 23:43:35,720 - Running for 20 episodes
2018-05-02 23:43:52,984 - (test) Average reward per episode: 165.78504839467718
2018-05-02 23:43:52,984 - Standard deviation: 92.49779793712737
2018-05-02 23:49:59,640 - Episode 10600
2018-05-02 23:49:59,640 - Step 3991626
2018-05-02 23:50:01,029 - Episode reward mean: 170.405
2018-05-02 23:50:01,029 - Episode reward std: 94.625
2018-05-02 23:54:55,266 - Episode 10700
2018-05-02 23:54:55,267 - Step 4022929
2018-05-02 23:54:56,611 - Episode reward mean: 171.104
2018-05-02 23:54:56,611 - Episode reward std: 103.813
2018-05-02 23:59:37,845 - Episode 10800
2018-05-02 23:59:37,845 - Step 4052672
2018-05-02 23:59:40,326 - Episode reward mean: 92.906
2018-05-02 23:59:40,327 - Episode reward std: 156.170
2018-05-03 00:04:34,380 - Episode 10900
2018-05-03 00:04:34,380 - Step 4084136
2018-05-03 00:04:36,044 - Episode reward mean: 93.602
2018-05-03 00:04:36,044 - Episode reward std: 167.369
2018-05-03 00:11:28,849 - Episode 11000
2018-05-03 00:11:28,849 - Step 4127133
2018-05-03 00:11:30,519 - Episode reward mean: 165.968
2018-05-03 00:11:30,519 - Episode reward std: 98.069
2018-05-03 00:11:30,520 - **Testing mode
2018-05-03 00:11:30,520 - Running for 20 episodes
2018-05-03 00:11:43,604 - (test) Average reward per episode: 181.92283151239536
2018-05-03 00:11:43,605 - Standard deviation: 69.23542335975765
2018-05-03 00:16:52,407 - Episode 11100
2018-05-03 00:16:52,407 - Step 4159983
2018-05-03 00:16:53,130 - Episode reward mean: 179.852
2018-05-03 00:16:53,130 - Episode reward std: 103.610
2018-05-03 00:21:42,681 - Episode 11200
2018-05-03 00:21:42,681 - Step 4190929
2018-05-03 00:21:44,825 - Episode reward mean: 145.248
2018-05-03 00:21:44,825 - Episode reward std: 163.386
2018-05-03 00:26:26,056 - Episode 11300
2018-05-03 00:26:26,056 - Step 4220724
2018-05-03 00:26:36,052 - Episode reward mean: 89.802
2018-05-03 00:26:36,052 - Episode reward std: 173.611
2018-05-03 00:31:25,455 - Episode 11400
2018-05-03 00:31:25,456 - Step 4252005
2018-05-03 00:31:27,139 - Episode reward mean: 129.686
2018-05-03 00:31:27,139 - Episode reward std: 147.619
2018-05-03 00:36:57,399 - Episode 11500
2018-05-03 00:36:57,399 - Step 4286971
2018-05-03 00:36:59,816 - Episode reward mean: 174.257
2018-05-03 00:36:59,816 - Episode reward std: 112.700
2018-05-03 00:36:59,816 - **Testing mode
2018-05-03 00:36:59,816 - Running for 20 episodes
2018-05-03 00:37:06,437 - (test) Average reward per episode: 115.19035755584568
2018-05-03 00:37:06,438 - Standard deviation: 211.65102877485091
2018-05-03 00:41:35,597 - Episode 11600
2018-05-03 00:41:35,597 - Step 4315987
2018-05-03 00:41:40,585 - Episode reward mean: 127.697
2018-05-03 00:41:40,586 - Episode reward std: 191.719
2018-05-03 00:46:50,139 - Episode 11700
2018-05-03 00:46:50,139 - Step 4349489
2018-05-03 00:46:52,535 - Episode reward mean: 148.434
2018-05-03 00:46:52,535 - Episode reward std: 161.395
2018-05-03 00:51:27,440 - Episode 11800
2018-05-03 00:51:27,440 - Step 4379127
2018-05-03 00:51:31,653 - Episode reward mean: 100.684
2018-05-03 00:51:31,654 - Episode reward std: 184.176
2018-05-03 00:56:33,596 - Episode 11900
2018-05-03 00:56:33,596 - Step 4411567
2018-05-03 00:56:36,703 - Episode reward mean: 154.989
2018-05-03 00:56:36,704 - Episode reward std: 124.050
2018-05-03 01:02:03,595 - Episode 12000
2018-05-03 01:02:03,595 - Step 4446293
2018-05-03 01:02:05,895 - Episode reward mean: 177.876
2018-05-03 01:02:05,895 - Episode reward std: 101.452
2018-05-03 01:02:05,895 - **Testing mode
2018-05-03 01:02:05,895 - Running for 20 episodes
2018-05-03 01:02:12,880 - (test) Average reward per episode: 183.8158482032842
2018-05-03 01:02:12,880 - Standard deviation: 136.3538270957368
2018-05-03 01:06:33,150 - Episode 12100
2018-05-03 01:06:33,150 - Step 4474237
2018-05-03 01:06:35,427 - Episode reward mean: 210.262
2018-05-03 01:06:35,427 - Episode reward std: 43.420
2018-05-03 01:11:29,469 - Episode 12200
2018-05-03 01:11:29,469 - Step 4505481
2018-05-03 01:11:31,902 - Episode reward mean: 151.543
2018-05-03 01:11:31,903 - Episode reward std: 137.732
2018-05-03 01:16:23,428 - Episode 12300
2018-05-03 01:16:23,429 - Step 4536638
2018-05-03 01:16:28,665 - Episode reward mean: 187.649
2018-05-03 01:16:28,665 - Episode reward std: 84.864
2018-05-03 01:24:12,620 - Episode 12400
2018-05-03 01:24:12,620 - Step 4585275
2018-05-03 01:24:13,828 - Episode reward mean: 128.634
2018-05-03 01:24:13,828 - Episode reward std: 151.361
2018-05-03 01:33:24,790 - Episode 12500
2018-05-03 01:33:24,790 - Step 4640944
2018-05-03 01:33:30,901 - Episode reward mean: 141.897
2018-05-03 01:33:30,902 - Episode reward std: 116.627
2018-05-03 01:33:30,902 - **Testing mode
2018-05-03 01:33:30,902 - Running for 20 episodes
2018-05-03 01:33:40,014 - (test) Average reward per episode: 198.83059613726775
2018-05-03 01:33:40,014 - Standard deviation: 109.44135937132002
2018-05-03 01:40:53,734 - Episode 12600
2018-05-03 01:40:53,734 - Step 4686872
2018-05-03 01:40:55,637 - Episode reward mean: 193.182
2018-05-03 01:40:55,637 - Episode reward std: 58.476
2018-05-03 01:49:27,970 - Episode 12700
2018-05-03 01:49:27,970 - Step 4739860
2018-05-03 01:49:37,976 - Episode reward mean: 154.287
2018-05-03 01:49:37,976 - Episode reward std: 94.735
2018-05-03 01:55:16,920 - Episode 12800
2018-05-03 01:55:16,921 - Step 4776569
2018-05-03 01:55:19,407 - Episode reward mean: 126.328
2018-05-03 01:55:19,407 - Episode reward std: 149.261
2018-05-03 02:00:47,841 - Episode 12900
2018-05-03 02:00:47,841 - Step 4811203
2018-05-03 02:00:50,197 - Episode reward mean: 27.135
2018-05-03 02:00:50,197 - Episode reward std: 205.791
2018-05-03 02:06:30,278 - Episode 13000
2018-05-03 02:06:30,279 - Step 4847285
2018-05-03 02:06:38,790 - Episode reward mean: 55.675
2018-05-03 02:06:38,791 - Episode reward std: 207.154
2018-05-03 02:06:38,791 - **Testing mode
2018-05-03 02:06:38,791 - Running for 20 episodes
2018-05-03 02:06:47,705 - (test) Average reward per episode: 11.099622789615605
2018-05-03 02:06:47,706 - Standard deviation: 253.9730821718807
2018-05-03 02:12:27,464 - Episode 13100
2018-05-03 02:12:27,464 - Step 4884112
2018-05-03 02:12:30,715 - Episode reward mean: 51.204
2018-05-03 02:12:30,716 - Episode reward std: 248.076
2018-05-03 02:17:40,444 - Episode 13200
2018-05-03 02:17:40,444 - Step 4917100
2018-05-03 02:17:41,701 - Episode reward mean: 29.428
2018-05-03 02:17:41,701 - Episode reward std: 211.331
2018-05-03 02:23:29,919 - Episode 13300
2018-05-03 02:23:29,919 - Step 4953748
2018-05-03 02:23:32,634 - Episode reward mean: -20.266
2018-05-03 02:23:32,634 - Episode reward std: 216.400
2018-05-03 02:29:01,598 - Episode 13400
2018-05-03 02:29:01,598 - Step 4988358
2018-05-03 02:29:04,200 - Episode reward mean: 65.265
2018-05-03 02:29:04,200 - Episode reward std: 188.872
2018-05-03 02:34:42,764 - Episode 13500
2018-05-03 02:34:42,764 - Step 5023745
2018-05-03 02:34:52,693 - Episode reward mean: 94.518
2018-05-03 02:34:52,693 - Episode reward std: 170.358
2018-05-03 02:34:52,693 - **Testing mode
2018-05-03 02:34:52,693 - Running for 20 episodes
2018-05-03 02:35:07,052 - (test) Average reward per episode: 148.55170415761418
2018-05-03 02:35:07,052 - Standard deviation: 106.08303032374941
2018-05-03 02:43:01,755 - Episode 13600
2018-05-03 02:43:01,755 - Step 5073581
2018-05-03 02:43:04,988 - Episode reward mean: 39.979
2018-05-03 02:43:04,988 - Episode reward std: 164.928
2018-05-03 02:52:42,806 - Episode 13700
2018-05-03 02:52:42,806 - Step 5132991
2018-05-03 02:52:49,046 - Episode reward mean: 63.631
2018-05-03 02:52:49,047 - Episode reward std: 157.718
2018-05-03 03:00:56,188 - Episode 13800
2018-05-03 03:00:56,188 - Step 5183510
2018-05-03 03:00:59,533 - Episode reward mean: 95.521
2018-05-03 03:00:59,533 - Episode reward std: 170.434
2018-05-03 03:06:28,364 - Episode 13900
2018-05-03 03:06:28,364 - Step 5218508
2018-05-03 03:06:32,801 - Episode reward mean: 126.204
2018-05-03 03:06:32,801 - Episode reward std: 156.817
2018-05-03 03:13:35,003 - Episode 14000
2018-05-03 03:13:35,003 - Step 5262700
2018-05-03 03:13:38,090 - Episode reward mean: 163.941
2018-05-03 03:13:38,090 - Episode reward std: 95.291
2018-05-03 03:13:38,091 - **Testing mode
2018-05-03 03:13:38,091 - Running for 20 episodes
2018-05-03 03:13:54,113 - (test) Average reward per episode: 185.1776569402834
2018-05-03 03:13:54,113 - Standard deviation: 54.935091815543
2018-05-03 03:21:32,400 - Episode 14100
2018-05-03 03:21:32,400 - Step 5310197
2018-05-03 03:21:37,776 - Episode reward mean: 149.233
2018-05-03 03:21:37,776 - Episode reward std: 132.469
2018-05-03 03:29:00,849 - Episode 14200
2018-05-03 03:29:00,850 - Step 5356553
2018-05-03 03:29:09,948 - Episode reward mean: 153.482
2018-05-03 03:29:09,948 - Episode reward std: 117.618
2018-05-03 03:35:49,076 - Episode 14300
2018-05-03 03:35:49,076 - Step 5398763
2018-05-03 03:35:52,402 - Episode reward mean: 115.853
2018-05-03 03:35:52,402 - Episode reward std: 162.838
2018-05-03 03:41:30,206 - Episode 14400
2018-05-03 03:41:30,207 - Step 5435031
2018-05-03 03:41:32,329 - Episode reward mean: 114.136
2018-05-03 03:41:32,329 - Episode reward std: 192.680
2018-05-03 03:47:51,112 - Episode 14500
2018-05-03 03:47:51,112 - Step 5474573
2018-05-03 03:47:54,339 - Episode reward mean: 70.355
2018-05-03 03:47:54,340 - Episode reward std: 179.517
2018-05-03 03:47:54,340 - **Testing mode
2018-05-03 03:47:54,340 - Running for 20 episodes
2018-05-03 03:48:10,243 - (test) Average reward per episode: 69.56688452059156
2018-05-03 03:48:10,243 - Standard deviation: 145.10201149986955
2018-05-03 03:54:19,771 - Episode 14600
2018-05-03 03:54:19,771 - Step 5512969
2018-05-03 03:54:22,665 - Episode reward mean: 12.126
2018-05-03 03:54:22,666 - Episode reward std: 222.082
2018-05-03 04:01:29,252 - Episode 14700
2018-05-03 04:01:29,252 - Step 5557133
2018-05-03 04:01:35,045 - Episode reward mean: 112.496
2018-05-03 04:01:35,045 - Episode reward std: 166.250
2018-05-03 04:09:15,944 - Episode 14800
2018-05-03 04:09:15,944 - Step 5604932
2018-05-03 04:09:18,389 - Episode reward mean: 78.300
2018-05-03 04:09:18,390 - Episode reward std: 185.514
2018-05-03 04:18:25,843 - Episode 14900
2018-05-03 04:18:25,843 - Step 5660551
2018-05-03 04:18:29,428 - Episode reward mean: 122.025
2018-05-03 04:18:29,429 - Episode reward std: 125.799
2018-05-03 04:28:02,838 - Episode 15000
2018-05-03 04:28:02,838 - Step 5719069
2018-05-03 04:28:08,669 - Episode reward mean: 97.153
2018-05-03 04:28:08,669 - Episode reward std: 141.254
2018-05-03 04:28:08,669 - **Testing mode
2018-05-03 04:28:08,669 - Running for 20 episodes
2018-05-03 04:28:23,635 - (test) Average reward per episode: 99.40713347892759
2018-05-03 04:28:23,636 - Standard deviation: 172.1892104248062
2018-05-03 04:34:58,369 - Episode 15100
2018-05-03 04:34:58,369 - Step 5760595
2018-05-03 04:34:59,974 - Episode reward mean: 80.433
2018-05-03 04:34:59,974 - Episode reward std: 173.337
2018-05-03 04:40:25,507 - Episode 15200
2018-05-03 04:40:25,507 - Step 5794963
2018-05-03 04:40:28,822 - Episode reward mean: 24.899
2018-05-03 04:40:28,822 - Episode reward std: 241.583
2018-05-03 04:44:15,443 - Episode 15300
2018-05-03 04:44:15,443 - Step 5819670
2018-05-03 04:44:16,833 - Episode reward mean: -188.052
2018-05-03 04:44:16,833 - Episode reward std: 239.917
2018-05-03 04:48:14,874 - Episode 15400
2018-05-03 04:48:14,874 - Step 5845389
2018-05-03 04:48:17,155 - Episode reward mean: -146.986
2018-05-03 04:48:17,156 - Episode reward std: 226.829
2018-05-03 04:52:13,058 - Episode 15500
2018-05-03 04:52:13,059 - Step 5870616
2018-05-03 04:52:13,757 - Episode reward mean: -183.488
2018-05-03 04:52:13,758 - Episode reward std: 214.859
2018-05-03 04:52:13,758 - **Testing mode
2018-05-03 04:52:13,758 - Running for 20 episodes
2018-05-03 04:52:18,959 - (test) Average reward per episode: -230.79980547327796
2018-05-03 04:52:18,960 - Standard deviation: 182.4058832899816
2018-05-03 04:55:46,119 - Episode 15600
2018-05-03 04:55:46,119 - Step 5892926
2018-05-03 04:55:47,025 - Episode reward mean: -218.811
2018-05-03 04:55:47,026 - Episode reward std: 202.083
2018-05-03 04:59:52,380 - Episode 15700
2018-05-03 04:59:52,381 - Step 5918973
2018-05-03 04:59:56,230 - Episode reward mean: -194.811
2018-05-03 04:59:56,230 - Episode reward std: 184.746
2018-05-03 05:06:44,803 - Episode 15800
2018-05-03 05:06:44,803 - Step 5960010
2018-05-03 05:06:45,875 - Episode reward mean: -146.737
2018-05-03 05:06:45,875 - Episode reward std: 158.923
2018-05-03 05:11:34,601 - Episode 15900
2018-05-03 05:11:34,601 - Step 5989988
2018-05-03 05:11:35,593 - Episode reward mean: -204.607
2018-05-03 05:11:35,594 - Episode reward std: 146.279
2018-05-03 05:15:54,688 - Episode 16000
2018-05-03 05:15:54,688 - Step 6016846
2018-05-03 05:15:59,185 - Episode reward mean: -205.576
2018-05-03 05:15:59,185 - Episode reward std: 149.029
2018-05-03 05:15:59,185 - **Testing mode
2018-05-03 05:15:59,185 - Running for 20 episodes
2018-05-03 05:16:05,320 - (test) Average reward per episode: -217.30414635249923
2018-05-03 05:16:05,320 - Standard deviation: 120.19813848017935
2018-05-03 05:18:43,871 - Episode 16100
2018-05-03 05:18:43,871 - Step 6034355
2018-05-03 05:18:44,433 - Episode reward mean: -198.287
2018-05-03 05:18:44,433 - Episode reward std: 116.019
2018-05-03 05:21:51,890 - Episode 16200
2018-05-03 05:21:51,890 - Step 6054280
2018-05-03 05:21:52,724 - Episode reward mean: -185.749
2018-05-03 05:21:52,724 - Episode reward std: 91.529
2018-05-03 05:26:11,216 - Episode 16300
2018-05-03 05:26:11,216 - Step 6081333
2018-05-03 05:26:12,099 - Episode reward mean: -205.029
2018-05-03 05:26:12,100 - Episode reward std: 91.700
2018-05-03 05:33:12,555 - Episode 16400
2018-05-03 05:33:12,555 - Step 6123245
2018-05-03 05:33:14,635 - Episode reward mean: -185.747
2018-05-03 05:33:14,635 - Episode reward std: 80.337
2018-05-03 05:39:49,366 - Episode 16500
2018-05-03 05:39:49,366 - Step 6164387
2018-05-03 05:39:50,821 - Episode reward mean: -330.819
2018-05-03 05:39:50,822 - Episode reward std: 141.556
2018-05-03 05:39:50,822 - **Testing mode
2018-05-03 05:39:50,822 - Running for 20 episodes
2018-05-03 05:40:01,161 - (test) Average reward per episode: -284.9104344706328
2018-05-03 05:40:01,161 - Standard deviation: 35.1714228124488
2018-05-03 05:47:10,861 - Episode 16600
2018-05-03 05:47:10,861 - Step 6208846
2018-05-03 05:47:14,334 - Episode reward mean: -374.550
2018-05-03 05:47:14,334 - Episode reward std: 101.090
2018-05-03 05:57:13,257 - Saved model for rendering to models/LL_dqn_CHP/LL_dqn_CHP_1_of_3.h5
2018-05-03 06:02:05,880 - Episode 16700
2018-05-03 06:02:05,880 - Step 6296237
2018-05-03 06:02:15,613 - Episode reward mean: -196.179
2018-05-03 06:02:15,614 - Episode reward std: 122.934
2018-05-03 06:12:24,948 - Episode 16800
2018-05-03 06:12:24,948 - Step 6358776
2018-05-03 06:12:34,824 - Episode reward mean: -201.097
2018-05-03 06:12:34,824 - Episode reward std: 77.766
2018-05-03 06:18:40,895 - Episode 16900
2018-05-03 06:18:40,895 - Step 6398098
2018-05-03 06:18:43,703 - Episode reward mean: -179.311
2018-05-03 06:18:43,703 - Episode reward std: 81.900
2018-05-03 06:23:52,824 - Episode 17000
2018-05-03 06:23:52,824 - Step 6430973
2018-05-03 06:23:55,370 - Episode reward mean: -199.302
2018-05-03 06:23:55,370 - Episode reward std: 93.825
2018-05-03 06:23:55,370 - **Testing mode
2018-05-03 06:23:55,371 - Running for 20 episodes
2018-05-03 06:24:05,418 - (test) Average reward per episode: -197.13330974293967
2018-05-03 06:24:05,418 - Standard deviation: 103.37645315675199
2018-05-03 06:30:13,131 - Episode 17100
2018-05-03 06:30:13,131 - Step 6469452
2018-05-03 06:30:22,903 - Episode reward mean: -187.939
2018-05-03 06:30:22,903 - Episode reward std: 108.304
2018-05-03 06:45:18,892 - Episode 17200
2018-05-03 06:45:18,892 - Step 6559951
2018-05-03 06:45:29,198 - Episode reward mean: -190.677
2018-05-03 06:45:29,198 - Episode reward std: 64.544
2018-05-03 06:59:57,132 - Episode 17300
2018-05-03 06:59:57,132 - Step 6647128
2018-05-03 07:00:07,603 - Episode reward mean: -161.545
2018-05-03 07:00:07,604 - Episode reward std: 105.017
2018-05-03 07:12:11,330 - Episode 17400
2018-05-03 07:12:11,330 - Step 6719291
2018-05-03 07:12:21,211 - Episode reward mean: -110.798
2018-05-03 07:12:21,211 - Episode reward std: 140.451
2018-05-03 07:15:40,540 - Episode 17500
2018-05-03 07:15:40,540 - Step 6741031
2018-05-03 07:15:41,026 - Episode reward mean: -157.112
2018-05-03 07:15:41,026 - Episode reward std: 152.679
2018-05-03 07:15:41,026 - **Testing mode
2018-05-03 07:15:41,026 - Running for 20 episodes
2018-05-03 07:15:43,978 - (test) Average reward per episode: -158.22367823898287
2018-05-03 07:15:43,978 - Standard deviation: 160.14321935112443
2018-05-03 07:17:59,417 - Episode 17600
2018-05-03 07:17:59,417 - Step 6755413
2018-05-03 07:18:00,307 - Episode reward mean: -175.779
2018-05-03 07:18:00,307 - Episode reward std: 147.494
2018-05-03 07:20:24,687 - Episode 17700
2018-05-03 07:20:24,687 - Step 6770769
2018-05-03 07:20:26,088 - Episode reward mean: -186.392
2018-05-03 07:20:26,088 - Episode reward std: 157.178
2018-05-03 07:23:05,322 - Episode 17800
2018-05-03 07:23:05,322 - Step 6788092
2018-05-03 07:23:15,612 - Episode reward mean: -203.855
2018-05-03 07:23:15,612 - Episode reward std: 102.137
2018-05-03 07:31:41,021 - Episode 17900
2018-05-03 07:31:41,021 - Step 6840188
2018-05-03 07:31:50,992 - Episode reward mean: -201.742
2018-05-03 07:31:50,992 - Episode reward std: 173.098
2018-05-03 07:43:41,593 - Episode 18000
2018-05-03 07:43:41,593 - Step 6911702
2018-05-03 07:43:45,629 - Episode reward mean: -77.409
2018-05-03 07:43:45,630 - Episode reward std: 115.597
2018-05-03 07:43:45,630 - **Testing mode
2018-05-03 07:43:45,630 - Running for 20 episodes
2018-05-03 07:44:17,642 - (test) Average reward per episode: -97.42127724747903
2018-05-03 07:44:17,642 - Standard deviation: 166.3359489045368
2018-05-03 07:53:11,875 - Episode 18100
2018-05-03 07:53:11,875 - Step 6965391
2018-05-03 07:53:12,456 - Episode reward mean: -113.255
2018-05-03 07:53:12,456 - Episode reward std: 126.399
2018-05-03 08:00:58,701 - Episode 18200
2018-05-03 08:00:58,701 - Step 7012587
2018-05-03 08:01:00,991 - Episode reward mean: -148.581
2018-05-03 08:01:00,992 - Episode reward std: 94.963
2018-05-03 08:06:46,709 - Episode 18300
2018-05-03 08:06:46,709 - Step 7048161
2018-05-03 08:06:49,635 - Episode reward mean: -159.364
2018-05-03 08:06:49,636 - Episode reward std: 100.317
2018-05-03 08:11:47,212 - Episode 18400
2018-05-03 08:11:47,212 - Step 7079162
2018-05-03 08:11:48,054 - Episode reward mean: -232.789
2018-05-03 08:11:48,054 - Episode reward std: 95.095
2018-05-03 08:15:24,916 - Episode 18500
2018-05-03 08:15:24,916 - Step 7102349
2018-05-03 08:15:29,653 - Episode reward mean: -263.583
2018-05-03 08:15:29,653 - Episode reward std: 76.678
2018-05-03 08:15:29,653 - **Testing mode
2018-05-03 08:15:29,653 - Running for 20 episodes
2018-05-03 08:15:34,748 - (test) Average reward per episode: -261.70797388232967
2018-05-03 08:15:34,748 - Standard deviation: 30.69375959989532
2018-05-03 08:19:45,845 - Episode 18600
2018-05-03 08:19:45,845 - Step 7129262
2018-05-03 08:19:46,692 - Episode reward mean: -251.506
2018-05-03 08:19:46,692 - Episode reward std: 77.943
2018-05-03 08:24:58,764 - Episode 18700
2018-05-03 08:24:58,764 - Step 7161112
2018-05-03 08:24:59,872 - Episode reward mean: -260.295
2018-05-03 08:24:59,872 - Episode reward std: 134.403
2018-05-03 08:28:30,516 - Episode 18800
2018-05-03 08:28:30,516 - Step 7183475
2018-05-03 08:28:32,648 - Episode reward mean: -394.889
2018-05-03 08:28:32,648 - Episode reward std: 152.614
2018-05-03 08:31:35,208 - Episode 18900
2018-05-03 08:31:35,208 - Step 7203247
2018-05-03 08:31:36,015 - Episode reward mean: -450.048
2018-05-03 08:31:36,015 - Episode reward std: 154.526
2018-05-03 08:34:24,972 - Episode 19000
2018-05-03 08:34:24,972 - Step 7221597
2018-05-03 08:34:27,209 - Episode reward mean: -446.126
2018-05-03 08:34:27,209 - Episode reward std: 164.877
2018-05-03 08:34:27,209 - **Testing mode
2018-05-03 08:34:27,209 - Running for 20 episodes
2018-05-03 08:34:30,264 - (test) Average reward per episode: -356.6650330130579
2018-05-03 08:34:30,264 - Standard deviation: 67.04558040718024
2018-05-03 08:36:36,868 - Episode 19100
2018-05-03 08:36:36,868 - Step 7235821
2018-05-03 08:36:37,966 - Episode reward mean: -330.007
2018-05-03 08:36:37,966 - Episode reward std: 92.560
2018-05-03 08:38:43,854 - Episode 19200
2018-05-03 08:38:43,854 - Step 7249735
2018-05-03 08:38:44,338 - Episode reward mean: -316.752
2018-05-03 08:38:44,338 - Episode reward std: 75.381
2018-05-03 08:40:58,767 - Episode 19300
2018-05-03 08:40:58,767 - Step 7264493
2018-05-03 08:40:59,492 - Episode reward mean: -276.312
2018-05-03 08:40:59,492 - Episode reward std: 84.825
2018-05-03 08:43:20,899 - Episode 19400
2018-05-03 08:43:20,899 - Step 7280195
2018-05-03 08:43:23,152 - Episode reward mean: -209.674
2018-05-03 08:43:23,152 - Episode reward std: 101.673
2018-05-03 08:45:38,259 - Episode 19500
2018-05-03 08:45:38,259 - Step 7295230
2018-05-03 08:45:40,119 - Episode reward mean: -218.733
2018-05-03 08:45:40,119 - Episode reward std: 101.667
2018-05-03 08:45:40,119 - **Testing mode
2018-05-03 08:45:40,119 - Running for 20 episodes
2018-05-03 08:45:44,144 - (test) Average reward per episode: -157.27963591885302
2018-05-03 08:45:44,144 - Standard deviation: 98.54946118438524
2018-05-03 08:48:12,789 - Episode 19600
2018-05-03 08:48:12,790 - Step 7311739
2018-05-03 08:48:16,078 - Episode reward mean: -194.654
2018-05-03 08:48:16,078 - Episode reward std: 92.030
2018-05-03 08:50:32,396 - Episode 19700
2018-05-03 08:50:32,396 - Step 7327102
2018-05-03 08:50:36,054 - Episode reward mean: -185.337
2018-05-03 08:50:36,054 - Episode reward std: 61.876
2018-05-03 08:53:13,301 - Episode 19800
2018-05-03 08:53:13,301 - Step 7344765
2018-05-03 08:53:15,455 - Episode reward mean: -214.425
2018-05-03 08:53:15,456 - Episode reward std: 93.852
2018-05-03 08:56:13,260 - Episode 19900
2018-05-03 08:56:13,260 - Step 7364282
2018-05-03 08:56:16,160 - Episode reward mean: -247.556
2018-05-03 08:56:16,161 - Episode reward std: 102.888
2018-05-03 09:01:21,520 - Episode 20000
2018-05-03 09:01:21,520 - Step 7396643
2018-05-03 09:01:31,546 - Episode reward mean: -188.099
2018-05-03 09:01:31,546 - Episode reward std: 100.499
2018-05-03 09:01:31,546 - **Testing mode
2018-05-03 09:01:31,546 - Running for 20 episodes
2018-05-03 09:01:51,390 - (test) Average reward per episode: -206.08732138348478
2018-05-03 09:01:51,390 - Standard deviation: 130.8893494589981
2018-05-03 09:06:38,252 - Episode 20100
2018-05-03 09:06:38,252 - Step 7427240
2018-05-03 09:06:38,806 - Episode reward mean: -282.939
2018-05-03 09:06:38,806 - Episode reward std: 130.644
2018-05-03 09:08:35,201 - Episode 20200
2018-05-03 09:08:35,201 - Step 7440018
2018-05-03 09:08:35,824 - Episode reward mean: -195.862
2018-05-03 09:08:35,824 - Episode reward std: 56.667
2018-05-03 09:11:01,780 - Episode 20300
2018-05-03 09:11:01,781 - Step 7456018
2018-05-03 09:11:02,368 - Episode reward mean: -200.256
2018-05-03 09:11:02,369 - Episode reward std: 72.845
2018-05-03 09:13:19,780 - Episode 20400
2018-05-03 09:13:19,780 - Step 7471214
2018-05-03 09:13:20,663 - Episode reward mean: -208.970
2018-05-03 09:13:20,663 - Episode reward std: 84.179
2018-05-03 09:15:08,243 - Episode 20500
2018-05-03 09:15:08,243 - Step 7483239
2018-05-03 09:15:09,129 - Episode reward mean: -202.993
2018-05-03 09:15:09,129 - Episode reward std: 58.706
2018-05-03 09:15:09,129 - **Testing mode
2018-05-03 09:15:09,129 - Running for 20 episodes
2018-05-03 09:15:11,505 - (test) Average reward per episode: -194.10269162392052
2018-05-03 09:15:11,506 - Standard deviation: 38.98375514799572
2018-05-03 09:17:06,586 - Episode 20600
2018-05-03 09:17:06,586 - Step 7495959
2018-05-03 09:17:07,329 - Episode reward mean: -364.388
2018-05-03 09:17:07,330 - Episode reward std: 142.617
2018-05-03 09:19:28,279 - Episode 20700
2018-05-03 09:19:28,279 - Step 7511430
2018-05-03 09:19:28,933 - Episode reward mean: -466.852
2018-05-03 09:19:28,933 - Episode reward std: 100.491
2018-05-03 09:21:36,625 - Episode 20800
2018-05-03 09:21:36,625 - Step 7525360
2018-05-03 09:21:37,389 - Episode reward mean: -550.785
2018-05-03 09:21:37,389 - Episode reward std: 231.556
2018-05-03 09:25:50,018 - Episode 20900
2018-05-03 09:25:50,018 - Step 7552067
2018-05-03 09:25:50,896 - Episode reward mean: -533.283
2018-05-03 09:25:50,896 - Episode reward std: 123.450
2018-05-03 09:31:53,230 - Episode 21000
2018-05-03 09:31:53,230 - Step 7589531
2018-05-03 09:31:53,962 - Episode reward mean: -542.738
2018-05-03 09:31:53,962 - Episode reward std: 236.816
2018-05-03 09:31:53,962 - **Testing mode
2018-05-03 09:31:53,962 - Running for 20 episodes
2018-05-03 09:32:03,259 - (test) Average reward per episode: -563.0603879771202
2018-05-03 09:32:03,259 - Standard deviation: 192.90252334412853
2018-05-03 09:35:12,310 - Episode 21100
2018-05-03 09:35:12,310 - Step 7609811
2018-05-03 09:35:14,896 - Episode reward mean: -515.643
2018-05-03 09:35:14,897 - Episode reward std: 269.885
2018-05-03 09:38:12,725 - Episode 21200
2018-05-03 09:38:12,725 - Step 7629148
2018-05-03 09:38:19,952 - Episode reward mean: -648.534
2018-05-03 09:38:19,953 - Episode reward std: 249.657
2018-05-03 09:42:51,569 - Episode 21300
2018-05-03 09:42:51,569 - Step 7658382
2018-05-03 09:42:52,619 - Episode reward mean: -581.249
2018-05-03 09:42:52,619 - Episode reward std: 149.733
2018-05-03 09:49:05,841 - Episode 21400
2018-05-03 09:49:05,841 - Step 7697067
2018-05-03 09:49:06,863 - Episode reward mean: -554.092
2018-05-03 09:49:06,863 - Episode reward std: 215.696
2018-05-03 09:53:38,853 - Episode 21500
2018-05-03 09:53:38,853 - Step 7726112
2018-05-03 09:53:42,021 - Episode reward mean: -502.015
2018-05-03 09:53:42,021 - Episode reward std: 237.736
2018-05-03 09:53:42,021 - **Testing mode
2018-05-03 09:53:42,021 - Running for 20 episodes
2018-05-03 09:53:47,430 - (test) Average reward per episode: -306.8102895260011
2018-05-03 09:53:47,430 - Standard deviation: 214.6739482697569
2018-05-03 10:00:07,024 - Episode 21600
2018-05-03 10:00:07,025 - Step 7766132
2018-05-03 10:00:08,285 - Episode reward mean: -496.453
2018-05-03 10:00:08,286 - Episode reward std: 307.068
2018-05-03 10:04:51,361 - Episode 21700
2018-05-03 10:04:51,361 - Step 7796086
2018-05-03 10:04:52,342 - Episode reward mean: -547.133
2018-05-03 10:04:52,342 - Episode reward std: 195.712
2018-05-03 10:10:23,451 - Episode 21800
2018-05-03 10:10:23,451 - Step 7830413
2018-05-03 10:10:24,828 - Episode reward mean: -442.441
2018-05-03 10:10:24,828 - Episode reward std: 195.194
2018-05-03 10:16:47,797 - Episode 21900
2018-05-03 10:16:47,797 - Step 7869774
2018-05-03 10:16:57,431 - Episode reward mean: -356.928
2018-05-03 10:16:57,431 - Episode reward std: 182.761
2018-05-03 10:22:43,359 - Episode 22000
2018-05-03 10:22:43,359 - Step 7906962
2018-05-03 10:22:44,574 - Episode reward mean: -341.975
2018-05-03 10:22:44,574 - Episode reward std: 98.293
2018-05-03 10:22:44,574 - **Testing mode
2018-05-03 10:22:44,574 - Running for 20 episodes
2018-05-03 10:22:55,482 - (test) Average reward per episode: -345.3953875887479
2018-05-03 10:22:55,482 - Standard deviation: 71.8596354773266
2018-05-03 10:30:08,225 - Episode 22100
2018-05-03 10:30:08,225 - Step 7951797
2018-05-03 10:30:13,606 - Episode reward mean: -381.851
2018-05-03 10:30:13,607 - Episode reward std: 111.111
2018-05-03 10:36:27,074 - Episode 22200
2018-05-03 10:36:27,074 - Step 7991504
2018-05-03 10:36:30,906 - Episode reward mean: -462.408
2018-05-03 10:36:30,907 - Episode reward std: 163.152
2018-05-03 10:42:45,598 - Episode 22300
2018-05-03 10:42:45,598 - Step 8031025
2018-05-03 10:42:49,149 - Episode reward mean: -422.814
2018-05-03 10:42:49,149 - Episode reward std: 160.017
2018-05-03 10:49:43,360 - Episode 22400
2018-05-03 10:49:43,360 - Step 8074280
2018-05-03 10:49:44,074 - Episode reward mean: -289.341
2018-05-03 10:49:44,075 - Episode reward std: 223.360
2018-05-03 10:54:37,156 - Episode 22500
2018-05-03 10:54:37,156 - Step 8105297
2018-05-03 10:54:40,983 - Episode reward mean: -153.737
2018-05-03 10:54:40,984 - Episode reward std: 166.767
2018-05-03 10:54:40,984 - **Testing mode
2018-05-03 10:54:40,984 - Running for 20 episodes
2018-05-03 10:54:49,953 - (test) Average reward per episode: -191.67162359396394
2018-05-03 10:54:49,953 - Standard deviation: 223.65736976487034
2018-05-03 10:59:40,264 - Episode 22600
2018-05-03 10:59:40,264 - Step 8135998
2018-05-03 10:59:41,560 - Episode reward mean: -136.936
2018-05-03 10:59:41,560 - Episode reward std: 198.639
2018-05-03 11:06:12,990 - Episode 22700
2018-05-03 11:06:12,990 - Step 8176090
2018-05-03 11:06:17,515 - Episode reward mean: -186.641
2018-05-03 11:06:17,515 - Episode reward std: 176.169
2018-05-03 11:15:17,433 - Episode 22800
2018-05-03 11:15:17,433 - Step 8230772
2018-05-03 11:15:28,165 - Episode reward mean: -128.616
2018-05-03 11:15:28,165 - Episode reward std: 190.159
2018-05-03 11:22:52,669 - Episode 22900
2018-05-03 11:22:52,670 - Step 8276422
2018-05-03 11:22:56,727 - Episode reward mean: -232.238
2018-05-03 11:22:56,727 - Episode reward std: 222.748
2018-05-03 11:30:15,126 - Episode 23000
2018-05-03 11:30:15,126 - Step 8320938
2018-05-03 11:30:19,313 - Episode reward mean: -231.004
2018-05-03 11:30:19,313 - Episode reward std: 199.542
2018-05-03 11:30:19,313 - **Testing mode
2018-05-03 11:30:19,313 - Running for 20 episodes
2018-05-03 11:30:36,122 - (test) Average reward per episode: -227.78816755787147
2018-05-03 11:30:36,122 - Standard deviation: 216.07928709363793
2018-05-03 11:37:23,121 - Episode 23100
2018-05-03 11:37:23,121 - Step 8363129
2018-05-03 11:37:31,364 - Episode reward mean: -207.999
2018-05-03 11:37:31,365 - Episode reward std: 260.831
2018-05-03 11:46:40,951 - Episode 23200
2018-05-03 11:46:40,952 - Step 8419305
2018-05-03 11:46:51,435 - Episode reward mean: -149.870
2018-05-03 11:46:51,436 - Episode reward std: 205.406
2018-05-03 11:54:46,443 - Episode 23300
2018-05-03 11:54:46,443 - Step 8468730
2018-05-03 11:54:47,980 - Episode reward mean: -238.170
2018-05-03 11:54:47,980 - Episode reward std: 157.606
2018-05-03 11:57:10,101 - Episode 23400
2018-05-03 11:57:10,101 - Step 8484242
2018-05-03 11:57:11,472 - Episode reward mean: -341.941
2018-05-03 11:57:11,473 - Episode reward std: 70.468
2018-05-03 11:59:16,402 - Episode 23500
2018-05-03 11:59:16,403 - Step 8497970
2018-05-03 11:59:17,560 - Episode reward mean: -406.313
2018-05-03 11:59:17,561 - Episode reward std: 37.139
2018-05-03 11:59:17,561 - **Testing mode
2018-05-03 11:59:17,561 - Running for 20 episodes
2018-05-03 11:59:20,488 - (test) Average reward per episode: -432.7364056489925
2018-05-03 11:59:20,489 - Standard deviation: 41.44154906716108
2018-05-03 12:01:28,623 - Episode 23600
2018-05-03 12:01:28,623 - Step 8511941
2018-05-03 12:01:29,541 - Episode reward mean: -404.022
2018-05-03 12:01:29,541 - Episode reward std: 52.168
2018-05-03 12:03:32,384 - Episode 23700
2018-05-03 12:03:32,384 - Step 8525280
2018-05-03 12:03:33,665 - Episode reward mean: -355.587
2018-05-03 12:03:33,665 - Episode reward std: 68.011
2018-05-03 12:05:50,977 - Episode 23800
2018-05-03 12:05:50,977 - Step 8540166
2018-05-03 12:05:51,861 - Episode reward mean: -331.003
2018-05-03 12:05:51,861 - Episode reward std: 74.973
2018-05-03 12:08:23,106 - Episode 23900
2018-05-03 12:08:23,106 - Step 8556520
2018-05-03 12:08:24,249 - Episode reward mean: -308.337
2018-05-03 12:08:24,249 - Episode reward std: 76.188
2018-05-03 12:11:30,789 - Episode 24000
2018-05-03 12:11:30,789 - Step 8576716
2018-05-03 12:11:33,201 - Episode reward mean: -482.249
2018-05-03 12:11:33,201 - Episode reward std: 287.859
2018-05-03 12:11:33,201 - **Testing mode
2018-05-03 12:11:33,201 - Running for 20 episodes
2018-05-03 12:11:41,739 - (test) Average reward per episode: -724.1499676691442
2018-05-03 12:11:41,740 - Standard deviation: 200.78660373661086
2018-05-03 12:16:01,864 - Episode 24100
2018-05-03 12:16:01,865 - Step 8604840
2018-05-03 12:16:03,805 - Episode reward mean: -567.965
2018-05-03 12:16:03,805 - Episode reward std: 198.215
2018-05-03 12:20:21,230 - Episode 24200
2018-05-03 12:20:21,231 - Step 8632712
2018-05-03 12:20:24,412 - Episode reward mean: -446.424
2018-05-03 12:20:24,412 - Episode reward std: 221.167
2018-05-03 12:23:20,432 - Episode 24300
2018-05-03 12:23:20,432 - Step 8652327
2018-05-03 12:23:22,050 - Episode reward mean: -289.178
2018-05-03 12:23:22,050 - Episode reward std: 57.044
2018-05-03 12:26:01,058 - Episode 24400
2018-05-03 12:26:01,058 - Step 8669903
2018-05-03 12:26:02,571 - Episode reward mean: -298.355
2018-05-03 12:26:02,571 - Episode reward std: 45.810
2018-05-03 12:28:31,045 - Episode 24500
2018-05-03 12:28:31,045 - Step 8686364
2018-05-03 12:28:32,261 - Episode reward mean: -379.637
2018-05-03 12:28:32,261 - Episode reward std: 125.753
2018-05-03 12:28:32,261 - **Testing mode
2018-05-03 12:28:32,261 - Running for 20 episodes
2018-05-03 12:28:36,624 - (test) Average reward per episode: -540.6221434412851
2018-05-03 12:28:36,624 - Standard deviation: 115.95056104884576
2018-05-03 12:30:55,461 - Episode 24600
2018-05-03 12:30:55,461 - Step 8701732
2018-05-03 12:30:56,577 - Episode reward mean: -375.639
2018-05-03 12:30:56,577 - Episode reward std: 121.951
2018-05-03 12:33:11,305 - Episode 24700
2018-05-03 12:33:11,305 - Step 8716640
2018-05-03 12:33:12,741 - Episode reward mean: -291.260
2018-05-03 12:33:12,741 - Episode reward std: 37.082
2018-05-03 12:35:19,976 - Episode 24800
2018-05-03 12:35:19,977 - Step 8730873
2018-05-03 12:35:21,030 - Episode reward mean: -290.735
2018-05-03 12:35:21,030 - Episode reward std: 51.585
2018-05-03 12:37:34,080 - Episode 24900
2018-05-03 12:37:34,081 - Step 8745613
2018-05-03 12:37:35,083 - Episode reward mean: -308.101
2018-05-03 12:37:35,083 - Episode reward std: 73.099
2018-05-03 12:39:27,736 - Episode 25000
2018-05-03 12:39:27,736 - Step 8758088
2018-05-03 12:39:28,741 - Episode reward mean: -317.594
2018-05-03 12:39:28,742 - Episode reward std: 103.915
2018-05-03 12:39:28,742 - **Testing mode
2018-05-03 12:39:28,742 - Running for 20 episodes
2018-05-03 12:39:31,403 - (test) Average reward per episode: -325.79404642541147
2018-05-03 12:39:31,403 - Standard deviation: 55.08747054954366
2018-05-03 12:41:27,313 - Episode 25100
2018-05-03 12:41:27,313 - Step 8770923
2018-05-03 12:41:28,416 - Episode reward mean: -332.472
2018-05-03 12:41:28,416 - Episode reward std: 67.859
2018-05-03 12:43:29,070 - Episode 25200
2018-05-03 12:43:29,071 - Step 8784335
2018-05-03 12:43:30,208 - Episode reward mean: -374.477
2018-05-03 12:43:30,208 - Episode reward std: 84.854
2018-05-03 12:45:26,678 - Episode 25300
2018-05-03 12:45:26,678 - Step 8797288
2018-05-03 12:45:27,917 - Episode reward mean: -402.526
2018-05-03 12:45:27,917 - Episode reward std: 90.182
2018-05-03 12:47:19,361 - Episode 25400
2018-05-03 12:47:19,362 - Step 8809661
2018-05-03 12:47:20,257 - Episode reward mean: -420.137
2018-05-03 12:47:20,257 - Episode reward std: 112.158
2018-05-03 12:49:14,404 - Episode 25500
2018-05-03 12:49:14,404 - Step 8822384
2018-05-03 12:49:15,320 - Episode reward mean: -454.165
2018-05-03 12:49:15,320 - Episode reward std: 115.201
2018-05-03 12:49:15,320 - **Testing mode
2018-05-03 12:49:15,320 - Running for 20 episodes
2018-05-03 12:49:18,112 - (test) Average reward per episode: -538.8071121967407
2018-05-03 12:49:18,112 - Standard deviation: 107.29789626691944
2018-05-03 12:51:18,376 - Episode 25600
2018-05-03 12:51:18,376 - Step 8835737
2018-05-03 12:51:19,546 - Episode reward mean: -576.217
2018-05-03 12:51:19,546 - Episode reward std: 122.476
2018-05-03 12:53:33,644 - Episode 25700
2018-05-03 12:53:33,644 - Step 8850645
2018-05-03 12:53:34,851 - Episode reward mean: -579.477
2018-05-03 12:53:34,851 - Episode reward std: 129.827
2018-05-03 12:55:54,445 - Episode 25800
2018-05-03 12:55:54,445 - Step 8866022
2018-05-03 12:55:56,342 - Episode reward mean: -586.309
2018-05-03 12:55:56,342 - Episode reward std: 115.113
2018-05-03 12:58:25,958 - Episode 25900
2018-05-03 12:58:25,958 - Step 8882585
2018-05-03 12:58:26,903 - Episode reward mean: -583.121
2018-05-03 12:58:26,904 - Episode reward std: 133.293
2018-05-03 13:00:44,568 - Episode 26000
2018-05-03 13:00:44,568 - Step 8897658
2018-05-03 13:00:45,212 - Episode reward mean: -569.405
2018-05-03 13:00:45,212 - Episode reward std: 128.214
2018-05-03 13:00:45,212 - **Testing mode
2018-05-03 13:00:45,212 - Running for 20 episodes
2018-05-03 13:00:48,818 - (test) Average reward per episode: -533.9511501358286
2018-05-03 13:00:48,818 - Standard deviation: 162.3041549651873
2018-05-03 13:03:27,579 - Episode 26100
2018-05-03 13:03:27,579 - Step 8914844
2018-05-03 13:03:28,811 - Episode reward mean: -505.929
2018-05-03 13:03:28,811 - Episode reward std: 183.828
2018-05-03 13:05:50,952 - Episode 26200
2018-05-03 13:05:50,952 - Step 8930381
2018-05-03 13:05:52,481 - Episode reward mean: -517.377
2018-05-03 13:05:52,481 - Episode reward std: 147.986
2018-05-03 13:08:21,532 - Episode 26300
2018-05-03 13:08:21,532 - Step 8946710
2018-05-03 13:08:23,848 - Episode reward mean: -502.438
2018-05-03 13:08:23,848 - Episode reward std: 128.314
2018-05-03 13:10:57,135 - Episode 26400
2018-05-03 13:10:57,135 - Step 8963638
2018-05-03 13:10:57,887 - Episode reward mean: -508.986
2018-05-03 13:10:57,887 - Episode reward std: 150.115
2018-05-03 13:13:33,132 - Episode 26500
2018-05-03 13:13:33,132 - Step 8980430
2018-05-03 13:13:35,980 - Episode reward mean: -456.305
2018-05-03 13:13:35,981 - Episode reward std: 155.995
2018-05-03 13:13:35,981 - **Testing mode
2018-05-03 13:13:35,981 - Running for 20 episodes
2018-05-03 13:13:39,229 - (test) Average reward per episode: -459.3006902649514
2018-05-03 13:13:39,229 - Standard deviation: 186.5837010336576
2018-05-03 13:15:55,547 - Episode 26600
2018-05-03 13:15:55,548 - Step 8995465
2018-05-03 13:15:56,267 - Episode reward mean: -414.722
2018-05-03 13:15:56,267 - Episode reward std: 142.071
2018-05-03 13:18:30,391 - Episode 26700
2018-05-03 13:18:30,391 - Step 9012165
2018-05-03 13:18:31,140 - Episode reward mean: -411.727
2018-05-03 13:18:31,140 - Episode reward std: 108.099
2018-05-03 13:21:17,654 - Episode 26800
2018-05-03 13:21:17,654 - Step 9030284
2018-05-03 13:21:19,964 - Episode reward mean: -415.129
2018-05-03 13:21:19,964 - Episode reward std: 93.656
2018-05-03 13:24:22,569 - Episode 26900
2018-05-03 13:24:22,569 - Step 9050130
2018-05-03 13:24:23,503 - Episode reward mean: -399.528
2018-05-03 13:24:23,503 - Episode reward std: 74.956
2018-05-03 13:27:22,580 - Episode 27000
2018-05-03 13:27:22,580 - Step 9069523
2018-05-03 13:27:23,533 - Episode reward mean: -370.403
2018-05-03 13:27:23,533 - Episode reward std: 64.783
2018-05-03 13:27:23,533 - **Testing mode
2018-05-03 13:27:23,533 - Running for 20 episodes
2018-05-03 13:27:27,406 - (test) Average reward per episode: -398.0377003598667
2018-05-03 13:27:27,406 - Standard deviation: 72.2462450715957
2018-05-03 13:29:54,039 - Episode 27100
2018-05-03 13:29:54,039 - Step 9085734
2018-05-03 13:29:55,289 - Episode reward mean: -457.687
2018-05-03 13:29:55,289 - Episode reward std: 149.971
2018-05-03 13:32:02,842 - Episode 27200
2018-05-03 13:32:02,842 - Step 9099638
2018-05-03 13:32:04,403 - Episode reward mean: -430.372
2018-05-03 13:32:04,403 - Episode reward std: 108.688
2018-05-03 13:33:59,103 - Episode 27300
2018-05-03 13:33:59,103 - Step 9112170
2018-05-03 13:34:00,573 - Episode reward mean: -426.310
2018-05-03 13:34:00,573 - Episode reward std: 87.497
2018-05-03 13:35:51,812 - Episode 27400
2018-05-03 13:35:51,812 - Step 9124295
2018-05-03 13:35:52,626 - Episode reward mean: -440.870
2018-05-03 13:35:52,626 - Episode reward std: 73.061
2018-05-03 13:38:07,995 - Episode 27500
2018-05-03 13:38:07,995 - Step 9138876
2018-05-03 13:38:08,801 - Episode reward mean: -402.864
2018-05-03 13:38:08,802 - Episode reward std: 110.092
2018-05-03 13:38:08,802 - **Testing mode
2018-05-03 13:38:08,802 - Running for 20 episodes
2018-05-03 13:38:11,544 - (test) Average reward per episode: -416.1562571178316
2018-05-03 13:38:11,544 - Standard deviation: 67.39458771624335
2018-05-03 13:39:53,249 - Episode 27600
2018-05-03 13:39:53,250 - Step 9150128
2018-05-03 13:39:54,256 - Episode reward mean: -388.415
2018-05-03 13:39:54,256 - Episode reward std: 78.178
2018-05-03 13:41:39,960 - Episode 27700
2018-05-03 13:41:39,960 - Step 9161845
2018-05-03 13:41:41,114 - Episode reward mean: -385.549
2018-05-03 13:41:41,114 - Episode reward std: 88.550
2018-05-03 13:43:40,564 - Episode 27800
2018-05-03 13:43:40,565 - Step 9174989
2018-05-03 13:43:41,398 - Episode reward mean: -355.403
2018-05-03 13:43:41,399 - Episode reward std: 146.817
2018-05-03 13:45:59,067 - Episode 27900
2018-05-03 13:45:59,067 - Step 9189911
2018-05-03 13:46:00,522 - Episode reward mean: -313.434
2018-05-03 13:46:00,523 - Episode reward std: 199.302
2018-05-03 13:47:49,222 - Episode 28000
2018-05-03 13:47:49,222 - Step 9202055
2018-05-03 13:47:50,219 - Episode reward mean: -367.847
2018-05-03 13:47:50,220 - Episode reward std: 126.022
2018-05-03 13:47:50,220 - **Testing mode
2018-05-03 13:47:50,220 - Running for 20 episodes
2018-05-03 13:47:52,870 - (test) Average reward per episode: -418.504396639916
2018-05-03 13:47:52,870 - Standard deviation: 116.83282505720645
2018-05-03 13:49:37,457 - Episode 28100
2018-05-03 13:49:37,457 - Step 9213590
2018-05-03 13:49:38,290 - Episode reward mean: -426.804
2018-05-03 13:49:38,290 - Episode reward std: 85.722
2018-05-03 13:51:17,387 - Episode 28200
2018-05-03 13:51:17,388 - Step 9224552
2018-05-03 13:51:18,356 - Episode reward mean: -429.936
2018-05-03 13:51:18,356 - Episode reward std: 58.689
2018-05-03 13:52:57,863 - Episode 28300
2018-05-03 13:52:57,863 - Step 9235566
2018-05-03 13:52:58,826 - Episode reward mean: -440.128
2018-05-03 13:52:58,826 - Episode reward std: 64.288
2018-05-03 13:54:36,188 - Episode 28400
2018-05-03 13:54:36,188 - Step 9246389
2018-05-03 13:54:37,267 - Episode reward mean: -394.569
2018-05-03 13:54:37,268 - Episode reward std: 103.382
2018-05-03 13:56:07,756 - Episode 28500
2018-05-03 13:56:07,756 - Step 9256430
2018-05-03 13:56:08,394 - Episode reward mean: -347.213
2018-05-03 13:56:08,395 - Episode reward std: 154.028
2018-05-03 13:56:08,395 - **Testing mode
2018-05-03 13:56:08,395 - Running for 20 episodes
2018-05-03 13:56:10,707 - (test) Average reward per episode: -304.4350367992291
2018-05-03 13:56:10,707 - Standard deviation: 156.61513956056814
2018-05-03 13:57:41,709 - Episode 28600
2018-05-03 13:57:41,709 - Step 9266581
2018-05-03 13:57:42,782 - Episode reward mean: -344.412
2018-05-03 13:57:42,783 - Episode reward std: 156.691
2018-05-03 13:59:20,337 - Episode 28700
2018-05-03 13:59:20,337 - Step 9277423
2018-05-03 13:59:21,072 - Episode reward mean: -409.296
2018-05-03 13:59:21,072 - Episode reward std: 156.658
2018-05-03 14:00:52,349 - Episode 28800
2018-05-03 14:00:52,349 - Step 9287453
2018-05-03 14:00:52,947 - Episode reward mean: -473.286
2018-05-03 14:00:52,947 - Episode reward std: 100.057
2018-05-03 14:02:38,772 - Episode 28900
2018-05-03 14:02:38,772 - Step 9299062
2018-05-03 14:02:39,505 - Episode reward mean: -537.324
2018-05-03 14:02:39,505 - Episode reward std: 118.161
2018-05-03 14:04:43,158 - Episode 29000
2018-05-03 14:04:43,158 - Step 9312689
2018-05-03 14:04:44,213 - Episode reward mean: -551.226
2018-05-03 14:04:44,213 - Episode reward std: 131.583
2018-05-03 14:04:44,213 - **Testing mode
2018-05-03 14:04:44,213 - Running for 20 episodes
2018-05-03 14:04:47,696 - (test) Average reward per episode: -575.8079010420872
2018-05-03 14:04:47,697 - Standard deviation: 101.2334047449566
2018-05-03 14:06:36,722 - Episode 29100
2018-05-03 14:06:36,722 - Step 9324727
2018-05-03 14:06:37,652 - Episode reward mean: -532.099
2018-05-03 14:06:37,652 - Episode reward std: 142.777
2018-05-03 14:08:24,885 - Episode 29200
2018-05-03 14:08:24,886 - Step 9336585
2018-05-03 14:08:25,750 - Episode reward mean: -541.561
2018-05-03 14:08:25,751 - Episode reward std: 141.000
2018-05-03 14:10:27,146 - Episode 29300
2018-05-03 14:10:27,146 - Step 9349934
2018-05-03 14:10:28,192 - Episode reward mean: -546.683
2018-05-03 14:10:28,193 - Episode reward std: 148.333
2018-05-03 14:12:35,699 - Episode 29400
2018-05-03 14:12:35,699 - Step 9364001
2018-05-03 14:12:36,467 - Episode reward mean: -510.959
2018-05-03 14:12:36,467 - Episode reward std: 168.325
2018-05-03 14:14:46,040 - Episode 29500
2018-05-03 14:14:46,040 - Step 9378319
2018-05-03 14:14:46,761 - Episode reward mean: -529.549
2018-05-03 14:14:46,762 - Episode reward std: 150.913
2018-05-03 14:14:46,762 - **Testing mode
2018-05-03 14:14:46,762 - Running for 20 episodes
2018-05-03 14:14:49,760 - (test) Average reward per episode: -597.4797899879247
2018-05-03 14:14:49,760 - Standard deviation: 118.53816129850419
2018-05-03 14:17:03,905 - Episode 29600
2018-05-03 14:17:03,905 - Step 9393072
2018-05-03 14:17:04,970 - Episode reward mean: -547.912
2018-05-03 14:17:04,970 - Episode reward std: 156.071
2018-05-03 14:19:59,496 - Episode 29700
2018-05-03 14:19:59,497 - Step 9412092
2018-05-03 14:20:00,531 - Episode reward mean: -493.169
2018-05-03 14:20:00,532 - Episode reward std: 169.373
2018-05-03 14:23:38,708 - Episode 29800
2018-05-03 14:23:38,708 - Step 9435362
2018-05-03 14:23:39,419 - Episode reward mean: -566.660
2018-05-03 14:23:39,420 - Episode reward std: 197.143
2018-05-03 14:27:38,781 - Episode 29900
2018-05-03 14:27:38,781 - Step 9460919
2018-05-03 14:27:40,076 - Episode reward mean: -486.755
2018-05-03 14:27:40,076 - Episode reward std: 191.015
2018-05-03 14:31:12,226 - Episode 30000
2018-05-03 14:31:12,226 - Step 9483413
2018-05-03 14:31:13,752 - Episode reward mean: -469.475
2018-05-03 14:31:13,753 - Episode reward std: 145.222
2018-05-03 14:31:13,753 - **Testing mode
2018-05-03 14:31:13,753 - Running for 20 episodes
2018-05-03 14:31:17,735 - (test) Average reward per episode: -511.1690431718918
2018-05-03 14:31:17,735 - Standard deviation: 100.26671510577857
2018-05-03 14:33:54,646 - Episode 30100
2018-05-03 14:33:54,646 - Step 9500293
2018-05-03 14:33:56,086 - Episode reward mean: -500.589
2018-05-03 14:33:56,087 - Episode reward std: 112.338
2018-05-03 14:36:00,942 - Episode 30200
2018-05-03 14:36:00,942 - Step 9513776
2018-05-03 14:36:02,581 - Episode reward mean: -578.684
2018-05-03 14:36:02,582 - Episode reward std: 105.197
2018-05-03 14:37:57,542 - Episode 30300
2018-05-03 14:37:57,543 - Step 9526337
2018-05-03 14:37:58,545 - Episode reward mean: -605.218
2018-05-03 14:37:58,545 - Episode reward std: 122.038
2018-05-03 14:40:06,237 - Episode 30400
2018-05-03 14:40:06,237 - Step 9540273
2018-05-03 14:40:07,893 - Episode reward mean: -555.547
2018-05-03 14:40:07,893 - Episode reward std: 160.724
2018-05-03 14:43:34,774 - Episode 30500
2018-05-03 14:43:34,774 - Step 9562383
2018-05-03 14:43:35,452 - Episode reward mean: -556.928
2018-05-03 14:43:35,452 - Episode reward std: 227.568
2018-05-03 14:43:35,452 - **Testing mode
2018-05-03 14:43:35,453 - Running for 20 episodes
2018-05-03 14:43:41,113 - (test) Average reward per episode: -686.2220800273269
2018-05-03 14:43:41,113 - Standard deviation: 326.1586520908199
2018-05-03 14:46:54,183 - Episode 30600
2018-05-03 14:46:54,183 - Step 9582983
2018-05-03 14:46:54,957 - Episode reward mean: -634.782
2018-05-03 14:46:54,958 - Episode reward std: 317.554
2018-05-03 14:48:44,812 - Episode 30700
2018-05-03 14:48:44,812 - Step 9595145
2018-05-03 14:48:45,868 - Episode reward mean: -451.655
2018-05-03 14:48:45,868 - Episode reward std: 108.629
2018-05-03 14:50:53,054 - Episode 30800
2018-05-03 14:50:53,054 - Step 9609141
2018-05-03 14:50:54,388 - Episode reward mean: -515.330
2018-05-03 14:50:54,388 - Episode reward std: 83.934
2018-05-03 14:53:00,409 - Episode 30900
2018-05-03 14:53:00,409 - Step 9622907
2018-05-03 14:53:01,226 - Episode reward mean: -524.866
2018-05-03 14:53:01,226 - Episode reward std: 111.770
2018-05-03 14:55:01,598 - Episode 31000
2018-05-03 14:55:01,598 - Step 9636062
2018-05-03 14:55:02,340 - Episode reward mean: -550.814
2018-05-03 14:55:02,340 - Episode reward std: 99.709
2018-05-03 14:55:02,340 - **Testing mode
2018-05-03 14:55:02,340 - Running for 20 episodes
2018-05-03 14:55:06,320 - (test) Average reward per episode: -619.3122162337884
2018-05-03 14:55:06,320 - Standard deviation: 112.96486298323181
2018-05-03 14:57:09,829 - Episode 31100
2018-05-03 14:57:09,829 - Step 9649594
2018-05-03 14:57:10,709 - Episode reward mean: -570.282
2018-05-03 14:57:10,709 - Episode reward std: 111.070
2018-05-03 14:59:11,448 - Episode 31200
2018-05-03 14:59:11,448 - Step 9662800
2018-05-03 14:59:12,527 - Episode reward mean: -567.318
2018-05-03 14:59:12,528 - Episode reward std: 139.020
2018-05-03 15:01:20,140 - Episode 31300
2018-05-03 15:01:20,140 - Step 9676771
2018-05-03 15:01:20,855 - Episode reward mean: -609.665
2018-05-03 15:01:20,855 - Episode reward std: 196.517
2018-05-03 15:03:23,130 - Episode 31400
2018-05-03 15:03:23,130 - Step 9690131
2018-05-03 15:03:23,860 - Episode reward mean: -649.387
2018-05-03 15:03:23,860 - Episode reward std: 374.334
2018-05-03 15:05:31,435 - Episode 31500
2018-05-03 15:05:31,435 - Step 9704001
2018-05-03 15:05:32,113 - Episode reward mean: -666.642
2018-05-03 15:05:32,113 - Episode reward std: 294.542
2018-05-03 15:05:32,113 - **Testing mode
2018-05-03 15:05:32,113 - Running for 20 episodes
2018-05-03 15:05:35,480 - (test) Average reward per episode: -646.3670107658539
2018-05-03 15:05:35,480 - Standard deviation: 320.0571787591532
2018-05-03 15:07:53,967 - Episode 31600
2018-05-03 15:07:53,967 - Step 9718907
2018-05-03 15:07:54,720 - Episode reward mean: -768.757
2018-05-03 15:07:54,721 - Episode reward std: 560.517
2018-05-03 15:10:03,805 - Episode 31700
2018-05-03 15:10:03,806 - Step 9732914
2018-05-03 15:10:04,465 - Episode reward mean: -734.583
2018-05-03 15:10:04,465 - Episode reward std: 551.756
2018-05-03 15:12:02,171 - Episode 31800
2018-05-03 15:12:02,171 - Step 9745682
2018-05-03 15:12:05,823 - Episode reward mean: -700.773
2018-05-03 15:12:05,824 - Episode reward std: 389.331
2018-05-03 15:14:43,032 - Episode 31900
2018-05-03 15:14:43,032 - Step 9762846
2018-05-03 15:14:44,736 - Episode reward mean: -865.491
2018-05-03 15:14:44,736 - Episode reward std: 641.584
2018-05-03 15:16:42,620 - Episode 32000
2018-05-03 15:16:42,620 - Step 9775854
2018-05-03 15:16:43,731 - Episode reward mean: -632.205
2018-05-03 15:16:43,731 - Episode reward std: 273.978
2018-05-03 15:16:43,731 - **Testing mode
2018-05-03 15:16:43,731 - Running for 20 episodes
2018-05-03 15:16:47,092 - (test) Average reward per episode: -730.8358982189484
2018-05-03 15:16:47,092 - Standard deviation: 411.1608307591025
2018-05-03 15:18:49,950 - Episode 32100
2018-05-03 15:18:49,950 - Step 9789258
2018-05-03 15:18:51,644 - Episode reward mean: -663.625
2018-05-03 15:18:51,644 - Episode reward std: 516.959
2018-05-03 15:21:12,371 - Episode 32200
2018-05-03 15:21:12,371 - Step 9804538
2018-05-03 15:21:13,203 - Episode reward mean: -796.528
2018-05-03 15:21:13,203 - Episode reward std: 749.709
2018-05-03 15:23:42,986 - Episode 32300
2018-05-03 15:23:42,986 - Step 9820571
2018-05-03 15:23:43,764 - Episode reward mean: -880.165
2018-05-03 15:23:43,764 - Episode reward std: 864.738
2018-05-03 15:26:15,371 - Episode 32400
2018-05-03 15:26:15,371 - Step 9836996
2018-05-03 15:26:16,315 - Episode reward mean: -820.500
2018-05-03 15:26:16,315 - Episode reward std: 761.542
2018-05-03 15:28:46,353 - Episode 32500
2018-05-03 15:28:46,353 - Step 9853348
2018-05-03 15:28:50,874 - Episode reward mean: -840.294
2018-05-03 15:28:50,874 - Episode reward std: 636.821
2018-05-03 15:28:50,874 - **Testing mode
2018-05-03 15:28:50,874 - Running for 20 episodes
2018-05-03 15:28:54,201 - (test) Average reward per episode: -715.7498075671892
2018-05-03 15:28:54,201 - Standard deviation: 385.19027478543575
2018-05-03 15:31:24,366 - Episode 32600
2018-05-03 15:31:24,366 - Step 9869918
2018-05-03 15:31:25,317 - Episode reward mean: -811.647
2018-05-03 15:31:25,318 - Episode reward std: 696.820
2018-05-03 15:33:58,856 - Episode 32700
2018-05-03 15:33:58,857 - Step 9887725
2018-05-03 15:33:59,595 - Episode reward mean: -970.808
2018-05-03 15:33:59,595 - Episode reward std: 942.414
