2018-04-29 22:19:02,739 - Command line args: Namespace(N=50, actor_lr=0.01, actor_model_path=None, alg='dqn', alt_learn=False, combined_replay=True, critic_lr=0.01, critic_model_path=None, deepness='deep', env_name='LunarLander-v2', epsilon=0.5, gamma=0.99, hindsight=True, lr=0.0001, memory_size=50000, model_name='LL_dqn_CH', num_episodes=50000, priority_replay=False, record_video_only=False, render=False, replay_batch=32, seed=None, test_mod=500, test_only=False, train_mod=100)
2018-04-29 22:19:02,740 - Log saving to logs/LL_dqn_CH_2018_04_29_22_19_02.log
2018-04-29 22:19:02,740 - Alg: dqn
2018-04-29 22:19:02,740 - Numpy random seed 2672865294
2018-04-29 22:19:02,762 - Gym seed set to 2672865294
2018-04-29 22:19:02,763 - Using deep architecture.
2018-04-29 22:19:02,845 - Using initial learning rate 0.0001
2018-04-29 22:19:03,177 - Using combined replay
2018-04-29 22:19:03,179 - Using hindsight replay
2018-04-29 22:19:03,179 - Creating replay buffer with initial max size of 50000
2018-04-29 22:19:03,179 - Burning in 10000 lines
2018-04-29 22:19:42,239 - Training for 50000 episodes
2018-04-29 22:19:42,239 - Episode 0
2018-04-29 22:19:42,239 - Step 0
2018-04-29 22:19:45,156 - Episode reward mean: -3.410
2018-04-29 22:19:45,156 - Episode reward std: 33.757
2018-04-29 22:19:45,281 - Saved model for rendering to models/LL_dqn_CH/LL_dqn_CH_0_of_3.h5
2018-04-29 22:23:19,151 - Episode 100
2018-04-29 22:23:19,151 - Step 11417
2018-04-29 22:23:21,862 - Episode reward mean: -255.149
2018-04-29 22:23:21,862 - Episode reward std: 124.820
2018-04-29 22:28:17,488 - Episode 200
2018-04-29 22:28:17,488 - Step 25801
2018-04-29 22:28:20,349 - Episode reward mean: -215.387
2018-04-29 22:28:20,349 - Episode reward std: 84.643
2018-04-29 22:33:50,393 - Episode 300
2018-04-29 22:33:50,393 - Step 40928
2018-04-29 22:33:52,854 - Episode reward mean: -214.974
2018-04-29 22:33:52,855 - Episode reward std: 76.512
2018-04-29 22:39:50,020 - Episode 400
2018-04-29 22:39:50,020 - Step 57191
2018-04-29 22:39:51,960 - Episode reward mean: -188.925
2018-04-29 22:39:51,961 - Episode reward std: 61.353
2018-04-29 22:47:48,657 - Episode 500
2018-04-29 22:47:48,658 - Step 78499
2018-04-29 22:47:52,374 - Episode reward mean: -177.282
2018-04-29 22:47:52,375 - Episode reward std: 36.216
2018-04-29 22:47:52,375 - **Testing mode
2018-04-29 22:47:52,375 - Running for 20 episodes
2018-04-29 22:48:13,339 - (test) Average reward per episode: -181.6239447810267
2018-04-29 22:48:13,340 - Standard deviation: 35.429427360501286
2018-04-29 22:48:13,379 - Beat previous value of None! Saved model to models/LL_dqn_CH/LL_dqn_CH.h5
2018-04-29 23:20:22,222 - Episode 600
2018-04-29 23:20:22,222 - Step 157275
2018-04-29 23:20:42,170 - Episode reward mean: -132.476
2018-04-29 23:20:42,171 - Episode reward std: 74.156
2018-04-29 23:55:25,786 - Episode 700
2018-04-29 23:55:25,786 - Step 242844
2018-04-29 23:55:50,308 - Episode reward mean: -155.464
2018-04-29 23:55:50,308 - Episode reward std: 72.831
2018-04-30 00:34:51,512 - Episode 800
2018-04-30 00:34:51,512 - Step 338217
2018-04-30 00:35:17,269 - Episode reward mean: -110.642
2018-04-30 00:35:17,269 - Episode reward std: 59.000
2018-04-30 01:10:15,611 - Episode 900
2018-04-30 01:10:15,611 - Step 424748
2018-04-30 01:10:39,533 - Episode reward mean: -107.643
2018-04-30 01:10:39,533 - Episode reward std: 52.632
2018-04-30 01:48:23,472 - Episode 1000
2018-04-30 01:48:23,473 - Step 517822
2018-04-30 01:48:48,684 - Episode reward mean: -35.396
2018-04-30 01:48:48,684 - Episode reward std: 80.507
2018-04-30 01:48:48,685 - **Testing mode
2018-04-30 01:48:48,685 - Running for 20 episodes
2018-04-30 01:51:13,623 - (test) Average reward per episode: 31.64535264632037
2018-04-30 01:51:13,623 - Standard deviation: 94.26771197091693
2018-04-30 01:51:13,662 - Beat previous value of -181.6239447810267! Saved model to models/LL_dqn_CH/LL_dqn_CH.h5
2018-04-30 02:25:07,081 - Episode 1100
2018-04-30 02:25:07,081 - Step 601839
2018-04-30 02:25:27,671 - Episode reward mean: 5.465
2018-04-30 02:25:27,671 - Episode reward std: 143.493
2018-04-30 02:57:37,365 - Episode 1200
2018-04-30 02:57:37,366 - Step 682923
2018-04-30 02:57:58,403 - Episode reward mean: 8.516
2018-04-30 02:57:58,403 - Episode reward std: 119.190
2018-04-30 03:26:33,379 - Episode 1300
2018-04-30 03:26:33,379 - Step 754788
2018-04-30 03:26:57,047 - Episode reward mean: 19.691
2018-04-30 03:26:57,048 - Episode reward std: 116.925
2018-04-30 03:58:48,658 - Episode 1400
2018-04-30 03:58:48,658 - Step 835474
2018-04-30 03:59:02,887 - Episode reward mean: 15.905
2018-04-30 03:59:02,887 - Episode reward std: 103.599
2018-04-30 04:33:07,137 - Episode 1500
2018-04-30 04:33:07,137 - Step 920646
2018-04-30 04:33:31,054 - Episode reward mean: -9.804
2018-04-30 04:33:31,055 - Episode reward std: 99.594
2018-04-30 04:33:31,056 - **Testing mode
2018-04-30 04:33:31,056 - Running for 20 episodes
2018-04-30 04:35:56,179 - (test) Average reward per episode: -59.393728189960555
2018-04-30 04:35:56,180 - Standard deviation: 77.00816449675263
2018-04-30 05:08:34,247 - Episode 1600
2018-04-30 05:08:34,247 - Step 1002195
2018-04-30 05:08:49,789 - Episode reward mean: 35.671
2018-04-30 05:08:49,789 - Episode reward std: 100.395
2018-04-30 05:37:13,297 - Episode 1700
2018-04-30 05:37:13,298 - Step 1073645
2018-04-30 05:37:38,466 - Episode reward mean: 103.823
2018-04-30 05:37:38,467 - Episode reward std: 89.195
2018-04-30 06:04:30,744 - Episode 1800
2018-04-30 06:04:30,745 - Step 1141268
2018-04-30 06:04:48,102 - Episode reward mean: 112.774
2018-04-30 06:04:48,103 - Episode reward std: 74.376
2018-04-30 06:29:16,484 - Episode 1900
2018-04-30 06:29:16,485 - Step 1203659
2018-04-30 06:29:35,563 - Episode reward mean: 93.207
2018-04-30 06:29:35,566 - Episode reward std: 100.598
2018-04-30 06:52:45,143 - Episode 2000
2018-04-30 06:52:45,143 - Step 1262966
2018-04-30 06:52:56,402 - Episode reward mean: 90.338
2018-04-30 06:52:56,403 - Episode reward std: 124.154
2018-04-30 06:52:56,404 - **Testing mode
2018-04-30 06:52:56,404 - Running for 20 episodes
2018-04-30 06:54:33,669 - (test) Average reward per episode: 40.10010307118169
2018-04-30 06:54:33,669 - Standard deviation: 150.71884850779887
2018-04-30 06:54:33,718 - Beat previous value of 31.64535264632037! Saved model to models/LL_dqn_CH/LL_dqn_CH.h5
2018-04-30 07:17:47,290 - Episode 2100
2018-04-30 07:17:47,290 - Step 1321866
2018-04-30 07:17:58,465 - Episode reward mean: 120.943
2018-04-30 07:17:58,466 - Episode reward std: 84.084
2018-04-30 07:41:27,583 - Episode 2200
2018-04-30 07:41:27,583 - Step 1381532
2018-04-30 07:41:43,141 - Episode reward mean: 123.423
2018-04-30 07:41:43,142 - Episode reward std: 89.338
2018-04-30 08:05:21,199 - Episode 2300
2018-04-30 08:05:21,200 - Step 1442034
2018-04-30 08:05:42,666 - Episode reward mean: 123.160
2018-04-30 08:05:42,667 - Episode reward std: 83.277
2018-04-30 08:30:04,548 - Episode 2400
2018-04-30 08:30:04,549 - Step 1504696
2018-04-30 08:30:28,366 - Episode reward mean: 125.194
2018-04-30 08:30:28,366 - Episode reward std: 72.530
2018-04-30 08:55:49,668 - Episode 2500
2018-04-30 08:55:49,669 - Step 1569776
2018-04-30 08:56:14,606 - Episode reward mean: 126.756
2018-04-30 08:56:14,607 - Episode reward std: 78.985
2018-04-30 08:56:14,607 - **Testing mode
2018-04-30 08:56:14,608 - Running for 20 episodes
2018-04-30 08:57:31,508 - (test) Average reward per episode: 144.006357934281
2018-04-30 08:57:31,514 - Standard deviation: 82.74011281710425
2018-04-30 08:57:31,564 - Beat previous value of 40.10010307118169! Saved model to models/LL_dqn_CH/LL_dqn_CH.h5
2018-04-30 09:19:56,172 - Episode 2600
2018-04-30 09:19:56,175 - Step 1627698
2018-04-30 09:20:09,477 - Episode reward mean: 82.168
2018-04-30 09:20:09,478 - Episode reward std: 109.288
2018-04-30 09:44:49,149 - Episode 2700
2018-04-30 09:44:49,149 - Step 1690712
2018-04-30 09:44:58,659 - Episode reward mean: 85.723
2018-04-30 09:44:58,660 - Episode reward std: 110.662
2018-04-30 10:06:39,838 - Episode 2800
2018-04-30 10:06:39,839 - Step 1746511
2018-04-30 10:06:48,251 - Episode reward mean: 151.955
2018-04-30 10:06:48,251 - Episode reward std: 75.057
2018-04-30 10:24:46,426 - Episode 2900
2018-04-30 10:24:46,427 - Step 1793672
2018-04-30 10:24:56,265 - Episode reward mean: 173.552
2018-04-30 10:24:56,266 - Episode reward std: 61.739
2018-04-30 10:40:47,106 - Episode 3000
2018-04-30 10:40:47,106 - Step 1835767
2018-04-30 10:40:54,787 - Episode reward mean: 188.417
2018-04-30 10:40:54,787 - Episode reward std: 51.326
2018-04-30 10:40:54,787 - **Testing mode
2018-04-30 10:40:54,788 - Running for 20 episodes
2018-04-30 10:41:41,885 - (test) Average reward per episode: 175.43633430197139
2018-04-30 10:41:41,885 - Standard deviation: 89.06426820035304
2018-04-30 10:41:41,931 - Beat previous value of 144.006357934281! Saved model to models/LL_dqn_CH/LL_dqn_CH.h5
2018-04-30 10:57:19,756 - Episode 3100
2018-04-30 10:57:19,756 - Step 1881761
2018-04-30 10:57:26,599 - Episode reward mean: 174.130
2018-04-30 10:57:26,600 - Episode reward std: 62.752
2018-04-30 11:10:01,126 - Episode 3200
2018-04-30 11:10:01,126 - Step 1921873
2018-04-30 11:10:08,836 - Episode reward mean: 155.107
2018-04-30 11:10:08,837 - Episode reward std: 92.773
2018-04-30 11:20:05,102 - Episode 3300
2018-04-30 11:20:05,102 - Step 1953927
2018-04-30 11:20:09,050 - Episode reward mean: 135.475
2018-04-30 11:20:09,050 - Episode reward std: 110.835
2018-04-30 11:28:36,373 - Episode 3400
2018-04-30 11:28:36,374 - Step 1981827
2018-04-30 11:28:44,704 - Episode reward mean: 103.900
2018-04-30 11:28:44,705 - Episode reward std: 119.868
2018-04-30 11:36:16,711 - Episode 3500
2018-04-30 11:36:16,711 - Step 2006460
2018-04-30 11:36:19,521 - Episode reward mean: 61.354
2018-04-30 11:36:19,522 - Episode reward std: 121.640
2018-04-30 11:36:19,522 - **Testing mode
2018-04-30 11:36:19,522 - Running for 20 episodes
2018-04-30 11:36:52,480 - (test) Average reward per episode: 66.2166934293843
2018-04-30 11:36:52,480 - Standard deviation: 131.40042217911113
2018-04-30 11:44:54,363 - Episode 3600
2018-04-30 11:44:54,364 - Step 2032191
2018-04-30 11:45:04,014 - Episode reward mean: 18.501
2018-04-30 11:45:04,014 - Episode reward std: 157.795
2018-04-30 11:55:09,398 - Episode 3700
2018-04-30 11:55:09,398 - Step 2064463
2018-04-30 11:55:13,781 - Episode reward mean: -31.375
2018-04-30 11:55:13,781 - Episode reward std: 170.822
2018-04-30 12:09:23,070 - Episode 3800
2018-04-30 12:09:23,070 - Step 2107061
2018-04-30 12:09:24,312 - Episode reward mean: -36.536
2018-04-30 12:09:24,312 - Episode reward std: 156.240
2018-04-30 12:24:33,834 - Episode 3900
2018-04-30 12:24:33,835 - Step 2153332
2018-04-30 12:24:37,092 - Episode reward mean: 33.312
2018-04-30 12:24:37,092 - Episode reward std: 176.581
2018-04-30 12:37:25,080 - Episode 4000
2018-04-30 12:37:25,081 - Step 2193444
2018-04-30 12:37:33,276 - Episode reward mean: 65.310
2018-04-30 12:37:33,276 - Episode reward std: 154.275
2018-04-30 12:37:33,276 - **Testing mode
2018-04-30 12:37:33,276 - Running for 20 episodes
2018-04-30 12:37:59,691 - (test) Average reward per episode: 26.2012794067345
2018-04-30 12:37:59,691 - Standard deviation: 162.79503907006668
2018-04-30 12:52:02,527 - Episode 4100
2018-04-30 12:52:02,527 - Step 2237882
2018-04-30 12:52:08,813 - Episode reward mean: 141.737
2018-04-30 12:52:08,814 - Episode reward std: 123.383
2018-04-30 13:03:10,661 - Episode 4200
2018-04-30 13:03:10,662 - Step 2273202
2018-04-30 13:03:29,736 - Episode reward mean: 148.572
2018-04-30 13:03:29,736 - Episode reward std: 110.439
2018-04-30 13:14:12,363 - Episode 4300
2018-04-30 13:14:12,364 - Step 2308907
2018-04-30 13:14:16,623 - Episode reward mean: 180.742
2018-04-30 13:14:16,623 - Episode reward std: 64.738
2018-04-30 13:23:31,409 - Episode 4400
2018-04-30 13:23:31,409 - Step 2339265
2018-04-30 13:23:35,091 - Episode reward mean: 187.799
2018-04-30 13:23:35,092 - Episode reward std: 90.496
2018-04-30 13:32:24,571 - Episode 4500
2018-04-30 13:32:24,571 - Step 2368278
2018-04-30 13:32:44,114 - Episode reward mean: 202.242
2018-04-30 13:32:44,114 - Episode reward std: 67.213
2018-04-30 13:32:44,114 - **Testing mode
2018-04-30 13:32:44,114 - Running for 20 episodes
2018-04-30 13:33:02,359 - (test) Average reward per episode: 204.14547477502305
2018-04-30 13:33:02,360 - Standard deviation: 65.06831939996587
2018-04-30 13:33:02,394 - Beat previous value of 175.43633430197139! Saved model to models/LL_dqn_CH/LL_dqn_CH.h5
2018-04-30 13:40:28,449 - Episode 4600
2018-04-30 13:40:28,450 - Step 2393701
2018-04-30 13:40:32,011 - Episode reward mean: 189.298
2018-04-30 13:40:32,011 - Episode reward std: 94.217
2018-04-30 13:49:41,227 - Episode 4700
2018-04-30 13:49:41,228 - Step 2423403
2018-04-30 13:49:44,563 - Episode reward mean: 176.177
2018-04-30 13:49:44,563 - Episode reward std: 109.583
2018-04-30 13:59:42,047 - Episode 4800
2018-04-30 13:59:42,047 - Step 2455701
2018-04-30 13:59:52,701 - Episode reward mean: 176.713
2018-04-30 13:59:52,701 - Episode reward std: 93.541
2018-04-30 14:09:00,180 - Episode 4900
2018-04-30 14:09:00,180 - Step 2485741
2018-04-30 14:09:03,232 - Episode reward mean: 117.551
2018-04-30 14:09:03,233 - Episode reward std: 142.843
2018-04-30 14:21:02,741 - Episode 5000
2018-04-30 14:21:02,742 - Step 2523672
2018-04-30 14:21:17,032 - Episode reward mean: 123.668
2018-04-30 14:21:17,032 - Episode reward std: 105.523
2018-04-30 14:21:17,033 - **Testing mode
2018-04-30 14:21:17,033 - Running for 20 episodes
2018-04-30 14:22:19,204 - (test) Average reward per episode: 147.21988597016315
2018-04-30 14:22:19,204 - Standard deviation: 67.43954830784048
2018-04-30 14:36:25,396 - Episode 5100
2018-04-30 14:36:25,396 - Step 2569101
2018-04-30 14:36:34,132 - Episode reward mean: 156.491
2018-04-30 14:36:34,132 - Episode reward std: 57.649
2018-04-30 14:49:38,515 - Episode 5200
2018-04-30 14:49:38,515 - Step 2611320
2018-04-30 14:49:42,855 - Episode reward mean: 156.526
2018-04-30 14:49:42,855 - Episode reward std: 79.450
2018-04-30 15:00:41,369 - Episode 5300
2018-04-30 15:00:41,369 - Step 2647098
2018-04-30 15:00:48,849 - Episode reward mean: 152.009
2018-04-30 15:00:48,849 - Episode reward std: 94.347
2018-04-30 15:17:04,799 - Episode 5400
2018-04-30 15:17:04,800 - Step 2697788
2018-04-30 15:17:25,663 - Episode reward mean: 39.966
2018-04-30 15:17:25,663 - Episode reward std: 193.967
2018-04-30 15:38:44,062 - Episode 5500
2018-04-30 15:38:44,062 - Step 2762313
2018-04-30 15:39:04,554 - Episode reward mean: 29.308
2018-04-30 15:39:04,554 - Episode reward std: 147.927
2018-04-30 15:39:04,554 - **Testing mode
2018-04-30 15:39:04,555 - Running for 20 episodes
2018-04-30 15:40:38,874 - (test) Average reward per episode: 45.42205049276798
2018-04-30 15:40:38,874 - Standard deviation: 132.81197708583156
2018-04-30 16:04:23,516 - Episode 5600
2018-04-30 16:04:23,516 - Step 2833437
2018-04-30 16:04:24,746 - Episode reward mean: 14.335
2018-04-30 16:04:24,746 - Episode reward std: 142.078
2018-04-30 16:27:12,469 - Episode 5700
2018-04-30 16:27:12,469 - Step 2901308
2018-04-30 16:27:32,990 - Episode reward mean: -11.287
2018-04-30 16:27:32,991 - Episode reward std: 122.322
2018-04-30 16:51:42,845 - Episode 5800
2018-04-30 16:51:42,845 - Step 2974476
2018-04-30 16:51:50,664 - Episode reward mean: 1.686
2018-04-30 16:51:50,665 - Episode reward std: 141.185
2018-04-30 17:15:52,694 - Episode 5900
2018-04-30 17:15:52,695 - Step 3046488
2018-04-30 17:16:12,992 - Episode reward mean: 65.965
2018-04-30 17:16:12,993 - Episode reward std: 135.654
2018-04-30 17:39:51,245 - Episode 6000
2018-04-30 17:39:51,245 - Step 3118551
2018-04-30 17:39:56,728 - Episode reward mean: 87.537
2018-04-30 17:39:56,728 - Episode reward std: 104.533
2018-04-30 17:39:56,729 - **Testing mode
2018-04-30 17:39:56,729 - Running for 20 episodes
2018-04-30 17:41:27,696 - (test) Average reward per episode: 91.21187089277007
2018-04-30 17:41:27,696 - Standard deviation: 93.51703553800776
2018-04-30 17:59:33,764 - Episode 6100
2018-04-30 17:59:33,765 - Step 3174494
2018-04-30 17:59:40,413 - Episode reward mean: 163.431
2018-04-30 17:59:40,413 - Episode reward std: 79.828
2018-04-30 18:14:26,982 - Episode 6200
2018-04-30 18:14:26,982 - Step 3221054
2018-04-30 18:14:32,513 - Episode reward mean: 179.162
2018-04-30 18:14:32,513 - Episode reward std: 76.331
2018-04-30 18:27:21,004 - Episode 6300
2018-04-30 18:27:21,004 - Step 3261940
2018-04-30 18:27:27,356 - Episode reward mean: 195.559
2018-04-30 18:27:27,357 - Episode reward std: 63.819
2018-04-30 18:39:21,078 - Episode 6400
2018-04-30 18:39:21,079 - Step 3300235
2018-04-30 18:39:31,950 - Episode reward mean: 205.208
2018-04-30 18:39:31,950 - Episode reward std: 49.838
2018-04-30 18:51:08,880 - Episode 6500
2018-04-30 18:51:08,881 - Step 3337828
2018-04-30 18:51:16,142 - Episode reward mean: 178.787
2018-04-30 18:51:16,142 - Episode reward std: 79.920
2018-04-30 18:51:16,142 - **Testing mode
2018-04-30 18:51:16,142 - Running for 20 episodes
2018-04-30 18:51:47,469 - (test) Average reward per episode: 196.75608702381882
2018-04-30 18:51:47,470 - Standard deviation: 54.827596960293526
2018-04-30 19:03:03,707 - Episode 6600
2018-04-30 19:03:03,707 - Step 3374391
2018-04-30 19:03:14,066 - Episode reward mean: 192.639
2018-04-30 19:03:14,066 - Episode reward std: 67.648
2018-04-30 19:14:44,215 - Episode 6700
2018-04-30 19:14:44,215 - Step 3412176
2018-04-30 19:15:02,209 - Episode reward mean: 176.517
2018-04-30 19:15:02,209 - Episode reward std: 86.093
2018-04-30 19:29:01,921 - Episode 6800
2018-04-30 19:29:01,921 - Step 3457093
2018-04-30 19:29:09,192 - Episode reward mean: 175.266
2018-04-30 19:29:09,193 - Episode reward std: 78.237
2018-04-30 19:43:38,832 - Episode 6900
2018-04-30 19:43:38,833 - Step 3502791
2018-04-30 19:43:49,732 - Episode reward mean: 185.561
2018-04-30 19:43:49,732 - Episode reward std: 59.331
2018-04-30 19:58:23,788 - Episode 7000
2018-04-30 19:58:23,789 - Step 3549032
2018-04-30 19:58:27,761 - Episode reward mean: 184.630
2018-04-30 19:58:27,761 - Episode reward std: 52.351
2018-04-30 19:58:27,762 - **Testing mode
2018-04-30 19:58:27,762 - Running for 20 episodes
2018-04-30 19:59:06,001 - (test) Average reward per episode: 202.6850973805002
2018-04-30 19:59:06,001 - Standard deviation: 47.745912207984944
2018-04-30 20:09:49,785 - Episode 7100
2018-04-30 20:09:49,786 - Step 3583885
2018-04-30 20:10:05,049 - Episode reward mean: 209.913
2018-04-30 20:10:05,050 - Episode reward std: 50.225
2018-04-30 20:20:59,220 - Episode 7200
2018-04-30 20:20:59,220 - Step 3619512
2018-04-30 20:21:03,191 - Episode reward mean: 217.419
2018-04-30 20:21:03,192 - Episode reward std: 27.054
2018-04-30 20:30:50,290 - Episode 7300
2018-04-30 20:30:50,291 - Step 3651311
2018-04-30 20:30:55,043 - Episode reward mean: 207.644
2018-04-30 20:30:55,043 - Episode reward std: 65.493
2018-04-30 20:40:16,000 - Episode 7400
2018-04-30 20:40:16,001 - Step 3681945
2018-04-30 20:40:21,507 - Episode reward mean: 203.157
2018-04-30 20:40:21,507 - Episode reward std: 78.836
2018-04-30 20:48:38,096 - Episode 7500
2018-04-30 20:48:38,096 - Step 3709431
2018-04-30 20:48:43,192 - Episode reward mean: 184.659
2018-04-30 20:48:43,192 - Episode reward std: 104.468
2018-04-30 20:48:43,192 - **Testing mode
2018-04-30 20:48:43,192 - Running for 20 episodes
2018-04-30 20:49:11,532 - (test) Average reward per episode: 182.90877242470637
2018-04-30 20:49:11,532 - Standard deviation: 91.2813552983203
2018-04-30 20:56:51,207 - Episode 7600
2018-04-30 20:56:51,207 - Step 3734546
2018-04-30 20:56:55,443 - Episode reward mean: 197.062
2018-04-30 20:56:55,443 - Episode reward std: 94.484
2018-04-30 21:04:44,585 - Episode 7700
2018-04-30 21:04:44,585 - Step 3760178
2018-04-30 21:04:48,254 - Episode reward mean: 198.730
2018-04-30 21:04:48,255 - Episode reward std: 81.752
2018-04-30 21:13:44,663 - Episode 7800
2018-04-30 21:13:44,663 - Step 3789150
2018-04-30 21:13:50,509 - Episode reward mean: 175.680
2018-04-30 21:13:50,509 - Episode reward std: 98.598
2018-04-30 21:23:10,766 - Episode 7900
2018-04-30 21:23:10,767 - Step 3819494
2018-04-30 21:23:14,111 - Episode reward mean: 133.188
2018-04-30 21:23:14,111 - Episode reward std: 110.340
2018-04-30 21:31:50,153 - Episode 8000
2018-04-30 21:31:50,153 - Step 3847344
2018-04-30 21:31:53,662 - Episode reward mean: 82.274
2018-04-30 21:31:53,663 - Episode reward std: 136.158
2018-04-30 21:31:53,663 - **Testing mode
2018-04-30 21:31:53,663 - Running for 20 episodes
2018-04-30 21:32:15,633 - (test) Average reward per episode: 138.92115724326501
2018-04-30 21:32:15,634 - Standard deviation: 116.38964109063495
2018-04-30 21:41:30,373 - Episode 8100
2018-04-30 21:41:30,374 - Step 3877197
2018-04-30 21:41:36,427 - Episode reward mean: 103.172
2018-04-30 21:41:36,427 - Episode reward std: 143.038
2018-04-30 21:50:52,785 - Episode 8200
2018-04-30 21:50:52,785 - Step 3907140
2018-04-30 21:50:56,223 - Episode reward mean: 106.276
2018-04-30 21:50:56,223 - Episode reward std: 125.416
2018-04-30 22:01:00,496 - Episode 8300
2018-04-30 22:01:00,496 - Step 3939131
2018-04-30 22:01:04,212 - Episode reward mean: 89.318
2018-04-30 22:01:04,212 - Episode reward std: 151.750
2018-04-30 22:11:20,021 - Episode 8400
2018-04-30 22:11:20,021 - Step 3971848
2018-04-30 22:11:26,270 - Episode reward mean: 69.898
2018-04-30 22:11:26,270 - Episode reward std: 151.334
2018-04-30 22:22:17,537 - Episode 8500
2018-04-30 22:22:17,537 - Step 4006766
2018-04-30 22:22:20,452 - Episode reward mean: 110.644
2018-04-30 22:22:20,452 - Episode reward std: 133.503
2018-04-30 22:22:20,452 - **Testing mode
2018-04-30 22:22:20,452 - Running for 20 episodes
2018-04-30 22:22:53,762 - (test) Average reward per episode: 168.15914590154472
2018-04-30 22:22:53,762 - Standard deviation: 59.736550001437855
2018-04-30 22:32:44,050 - Episode 8600
2018-04-30 22:32:44,051 - Step 4038765
2018-04-30 22:32:48,094 - Episode reward mean: 129.804
2018-04-30 22:32:48,095 - Episode reward std: 121.205
2018-04-30 22:43:26,425 - Episode 8700
2018-04-30 22:43:26,425 - Step 4073720
2018-04-30 22:43:46,993 - Episode reward mean: 140.517
2018-04-30 22:43:46,993 - Episode reward std: 105.801
2018-04-30 23:03:25,163 - Episode 8800
2018-04-30 23:03:25,163 - Step 4133385
2018-04-30 23:03:34,713 - Episode reward mean: 74.164
2018-04-30 23:03:34,714 - Episode reward std: 118.880
2018-04-30 23:22:15,665 - Episode 8900
2018-04-30 23:22:15,666 - Step 4190663
2018-04-30 23:22:23,508 - Episode reward mean: 119.900
2018-04-30 23:22:23,508 - Episode reward std: 104.158
2018-04-30 23:38:22,635 - Episode 9000
2018-04-30 23:38:22,635 - Step 4240163
2018-04-30 23:38:31,449 - Episode reward mean: 155.269
2018-04-30 23:38:31,449 - Episode reward std: 86.399
2018-04-30 23:38:31,449 - **Testing mode
2018-04-30 23:38:31,449 - Running for 20 episodes
2018-04-30 23:39:25,244 - (test) Average reward per episode: 197.95740744320833
2018-04-30 23:39:25,244 - Standard deviation: 30.898487210243744
2018-04-30 23:53:44,040 - Episode 9100
2018-04-30 23:53:44,041 - Step 4285804
2018-04-30 23:54:03,999 - Episode reward mean: 190.467
2018-04-30 23:54:04,000 - Episode reward std: 54.481
2018-05-01 00:09:50,247 - Episode 9200
2018-05-01 00:09:50,248 - Step 4335900
2018-05-01 00:09:58,429 - Episode reward mean: 161.668
2018-05-01 00:09:58,430 - Episode reward std: 63.490
2018-05-01 00:28:12,038 - Episode 9300
2018-05-01 00:28:12,038 - Step 4392528
2018-05-01 00:28:28,977 - Episode reward mean: 123.101
2018-05-01 00:28:28,977 - Episode reward std: 97.403
2018-05-01 00:41:05,398 - Episode 9400
2018-05-01 00:41:05,398 - Step 4434052
2018-05-01 00:41:15,948 - Episode reward mean: 160.432
2018-05-01 00:41:15,949 - Episode reward std: 78.924
2018-05-01 00:52:14,245 - Episode 9500
2018-05-01 00:52:14,245 - Step 4469626
2018-05-01 00:52:31,298 - Episode reward mean: 193.921
2018-05-01 00:52:31,298 - Episode reward std: 56.139
2018-05-01 00:52:31,299 - **Testing mode
2018-05-01 00:52:31,299 - Running for 20 episodes
2018-05-01 00:52:53,964 - (test) Average reward per episode: 201.82306325071704
2018-05-01 00:52:53,964 - Standard deviation: 67.48019852849556
2018-05-01 01:04:02,288 - Episode 9600
2018-05-01 01:04:02,288 - Step 4506010
2018-05-01 01:04:12,353 - Episode reward mean: 206.270
2018-05-01 01:04:12,353 - Episode reward std: 54.292
