2018-04-30 17:14:19,279 - Command line args: Namespace(N=50, actor_lr=0.01, actor_model_path=None, alg='dqn', alt_learn=False, combined_replay=True, critic_lr=0.01, critic_model_path=None, deepness='deep', env_name='LunarLander-v2', epsilon=0.5, gamma=0.99, hindsight=False, lr=0.0001, memory_size=50000, model_name='LL_dqn_C', num_episodes=50000, priority_replay=False, record_video_only=False, render=False, replay_batch=32, seed=None, test_mod=500, test_only=False, train_mod=100)
2018-04-30 17:14:19,279 - Log saving to logs/LL_dqn_C_2018_04_30_17_14_18.log
2018-04-30 17:14:19,280 - Alg: dqn
2018-04-30 17:14:19,280 - Numpy random seed 2673814810
2018-04-30 17:14:20,044 - Gym seed set to 2673814810
2018-04-30 17:14:20,045 - Using deep architecture.
2018-04-30 17:14:20,177 - Using initial learning rate 0.0001
2018-04-30 17:14:21,126 - Using combined replay
2018-04-30 17:14:21,126 - Creating replay buffer with initial max size of 50000
2018-04-30 17:14:21,126 - Burning in 10000 lines
2018-04-30 17:14:28,384 - Training for 50000 episodes
2018-04-30 17:14:28,384 - Episode 0
2018-04-30 17:14:28,384 - Step 0
2018-04-30 17:14:29,779 - Episode reward mean: -1.575
2018-04-30 17:14:29,779 - Episode reward std: 15.595
2018-04-30 17:14:29,831 - Saved model for rendering to models/LL_dqn_C/LL_dqn_C_0_of_3.h5
2018-04-30 17:15:06,317 - Episode 100
2018-04-30 17:15:06,317 - Step 9987
2018-04-30 17:15:06,902 - Episode reward mean: -204.309
2018-04-30 17:15:06,902 - Episode reward std: 111.821
2018-04-30 17:16:10,373 - Episode 200
2018-04-30 17:16:10,373 - Step 26947
2018-04-30 17:16:11,246 - Episode reward mean: -200.816
2018-04-30 17:16:11,247 - Episode reward std: 75.904
2018-04-30 17:18:42,734 - Episode 300
2018-04-30 17:18:42,734 - Step 63109
2018-04-30 17:18:44,998 - Episode reward mean: -153.660
2018-04-30 17:18:44,998 - Episode reward std: 98.032
2018-04-30 17:25:09,826 - Episode 400
2018-04-30 17:25:09,826 - Step 142912
2018-04-30 17:25:14,700 - Episode reward mean: -142.731
2018-04-30 17:25:14,701 - Episode reward std: 124.893
2018-04-30 17:32:53,302 - Episode 500
2018-04-30 17:32:53,303 - Step 238011
2018-04-30 17:32:55,702 - Episode reward mean: -108.926
2018-04-30 17:32:55,702 - Episode reward std: 81.423
2018-04-30 17:32:55,702 - **Testing mode
2018-04-30 17:32:55,702 - Running for 20 episodes
2018-04-30 17:33:33,697 - (test) Average reward per episode: -91.72919828801014
2018-04-30 17:33:33,697 - Standard deviation: 34.81125046656981
2018-04-30 17:33:33,711 - Beat previous value of None! Saved model to models/LL_dqn_C/LL_dqn_C.h5
2018-04-30 17:41:29,792 - Episode 600
2018-04-30 17:41:29,793 - Step 336770
2018-04-30 17:41:34,816 - Episode reward mean: -70.448
2018-04-30 17:41:34,816 - Episode reward std: 37.573
2018-04-30 17:48:48,399 - Episode 700
2018-04-30 17:48:48,399 - Step 429923
2018-04-30 17:48:52,877 - Episode reward mean: -18.990
2018-04-30 17:48:52,877 - Episode reward std: 93.229
2018-04-30 17:55:48,120 - Episode 800
2018-04-30 17:55:48,120 - Step 520872
2018-04-30 17:55:51,503 - Episode reward mean: -26.634
2018-04-30 17:55:51,503 - Episode reward std: 105.023
2018-04-30 18:03:27,272 - Episode 900
2018-04-30 18:03:27,272 - Step 598671
2018-04-30 18:03:33,191 - Episode reward mean: -50.108
2018-04-30 18:03:33,192 - Episode reward std: 123.141
2018-04-30 18:11:08,943 - Episode 1000
2018-04-30 18:11:08,943 - Step 674300
2018-04-30 18:11:13,133 - Episode reward mean: 25.670
2018-04-30 18:11:13,134 - Episode reward std: 105.184
2018-04-30 18:11:13,134 - **Testing mode
2018-04-30 18:11:13,134 - Running for 20 episodes
2018-04-30 18:11:50,874 - (test) Average reward per episode: 23.902426892865844
2018-04-30 18:11:50,874 - Standard deviation: 90.7882007439158
2018-04-30 18:11:50,890 - Beat previous value of -91.72919828801014! Saved model to models/LL_dqn_C/LL_dqn_C.h5
2018-04-30 18:19:50,287 - Episode 1100
2018-04-30 18:19:50,287 - Step 753428
2018-04-30 18:19:55,494 - Episode reward mean: 66.599
2018-04-30 18:19:55,494 - Episode reward std: 81.648
2018-04-30 18:27:09,330 - Episode 1200
2018-04-30 18:27:09,331 - Step 825401
2018-04-30 18:27:12,832 - Episode reward mean: 109.653
2018-04-30 18:27:12,833 - Episode reward std: 52.886
2018-04-30 18:32:30,975 - Episode 1300
2018-04-30 18:32:30,975 - Step 881141
2018-04-30 18:32:34,077 - Episode reward mean: 134.010
2018-04-30 18:32:34,078 - Episode reward std: 76.076
2018-04-30 18:37:18,695 - Episode 1400
2018-04-30 18:37:18,695 - Step 931165
2018-04-30 18:37:21,549 - Episode reward mean: 134.640
2018-04-30 18:37:21,550 - Episode reward std: 86.550
2018-04-30 18:41:41,619 - Episode 1500
2018-04-30 18:41:41,619 - Step 977780
2018-04-30 18:41:44,447 - Episode reward mean: 112.421
2018-04-30 18:41:44,447 - Episode reward std: 104.085
2018-04-30 18:41:44,448 - **Testing mode
2018-04-30 18:41:44,448 - Running for 20 episodes
2018-04-30 18:42:03,036 - (test) Average reward per episode: 160.67446967124266
2018-04-30 18:42:03,036 - Standard deviation: 59.61634478077308
2018-04-30 18:42:03,057 - Beat previous value of 23.902426892865844! Saved model to models/LL_dqn_C/LL_dqn_C.h5
2018-04-30 18:46:06,996 - Episode 1600
2018-04-30 18:46:06,996 - Step 1021466
2018-04-30 18:46:09,434 - Episode reward mean: 117.652
2018-04-30 18:46:09,434 - Episode reward std: 108.614
2018-04-30 18:51:40,121 - Episode 1700
2018-04-30 18:51:40,121 - Step 1077865
2018-04-30 18:51:42,353 - Episode reward mean: 122.275
2018-04-30 18:51:42,353 - Episode reward std: 87.467
2018-04-30 18:57:17,343 - Episode 1800
2018-04-30 18:57:17,343 - Step 1133996
2018-04-30 18:57:19,672 - Episode reward mean: 114.879
2018-04-30 18:57:19,673 - Episode reward std: 99.732
2018-04-30 19:02:36,327 - Episode 1900
2018-04-30 19:02:36,327 - Step 1185503
2018-04-30 19:02:43,764 - Episode reward mean: 106.473
2018-04-30 19:02:43,764 - Episode reward std: 108.977
2018-04-30 19:07:38,374 - Episode 2000
2018-04-30 19:07:38,374 - Step 1230608
2018-04-30 19:07:40,618 - Episode reward mean: 135.316
2018-04-30 19:07:40,619 - Episode reward std: 106.927
2018-04-30 19:07:40,619 - **Testing mode
2018-04-30 19:07:40,619 - Running for 20 episodes
2018-04-30 19:08:01,679 - (test) Average reward per episode: 160.90523185324383
2018-04-30 19:08:01,679 - Standard deviation: 36.378132976664986
2018-04-30 19:08:01,701 - Beat previous value of 160.67446967124266! Saved model to models/LL_dqn_C/LL_dqn_C.h5
2018-04-30 19:13:00,124 - Episode 2100
2018-04-30 19:13:00,124 - Step 1275620
2018-04-30 19:13:02,565 - Episode reward mean: 163.021
2018-04-30 19:13:02,565 - Episode reward std: 72.247
2018-04-30 19:18:37,179 - Episode 2200
2018-04-30 19:18:37,179 - Step 1325133
2018-04-30 19:18:44,782 - Episode reward mean: 107.570
2018-04-30 19:18:44,782 - Episode reward std: 117.372
2018-04-30 19:22:52,013 - Episode 2300
2018-04-30 19:22:52,013 - Step 1363483
2018-04-30 19:22:56,655 - Episode reward mean: 97.685
2018-04-30 19:22:56,655 - Episode reward std: 121.203
2018-04-30 19:26:55,745 - Episode 2400
2018-04-30 19:26:55,745 - Step 1400374
2018-04-30 19:26:58,423 - Episode reward mean: 126.702
2018-04-30 19:26:58,423 - Episode reward std: 112.682
2018-04-30 19:31:28,025 - Episode 2500
2018-04-30 19:31:28,025 - Step 1440941
2018-04-30 19:31:32,503 - Episode reward mean: 148.074
2018-04-30 19:31:32,503 - Episode reward std: 90.918
2018-04-30 19:31:32,503 - **Testing mode
2018-04-30 19:31:32,503 - Running for 20 episodes
2018-04-30 19:31:53,760 - (test) Average reward per episode: 160.8990928489223
2018-04-30 19:31:53,760 - Standard deviation: 68.42337925834843
2018-04-30 19:37:00,464 - Episode 2600
2018-04-30 19:37:00,465 - Step 1487903
2018-04-30 19:37:02,757 - Episode reward mean: 128.589
2018-04-30 19:37:02,757 - Episode reward std: 117.919
2018-04-30 19:41:37,825 - Episode 2700
2018-04-30 19:41:37,825 - Step 1529814
2018-04-30 19:41:38,901 - Episode reward mean: 150.676
2018-04-30 19:41:38,902 - Episode reward std: 108.488
2018-04-30 19:45:51,902 - Episode 2800
2018-04-30 19:45:51,902 - Step 1568565
2018-04-30 19:45:53,051 - Episode reward mean: 159.960
2018-04-30 19:45:53,051 - Episode reward std: 90.713
2018-04-30 19:49:31,428 - Episode 2900
2018-04-30 19:49:31,428 - Step 1601709
2018-04-30 19:49:32,670 - Episode reward mean: 124.592
2018-04-30 19:49:32,670 - Episode reward std: 119.063
2018-04-30 19:54:36,723 - Episode 3000
2018-04-30 19:54:36,724 - Step 1646995
2018-04-30 19:54:38,550 - Episode reward mean: 80.373
2018-04-30 19:54:38,550 - Episode reward std: 185.233
2018-04-30 19:54:38,550 - **Testing mode
2018-04-30 19:54:38,550 - Running for 20 episodes
2018-04-30 19:55:07,222 - (test) Average reward per episode: 18.71567064657707
2018-04-30 19:55:07,223 - Standard deviation: 186.73939423177325
2018-04-30 20:00:08,864 - Episode 3100
2018-04-30 20:00:08,864 - Step 1691880
2018-04-30 20:00:10,003 - Episode reward mean: 91.856
2018-04-30 20:00:10,003 - Episode reward std: 176.757
2018-04-30 20:04:05,767 - Episode 3200
2018-04-30 20:04:05,767 - Step 1727627
2018-04-30 20:04:06,868 - Episode reward mean: 97.343
2018-04-30 20:04:06,868 - Episode reward std: 197.585
2018-04-30 20:07:08,333 - Episode 3300
2018-04-30 20:07:08,333 - Step 1755977
2018-04-30 20:07:08,998 - Episode reward mean: 103.191
2018-04-30 20:07:08,998 - Episode reward std: 177.747
2018-04-30 20:10:05,444 - Episode 3400
2018-04-30 20:10:05,445 - Step 1783913
2018-04-30 20:10:06,390 - Episode reward mean: 187.784
2018-04-30 20:10:06,390 - Episode reward std: 98.086
2018-04-30 20:12:42,945 - Episode 3500
2018-04-30 20:12:42,945 - Step 1808871
2018-04-30 20:12:45,320 - Episode reward mean: 173.617
2018-04-30 20:12:45,320 - Episode reward std: 128.865
2018-04-30 20:12:45,320 - **Testing mode
2018-04-30 20:12:45,320 - Running for 20 episodes
2018-04-30 20:13:01,711 - (test) Average reward per episode: 131.5832272432155
2018-04-30 20:13:01,711 - Standard deviation: 141.42006164985168
2018-04-30 20:16:00,045 - Episode 3600
2018-04-30 20:16:00,045 - Step 1837385
2018-04-30 20:16:01,497 - Episode reward mean: 198.502
2018-04-30 20:16:01,497 - Episode reward std: 83.215
2018-04-30 20:18:41,936 - Episode 3700
2018-04-30 20:18:41,937 - Step 1863099
2018-04-30 20:18:43,070 - Episode reward mean: 221.913
2018-04-30 20:18:43,070 - Episode reward std: 19.677
2018-04-30 20:21:53,591 - Episode 3800
2018-04-30 20:21:53,591 - Step 1893144
2018-04-30 20:21:54,567 - Episode reward mean: 213.493
2018-04-30 20:21:54,567 - Episode reward std: 50.096
2018-04-30 20:24:27,898 - Episode 3900
2018-04-30 20:24:27,898 - Step 1917578
2018-04-30 20:24:28,949 - Episode reward mean: 217.996
2018-04-30 20:24:28,949 - Episode reward std: 50.255
2018-04-30 20:27:25,676 - Episode 4000
2018-04-30 20:27:25,676 - Step 1945188
2018-04-30 20:27:27,726 - Episode reward mean: 200.858
2018-04-30 20:27:27,726 - Episode reward std: 65.776
2018-04-30 20:27:27,727 - **Testing mode
2018-04-30 20:27:27,727 - Running for 20 episodes
2018-04-30 20:27:39,029 - (test) Average reward per episode: 144.00935631853233
2018-04-30 20:27:39,029 - Standard deviation: 92.23678603806614
2018-04-30 20:30:07,287 - Episode 4100
2018-04-30 20:30:07,288 - Step 1968819
2018-04-30 20:30:08,271 - Episode reward mean: 192.525
2018-04-30 20:30:08,271 - Episode reward std: 81.318
2018-04-30 20:32:26,115 - Episode 4200
2018-04-30 20:32:26,116 - Step 1991113
2018-04-30 20:32:27,329 - Episode reward mean: 221.476
2018-04-30 20:32:27,329 - Episode reward std: 50.582
2018-04-30 20:34:35,807 - Episode 4300
2018-04-30 20:34:35,807 - Step 2012042
2018-04-30 20:34:37,035 - Episode reward mean: 223.523
2018-04-30 20:34:37,035 - Episode reward std: 36.955
2018-04-30 20:36:45,397 - Episode 4400
2018-04-30 20:36:45,397 - Step 2032811
2018-04-30 20:36:46,199 - Episode reward mean: 227.620
2018-04-30 20:36:46,199 - Episode reward std: 42.908
2018-04-30 20:38:47,045 - Episode 4500
2018-04-30 20:38:47,045 - Step 2052628
2018-04-30 20:38:48,287 - Episode reward mean: 227.260
2018-04-30 20:38:48,287 - Episode reward std: 44.424
2018-04-30 20:38:48,287 - **Testing mode
2018-04-30 20:38:48,287 - Running for 20 episodes
2018-04-30 20:38:54,161 - (test) Average reward per episode: 241.5051470392347
2018-04-30 20:38:54,161 - Standard deviation: 12.37954294245746
2018-04-30 20:38:54,178 - Beat previous value of 160.90523185324383! Saved model to models/LL_dqn_C/LL_dqn_C.h5
2018-04-30 20:40:54,447 - Episode 4600
2018-04-30 20:40:54,448 - Step 2072265
2018-04-30 20:40:57,157 - Episode reward mean: 226.537
2018-04-30 20:40:57,157 - Episode reward std: 42.940
2018-04-30 20:42:52,704 - Episode 4700
2018-04-30 20:42:52,705 - Step 2091590
2018-04-30 20:42:53,608 - Episode reward mean: 166.095
2018-04-30 20:42:53,609 - Episode reward std: 103.937
2018-04-30 20:44:57,198 - Episode 4800
2018-04-30 20:44:57,198 - Step 2111480
2018-04-30 20:44:57,980 - Episode reward mean: 152.587
2018-04-30 20:44:57,980 - Episode reward std: 115.415
2018-04-30 20:47:00,508 - Episode 4900
2018-04-30 20:47:00,509 - Step 2131696
2018-04-30 20:47:01,524 - Episode reward mean: 161.650
2018-04-30 20:47:01,524 - Episode reward std: 110.382
2018-04-30 20:49:31,528 - Episode 5000
2018-04-30 20:49:31,528 - Step 2155596
2018-04-30 20:49:32,482 - Episode reward mean: 192.965
2018-04-30 20:49:32,482 - Episode reward std: 86.043
2018-04-30 20:49:32,482 - **Testing mode
2018-04-30 20:49:32,482 - Running for 20 episodes
2018-04-30 20:49:43,137 - (test) Average reward per episode: 218.6348029431323
2018-04-30 20:49:43,137 - Standard deviation: 31.64719046618528
2018-04-30 20:51:58,701 - Episode 5100
2018-04-30 20:51:58,701 - Step 2177691
2018-04-30 20:52:00,010 - Episode reward mean: 212.300
2018-04-30 20:52:00,010 - Episode reward std: 52.095
2018-04-30 20:54:37,423 - Episode 5200
2018-04-30 20:54:37,423 - Step 2203064
2018-04-30 20:54:39,047 - Episode reward mean: 214.221
2018-04-30 20:54:39,048 - Episode reward std: 41.029
2018-04-30 20:57:08,956 - Episode 5300
2018-04-30 20:57:08,956 - Step 2227580
2018-04-30 20:57:09,884 - Episode reward mean: 215.822
2018-04-30 20:57:09,885 - Episode reward std: 31.415
2018-04-30 20:59:34,847 - Episode 5400
2018-04-30 20:59:34,848 - Step 2251207
2018-04-30 20:59:36,039 - Episode reward mean: 213.119
2018-04-30 20:59:36,039 - Episode reward std: 48.019
2018-04-30 21:01:45,232 - Episode 5500
2018-04-30 21:01:45,232 - Step 2272565
2018-04-30 21:01:48,411 - Episode reward mean: 208.121
2018-04-30 21:01:48,412 - Episode reward std: 74.423
2018-04-30 21:01:48,412 - **Testing mode
2018-04-30 21:01:48,412 - Running for 20 episodes
2018-04-30 21:01:57,602 - (test) Average reward per episode: 193.8111829260496
2018-04-30 21:01:57,602 - Standard deviation: 70.17482209988725
2018-04-30 21:04:07,385 - Episode 5600
2018-04-30 21:04:07,385 - Step 2294622
2018-04-30 21:04:08,409 - Episode reward mean: 208.956
2018-04-30 21:04:08,409 - Episode reward std: 60.570
2018-04-30 21:06:14,317 - Episode 5700
2018-04-30 21:06:14,317 - Step 2316013
2018-04-30 21:06:15,792 - Episode reward mean: 217.948
2018-04-30 21:06:15,793 - Episode reward std: 44.195
2018-04-30 21:08:17,920 - Episode 5800
2018-04-30 21:08:17,920 - Step 2337142
2018-04-30 21:08:20,653 - Episode reward mean: 219.428
2018-04-30 21:08:20,653 - Episode reward std: 61.764
2018-04-30 21:10:38,531 - Episode 5900
2018-04-30 21:10:38,531 - Step 2360013
2018-04-30 21:10:39,804 - Episode reward mean: 218.906
2018-04-30 21:10:39,804 - Episode reward std: 63.335
2018-04-30 21:13:01,656 - Episode 6000
2018-04-30 21:13:01,656 - Step 2383231
2018-04-30 21:13:03,094 - Episode reward mean: 223.860
2018-04-30 21:13:03,094 - Episode reward std: 46.138
2018-04-30 21:13:03,094 - **Testing mode
2018-04-30 21:13:03,094 - Running for 20 episodes
2018-04-30 21:13:10,089 - (test) Average reward per episode: 231.2204078607138
2018-04-30 21:13:10,089 - Standard deviation: 16.548019353658102
2018-04-30 21:15:20,504 - Episode 6100
2018-04-30 21:15:20,504 - Step 2405108
2018-04-30 21:15:21,524 - Episode reward mean: 222.702
2018-04-30 21:15:21,525 - Episode reward std: 47.100
2018-04-30 21:17:33,656 - Episode 6200
2018-04-30 21:17:33,656 - Step 2426933
2018-04-30 21:17:34,828 - Episode reward mean: 211.604
2018-04-30 21:17:34,828 - Episode reward std: 68.568
2018-04-30 21:19:50,911 - Episode 6300
2018-04-30 21:19:50,912 - Step 2449356
2018-04-30 21:19:52,285 - Episode reward mean: 217.870
2018-04-30 21:19:52,285 - Episode reward std: 55.874
2018-04-30 21:22:05,050 - Episode 6400
2018-04-30 21:22:05,050 - Step 2471442
2018-04-30 21:22:06,669 - Episode reward mean: 225.462
2018-04-30 21:22:06,669 - Episode reward std: 35.889
2018-04-30 21:24:14,586 - Episode 6500
2018-04-30 21:24:14,586 - Step 2492828
2018-04-30 21:24:15,953 - Episode reward mean: 230.769
2018-04-30 21:24:15,953 - Episode reward std: 26.559
2018-04-30 21:24:15,953 - **Testing mode
2018-04-30 21:24:15,953 - Running for 20 episodes
2018-04-30 21:24:22,935 - (test) Average reward per episode: 230.52899874476356
2018-04-30 21:24:22,935 - Standard deviation: 20.11137477972963
2018-04-30 21:26:37,220 - Episode 6600
2018-04-30 21:26:37,221 - Step 2515096
2018-04-30 21:26:38,450 - Episode reward mean: 234.035
2018-04-30 21:26:38,450 - Episode reward std: 16.019
2018-04-30 21:28:50,753 - Episode 6700
2018-04-30 21:28:50,753 - Step 2536883
2018-04-30 21:28:51,898 - Episode reward mean: 225.145
2018-04-30 21:28:51,898 - Episode reward std: 27.510
2018-04-30 21:30:58,971 - Episode 6800
2018-04-30 21:30:58,971 - Step 2557993
2018-04-30 21:31:00,327 - Episode reward mean: 203.834
2018-04-30 21:31:00,327 - Episode reward std: 70.033
2018-04-30 21:33:28,268 - Episode 6900
2018-04-30 21:33:28,268 - Step 2582186
2018-04-30 21:33:30,091 - Episode reward mean: 215.575
2018-04-30 21:33:30,091 - Episode reward std: 48.393
2018-04-30 21:36:03,241 - Episode 7000
2018-04-30 21:36:03,241 - Step 2607174
2018-04-30 21:36:04,720 - Episode reward mean: 193.096
2018-04-30 21:36:04,720 - Episode reward std: 74.702
2018-04-30 21:36:04,721 - **Testing mode
2018-04-30 21:36:04,721 - Running for 20 episodes
2018-04-30 21:36:17,773 - (test) Average reward per episode: 174.5904088844273
2018-04-30 21:36:17,773 - Standard deviation: 76.01533336298455
2018-04-30 21:39:07,125 - Episode 7100
2018-04-30 21:39:07,125 - Step 2634168
2018-04-30 21:39:10,693 - Episode reward mean: 160.675
2018-04-30 21:39:10,694 - Episode reward std: 94.215
2018-04-30 21:42:18,793 - Episode 7200
2018-04-30 21:42:18,793 - Step 2664061
2018-04-30 21:42:19,996 - Episode reward mean: 164.151
2018-04-30 21:42:19,996 - Episode reward std: 98.692
2018-04-30 21:44:35,836 - Episode 7300
2018-04-30 21:44:35,837 - Step 2686389
2018-04-30 21:44:36,938 - Episode reward mean: 182.984
2018-04-30 21:44:36,939 - Episode reward std: 107.073
2018-04-30 21:47:01,812 - Episode 7400
2018-04-30 21:47:01,812 - Step 2710059
2018-04-30 21:47:02,875 - Episode reward mean: 195.698
2018-04-30 21:47:02,875 - Episode reward std: 88.833
2018-04-30 21:49:40,896 - Episode 7500
2018-04-30 21:49:40,896 - Step 2735367
2018-04-30 21:49:42,299 - Episode reward mean: 214.750
2018-04-30 21:49:42,299 - Episode reward std: 42.215
2018-04-30 21:49:42,299 - **Testing mode
2018-04-30 21:49:42,299 - Running for 20 episodes
2018-04-30 21:49:51,286 - (test) Average reward per episode: 220.85337456639553
2018-04-30 21:49:51,286 - Standard deviation: 33.66834662396208
2018-04-30 21:52:10,946 - Episode 7600
2018-04-30 21:52:10,946 - Step 2758641
2018-04-30 21:52:12,411 - Episode reward mean: 220.374
2018-04-30 21:52:12,411 - Episode reward std: 39.238
2018-04-30 21:54:22,365 - Episode 7700
2018-04-30 21:54:22,365 - Step 2780166
2018-04-30 21:54:23,471 - Episode reward mean: 221.872
2018-04-30 21:54:23,471 - Episode reward std: 36.698
2018-04-30 21:56:42,086 - Episode 7800
2018-04-30 21:56:42,086 - Step 2803669
2018-04-30 21:56:43,342 - Episode reward mean: 219.971
2018-04-30 21:56:43,343 - Episode reward std: 41.185
2018-04-30 21:59:17,531 - Episode 7900
2018-04-30 21:59:17,532 - Step 2828452
2018-04-30 21:59:19,097 - Episode reward mean: 222.303
2018-04-30 21:59:19,097 - Episode reward std: 27.712
2018-04-30 22:01:31,783 - Episode 8000
2018-04-30 22:01:31,783 - Step 2850358
2018-04-30 22:01:32,878 - Episode reward mean: 220.827
2018-04-30 22:01:32,879 - Episode reward std: 19.179
2018-04-30 22:01:32,879 - **Testing mode
2018-04-30 22:01:32,879 - Running for 20 episodes
2018-04-30 22:01:41,843 - (test) Average reward per episode: 191.7922321427722
2018-04-30 22:01:41,843 - Standard deviation: 90.21329434890326
2018-04-30 22:04:26,048 - Episode 8100
2018-04-30 22:04:26,049 - Step 2876581
2018-04-30 22:04:27,178 - Episode reward mean: 219.265
2018-04-30 22:04:27,178 - Episode reward std: 35.733
2018-04-30 22:06:51,952 - Episode 8200
2018-04-30 22:06:51,952 - Step 2900521
2018-04-30 22:06:53,315 - Episode reward mean: 212.400
2018-04-30 22:06:53,315 - Episode reward std: 51.554
2018-04-30 22:09:45,871 - Episode 8300
2018-04-30 22:09:45,871 - Step 2928185
2018-04-30 22:09:47,146 - Episode reward mean: 206.397
2018-04-30 22:09:47,146 - Episode reward std: 45.300
2018-04-30 22:12:28,729 - Episode 8400
2018-04-30 22:12:28,730 - Step 2954382
2018-04-30 22:12:29,787 - Episode reward mean: 210.134
2018-04-30 22:12:29,788 - Episode reward std: 43.689
2018-04-30 22:15:13,165 - Episode 8500
2018-04-30 22:15:13,165 - Step 2980825
2018-04-30 22:15:14,333 - Episode reward mean: 215.250
2018-04-30 22:15:14,334 - Episode reward std: 46.084
2018-04-30 22:15:14,334 - **Testing mode
2018-04-30 22:15:14,334 - Running for 20 episodes
2018-04-30 22:15:23,972 - (test) Average reward per episode: 213.70805921172763
2018-04-30 22:15:23,972 - Standard deviation: 28.351739429324564
2018-04-30 22:18:00,130 - Episode 8600
2018-04-30 22:18:00,131 - Step 3006214
2018-04-30 22:18:01,179 - Episode reward mean: 201.179
2018-04-30 22:18:01,179 - Episode reward std: 75.160
2018-04-30 22:20:28,874 - Episode 8700
2018-04-30 22:20:28,874 - Step 3030333
2018-04-30 22:20:29,939 - Episode reward mean: 197.024
2018-04-30 22:20:29,940 - Episode reward std: 76.390
2018-04-30 22:22:44,032 - Episode 8800
2018-04-30 22:22:44,032 - Step 3052599
2018-04-30 22:22:45,115 - Episode reward mean: 209.385
2018-04-30 22:22:45,115 - Episode reward std: 73.889
2018-04-30 22:25:15,453 - Episode 8900
2018-04-30 22:25:15,453 - Step 3077019
2018-04-30 22:25:16,649 - Episode reward mean: 222.715
2018-04-30 22:25:16,650 - Episode reward std: 48.713
2018-04-30 22:27:46,474 - Episode 9000
2018-04-30 22:27:46,474 - Step 3101306
2018-04-30 22:27:47,615 - Episode reward mean: 224.983
2018-04-30 22:27:47,616 - Episode reward std: 29.480
2018-04-30 22:27:47,616 - **Testing mode
2018-04-30 22:27:47,616 - Running for 20 episodes
2018-04-30 22:27:58,537 - (test) Average reward per episode: 213.76100873767655
2018-04-30 22:27:58,537 - Standard deviation: 63.11303755545831
2018-04-30 22:30:14,248 - Episode 9100
2018-04-30 22:30:14,248 - Step 3123666
2018-04-30 22:30:15,067 - Episode reward mean: 212.465
2018-04-30 22:30:15,068 - Episode reward std: 63.790
2018-04-30 22:32:34,553 - Episode 9200
2018-04-30 22:32:34,553 - Step 3146768
2018-04-30 22:32:35,972 - Episode reward mean: 221.612
2018-04-30 22:32:35,972 - Episode reward std: 54.617
2018-04-30 22:35:10,269 - Episode 9300
2018-04-30 22:35:10,269 - Step 3172070
2018-04-30 22:35:11,436 - Episode reward mean: 211.073
2018-04-30 22:35:11,437 - Episode reward std: 72.925
2018-04-30 22:37:25,759 - Episode 9400
2018-04-30 22:37:25,760 - Step 3194153
2018-04-30 22:37:27,087 - Episode reward mean: 210.633
2018-04-30 22:37:27,088 - Episode reward std: 59.925
2018-04-30 22:39:29,504 - Episode 9500
2018-04-30 22:39:29,504 - Step 3214316
2018-04-30 22:39:30,593 - Episode reward mean: 227.523
2018-04-30 22:39:30,593 - Episode reward std: 33.730
2018-04-30 22:39:30,593 - **Testing mode
2018-04-30 22:39:30,593 - Running for 20 episodes
2018-04-30 22:39:37,228 - (test) Average reward per episode: 223.87220672069367
2018-04-30 22:39:37,228 - Standard deviation: 49.43378934378285
2018-04-30 22:41:51,868 - Episode 9600
2018-04-30 22:41:51,869 - Step 3236421
2018-04-30 22:41:53,118 - Episode reward mean: 223.777
2018-04-30 22:41:53,119 - Episode reward std: 54.821
2018-04-30 22:43:57,687 - Episode 9700
2018-04-30 22:43:57,687 - Step 3257289
2018-04-30 22:43:58,944 - Episode reward mean: 205.039
2018-04-30 22:43:58,944 - Episode reward std: 82.276
2018-04-30 22:46:03,357 - Episode 9800
2018-04-30 22:46:03,357 - Step 3278120
2018-04-30 22:46:04,766 - Episode reward mean: 222.649
2018-04-30 22:46:04,766 - Episode reward std: 49.065
2018-04-30 22:48:18,472 - Episode 9900
2018-04-30 22:48:18,472 - Step 3300501
2018-04-30 22:48:20,156 - Episode reward mean: 224.587
2018-04-30 22:48:20,156 - Episode reward std: 44.917
2018-04-30 22:50:26,534 - Episode 10000
2018-04-30 22:50:26,534 - Step 3321841
2018-04-30 22:50:27,886 - Episode reward mean: 233.157
2018-04-30 22:50:27,886 - Episode reward std: 21.635
2018-04-30 22:50:27,886 - **Testing mode
2018-04-30 22:50:27,886 - Running for 20 episodes
2018-04-30 22:50:36,084 - (test) Average reward per episode: 222.76152916223432
2018-04-30 22:50:36,084 - Standard deviation: 36.98551616978618
2018-04-30 22:52:48,471 - Episode 10100
2018-04-30 22:52:48,471 - Step 3343663
2018-04-30 22:52:50,050 - Episode reward mean: 226.926
2018-04-30 22:52:50,050 - Episode reward std: 37.962
2018-04-30 22:55:03,387 - Episode 10200
2018-04-30 22:55:03,387 - Step 3365604
2018-04-30 22:55:04,381 - Episode reward mean: 220.665
2018-04-30 22:55:04,382 - Episode reward std: 57.284
2018-04-30 22:57:14,728 - Episode 10300
2018-04-30 22:57:14,729 - Step 3387093
2018-04-30 22:57:16,110 - Episode reward mean: 219.245
2018-04-30 22:57:16,110 - Episode reward std: 60.006
2018-04-30 22:59:27,078 - Episode 10400
2018-04-30 22:59:27,079 - Step 3408723
2018-04-30 22:59:28,748 - Episode reward mean: 216.069
2018-04-30 22:59:28,748 - Episode reward std: 58.912
2018-04-30 23:01:35,017 - Episode 10500
2018-04-30 23:01:35,017 - Step 3429802
2018-04-30 23:01:36,303 - Episode reward mean: 218.248
2018-04-30 23:01:36,303 - Episode reward std: 54.293
2018-04-30 23:01:36,303 - **Testing mode
2018-04-30 23:01:36,303 - Running for 20 episodes
2018-04-30 23:01:43,741 - (test) Average reward per episode: 234.72241443493573
2018-04-30 23:01:43,741 - Standard deviation: 15.394173570841502
2018-04-30 23:03:59,544 - Episode 10600
2018-04-30 23:03:59,545 - Step 3452083
2018-04-30 23:04:00,733 - Episode reward mean: 223.038
2018-04-30 23:04:00,733 - Episode reward std: 41.495
