2018-05-01 22:58:04,348 - Command line args: Namespace(N=50, actor_lr=0.01, actor_model_path=None, alg='dqn', alt_learn=False, combined_replay=False, critic_lr=0.01, critic_model_path=None, deepness='deep', env_name='LunarLander-v2', epsilon=0.5, gamma=0.99, hindsight=True, lr=0.0001, memory_size=50000, model_name='LL_dqn_PH', num_episodes=50000, priority_replay=True, record_video_only=False, render=False, replay_batch=32, seed=None, test_mod=500, test_only=False, train_mod=100)
2018-05-01 22:58:04,349 - Log saving to logs/LL_dqn_PH_2018_05_01_22_58_04.log
2018-05-01 22:58:04,349 - Alg: dqn
2018-05-01 22:58:04,350 - Numpy random seed 2744869196
2018-05-01 22:58:04,369 - Gym seed set to 2744869196
2018-05-01 22:58:04,370 - Using deep architecture.
2018-05-01 22:58:04,422 - Using initial learning rate 0.0001
2018-05-01 22:58:04,607 - _________________________________________________________________
2018-05-01 22:58:04,607 - Layer (type)                 Output Shape              Param #   
2018-05-01 22:58:04,607 - =================================================================
2018-05-01 22:58:04,607 - dense_1 (Dense)              (None, 140)               1540      
2018-05-01 22:58:04,607 - _________________________________________________________________
2018-05-01 22:58:04,608 - dense_2 (Dense)              (None, 140)               19740     
2018-05-01 22:58:04,608 - _________________________________________________________________
2018-05-01 22:58:04,608 - dense_3 (Dense)              (None, 30)                4230      
2018-05-01 22:58:04,608 - _________________________________________________________________
2018-05-01 22:58:04,608 - dense_4 (Dense)              (None, 4)                 124       
2018-05-01 22:58:04,608 - =================================================================
2018-05-01 22:58:04,608 - Total params: 25,634
2018-05-01 22:58:04,608 - Trainable params: 25,634
2018-05-01 22:58:04,608 - Non-trainable params: 0
2018-05-01 22:58:04,608 - _________________________________________________________________
2018-05-01 22:58:04,608 - Using prioritized replay
2018-05-01 22:58:04,609 - Using hindsight replay
2018-05-01 22:58:04,609 - Creating replay buffer with initial max size of 50000
2018-05-01 22:58:04,615 - Burning in 10000 lines
2018-05-01 22:58:16,458 - Training for 50000 episodes
2018-05-01 22:58:16,458 - Episode 0
2018-05-01 22:58:16,458 - Step 0
2018-05-01 22:58:17,574 - Episode reward mean: -2.580
2018-05-01 22:58:17,574 - Episode reward std: 25.540
2018-05-01 22:58:17,667 - Saved model for rendering to models/LL_dqn_PH/LL_dqn_PH_0_of_3.h5
2018-05-01 23:00:02,845 - Episode 100
2018-05-01 23:00:02,845 - Step 9751
2018-05-01 23:00:04,980 - Episode reward mean: -256.358
2018-05-01 23:00:04,980 - Episode reward std: 104.822
2018-05-01 23:02:36,772 - Episode 200
2018-05-01 23:02:36,772 - Step 23948
2018-05-01 23:02:38,292 - Episode reward mean: -207.966
2018-05-01 23:02:38,293 - Episode reward std: 107.134
2018-05-01 23:06:03,145 - Episode 300
2018-05-01 23:06:03,145 - Step 42556
2018-05-01 23:06:04,441 - Episode reward mean: -180.398
2018-05-01 23:06:04,442 - Episode reward std: 94.126
2018-05-01 23:12:56,186 - Episode 400
2018-05-01 23:12:56,186 - Step 77896
2018-05-01 23:13:04,245 - Episode reward mean: -154.165
2018-05-01 23:13:04,245 - Episode reward std: 87.084
2018-05-01 23:32:33,819 - Episode 500
2018-05-01 23:32:33,819 - Step 174072
2018-05-01 23:32:45,989 - Episode reward mean: -89.895
2018-05-01 23:32:45,989 - Episode reward std: 41.401
2018-05-01 23:32:45,989 - **Testing mode
2018-05-01 23:32:45,989 - Running for 20 episodes
2018-05-01 23:33:36,315 - (test) Average reward per episode: -79.76763136961239
2018-05-01 23:33:36,315 - Standard deviation: 44.72864189842631
2018-05-01 23:33:36,334 - Beat previous value of None! Saved model to models/LL_dqn_PH/LL_dqn_PH.h5
2018-05-01 23:52:29,252 - Episode 600
2018-05-01 23:52:29,252 - Step 268828
2018-05-01 23:52:41,640 - Episode reward mean: -80.396
2018-05-01 23:52:41,640 - Episode reward std: 38.069
2018-05-02 00:11:36,838 - Episode 700
2018-05-02 00:11:36,838 - Step 363340
2018-05-02 00:11:49,160 - Episode reward mean: -62.669
2018-05-02 00:11:49,160 - Episode reward std: 54.549
2018-05-02 00:31:23,580 - Episode 800
2018-05-02 00:31:23,580 - Step 462204
2018-05-02 00:31:32,313 - Episode reward mean: -55.533
2018-05-02 00:31:32,313 - Episode reward std: 53.282
2018-05-02 00:45:07,040 - Episode 900
2018-05-02 00:45:07,040 - Step 533443
2018-05-02 00:45:13,549 - Episode reward mean: 7.793
2018-05-02 00:45:13,549 - Episode reward std: 117.663
2018-05-02 00:58:21,326 - Episode 1000
2018-05-02 00:58:21,326 - Step 603143
2018-05-02 00:58:33,197 - Episode reward mean: -38.859
2018-05-02 00:58:33,198 - Episode reward std: 109.431
2018-05-02 00:58:33,198 - **Testing mode
2018-05-02 00:58:33,199 - Running for 20 episodes
2018-05-02 00:59:08,676 - (test) Average reward per episode: -135.1426317168456
2018-05-02 00:59:08,676 - Standard deviation: 75.21023465777927
2018-05-02 01:16:48,895 - Episode 1100
2018-05-02 01:16:48,896 - Step 695669
2018-05-02 01:17:00,509 - Episode reward mean: -119.269
2018-05-02 01:17:00,510 - Episode reward std: 41.222
2018-05-02 01:35:36,237 - Episode 1200
2018-05-02 01:35:36,238 - Step 790426
2018-05-02 01:35:39,501 - Episode reward mean: -81.191
2018-05-02 01:35:39,501 - Episode reward std: 54.825
2018-05-02 01:52:49,964 - Episode 1300
2018-05-02 01:52:49,964 - Step 877019
2018-05-02 01:53:03,021 - Episode reward mean: -103.625
2018-05-02 01:53:03,021 - Episode reward std: 82.638
2018-05-02 02:05:33,574 - Episode 1400
2018-05-02 02:05:33,575 - Step 941740
2018-05-02 02:05:44,143 - Episode reward mean: -68.094
2018-05-02 02:05:44,143 - Episode reward std: 191.660
2018-05-02 02:18:08,778 - Episode 1500
2018-05-02 02:18:08,778 - Step 1006441
2018-05-02 02:18:19,064 - Episode reward mean: -0.969
2018-05-02 02:18:19,065 - Episode reward std: 144.028
2018-05-02 02:18:19,065 - **Testing mode
2018-05-02 02:18:19,065 - Running for 20 episodes
2018-05-02 02:18:51,290 - (test) Average reward per episode: 44.341416262235356
2018-05-02 02:18:51,290 - Standard deviation: 124.70361452436009
2018-05-02 02:18:51,313 - Beat previous value of -79.76763136961239! Saved model to models/LL_dqn_PH/LL_dqn_PH.h5
2018-05-02 02:32:38,105 - Episode 1600
2018-05-02 02:32:38,105 - Step 1077191
2018-05-02 02:32:51,151 - Episode reward mean: 21.894
2018-05-02 02:32:51,151 - Episode reward std: 135.283
2018-05-02 02:47:18,582 - Episode 1700
2018-05-02 02:47:18,582 - Step 1151613
2018-05-02 02:47:24,572 - Episode reward mean: -62.592
2018-05-02 02:47:24,572 - Episode reward std: 137.775
2018-05-02 02:56:25,773 - Episode 1800
2018-05-02 02:56:25,773 - Step 1199359
2018-05-02 02:56:38,712 - Episode reward mean: -204.023
2018-05-02 02:56:38,713 - Episode reward std: 197.854
2018-05-02 03:09:06,815 - Episode 1900
2018-05-02 03:09:06,815 - Step 1264618
2018-05-02 03:09:13,464 - Episode reward mean: 6.086
2018-05-02 03:09:13,464 - Episode reward std: 182.724
2018-05-02 03:20:19,399 - Episode 2000
2018-05-02 03:20:19,399 - Step 1323449
2018-05-02 03:20:27,823 - Episode reward mean: 74.346
2018-05-02 03:20:27,824 - Episode reward std: 174.625
2018-05-02 03:20:27,824 - **Testing mode
2018-05-02 03:20:27,824 - Running for 20 episodes
2018-05-02 03:20:46,309 - (test) Average reward per episode: 107.50367523197477
2018-05-02 03:20:46,310 - Standard deviation: 118.82507422324791
2018-05-02 03:20:46,332 - Beat previous value of 44.341416262235356! Saved model to models/LL_dqn_PH/LL_dqn_PH.h5
2018-05-02 03:28:37,093 - Episode 2100
2018-05-02 03:28:37,093 - Step 1366263
2018-05-02 03:28:42,376 - Episode reward mean: 162.787
2018-05-02 03:28:42,376 - Episode reward std: 72.891
2018-05-02 03:36:00,756 - Episode 2200
2018-05-02 03:36:00,756 - Step 1406087
2018-05-02 03:36:10,089 - Episode reward mean: 33.901
2018-05-02 03:36:10,090 - Episode reward std: 209.533
2018-05-02 03:42:02,749 - Episode 2300
2018-05-02 03:42:02,749 - Step 1438756
2018-05-02 03:42:05,456 - Episode reward mean: 59.712
2018-05-02 03:42:05,457 - Episode reward std: 203.914
2018-05-02 03:49:03,315 - Episode 2400
2018-05-02 03:49:03,315 - Step 1476717
2018-05-02 03:49:06,805 - Episode reward mean: 29.835
2018-05-02 03:49:06,805 - Episode reward std: 208.154
2018-05-02 03:57:32,479 - Episode 2500
2018-05-02 03:57:32,479 - Step 1521989
2018-05-02 03:57:44,430 - Episode reward mean: -16.018
2018-05-02 03:57:44,430 - Episode reward std: 200.969
2018-05-02 03:57:44,430 - **Testing mode
2018-05-02 03:57:44,430 - Running for 20 episodes
2018-05-02 03:58:15,868 - (test) Average reward per episode: -96.34286772842201
2018-05-02 03:58:15,868 - Standard deviation: 208.57333680479707
2018-05-02 04:11:42,510 - Episode 2600
2018-05-02 04:11:42,510 - Step 1591984
2018-05-02 04:11:54,159 - Episode reward mean: -102.642
2018-05-02 04:11:54,159 - Episode reward std: 152.685
2018-05-02 04:20:41,721 - Episode 2700
2018-05-02 04:20:41,721 - Step 1639421
2018-05-02 04:20:49,090 - Episode reward mean: -248.707
2018-05-02 04:20:49,091 - Episode reward std: 107.797
2018-05-02 04:26:27,848 - Episode 2800
2018-05-02 04:26:27,848 - Step 1670323
2018-05-02 04:26:29,824 - Episode reward mean: -214.971
2018-05-02 04:26:29,824 - Episode reward std: 105.804
2018-05-02 04:42:35,439 - Episode 2900
2018-05-02 04:42:35,439 - Step 1751129
2018-05-02 04:42:46,956 - Episode reward mean: -141.196
2018-05-02 04:42:46,956 - Episode reward std: 107.404
2018-05-02 04:57:07,270 - Episode 3000
2018-05-02 04:57:07,270 - Step 1824461
2018-05-02 04:57:11,801 - Episode reward mean: -155.759
2018-05-02 04:57:11,801 - Episode reward std: 123.547
2018-05-02 04:57:11,801 - **Testing mode
2018-05-02 04:57:11,801 - Running for 20 episodes
2018-05-02 04:57:42,349 - (test) Average reward per episode: -164.6063916595214
2018-05-02 04:57:42,349 - Standard deviation: 91.77552352077775
2018-05-02 05:10:18,340 - Episode 3100
2018-05-02 05:10:18,340 - Step 1889452
2018-05-02 05:10:30,431 - Episode reward mean: -154.342
2018-05-02 05:10:30,431 - Episode reward std: 113.138
2018-05-02 05:22:45,890 - Episode 3200
2018-05-02 05:22:45,890 - Step 1952235
2018-05-02 05:22:58,974 - Episode reward mean: -111.460
2018-05-02 05:22:58,975 - Episode reward std: 113.212
2018-05-02 05:36:29,329 - Episode 3300
2018-05-02 05:36:29,329 - Step 2021559
2018-05-02 05:36:30,041 - Episode reward mean: -87.857
2018-05-02 05:36:30,042 - Episode reward std: 116.183
2018-05-02 05:54:28,695 - Episode 3400
2018-05-02 05:54:28,695 - Step 2112457
2018-05-02 05:54:40,740 - Episode reward mean: -99.229
2018-05-02 05:54:40,740 - Episode reward std: 74.881
2018-05-02 06:08:44,985 - Episode 3500
2018-05-02 06:08:44,985 - Step 2184325
2018-05-02 06:08:56,996 - Episode reward mean: -134.095
2018-05-02 06:08:56,996 - Episode reward std: 132.963
2018-05-02 06:08:56,996 - **Testing mode
2018-05-02 06:08:56,996 - Running for 20 episodes
2018-05-02 06:09:43,474 - (test) Average reward per episode: -69.9809960044677
2018-05-02 06:09:43,474 - Standard deviation: 104.25406313903596
2018-05-02 06:21:01,347 - Episode 3600
2018-05-02 06:21:01,347 - Step 2243752
2018-05-02 06:21:07,261 - Episode reward mean: 21.109
2018-05-02 06:21:07,261 - Episode reward std: 164.141
2018-05-02 06:28:38,731 - Episode 3700
2018-05-02 06:28:38,731 - Step 2285113
2018-05-02 06:28:45,094 - Episode reward mean: 115.535
2018-05-02 06:28:45,095 - Episode reward std: 131.085
2018-05-02 06:37:29,816 - Episode 3800
2018-05-02 06:37:29,816 - Step 2332109
2018-05-02 06:37:32,979 - Episode reward mean: 151.881
2018-05-02 06:37:32,979 - Episode reward std: 93.809
2018-05-02 06:44:40,866 - Episode 3900
2018-05-02 06:44:40,866 - Step 2371530
2018-05-02 06:44:43,292 - Episode reward mean: 166.985
2018-05-02 06:44:43,292 - Episode reward std: 95.004
2018-05-02 06:50:35,870 - Episode 4000
2018-05-02 06:50:35,870 - Step 2403887
2018-05-02 06:50:38,859 - Episode reward mean: 183.604
2018-05-02 06:50:38,859 - Episode reward std: 74.035
2018-05-02 06:50:38,859 - **Testing mode
2018-05-02 06:50:38,859 - Running for 20 episodes
2018-05-02 06:50:50,798 - (test) Average reward per episode: 195.25207270363177
2018-05-02 06:50:50,798 - Standard deviation: 43.25826731289088
2018-05-02 06:50:50,821 - Beat previous value of 107.50367523197477! Saved model to models/LL_dqn_PH/LL_dqn_PH.h5
2018-05-02 06:56:42,536 - Episode 4100
2018-05-02 06:56:42,536 - Step 2436321
2018-05-02 06:56:44,504 - Episode reward mean: 184.234
2018-05-02 06:56:44,504 - Episode reward std: 87.738
2018-05-02 07:03:23,967 - Episode 4200
2018-05-02 07:03:23,968 - Step 2472478
2018-05-02 07:03:27,049 - Episode reward mean: 137.463
2018-05-02 07:03:27,049 - Episode reward std: 118.654
2018-05-02 07:12:29,836 - Episode 4300
2018-05-02 07:12:29,836 - Step 2520580
2018-05-02 07:12:41,359 - Episode reward mean: 96.053
2018-05-02 07:12:41,359 - Episode reward std: 129.318
2018-05-02 07:21:18,945 - Episode 4400
2018-05-02 07:21:18,946 - Step 2566882
2018-05-02 07:21:20,248 - Episode reward mean: 62.608
2018-05-02 07:21:20,248 - Episode reward std: 148.679
2018-05-02 07:27:25,625 - Episode 4500
2018-05-02 07:27:25,625 - Step 2599762
2018-05-02 07:27:27,295 - Episode reward mean: 100.565
2018-05-02 07:27:27,296 - Episode reward std: 142.804
2018-05-02 07:27:27,296 - **Testing mode
2018-05-02 07:27:27,296 - Running for 20 episodes
2018-05-02 07:27:41,505 - (test) Average reward per episode: 121.04468745841018
2018-05-02 07:27:41,505 - Standard deviation: 104.22097473175722
2018-05-02 07:34:08,298 - Episode 4600
2018-05-02 07:34:08,298 - Step 2634901
2018-05-02 07:34:13,376 - Episode reward mean: 118.414
2018-05-02 07:34:13,376 - Episode reward std: 133.732
2018-05-02 07:40:23,339 - Episode 4700
2018-05-02 07:40:23,339 - Step 2668874
2018-05-02 07:40:24,631 - Episode reward mean: 73.542
2018-05-02 07:40:24,632 - Episode reward std: 181.739
2018-05-02 07:46:29,462 - Episode 4800
2018-05-02 07:46:29,462 - Step 2702006
2018-05-02 07:46:33,691 - Episode reward mean: 14.092
2018-05-02 07:46:33,691 - Episode reward std: 206.101
2018-05-02 07:52:26,101 - Episode 4900
2018-05-02 07:52:26,101 - Step 2734445
2018-05-02 07:52:30,850 - Episode reward mean: -104.042
2018-05-02 07:52:30,850 - Episode reward std: 177.721
2018-05-02 07:59:40,807 - Episode 5000
2018-05-02 07:59:40,807 - Step 2773754
2018-05-02 07:59:44,954 - Episode reward mean: -128.498
2018-05-02 07:59:44,954 - Episode reward std: 151.791
2018-05-02 07:59:44,955 - **Testing mode
2018-05-02 07:59:44,955 - Running for 20 episodes
2018-05-02 07:59:58,515 - (test) Average reward per episode: -46.499095682725034
2018-05-02 07:59:58,515 - Standard deviation: 176.58885811534515
2018-05-02 08:06:57,792 - Episode 5100
2018-05-02 08:06:57,793 - Step 2811638
2018-05-02 08:06:59,200 - Episode reward mean: -120.398
2018-05-02 08:06:59,200 - Episode reward std: 149.814
2018-05-02 08:17:06,044 - Episode 5200
2018-05-02 08:17:06,044 - Step 2865345
2018-05-02 08:17:18,108 - Episode reward mean: -88.787
2018-05-02 08:17:18,108 - Episode reward std: 187.152
2018-05-02 08:26:14,472 - Episode 5300
2018-05-02 08:26:14,472 - Step 2912827
2018-05-02 08:26:15,575 - Episode reward mean: -28.432
2018-05-02 08:26:15,575 - Episode reward std: 155.824
2018-05-02 08:32:26,662 - Episode 5400
2018-05-02 08:32:26,663 - Step 2946038
2018-05-02 08:32:28,793 - Episode reward mean: -58.902
2018-05-02 08:32:28,794 - Episode reward std: 171.389
2018-05-02 08:37:07,323 - Episode 5500
2018-05-02 08:37:07,323 - Step 2971373
2018-05-02 08:37:12,305 - Episode reward mean: -75.144
2018-05-02 08:37:12,305 - Episode reward std: 192.905
2018-05-02 08:37:12,305 - **Testing mode
2018-05-02 08:37:12,305 - Running for 20 episodes
2018-05-02 08:37:21,638 - (test) Average reward per episode: -73.99845783910477
2018-05-02 08:37:21,638 - Standard deviation: 184.7466047002186
2018-05-02 08:43:55,640 - Episode 5600
2018-05-02 08:43:55,640 - Step 3007277
2018-05-02 08:43:59,339 - Episode reward mean: -36.236
2018-05-02 08:43:59,339 - Episode reward std: 195.262
2018-05-02 08:50:28,792 - Episode 5700
2018-05-02 08:50:28,792 - Step 3042682
2018-05-02 08:50:30,955 - Episode reward mean: 87.853
2018-05-02 08:50:30,956 - Episode reward std: 177.731
2018-05-02 08:56:40,754 - Episode 5800
2018-05-02 08:56:40,754 - Step 3076461
2018-05-02 08:56:44,829 - Episode reward mean: 163.453
2018-05-02 08:56:44,829 - Episode reward std: 126.775
2018-05-02 09:03:57,200 - Episode 5900
2018-05-02 09:03:57,200 - Step 3115623
2018-05-02 09:04:07,471 - Episode reward mean: 112.002
2018-05-02 09:04:07,471 - Episode reward std: 160.126
2018-05-02 09:12:13,179 - Episode 6000
2018-05-02 09:12:13,179 - Step 3159862
2018-05-02 09:12:15,396 - Episode reward mean: 97.274
2018-05-02 09:12:15,396 - Episode reward std: 145.581
2018-05-02 09:12:15,396 - **Testing mode
2018-05-02 09:12:15,396 - Running for 20 episodes
2018-05-02 09:12:33,207 - (test) Average reward per episode: 43.90038626742463
2018-05-02 09:12:33,207 - Standard deviation: 173.5991673156798
2018-05-02 09:20:50,503 - Episode 6100
2018-05-02 09:20:50,503 - Step 3204779
2018-05-02 09:21:02,074 - Episode reward mean: 154.339
2018-05-02 09:21:02,075 - Episode reward std: 119.946
2018-05-02 09:28:21,563 - Episode 6200
2018-05-02 09:28:21,563 - Step 3244986
2018-05-02 09:28:24,009 - Episode reward mean: 124.782
2018-05-02 09:28:24,009 - Episode reward std: 129.588
2018-05-02 09:33:03,933 - Episode 6300
2018-05-02 09:33:03,933 - Step 3270590
2018-05-02 09:33:12,608 - Episode reward mean: 29.703
2018-05-02 09:33:12,609 - Episode reward std: 175.263
2018-05-02 09:38:46,064 - Episode 6400
2018-05-02 09:38:46,064 - Step 3301564
2018-05-02 09:38:48,778 - Episode reward mean: 121.424
2018-05-02 09:38:48,778 - Episode reward std: 156.039
2018-05-02 09:45:02,199 - Episode 6500
2018-05-02 09:45:02,199 - Step 3335662
2018-05-02 09:45:04,671 - Episode reward mean: 171.807
2018-05-02 09:45:04,671 - Episode reward std: 109.698
2018-05-02 09:45:04,671 - **Testing mode
2018-05-02 09:45:04,671 - Running for 20 episodes
2018-05-02 09:45:16,707 - (test) Average reward per episode: 192.9158145080888
2018-05-02 09:45:16,708 - Standard deviation: 68.6369819681
2018-05-02 09:52:01,054 - Episode 6600
2018-05-02 09:52:01,054 - Step 3372399
2018-05-02 09:52:03,326 - Episode reward mean: 167.297
2018-05-02 09:52:03,326 - Episode reward std: 99.367
2018-05-02 09:57:59,839 - Episode 6700
2018-05-02 09:57:59,839 - Step 3405051
2018-05-02 09:58:05,278 - Episode reward mean: 104.133
2018-05-02 09:58:05,278 - Episode reward std: 169.907
2018-05-02 10:02:09,452 - Episode 6800
2018-05-02 10:02:09,452 - Step 3427896
2018-05-02 10:02:10,577 - Episode reward mean: 43.457
2018-05-02 10:02:10,577 - Episode reward std: 190.248
2018-05-02 10:06:19,750 - Episode 6900
2018-05-02 10:06:19,750 - Step 3450696
2018-05-02 10:06:20,731 - Episode reward mean: 77.763
2018-05-02 10:06:20,731 - Episode reward std: 189.820
2018-05-02 10:11:05,376 - Episode 7000
2018-05-02 10:11:05,376 - Step 3476619
2018-05-02 10:11:06,589 - Episode reward mean: 127.156
2018-05-02 10:11:06,590 - Episode reward std: 166.488
2018-05-02 10:11:06,590 - **Testing mode
2018-05-02 10:11:06,590 - Running for 20 episodes
2018-05-02 10:11:13,843 - (test) Average reward per episode: 168.71239516693763
2018-05-02 10:11:13,843 - Standard deviation: 136.50144952248047
2018-05-02 10:16:40,289 - Episode 7100
2018-05-02 10:16:40,289 - Step 3506415
2018-05-02 10:16:43,431 - Episode reward mean: 137.388
2018-05-02 10:16:43,431 - Episode reward std: 155.090
2018-05-02 10:22:31,582 - Episode 7200
2018-05-02 10:22:31,582 - Step 3538132
2018-05-02 10:22:34,203 - Episode reward mean: 136.584
2018-05-02 10:22:34,203 - Episode reward std: 150.530
2018-05-02 10:29:37,617 - Episode 7300
2018-05-02 10:29:37,617 - Step 3576105
2018-05-02 10:29:39,617 - Episode reward mean: 169.477
2018-05-02 10:29:39,618 - Episode reward std: 100.161
2018-05-02 10:36:21,345 - Episode 7400
2018-05-02 10:36:21,345 - Step 3612796
2018-05-02 10:36:26,385 - Episode reward mean: 121.355
2018-05-02 10:36:26,386 - Episode reward std: 184.959
2018-05-02 10:44:13,327 - Episode 7500
2018-05-02 10:44:13,327 - Step 3654430
2018-05-02 10:44:21,325 - Episode reward mean: 118.008
2018-05-02 10:44:21,325 - Episode reward std: 148.913
2018-05-02 10:44:21,325 - **Testing mode
2018-05-02 10:44:21,325 - Running for 20 episodes
2018-05-02 10:44:37,201 - (test) Average reward per episode: 138.14608796240617
2018-05-02 10:44:37,201 - Standard deviation: 156.02455995558822
2018-05-02 10:53:03,104 - Episode 7600
2018-05-02 10:53:03,104 - Step 3700181
2018-05-02 10:53:05,154 - Episode reward mean: 101.716
2018-05-02 10:53:05,155 - Episode reward std: 152.834
2018-05-02 11:01:36,614 - Episode 7700
2018-05-02 11:01:36,615 - Step 3745803
2018-05-02 11:01:41,709 - Episode reward mean: 106.281
2018-05-02 11:01:41,710 - Episode reward std: 147.530
2018-05-02 11:08:24,307 - Episode 7800
2018-05-02 11:08:24,307 - Step 3782971
2018-05-02 11:08:29,637 - Episode reward mean: 55.850
2018-05-02 11:08:29,637 - Episode reward std: 185.511
2018-05-02 11:15:16,074 - Episode 7900
2018-05-02 11:15:16,075 - Step 3819847
2018-05-02 11:15:27,514 - Episode reward mean: 52.758
2018-05-02 11:15:27,514 - Episode reward std: 202.633
2018-05-02 11:21:28,271 - Episode 8000
2018-05-02 11:21:28,271 - Step 3852911
2018-05-02 11:21:35,028 - Episode reward mean: 49.441
2018-05-02 11:21:35,028 - Episode reward std: 183.514
2018-05-02 11:21:35,028 - **Testing mode
2018-05-02 11:21:35,028 - Running for 20 episodes
2018-05-02 11:21:52,535 - (test) Average reward per episode: 52.169505488519505
2018-05-02 11:21:52,536 - Standard deviation: 177.21676848761328
2018-05-02 11:27:12,286 - Episode 8100
2018-05-02 11:27:12,286 - Step 3882283
2018-05-02 11:27:18,833 - Episode reward mean: 56.045
2018-05-02 11:27:18,833 - Episode reward std: 177.892
2018-05-02 11:36:50,125 - Episode 8200
2018-05-02 11:36:50,125 - Step 3931959
2018-05-02 11:36:54,721 - Episode reward mean: -12.853
2018-05-02 11:36:54,721 - Episode reward std: 171.484
2018-05-02 11:41:44,611 - Episode 8300
2018-05-02 11:41:44,611 - Step 3958570
2018-05-02 11:41:48,738 - Episode reward mean: 76.706
2018-05-02 11:41:48,738 - Episode reward std: 189.235
2018-05-02 11:47:11,938 - Episode 8400
2018-05-02 11:47:11,938 - Step 3988084
2018-05-02 11:47:13,779 - Episode reward mean: 126.441
2018-05-02 11:47:13,779 - Episode reward std: 151.121
2018-05-02 11:53:24,541 - Episode 8500
2018-05-02 11:53:24,541 - Step 4021497
2018-05-02 11:53:29,157 - Episode reward mean: 101.556
2018-05-02 11:53:29,157 - Episode reward std: 196.972
2018-05-02 11:53:29,157 - **Testing mode
2018-05-02 11:53:29,157 - Running for 20 episodes
2018-05-02 11:53:40,227 - (test) Average reward per episode: 158.0964497443647
2018-05-02 11:53:40,227 - Standard deviation: 127.40738528825617
2018-05-02 11:59:46,962 - Episode 8600
2018-05-02 11:59:46,962 - Step 4054855
2018-05-02 11:59:58,454 - Episode reward mean: 149.206
2018-05-02 11:59:58,454 - Episode reward std: 144.958
2018-05-02 12:06:01,804 - Episode 8700
2018-05-02 12:06:01,804 - Step 4088381
2018-05-02 12:06:05,460 - Episode reward mean: 140.324
2018-05-02 12:06:05,460 - Episode reward std: 162.465
2018-05-02 12:12:19,965 - Episode 8800
2018-05-02 12:12:19,965 - Step 4122150
2018-05-02 12:12:31,321 - Episode reward mean: 138.627
2018-05-02 12:12:31,321 - Episode reward std: 148.956
2018-05-02 12:19:42,661 - Episode 8900
2018-05-02 12:19:42,662 - Step 4161775
2018-05-02 12:19:44,331 - Episode reward mean: 162.883
2018-05-02 12:19:44,331 - Episode reward std: 102.772
2018-05-02 12:27:10,782 - Episode 9000
2018-05-02 12:27:10,783 - Step 4202057
2018-05-02 12:27:12,060 - Episode reward mean: 154.773
2018-05-02 12:27:12,060 - Episode reward std: 108.436
2018-05-02 12:27:12,060 - **Testing mode
2018-05-02 12:27:12,060 - Running for 20 episodes
2018-05-02 12:27:25,976 - (test) Average reward per episode: 114.65515710531406
2018-05-02 12:27:25,976 - Standard deviation: 109.03879862560795
2018-05-02 12:34:32,626 - Episode 9100
2018-05-02 12:34:32,626 - Step 4240741
2018-05-02 12:34:34,590 - Episode reward mean: 161.463
2018-05-02 12:34:34,590 - Episode reward std: 118.742
2018-05-02 12:42:22,278 - Episode 9200
2018-05-02 12:42:22,278 - Step 4282161
2018-05-02 12:42:24,863 - Episode reward mean: 83.288
2018-05-02 12:42:24,863 - Episode reward std: 197.618
2018-05-02 12:49:06,342 - Episode 9300
2018-05-02 12:49:06,342 - Step 4318823
2018-05-02 12:49:11,894 - Episode reward mean: 117.421
2018-05-02 12:49:11,895 - Episode reward std: 172.866
2018-05-02 12:54:21,341 - Episode 9400
2018-05-02 12:54:21,341 - Step 4347909
2018-05-02 12:54:23,632 - Episode reward mean: 130.119
2018-05-02 12:54:23,632 - Episode reward std: 162.216
2018-05-02 12:59:38,871 - Episode 9500
2018-05-02 12:59:38,871 - Step 4376976
2018-05-02 12:59:41,910 - Episode reward mean: 138.787
2018-05-02 12:59:41,911 - Episode reward std: 163.251
2018-05-02 12:59:41,911 - **Testing mode
2018-05-02 12:59:41,911 - Running for 20 episodes
2018-05-02 12:59:51,045 - (test) Average reward per episode: 199.4757641732629
2018-05-02 12:59:51,046 - Standard deviation: 30.467138737010263
2018-05-02 12:59:51,068 - Beat previous value of 195.25207270363177! Saved model to models/LL_dqn_PH/LL_dqn_PH.h5
2018-05-02 13:07:03,820 - Episode 9600
2018-05-02 13:07:03,821 - Step 4415984
2018-05-02 13:07:15,281 - Episode reward mean: 147.365
2018-05-02 13:07:15,281 - Episode reward std: 121.539
2018-05-02 13:17:10,919 - Episode 9700
2018-05-02 13:17:10,919 - Step 4469534
2018-05-02 13:17:20,687 - Episode reward mean: 85.552
2018-05-02 13:17:20,688 - Episode reward std: 145.972
2018-05-02 13:24:16,020 - Episode 9800
2018-05-02 13:24:16,020 - Step 4506722
2018-05-02 13:24:22,349 - Episode reward mean: 55.250
2018-05-02 13:24:22,349 - Episode reward std: 154.362
2018-05-02 13:30:35,530 - Episode 9900
2018-05-02 13:30:35,530 - Step 4540884
2018-05-02 13:30:37,441 - Episode reward mean: 156.715
2018-05-02 13:30:37,441 - Episode reward std: 122.843
2018-05-02 13:36:33,533 - Episode 10000
2018-05-02 13:36:33,533 - Step 4572958
2018-05-02 13:36:45,185 - Episode reward mean: 146.927
2018-05-02 13:36:45,185 - Episode reward std: 157.194
2018-05-02 13:36:45,185 - **Testing mode
2018-05-02 13:36:45,186 - Running for 20 episodes
2018-05-02 13:36:59,896 - (test) Average reward per episode: 208.8828788508684
2018-05-02 13:36:59,896 - Standard deviation: 42.75188280447806
2018-05-02 13:36:59,913 - Beat previous value of 199.4757641732629! Saved model to models/LL_dqn_PH/LL_dqn_PH.h5
2018-05-02 13:43:02,423 - Episode 10100
2018-05-02 13:43:02,424 - Step 4606473
2018-05-02 13:43:04,622 - Episode reward mean: 110.501
2018-05-02 13:43:04,622 - Episode reward std: 203.634
2018-05-02 13:49:25,541 - Episode 10200
2018-05-02 13:49:25,541 - Step 4641125
2018-05-02 13:49:36,983 - Episode reward mean: 163.610
2018-05-02 13:49:36,983 - Episode reward std: 136.257
2018-05-02 13:56:14,266 - Episode 10300
2018-05-02 13:56:14,266 - Step 4677949
2018-05-02 13:56:17,046 - Episode reward mean: 79.940
2018-05-02 13:56:17,046 - Episode reward std: 221.792
2018-05-02 14:03:33,361 - Episode 10400
2018-05-02 14:03:33,361 - Step 4717042
2018-05-02 14:03:35,371 - Episode reward mean: 143.230
2018-05-02 14:03:35,371 - Episode reward std: 157.429
2018-05-02 14:10:38,606 - Episode 10500
2018-05-02 14:10:38,606 - Step 4755027
2018-05-02 14:10:41,119 - Episode reward mean: 107.375
2018-05-02 14:10:41,119 - Episode reward std: 188.737
2018-05-02 14:10:41,119 - **Testing mode
2018-05-02 14:10:41,119 - Running for 20 episodes
2018-05-02 14:10:52,823 - (test) Average reward per episode: 105.09052995598333
2018-05-02 14:10:52,823 - Standard deviation: 187.14018895034604
2018-05-02 14:17:42,344 - Episode 10600
2018-05-02 14:17:42,345 - Step 4792457
2018-05-02 14:17:53,373 - Episode reward mean: 152.877
2018-05-02 14:17:53,373 - Episode reward std: 123.507
2018-05-02 14:23:42,133 - Episode 10700
2018-05-02 14:23:42,133 - Step 4825187
2018-05-02 14:23:48,912 - Episode reward mean: 145.954
2018-05-02 14:23:48,912 - Episode reward std: 124.632
2018-05-02 14:29:27,672 - Episode 10800
2018-05-02 14:29:27,672 - Step 4856491
2018-05-02 14:29:30,280 - Episode reward mean: 150.190
2018-05-02 14:29:30,280 - Episode reward std: 130.744
2018-05-02 14:35:04,352 - Episode 10900
2018-05-02 14:35:04,353 - Step 4887228
2018-05-02 14:35:07,624 - Episode reward mean: 117.983
2018-05-02 14:35:07,624 - Episode reward std: 177.942
2018-05-02 14:43:35,948 - Episode 11000
2018-05-02 14:43:35,948 - Step 4933358
2018-05-02 14:43:38,064 - Episode reward mean: 92.973
2018-05-02 14:43:38,064 - Episode reward std: 163.074
2018-05-02 14:43:38,065 - **Testing mode
2018-05-02 14:43:38,065 - Running for 20 episodes
2018-05-02 14:43:46,599 - (test) Average reward per episode: 52.016822866366326
2018-05-02 14:43:46,600 - Standard deviation: 186.1460651095991
2018-05-02 14:50:19,878 - Episode 11100
2018-05-02 14:50:19,878 - Step 4969195
2018-05-02 14:50:23,071 - Episode reward mean: 155.335
2018-05-02 14:50:23,071 - Episode reward std: 131.507
2018-05-02 14:57:08,214 - Episode 11200
2018-05-02 14:57:08,214 - Step 5006105
2018-05-02 14:57:10,722 - Episode reward mean: 169.242
2018-05-02 14:57:10,723 - Episode reward std: 102.812
2018-05-02 15:03:44,710 - Episode 11300
2018-05-02 15:03:44,711 - Step 5041774
2018-05-02 15:03:47,985 - Episode reward mean: 192.571
2018-05-02 15:03:47,985 - Episode reward std: 89.220
2018-05-02 15:10:14,066 - Episode 11400
2018-05-02 15:10:14,067 - Step 5076653
2018-05-02 15:10:15,745 - Episode reward mean: 193.453
2018-05-02 15:10:15,745 - Episode reward std: 89.888
2018-05-02 15:17:05,099 - Episode 11500
2018-05-02 15:17:05,099 - Step 5113683
2018-05-02 15:17:08,264 - Episode reward mean: 124.965
2018-05-02 15:17:08,264 - Episode reward std: 179.163
2018-05-02 15:17:08,264 - **Testing mode
2018-05-02 15:17:08,264 - Running for 20 episodes
2018-05-02 15:17:15,231 - (test) Average reward per episode: 120.40768644477753
2018-05-02 15:17:15,231 - Standard deviation: 201.48010536886713
2018-05-02 15:22:55,501 - Episode 11600
2018-05-02 15:22:55,501 - Step 5145113
2018-05-02 15:22:58,069 - Episode reward mean: 76.958
2018-05-02 15:22:58,069 - Episode reward std: 207.818
2018-05-02 15:28:45,947 - Episode 11700
2018-05-02 15:28:45,947 - Step 5176579
2018-05-02 15:28:51,262 - Episode reward mean: 40.428
2018-05-02 15:28:51,262 - Episode reward std: 226.971
2018-05-02 15:33:09,215 - Episode 11800
2018-05-02 15:33:09,215 - Step 5200678
2018-05-02 15:33:11,058 - Episode reward mean: 19.228
2018-05-02 15:33:11,059 - Episode reward std: 221.352
2018-05-02 15:39:18,107 - Episode 11900
2018-05-02 15:39:18,108 - Step 5234269
2018-05-02 15:39:20,671 - Episode reward mean: 114.437
2018-05-02 15:39:20,672 - Episode reward std: 174.748
2018-05-02 15:44:28,934 - Episode 12000
2018-05-02 15:44:28,935 - Step 5262537
2018-05-02 15:44:37,091 - Episode reward mean: 149.791
2018-05-02 15:44:37,091 - Episode reward std: 150.370
2018-05-02 15:44:37,091 - **Testing mode
2018-05-02 15:44:37,091 - Running for 20 episodes
2018-05-02 15:44:47,039 - (test) Average reward per episode: 32.1434125397506
2018-05-02 15:44:47,039 - Standard deviation: 246.14667030544587
2018-05-02 15:50:19,386 - Episode 12100
2018-05-02 15:50:19,386 - Step 5293473
2018-05-02 15:50:22,182 - Episode reward mean: 122.953
2018-05-02 15:50:22,183 - Episode reward std: 160.592
2018-05-02 15:56:20,389 - Episode 12200
2018-05-02 15:56:20,389 - Step 5326344
2018-05-02 15:56:22,698 - Episode reward mean: 142.410
2018-05-02 15:56:22,699 - Episode reward std: 133.926
2018-05-02 16:02:12,258 - Episode 12300
2018-05-02 16:02:12,258 - Step 5358312
2018-05-02 16:02:14,401 - Episode reward mean: 151.675
2018-05-02 16:02:14,402 - Episode reward std: 127.055
2018-05-02 16:07:48,299 - Episode 12400
2018-05-02 16:07:48,299 - Step 5388756
2018-05-02 16:07:50,608 - Episode reward mean: 150.050
2018-05-02 16:07:50,609 - Episode reward std: 126.203
2018-05-02 16:13:08,108 - Episode 12500
2018-05-02 16:13:08,109 - Step 5417800
2018-05-02 16:13:13,334 - Episode reward mean: 93.891
2018-05-02 16:13:13,335 - Episode reward std: 176.797
2018-05-02 16:13:13,335 - **Testing mode
2018-05-02 16:13:13,335 - Running for 20 episodes
2018-05-02 16:13:23,496 - (test) Average reward per episode: 68.87534393379326
2018-05-02 16:13:23,496 - Standard deviation: 177.0943673414324
2018-05-02 16:19:27,476 - Episode 12600
2018-05-02 16:19:27,476 - Step 5451327
2018-05-02 16:19:29,980 - Episode reward mean: 136.367
2018-05-02 16:19:29,980 - Episode reward std: 144.227
2018-05-02 16:26:25,183 - Episode 12700
2018-05-02 16:26:25,183 - Step 5489182
2018-05-02 16:26:28,041 - Episode reward mean: 159.677
2018-05-02 16:26:28,041 - Episode reward std: 120.637
2018-05-02 16:32:37,109 - Episode 12800
2018-05-02 16:32:37,109 - Step 5522900
2018-05-02 16:32:41,028 - Episode reward mean: 190.849
2018-05-02 16:32:41,028 - Episode reward std: 76.170
2018-05-02 16:38:21,288 - Episode 12900
2018-05-02 16:38:21,288 - Step 5553657
2018-05-02 16:38:23,749 - Episode reward mean: 176.372
2018-05-02 16:38:23,750 - Episode reward std: 130.115
2018-05-02 16:45:00,438 - Episode 13000
2018-05-02 16:45:00,438 - Step 5589217
2018-05-02 16:45:03,365 - Episode reward mean: 179.365
2018-05-02 16:45:03,366 - Episode reward std: 99.184
2018-05-02 16:45:03,366 - **Testing mode
2018-05-02 16:45:03,366 - Running for 20 episodes
2018-05-02 16:45:17,825 - (test) Average reward per episode: 202.522313203539
2018-05-02 16:45:17,826 - Standard deviation: 52.147421109044984
2018-05-02 16:51:45,693 - Episode 13100
2018-05-02 16:51:45,693 - Step 5624286
2018-05-02 16:51:48,331 - Episode reward mean: 193.973
2018-05-02 16:51:48,332 - Episode reward std: 68.977
2018-05-02 16:58:45,002 - Episode 13200
2018-05-02 16:58:45,002 - Step 5662440
2018-05-02 16:58:47,200 - Episode reward mean: 194.164
2018-05-02 16:58:47,200 - Episode reward std: 69.308
2018-05-02 17:04:21,190 - Episode 13300
2018-05-02 17:04:21,190 - Step 5693435
2018-05-02 17:04:25,745 - Episode reward mean: 153.403
2018-05-02 17:04:25,745 - Episode reward std: 145.426
2018-05-02 17:10:16,201 - Episode 13400
2018-05-02 17:10:16,201 - Step 5725796
2018-05-02 17:10:17,497 - Episode reward mean: 8.450
2018-05-02 17:10:17,497 - Episode reward std: 221.719
2018-05-02 17:15:19,855 - Episode 13500
2018-05-02 17:15:19,855 - Step 5753604
2018-05-02 17:15:21,106 - Episode reward mean: -32.558
2018-05-02 17:15:21,106 - Episode reward std: 227.182
2018-05-02 17:15:21,106 - **Testing mode
2018-05-02 17:15:21,106 - Running for 20 episodes
2018-05-02 17:15:28,010 - (test) Average reward per episode: -16.45605799431846
2018-05-02 17:15:28,010 - Standard deviation: 203.4166610678954
2018-05-02 17:20:56,806 - Episode 13600
2018-05-02 17:20:56,806 - Step 5783805
2018-05-02 17:20:58,895 - Episode reward mean: 64.278
2018-05-02 17:20:58,895 - Episode reward std: 188.845
2018-05-02 17:26:02,313 - Episode 13700
2018-05-02 17:26:02,314 - Step 5811855
2018-05-02 17:26:04,400 - Episode reward mean: 36.731
2018-05-02 17:26:04,401 - Episode reward std: 187.145
2018-05-02 17:30:57,881 - Episode 13800
2018-05-02 17:30:57,881 - Step 5839013
2018-05-02 17:30:58,919 - Episode reward mean: 66.226
2018-05-02 17:30:58,919 - Episode reward std: 194.616
2018-05-02 17:37:03,248 - Episode 13900
2018-05-02 17:37:03,248 - Step 5872389
2018-05-02 17:37:05,386 - Episode reward mean: 130.334
2018-05-02 17:37:05,386 - Episode reward std: 141.132
2018-05-02 17:41:53,676 - Episode 14000
2018-05-02 17:41:53,676 - Step 5899024
2018-05-02 17:41:56,136 - Episode reward mean: 104.157
2018-05-02 17:41:56,137 - Episode reward std: 173.206
2018-05-02 17:41:56,137 - **Testing mode
2018-05-02 17:41:56,137 - Running for 20 episodes
2018-05-02 17:42:04,283 - (test) Average reward per episode: 150.84324489416184
2018-05-02 17:42:04,284 - Standard deviation: 145.8124541282907
2018-05-02 17:47:43,412 - Episode 14100
2018-05-02 17:47:43,412 - Step 5929925
2018-05-02 17:47:47,963 - Episode reward mean: 121.046
2018-05-02 17:47:47,964 - Episode reward std: 154.647
2018-05-02 17:53:46,811 - Episode 14200
2018-05-02 17:53:46,811 - Step 5963151
2018-05-02 17:53:49,462 - Episode reward mean: 164.039
2018-05-02 17:53:49,462 - Episode reward std: 117.707
2018-05-02 17:58:10,849 - Episode 14300
2018-05-02 17:58:10,849 - Step 5987676
2018-05-02 17:58:13,027 - Episode reward mean: 109.456
2018-05-02 17:58:13,027 - Episode reward std: 151.705
2018-05-02 18:03:49,897 - Episode 14400
2018-05-02 18:03:49,898 - Step 6018411
2018-05-02 18:03:53,040 - Episode reward mean: 110.238
2018-05-02 18:03:53,040 - Episode reward std: 159.262
2018-05-02 18:08:59,903 - Episode 14500
2018-05-02 18:08:59,904 - Step 6046640
2018-05-02 18:09:02,887 - Episode reward mean: 141.055
2018-05-02 18:09:02,888 - Episode reward std: 149.865
2018-05-02 18:09:02,888 - **Testing mode
2018-05-02 18:09:02,888 - Running for 20 episodes
2018-05-02 18:09:09,811 - (test) Average reward per episode: 48.680962297003624
2018-05-02 18:09:09,811 - Standard deviation: 204.90705373539305
2018-05-02 18:14:51,817 - Episode 14600
2018-05-02 18:14:51,817 - Step 6077230
2018-05-02 18:14:54,174 - Episode reward mean: 67.770
2018-05-02 18:14:54,174 - Episode reward std: 190.043
2018-05-02 18:20:51,734 - Episode 14700
2018-05-02 18:20:51,734 - Step 6109656
2018-05-02 18:20:53,956 - Episode reward mean: 155.321
2018-05-02 18:20:53,956 - Episode reward std: 149.013
2018-05-02 18:26:44,390 - Episode 14800
2018-05-02 18:26:44,390 - Step 6141826
2018-05-02 18:26:55,634 - Episode reward mean: 207.754
2018-05-02 18:26:55,634 - Episode reward std: 51.189
2018-05-02 18:32:45,043 - Episode 14900
2018-05-02 18:32:45,044 - Step 6174611
2018-05-02 18:32:47,254 - Episode reward mean: 161.069
2018-05-02 18:32:47,254 - Episode reward std: 133.830
2018-05-02 18:39:22,206 - Episode 15000
2018-05-02 18:39:22,206 - Step 6210290
2018-05-02 18:39:23,974 - Episode reward mean: 174.830
2018-05-02 18:39:23,975 - Episode reward std: 127.001
2018-05-02 18:39:23,975 - **Testing mode
2018-05-02 18:39:23,975 - Running for 20 episodes
2018-05-02 18:39:33,022 - (test) Average reward per episode: 229.35477852837477
2018-05-02 18:39:33,022 - Standard deviation: 14.625590723424994
2018-05-02 18:39:33,044 - Beat previous value of 208.8828788508684! Saved model to models/LL_dqn_PH/LL_dqn_PH.h5
2018-05-02 18:45:55,621 - Episode 15100
2018-05-02 18:45:55,622 - Step 6244909
2018-05-02 18:45:58,201 - Episode reward mean: 185.572
2018-05-02 18:45:58,201 - Episode reward std: 95.265
2018-05-02 18:55:03,104 - Episode 15200
2018-05-02 18:55:03,105 - Step 6293652
2018-05-02 18:55:14,377 - Episode reward mean: 137.973
2018-05-02 18:55:14,377 - Episode reward std: 141.196
2018-05-02 19:03:06,530 - Episode 15300
2018-05-02 19:03:06,530 - Step 6336820
2018-05-02 19:03:16,092 - Episode reward mean: 131.874
2018-05-02 19:03:16,093 - Episode reward std: 160.884
2018-05-02 19:12:34,489 - Episode 15400
2018-05-02 19:12:34,489 - Step 6386762
2018-05-02 19:12:46,102 - Episode reward mean: 23.511
2018-05-02 19:12:46,102 - Episode reward std: 196.701
2018-05-02 19:18:49,370 - Episode 15500
2018-05-02 19:18:49,370 - Step 6420468
2018-05-02 19:18:50,292 - Episode reward mean: -74.220
2018-05-02 19:18:50,292 - Episode reward std: 245.171
2018-05-02 19:18:50,293 - **Testing mode
2018-05-02 19:18:50,293 - Running for 20 episodes
2018-05-02 19:18:59,844 - (test) Average reward per episode: -128.13134732179716
2018-05-02 19:18:59,845 - Standard deviation: 226.3128403467233
2018-05-02 19:25:32,181 - Episode 15600
2018-05-02 19:25:32,181 - Step 6455883
2018-05-02 19:25:35,402 - Episode reward mean: -53.443
2018-05-02 19:25:35,402 - Episode reward std: 240.971
2018-05-02 19:32:07,252 - Episode 15700
2018-05-02 19:32:07,252 - Step 6491627
2018-05-02 19:32:09,757 - Episode reward mean: -60.883
2018-05-02 19:32:09,757 - Episode reward std: 241.752
2018-05-02 19:38:52,466 - Episode 15800
2018-05-02 19:38:52,467 - Step 6527914
2018-05-02 19:38:54,555 - Episode reward mean: -14.755
2018-05-02 19:38:54,556 - Episode reward std: 195.431
2018-05-02 19:45:34,736 - Episode 15900
2018-05-02 19:45:34,736 - Step 6564088
2018-05-02 19:45:41,291 - Episode reward mean: 64.925
2018-05-02 19:45:41,291 - Episode reward std: 162.196
2018-05-02 19:52:18,511 - Episode 16000
2018-05-02 19:52:18,511 - Step 6600165
2018-05-02 19:52:20,979 - Episode reward mean: 5.698
2018-05-02 19:52:20,980 - Episode reward std: 200.924
2018-05-02 19:52:20,980 - **Testing mode
2018-05-02 19:52:20,980 - Running for 20 episodes
2018-05-02 19:52:29,045 - (test) Average reward per episode: 53.94390326361965
2018-05-02 19:52:29,045 - Standard deviation: 159.94075979370697
2018-05-02 19:58:08,880 - Episode 16100
2018-05-02 19:58:08,880 - Step 6631035
2018-05-02 19:58:11,463 - Episode reward mean: 19.574
2018-05-02 19:58:11,463 - Episode reward std: 195.461
2018-05-02 20:05:19,656 - Episode 16200
2018-05-02 20:05:19,656 - Step 6669535
2018-05-02 20:05:29,431 - Episode reward mean: 20.041
2018-05-02 20:05:29,431 - Episode reward std: 233.970
2018-05-02 20:13:57,352 - Episode 16300
2018-05-02 20:13:57,352 - Step 6715344
2018-05-02 20:14:09,033 - Episode reward mean: 90.725
2018-05-02 20:14:09,033 - Episode reward std: 188.995
2018-05-02 20:21:17,393 - Episode 16400
2018-05-02 20:21:17,393 - Step 6754742
2018-05-02 20:21:19,860 - Episode reward mean: 113.214
2018-05-02 20:21:19,860 - Episode reward std: 182.982
2018-05-02 20:27:54,059 - Episode 16500
2018-05-02 20:27:54,059 - Step 6790478
2018-05-02 20:27:58,344 - Episode reward mean: 155.732
2018-05-02 20:27:58,344 - Episode reward std: 141.263
2018-05-02 20:27:58,345 - **Testing mode
2018-05-02 20:27:58,345 - Running for 20 episodes
2018-05-02 20:28:08,370 - (test) Average reward per episode: 180.46403333633492
2018-05-02 20:28:08,370 - Standard deviation: 89.35668417767793
2018-05-02 20:34:05,163 - Episode 16600
2018-05-02 20:34:05,164 - Step 6823198
2018-05-02 20:34:06,920 - Episode reward mean: 177.231
2018-05-02 20:34:06,921 - Episode reward std: 116.032
2018-05-02 20:38:35,782 - Saved model for rendering to models/LL_dqn_PH/LL_dqn_PH_1_of_3.h5
2018-05-02 20:41:12,063 - Episode 16700
2018-05-02 20:41:12,063 - Step 6861723
2018-05-02 20:41:14,897 - Episode reward mean: 157.292
2018-05-02 20:41:14,898 - Episode reward std: 123.107
2018-05-02 20:47:40,560 - Episode 16800
2018-05-02 20:47:40,560 - Step 6896910
2018-05-02 20:47:43,111 - Episode reward mean: 192.271
2018-05-02 20:47:43,112 - Episode reward std: 73.091
2018-05-02 20:53:16,967 - Episode 16900
2018-05-02 20:53:16,967 - Step 6927537
2018-05-02 20:53:19,299 - Episode reward mean: 202.274
2018-05-02 20:53:19,299 - Episode reward std: 59.272
2018-05-02 20:58:46,293 - Episode 17000
2018-05-02 20:58:46,293 - Step 6957765
2018-05-02 20:58:47,475 - Episode reward mean: 111.197
2018-05-02 20:58:47,475 - Episode reward std: 213.661
2018-05-02 20:58:47,475 - **Testing mode
2018-05-02 20:58:47,475 - Running for 20 episodes
2018-05-02 20:58:55,586 - (test) Average reward per episode: 172.51377218823984
2018-05-02 20:58:55,586 - Standard deviation: 109.7799467801073
2018-05-02 21:06:00,142 - Episode 17100
2018-05-02 21:06:00,142 - Step 6996327
2018-05-02 21:06:03,386 - Episode reward mean: 162.616
2018-05-02 21:06:03,386 - Episode reward std: 153.236
2018-05-02 21:12:28,917 - Episode 17200
2018-05-02 21:12:28,917 - Step 7031578
2018-05-02 21:12:32,725 - Episode reward mean: 191.170
2018-05-02 21:12:32,726 - Episode reward std: 74.337
2018-05-02 21:19:33,912 - Episode 17300
2018-05-02 21:19:33,912 - Step 7069856
2018-05-02 21:19:42,003 - Episode reward mean: 163.843
2018-05-02 21:19:42,003 - Episode reward std: 97.881
2018-05-02 21:26:35,599 - Episode 17400
2018-05-02 21:26:35,599 - Step 7107801
2018-05-02 21:26:38,005 - Episode reward mean: 153.181
2018-05-02 21:26:38,005 - Episode reward std: 107.235
2018-05-02 21:34:49,357 - Episode 17500
2018-05-02 21:34:49,357 - Step 7152052
2018-05-02 21:34:51,903 - Episode reward mean: 161.163
2018-05-02 21:34:51,903 - Episode reward std: 87.158
2018-05-02 21:34:51,903 - **Testing mode
2018-05-02 21:34:51,903 - Running for 20 episodes
2018-05-02 21:35:16,261 - (test) Average reward per episode: 127.01707722561082
2018-05-02 21:35:16,262 - Standard deviation: 111.70116502175456
2018-05-02 21:41:57,468 - Episode 17600
2018-05-02 21:41:57,468 - Step 7188626
2018-05-02 21:41:59,810 - Episode reward mean: 196.380
2018-05-02 21:41:59,810 - Episode reward std: 58.628
2018-05-02 21:48:46,661 - Episode 17700
2018-05-02 21:48:46,661 - Step 7225538
2018-05-02 21:48:48,631 - Episode reward mean: 180.775
2018-05-02 21:48:48,631 - Episode reward std: 94.730
2018-05-02 21:54:58,946 - Episode 17800
2018-05-02 21:54:58,946 - Step 7259400
2018-05-02 21:55:00,790 - Episode reward mean: 187.185
2018-05-02 21:55:00,791 - Episode reward std: 79.642
2018-05-02 22:01:36,441 - Episode 17900
2018-05-02 22:01:36,442 - Step 7295593
2018-05-02 22:01:46,080 - Episode reward mean: 176.013
2018-05-02 22:01:46,080 - Episode reward std: 98.690
2018-05-02 22:07:52,210 - Episode 18000
2018-05-02 22:07:52,210 - Step 7329558
2018-05-02 22:07:59,494 - Episode reward mean: 110.836
2018-05-02 22:07:59,495 - Episode reward std: 187.690
2018-05-02 22:07:59,495 - **Testing mode
2018-05-02 22:07:59,495 - Running for 20 episodes
2018-05-02 22:08:07,292 - (test) Average reward per episode: 64.34282735157534
2018-05-02 22:08:07,292 - Standard deviation: 202.5609153102328
2018-05-02 22:14:20,747 - Episode 18100
2018-05-02 22:14:20,747 - Step 7364190
2018-05-02 22:14:23,372 - Episode reward mean: 96.849
2018-05-02 22:14:23,373 - Episode reward std: 166.152
2018-05-02 22:21:41,536 - Episode 18200
2018-05-02 22:21:41,536 - Step 7403561
2018-05-02 22:21:44,159 - Episode reward mean: 138.606
2018-05-02 22:21:44,159 - Episode reward std: 110.597
2018-05-02 22:31:39,761 - Episode 18300
2018-05-02 22:31:39,761 - Step 7456370
2018-05-02 22:31:51,461 - Episode reward mean: 97.395
2018-05-02 22:31:51,461 - Episode reward std: 148.879
2018-05-02 22:43:53,016 - Episode 18400
2018-05-02 22:43:53,016 - Step 7519602
2018-05-02 22:43:55,162 - Episode reward mean: 1.653
2018-05-02 22:43:55,162 - Episode reward std: 174.963
2018-05-02 22:51:31,987 - Episode 18500
2018-05-02 22:51:31,987 - Step 7563426
2018-05-02 22:51:42,182 - Episode reward mean: -116.705
2018-05-02 22:51:42,182 - Episode reward std: 229.996
2018-05-02 22:51:42,183 - **Testing mode
2018-05-02 22:51:42,183 - Running for 20 episodes
2018-05-02 22:52:01,151 - (test) Average reward per episode: -97.66041749785336
2018-05-02 22:52:01,151 - Standard deviation: 208.83101098003783
2018-05-02 22:57:46,901 - Episode 18600
2018-05-02 22:57:46,901 - Step 7601103
2018-05-02 22:57:47,800 - Episode reward mean: -167.242
2018-05-02 22:57:47,800 - Episode reward std: 218.261
2018-05-02 23:07:03,266 - Episode 18700
2018-05-02 23:07:03,266 - Step 7659603
2018-05-02 23:07:08,971 - Episode reward mean: -17.381
2018-05-02 23:07:08,971 - Episode reward std: 201.055
2018-05-02 23:15:09,150 - Episode 18800
2018-05-02 23:15:09,150 - Step 7710915
2018-05-02 23:15:14,465 - Episode reward mean: -101.465
2018-05-02 23:15:14,465 - Episode reward std: 223.748
2018-05-02 23:24:02,617 - Episode 18900
2018-05-02 23:24:02,617 - Step 7766511
2018-05-02 23:24:10,381 - Episode reward mean: -72.457
2018-05-02 23:24:10,381 - Episode reward std: 201.018
2018-05-02 23:30:48,750 - Episode 19000
2018-05-02 23:30:48,750 - Step 7808900
2018-05-02 23:30:52,339 - Episode reward mean: -146.270
2018-05-02 23:30:52,339 - Episode reward std: 110.469
2018-05-02 23:30:52,339 - **Testing mode
2018-05-02 23:30:52,339 - Running for 20 episodes
2018-05-02 23:31:11,217 - (test) Average reward per episode: -123.84384831243344
2018-05-02 23:31:11,217 - Standard deviation: 142.9217224792713
2018-05-02 23:39:06,258 - Episode 19100
2018-05-02 23:39:06,258 - Step 7858965
2018-05-02 23:39:16,844 - Episode reward mean: -197.723
2018-05-02 23:39:16,844 - Episode reward std: 157.125
2018-05-02 23:53:41,894 - Episode 19200
2018-05-02 23:53:41,894 - Step 7947777
2018-05-02 23:53:47,959 - Episode reward mean: -172.833
2018-05-02 23:53:47,959 - Episode reward std: 107.408
2018-05-03 00:06:18,426 - Episode 19300
2018-05-03 00:06:18,426 - Step 8025707
2018-05-03 00:06:21,482 - Episode reward mean: -146.495
2018-05-03 00:06:21,482 - Episode reward std: 106.467
2018-05-03 00:14:38,595 - Episode 19400
2018-05-03 00:14:38,595 - Step 8078767
2018-05-03 00:14:43,680 - Episode reward mean: -109.690
2018-05-03 00:14:43,680 - Episode reward std: 144.129
2018-05-03 00:23:10,927 - Episode 19500
2018-05-03 00:23:10,927 - Step 8132929
2018-05-03 00:23:13,932 - Episode reward mean: -31.580
2018-05-03 00:23:13,932 - Episode reward std: 165.194
2018-05-03 00:23:13,932 - **Testing mode
2018-05-03 00:23:13,932 - Running for 20 episodes
2018-05-03 00:23:31,519 - (test) Average reward per episode: -4.888429098594581
2018-05-03 00:23:31,519 - Standard deviation: 165.51529635104959
2018-05-03 00:31:34,473 - Episode 19600
2018-05-03 00:31:34,473 - Step 8184208
2018-05-03 00:31:44,680 - Episode reward mean: 66.284
2018-05-03 00:31:44,680 - Episode reward std: 152.099
2018-05-03 00:39:22,260 - Episode 19700
2018-05-03 00:39:22,260 - Step 8233619
2018-05-03 00:39:31,951 - Episode reward mean: 55.371
2018-05-03 00:39:31,951 - Episode reward std: 158.467
2018-05-03 00:45:07,293 - Episode 19800
2018-05-03 00:45:07,294 - Step 8270350
2018-05-03 00:45:09,005 - Episode reward mean: -78.759
2018-05-03 00:45:09,005 - Episode reward std: 177.682
2018-05-03 00:49:30,868 - Episode 19900
2018-05-03 00:49:30,868 - Step 8298946
2018-05-03 00:49:40,217 - Episode reward mean: -51.490
2018-05-03 00:49:40,218 - Episode reward std: 190.583
2018-05-03 00:56:47,701 - Episode 20000
2018-05-03 00:56:47,702 - Step 8345240
2018-05-03 00:56:57,971 - Episode reward mean: 41.227
2018-05-03 00:56:57,971 - Episode reward std: 162.672
2018-05-03 00:56:57,971 - **Testing mode
2018-05-03 00:56:57,971 - Running for 20 episodes
2018-05-03 00:57:19,300 - (test) Average reward per episode: 5.045682042470628
2018-05-03 00:57:19,300 - Standard deviation: 217.86749137429032
2018-05-03 01:04:26,098 - Episode 20100
2018-05-03 01:04:26,099 - Step 8391828
2018-05-03 01:04:29,375 - Episode reward mean: 59.314
2018-05-03 01:04:29,375 - Episode reward std: 174.158
2018-05-03 01:09:53,230 - Episode 20200
2018-05-03 01:09:53,230 - Step 8427104
2018-05-03 01:10:00,380 - Episode reward mean: 79.237
2018-05-03 01:10:00,380 - Episode reward std: 167.210
2018-05-03 01:16:34,891 - Episode 20300
2018-05-03 01:16:34,891 - Step 8470599
2018-05-03 01:16:42,912 - Episode reward mean: 104.092
2018-05-03 01:16:42,912 - Episode reward std: 156.878
2018-05-03 01:23:26,100 - Episode 20400
2018-05-03 01:23:26,101 - Step 8515087
2018-05-03 01:23:31,611 - Episode reward mean: 92.927
2018-05-03 01:23:31,611 - Episode reward std: 282.520
2018-05-03 01:28:29,992 - Episode 20500
2018-05-03 01:28:29,993 - Step 8547269
2018-05-03 01:28:35,169 - Episode reward mean: -75.096
2018-05-03 01:28:35,169 - Episode reward std: 335.238
2018-05-03 01:28:35,169 - **Testing mode
2018-05-03 01:28:35,169 - Running for 20 episodes
2018-05-03 01:28:48,339 - (test) Average reward per episode: 68.49145377478581
2018-05-03 01:28:48,339 - Standard deviation: 156.2843653496659
2018-05-03 01:35:57,318 - Episode 20600
2018-05-03 01:35:57,318 - Step 8592993
2018-05-03 01:35:59,098 - Episode reward mean: 20.765
2018-05-03 01:35:59,098 - Episode reward std: 172.159
2018-05-03 01:42:50,200 - Episode 20700
2018-05-03 01:42:50,200 - Step 8636635
2018-05-03 01:42:53,163 - Episode reward mean: 2.516
2018-05-03 01:42:53,163 - Episode reward std: 155.405
2018-05-03 01:49:44,467 - Episode 20800
2018-05-03 01:49:44,467 - Step 8680925
2018-05-03 01:49:47,758 - Episode reward mean: 22.317
2018-05-03 01:49:47,758 - Episode reward std: 186.358
2018-05-03 01:59:11,883 - Episode 20900
2018-05-03 01:59:11,883 - Step 8740896
2018-05-03 01:59:16,445 - Episode reward mean: -71.140
2018-05-03 01:59:16,446 - Episode reward std: 167.623
2018-05-03 02:10:31,255 - Episode 21000
2018-05-03 02:10:31,255 - Step 8812174
2018-05-03 02:10:34,757 - Episode reward mean: -102.942
2018-05-03 02:10:34,757 - Episode reward std: 168.192
2018-05-03 02:10:34,757 - **Testing mode
2018-05-03 02:10:34,757 - Running for 20 episodes
2018-05-03 02:11:04,871 - (test) Average reward per episode: -149.72862641047934
2018-05-03 02:11:04,871 - Standard deviation: 134.76732777640305
2018-05-03 02:21:19,342 - Episode 21100
2018-05-03 02:21:19,343 - Step 8876821
2018-05-03 02:21:22,626 - Episode reward mean: -61.623
2018-05-03 02:21:22,626 - Episode reward std: 177.938
2018-05-03 02:29:26,329 - Episode 21200
2018-05-03 02:29:26,329 - Step 8928658
2018-05-03 02:29:29,226 - Episode reward mean: 19.618
2018-05-03 02:29:29,226 - Episode reward std: 229.935
2018-05-03 02:36:12,141 - Episode 21300
2018-05-03 02:36:12,141 - Step 8972084
2018-05-03 02:36:14,614 - Episode reward mean: -85.706
2018-05-03 02:36:14,614 - Episode reward std: 280.569
2018-05-03 02:42:54,517 - Episode 21400
2018-05-03 02:42:54,517 - Step 9015451
2018-05-03 02:42:56,302 - Episode reward mean: -62.625
2018-05-03 02:42:56,302 - Episode reward std: 287.749
2018-05-03 02:49:56,697 - Episode 21500
2018-05-03 02:49:56,698 - Step 9060911
2018-05-03 02:50:03,103 - Episode reward mean: 57.184
2018-05-03 02:50:03,103 - Episode reward std: 211.237
2018-05-03 02:50:03,103 - **Testing mode
2018-05-03 02:50:03,103 - Running for 20 episodes
2018-05-03 02:50:14,616 - (test) Average reward per episode: -74.40507427646014
2018-05-03 02:50:14,616 - Standard deviation: 249.7779424204722
2018-05-03 02:57:18,370 - Episode 21600
2018-05-03 02:57:18,370 - Step 9107076
2018-05-03 02:57:24,366 - Episode reward mean: 37.975
2018-05-03 02:57:24,366 - Episode reward std: 206.916
2018-05-03 03:04:11,069 - Episode 21700
2018-05-03 03:04:11,069 - Step 9151186
2018-05-03 03:04:17,503 - Episode reward mean: 99.823
2018-05-03 03:04:17,503 - Episode reward std: 196.033
2018-05-03 03:10:49,957 - Episode 21800
2018-05-03 03:10:49,957 - Step 9194185
2018-05-03 03:10:52,962 - Episode reward mean: 102.770
2018-05-03 03:10:52,962 - Episode reward std: 174.266
2018-05-03 03:16:04,599 - Episode 21900
2018-05-03 03:16:04,599 - Step 9228532
2018-05-03 03:16:07,759 - Episode reward mean: 106.848
2018-05-03 03:16:07,760 - Episode reward std: 170.313
2018-05-03 03:24:19,785 - Episode 22000
2018-05-03 03:24:19,785 - Step 9279660
2018-05-03 03:24:22,281 - Episode reward mean: 49.680
2018-05-03 03:24:22,282 - Episode reward std: 155.279
2018-05-03 03:24:22,282 - **Testing mode
2018-05-03 03:24:22,282 - Running for 20 episodes
2018-05-03 03:25:00,248 - (test) Average reward per episode: 0.4689574686302775
2018-05-03 03:25:00,248 - Standard deviation: 93.67691377281088
2018-05-03 03:30:20,483 - Episode 22100
2018-05-03 03:30:20,483 - Step 9314440
2018-05-03 03:30:23,637 - Episode reward mean: 68.245
2018-05-03 03:30:23,637 - Episode reward std: 139.531
2018-05-03 03:35:52,972 - Episode 22200
2018-05-03 03:35:52,972 - Step 9350261
2018-05-03 03:35:55,799 - Episode reward mean: 140.066
2018-05-03 03:35:55,799 - Episode reward std: 113.721
2018-05-03 03:40:17,220 - Episode 22300
2018-05-03 03:40:17,220 - Step 9379309
2018-05-03 03:40:18,590 - Episode reward mean: 88.200
2018-05-03 03:40:18,590 - Episode reward std: 199.915
2018-05-03 03:45:26,335 - Episode 22400
2018-05-03 03:45:26,335 - Step 9413046
2018-05-03 03:45:28,194 - Episode reward mean: 54.483
2018-05-03 03:45:28,194 - Episode reward std: 197.087
2018-05-03 03:50:23,571 - Episode 22500
2018-05-03 03:50:23,571 - Step 9445723
2018-05-03 03:50:26,406 - Episode reward mean: 150.106
2018-05-03 03:50:26,406 - Episode reward std: 144.319
2018-05-03 03:50:26,406 - **Testing mode
2018-05-03 03:50:26,406 - Running for 20 episodes
2018-05-03 03:50:38,605 - (test) Average reward per episode: 170.23960779299205
2018-05-03 03:50:38,605 - Standard deviation: 105.27862097871483
2018-05-03 03:56:59,385 - Episode 22600
2018-05-03 03:56:59,386 - Step 9487403
2018-05-03 03:57:03,414 - Episode reward mean: 132.817
2018-05-03 03:57:03,415 - Episode reward std: 129.762
2018-05-03 04:02:33,893 - Episode 22700
2018-05-03 04:02:33,893 - Step 9523492
2018-05-03 04:02:37,931 - Episode reward mean: 127.910
2018-05-03 04:02:37,932 - Episode reward std: 144.800
2018-05-03 04:11:34,025 - Episode 22800
2018-05-03 04:11:34,026 - Step 9580345
2018-05-03 04:11:44,504 - Episode reward mean: 65.162
2018-05-03 04:11:44,504 - Episode reward std: 156.187
2018-05-03 04:19:37,370 - Episode 22900
2018-05-03 04:19:37,371 - Step 9631207
2018-05-03 04:19:41,438 - Episode reward mean: 142.371
2018-05-03 04:19:41,439 - Episode reward std: 107.393
2018-05-03 04:25:04,629 - Episode 23000
2018-05-03 04:25:04,629 - Step 9667020
2018-05-03 04:25:08,136 - Episode reward mean: 207.169
2018-05-03 04:25:08,136 - Episode reward std: 41.321
2018-05-03 04:25:08,136 - **Testing mode
2018-05-03 04:25:08,136 - Running for 20 episodes
2018-05-03 04:25:17,407 - (test) Average reward per episode: 207.80690066576386
2018-05-03 04:25:17,407 - Standard deviation: 45.077641813068375
2018-05-03 04:30:40,254 - Episode 23100
2018-05-03 04:30:40,254 - Step 9702415
2018-05-03 04:30:42,353 - Episode reward mean: 192.874
2018-05-03 04:30:42,353 - Episode reward std: 83.550
2018-05-03 04:35:07,323 - Episode 23200
2018-05-03 04:35:07,323 - Step 9731677
2018-05-03 04:35:08,745 - Episode reward mean: 168.366
2018-05-03 04:35:08,745 - Episode reward std: 108.966
2018-05-03 04:40:49,251 - Episode 23300
2018-05-03 04:40:49,251 - Step 9768576
2018-05-03 04:40:52,287 - Episode reward mean: 195.877
2018-05-03 04:40:52,287 - Episode reward std: 60.885
2018-05-03 04:46:02,079 - Episode 23400
2018-05-03 04:46:02,079 - Step 9802670
2018-05-03 04:46:06,429 - Episode reward mean: 183.448
2018-05-03 04:46:06,429 - Episode reward std: 102.103
2018-05-03 04:50:32,330 - Episode 23500
2018-05-03 04:50:32,330 - Step 9832196
2018-05-03 04:50:34,206 - Episode reward mean: 148.480
2018-05-03 04:50:34,207 - Episode reward std: 138.602
2018-05-03 04:50:34,207 - **Testing mode
2018-05-03 04:50:34,207 - Running for 20 episodes
2018-05-03 04:50:41,667 - (test) Average reward per episode: 192.49668649096446
2018-05-03 04:50:41,667 - Standard deviation: 93.71377266187443
2018-05-03 04:55:30,919 - Episode 23600
2018-05-03 04:55:30,919 - Step 9863903
2018-05-03 04:55:40,851 - Episode reward mean: 183.401
2018-05-03 04:55:40,852 - Episode reward std: 112.086
2018-05-03 04:59:45,736 - Episode 23700
2018-05-03 04:59:45,736 - Step 9892005
2018-05-03 04:59:47,793 - Episode reward mean: 110.607
2018-05-03 04:59:47,794 - Episode reward std: 196.221
2018-05-03 05:04:47,555 - Episode 23800
2018-05-03 05:04:47,555 - Step 9924332
2018-05-03 05:04:49,891 - Episode reward mean: 58.451
2018-05-03 05:04:49,892 - Episode reward std: 185.273
2018-05-03 05:10:49,203 - Episode 23900
2018-05-03 05:10:49,203 - Step 9963147
2018-05-03 05:10:58,274 - Episode reward mean: 129.547
2018-05-03 05:10:58,274 - Episode reward std: 134.341
2018-05-03 05:16:59,665 - Episode 24000
2018-05-03 05:16:59,665 - Step 10002719
2018-05-03 05:17:08,303 - Episode reward mean: 138.781
2018-05-03 05:17:08,304 - Episode reward std: 137.855
2018-05-03 05:17:08,304 - **Testing mode
2018-05-03 05:17:08,304 - Running for 20 episodes
2018-05-03 05:17:17,222 - (test) Average reward per episode: 195.70731156022103
2018-05-03 05:17:17,222 - Standard deviation: 51.4386174137546
2018-05-03 05:21:35,225 - Episode 24100
2018-05-03 05:21:35,226 - Step 10032041
2018-05-03 05:21:37,536 - Episode reward mean: 177.726
2018-05-03 05:21:37,537 - Episode reward std: 117.691
2018-05-03 05:26:32,771 - Episode 24200
2018-05-03 05:26:32,771 - Step 10064679
2018-05-03 05:26:35,069 - Episode reward mean: 188.453
2018-05-03 05:26:35,069 - Episode reward std: 97.414
2018-05-03 05:31:09,784 - Episode 24300
2018-05-03 05:31:09,784 - Step 10095068
2018-05-03 05:31:12,105 - Episode reward mean: 196.251
2018-05-03 05:31:12,106 - Episode reward std: 69.108
2018-05-03 05:36:59,489 - Episode 24400
2018-05-03 05:36:59,489 - Step 10132549
2018-05-03 05:37:02,062 - Episode reward mean: 164.773
2018-05-03 05:37:02,062 - Episode reward std: 119.259
2018-05-03 05:43:53,505 - Episode 24500
2018-05-03 05:43:53,506 - Step 10176982
2018-05-03 05:43:55,363 - Episode reward mean: 96.419
2018-05-03 05:43:55,363 - Episode reward std: 157.786
2018-05-03 05:43:55,363 - **Testing mode
2018-05-03 05:43:55,363 - Running for 20 episodes
2018-05-03 05:44:05,964 - (test) Average reward per episode: 183.40282890501035
2018-05-03 05:44:05,965 - Standard deviation: 36.990493469702045
2018-05-03 05:51:05,137 - Episode 24600
2018-05-03 05:51:05,137 - Step 10222031
2018-05-03 05:51:08,798 - Episode reward mean: 148.284
2018-05-03 05:51:08,798 - Episode reward std: 139.761
2018-05-03 05:58:08,322 - Episode 24700
2018-05-03 05:58:08,322 - Step 10267482
2018-05-03 05:58:10,203 - Episode reward mean: 166.788
2018-05-03 05:58:10,204 - Episode reward std: 83.022
2018-05-03 06:04:35,357 - Episode 24800
2018-05-03 06:04:35,357 - Step 10308977
2018-05-03 06:04:43,136 - Episode reward mean: 86.259
2018-05-03 06:04:43,136 - Episode reward std: 151.620
2018-05-03 06:11:40,817 - Episode 24900
2018-05-03 06:11:40,817 - Step 10354312
2018-05-03 06:11:43,708 - Episode reward mean: 21.853
2018-05-03 06:11:43,708 - Episode reward std: 196.737
2018-05-03 06:18:14,534 - Episode 25000
2018-05-03 06:18:14,534 - Step 10396519
2018-05-03 06:18:17,928 - Episode reward mean: 72.019
2018-05-03 06:18:17,928 - Episode reward std: 159.143
2018-05-03 06:18:17,928 - **Testing mode
2018-05-03 06:18:17,928 - Running for 20 episodes
2018-05-03 06:18:40,858 - (test) Average reward per episode: 100.98117630783995
2018-05-03 06:18:40,858 - Standard deviation: 81.9517801004911
2018-05-03 06:25:40,965 - Episode 25100
2018-05-03 06:25:40,965 - Step 10441593
2018-05-03 06:25:44,172 - Episode reward mean: 115.859
2018-05-03 06:25:44,172 - Episode reward std: 143.789
2018-05-03 06:32:50,579 - Episode 25200
2018-05-03 06:32:50,579 - Step 10486847
2018-05-03 06:32:55,793 - Episode reward mean: 132.421
2018-05-03 06:32:55,794 - Episode reward std: 114.257
2018-05-03 06:40:01,817 - Episode 25300
2018-05-03 06:40:01,817 - Step 10532283
2018-05-03 06:40:11,785 - Episode reward mean: 118.935
2018-05-03 06:40:11,785 - Episode reward std: 135.633
2018-05-03 06:46:31,564 - Episode 25400
2018-05-03 06:46:31,564 - Step 10573654
2018-05-03 06:46:36,224 - Episode reward mean: 31.944
2018-05-03 06:46:36,225 - Episode reward std: 160.628
2018-05-03 06:53:55,172 - Episode 25500
2018-05-03 06:53:55,172 - Step 10620377
2018-05-03 06:53:58,543 - Episode reward mean: 146.826
2018-05-03 06:53:58,544 - Episode reward std: 97.040
2018-05-03 06:53:58,544 - **Testing mode
2018-05-03 06:53:58,544 - Running for 20 episodes
2018-05-03 06:54:08,812 - (test) Average reward per episode: 179.959271727858
2018-05-03 06:54:08,813 - Standard deviation: 60.490910367466135
2018-05-03 07:01:06,374 - Episode 25600
2018-05-03 07:01:06,374 - Step 10664977
2018-05-03 07:01:13,422 - Episode reward mean: 20.770
2018-05-03 07:01:13,422 - Episode reward std: 216.521
2018-05-03 07:08:02,385 - Episode 25700
2018-05-03 07:08:02,385 - Step 10709279
2018-05-03 07:08:06,030 - Episode reward mean: 1.830
2018-05-03 07:08:06,030 - Episode reward std: 191.501
2018-05-03 07:13:36,398 - Episode 25800
2018-05-03 07:13:36,398 - Step 10745475
2018-05-03 07:13:38,772 - Episode reward mean: 74.073
2018-05-03 07:13:38,773 - Episode reward std: 202.023
2018-05-03 07:19:17,900 - Episode 25900
2018-05-03 07:19:17,901 - Step 10782540
2018-05-03 07:19:20,972 - Episode reward mean: 119.381
2018-05-03 07:19:20,972 - Episode reward std: 150.303
2018-05-03 07:25:12,119 - Episode 26000
2018-05-03 07:25:12,119 - Step 10820933
2018-05-03 07:25:13,644 - Episode reward mean: 99.149
2018-05-03 07:25:13,644 - Episode reward std: 180.864
2018-05-03 07:25:13,644 - **Testing mode
2018-05-03 07:25:13,644 - Running for 20 episodes
2018-05-03 07:25:25,979 - (test) Average reward per episode: 142.99352987069602
2018-05-03 07:25:25,979 - Standard deviation: 106.04156262192573
2018-05-03 07:31:28,318 - Episode 26100
2018-05-03 07:31:28,318 - Step 10860002
2018-05-03 07:31:34,691 - Episode reward mean: 112.472
2018-05-03 07:31:34,691 - Episode reward std: 136.959
2018-05-03 07:38:20,575 - Episode 26200
2018-05-03 07:38:20,575 - Step 10904139
2018-05-03 07:38:23,814 - Episode reward mean: 99.039
2018-05-03 07:38:23,814 - Episode reward std: 152.608
2018-05-03 07:45:39,480 - Episode 26300
2018-05-03 07:45:39,480 - Step 10950243
2018-05-03 07:45:50,441 - Episode reward mean: 50.821
2018-05-03 07:45:50,441 - Episode reward std: 164.112
2018-05-03 07:51:55,829 - Episode 26400
2018-05-03 07:51:55,829 - Step 10990039
2018-05-03 07:51:57,768 - Episode reward mean: 60.518
2018-05-03 07:51:57,768 - Episode reward std: 160.440
2018-05-03 07:57:54,338 - Episode 26500
2018-05-03 07:57:54,338 - Step 11028540
2018-05-03 07:57:59,591 - Episode reward mean: 134.587
2018-05-03 07:57:59,591 - Episode reward std: 114.302
2018-05-03 07:57:59,591 - **Testing mode
2018-05-03 07:57:59,591 - Running for 20 episodes
2018-05-03 07:58:28,801 - (test) Average reward per episode: 36.69949312608031
2018-05-03 07:58:28,801 - Standard deviation: 119.90290258068038
2018-05-03 08:04:22,220 - Episode 26600
2018-05-03 08:04:22,220 - Step 11066795
2018-05-03 08:04:26,696 - Episode reward mean: 173.151
2018-05-03 08:04:26,696 - Episode reward std: 84.900
2018-05-03 08:10:26,875 - Episode 26700
2018-05-03 08:10:26,875 - Step 11106169
2018-05-03 08:10:30,259 - Episode reward mean: 198.965
2018-05-03 08:10:30,260 - Episode reward std: 37.752
2018-05-03 08:15:56,084 - Episode 26800
2018-05-03 08:15:56,084 - Step 11142038
2018-05-03 08:15:58,181 - Episode reward mean: 194.552
2018-05-03 08:15:58,182 - Episode reward std: 47.548
2018-05-03 08:21:58,996 - Episode 26900
2018-05-03 08:21:58,996 - Step 11181229
2018-05-03 08:22:01,548 - Episode reward mean: 190.009
2018-05-03 08:22:01,548 - Episode reward std: 70.395
2018-05-03 08:27:37,527 - Episode 27000
2018-05-03 08:27:37,527 - Step 11217793
2018-05-03 08:27:41,786 - Episode reward mean: 184.966
2018-05-03 08:27:41,786 - Episode reward std: 76.903
2018-05-03 08:27:41,786 - **Testing mode
2018-05-03 08:27:41,786 - Running for 20 episodes
2018-05-03 08:27:57,672 - (test) Average reward per episode: 110.8099017734772
2018-05-03 08:27:57,673 - Standard deviation: 139.8382036022253
2018-05-03 08:35:01,057 - Episode 27100
2018-05-03 08:35:01,057 - Step 11263396
2018-05-03 08:35:04,720 - Episode reward mean: 105.460
2018-05-03 08:35:04,720 - Episode reward std: 185.501
2018-05-03 08:39:45,829 - Episode 27200
2018-05-03 08:39:45,829 - Step 11294166
2018-05-03 08:39:48,138 - Episode reward mean: -142.754
2018-05-03 08:39:48,139 - Episode reward std: 221.118
2018-05-03 08:43:18,400 - Episode 27300
2018-05-03 08:43:18,400 - Step 11317522
2018-05-03 08:43:20,344 - Episode reward mean: -225.446
2018-05-03 08:43:20,345 - Episode reward std: 168.298
2018-05-03 08:47:10,571 - Episode 27400
2018-05-03 08:47:10,571 - Step 11342741
2018-05-03 08:47:12,428 - Episode reward mean: -200.977
2018-05-03 08:47:12,428 - Episode reward std: 168.528
2018-05-03 08:50:19,865 - Episode 27500
2018-05-03 08:50:19,865 - Step 11363807
2018-05-03 08:50:20,503 - Episode reward mean: -256.317
2018-05-03 08:50:20,503 - Episode reward std: 105.987
2018-05-03 08:50:20,503 - **Testing mode
2018-05-03 08:50:20,503 - Running for 20 episodes
2018-05-03 08:50:25,607 - (test) Average reward per episode: -202.81881038008547
2018-05-03 08:50:25,608 - Standard deviation: 165.13839283051712
2018-05-03 08:53:26,743 - Episode 27600
2018-05-03 08:53:26,743 - Step 11384228
2018-05-03 08:53:27,454 - Episode reward mean: -255.464
2018-05-03 08:53:27,454 - Episode reward std: 115.320
2018-05-03 08:56:31,045 - Episode 27700
2018-05-03 08:56:31,045 - Step 11404820
2018-05-03 08:56:32,701 - Episode reward mean: -213.280
2018-05-03 08:56:32,701 - Episode reward std: 140.480
2018-05-03 09:00:55,920 - Episode 27800
2018-05-03 09:00:55,920 - Step 11433634
2018-05-03 09:01:01,646 - Episode reward mean: -239.680
2018-05-03 09:01:01,647 - Episode reward std: 129.126
2018-05-03 09:05:01,005 - Episode 27900
2018-05-03 09:05:01,006 - Step 11460368
2018-05-03 09:05:04,644 - Episode reward mean: -326.860
2018-05-03 09:05:04,644 - Episode reward std: 180.505
2018-05-03 09:11:19,996 - Episode 28000
2018-05-03 09:11:19,997 - Step 11501078
2018-05-03 09:11:22,826 - Episode reward mean: -375.970
2018-05-03 09:11:22,826 - Episode reward std: 138.302
2018-05-03 09:11:22,827 - **Testing mode
2018-05-03 09:11:22,827 - Running for 20 episodes
2018-05-03 09:11:32,786 - (test) Average reward per episode: -314.46413455147086
2018-05-03 09:11:32,787 - Standard deviation: 73.55971952442594
2018-05-03 09:17:26,881 - Episode 28100
2018-05-03 09:17:26,882 - Step 11539879
2018-05-03 09:17:29,667 - Episode reward mean: -425.731
2018-05-03 09:17:29,667 - Episode reward std: 212.434
2018-05-03 09:24:50,502 - Episode 28200
2018-05-03 09:24:50,502 - Step 11587069
2018-05-03 09:24:53,464 - Episode reward mean: -94.132
2018-05-03 09:24:53,465 - Episode reward std: 211.855
2018-05-03 09:35:23,233 - Episode 28300
2018-05-03 09:35:23,233 - Step 11652730
2018-05-03 09:35:33,803 - Episode reward mean: 39.505
2018-05-03 09:35:33,804 - Episode reward std: 134.379
2018-05-03 09:45:18,048 - Episode 28400
2018-05-03 09:45:18,048 - Step 11714532
2018-05-03 09:45:22,127 - Episode reward mean: 122.445
2018-05-03 09:45:22,127 - Episode reward std: 95.222
2018-05-03 09:53:58,494 - Episode 28500
2018-05-03 09:53:58,494 - Step 11769602
2018-05-03 09:54:02,216 - Episode reward mean: 130.892
2018-05-03 09:54:02,217 - Episode reward std: 124.682
2018-05-03 09:54:02,217 - **Testing mode
2018-05-03 09:54:02,217 - Running for 20 episodes
2018-05-03 09:54:21,480 - (test) Average reward per episode: 135.14174112424206
2018-05-03 09:54:21,480 - Standard deviation: 125.81176492043667
2018-05-03 10:04:20,182 - Episode 28600
2018-05-03 10:04:20,182 - Step 11831977
2018-05-03 10:04:21,344 - Episode reward mean: 48.302
2018-05-03 10:04:21,345 - Episode reward std: 170.610
2018-05-03 10:17:06,432 - Episode 28700
2018-05-03 10:17:06,432 - Step 11909429
2018-05-03 10:17:09,027 - Episode reward mean: -34.628
2018-05-03 10:17:09,027 - Episode reward std: 145.027
2018-05-03 10:25:27,995 - Episode 28800
2018-05-03 10:25:27,995 - Step 11961419
2018-05-03 10:25:29,997 - Episode reward mean: -263.791
2018-05-03 10:25:29,997 - Episode reward std: 107.327
2018-05-03 10:33:02,838 - Episode 28900
2018-05-03 10:33:02,838 - Step 12009196
2018-05-03 10:33:06,378 - Episode reward mean: -324.829
2018-05-03 10:33:06,378 - Episode reward std: 133.368
2018-05-03 10:39:28,215 - Episode 29000
2018-05-03 10:39:28,215 - Step 12049936
2018-05-03 10:39:36,663 - Episode reward mean: -305.252
2018-05-03 10:39:36,664 - Episode reward std: 120.532
2018-05-03 10:39:36,664 - **Testing mode
2018-05-03 10:39:36,664 - Running for 20 episodes
2018-05-03 10:40:00,339 - (test) Average reward per episode: -221.15192683191708
2018-05-03 10:40:00,339 - Standard deviation: 80.37356520955298
2018-05-03 10:51:36,805 - Episode 29100
2018-05-03 10:51:36,805 - Step 12121195
2018-05-03 10:51:41,170 - Episode reward mean: -271.093
2018-05-03 10:51:41,171 - Episode reward std: 114.214
2018-05-03 11:01:09,070 - Episode 29200
2018-05-03 11:01:09,070 - Step 12180299
2018-05-03 11:01:12,720 - Episode reward mean: -202.887
2018-05-03 11:01:12,720 - Episode reward std: 152.635
2018-05-03 11:12:01,834 - Episode 29300
2018-05-03 11:12:01,834 - Step 12246914
2018-05-03 11:12:05,788 - Episode reward mean: 64.334
2018-05-03 11:12:05,788 - Episode reward std: 182.667
2018-05-03 11:19:33,269 - Episode 29400
2018-05-03 11:19:33,269 - Step 12294100
2018-05-03 11:19:43,507 - Episode reward mean: -42.038
2018-05-03 11:19:43,508 - Episode reward std: 338.969
2018-05-03 11:31:16,754 - Episode 29500
2018-05-03 11:31:16,754 - Step 12364865
2018-05-03 11:31:26,959 - Episode reward mean: -67.310
2018-05-03 11:31:26,959 - Episode reward std: 216.122
2018-05-03 11:31:26,959 - **Testing mode
2018-05-03 11:31:26,960 - Running for 20 episodes
2018-05-03 11:32:14,251 - (test) Average reward per episode: -46.55191331779233
2018-05-03 11:32:14,251 - Standard deviation: 58.28624359506521
2018-05-03 11:45:17,697 - Episode 29600
2018-05-03 11:45:17,697 - Step 12445944
2018-05-03 11:45:23,441 - Episode reward mean: -248.657
2018-05-03 11:45:23,441 - Episode reward std: 187.152
2018-05-03 11:57:01,800 - Episode 29700
2018-05-03 11:57:01,800 - Step 12518303
2018-05-03 11:57:11,709 - Episode reward mean: -248.597
2018-05-03 11:57:11,709 - Episode reward std: 113.809
2018-05-03 12:09:59,137 - Episode 29800
2018-05-03 12:09:59,137 - Step 12596691
2018-05-03 12:10:09,118 - Episode reward mean: -191.849
2018-05-03 12:10:09,118 - Episode reward std: 110.689
2018-05-03 12:24:25,723 - Episode 29900
2018-05-03 12:24:25,723 - Step 12685165
2018-05-03 12:24:35,647 - Episode reward mean: -158.792
2018-05-03 12:24:35,647 - Episode reward std: 84.692
2018-05-03 12:37:40,625 - Episode 30000
2018-05-03 12:37:40,625 - Step 12766433
2018-05-03 12:37:50,544 - Episode reward mean: -166.379
2018-05-03 12:37:50,545 - Episode reward std: 82.654
2018-05-03 12:37:50,545 - **Testing mode
2018-05-03 12:37:50,545 - Running for 20 episodes
2018-05-03 12:38:28,860 - (test) Average reward per episode: -131.9047236520725
2018-05-03 12:38:28,861 - Standard deviation: 36.55026223327891
2018-05-03 12:50:03,989 - Episode 30100
2018-05-03 12:50:03,989 - Step 12838814
2018-05-03 12:50:13,692 - Episode reward mean: -161.598
2018-05-03 12:50:13,692 - Episode reward std: 111.081
2018-05-03 13:01:00,570 - Episode 30200
2018-05-03 13:01:00,570 - Step 12906505
2018-05-03 13:01:03,831 - Episode reward mean: -121.263
2018-05-03 13:01:03,832 - Episode reward std: 127.813
2018-05-03 13:10:42,315 - Episode 30300
2018-05-03 13:10:42,315 - Step 12966940
2018-05-03 13:10:44,369 - Episode reward mean: -116.054
2018-05-03 13:10:44,369 - Episode reward std: 157.580
2018-05-03 13:17:58,626 - Episode 30400
2018-05-03 13:17:58,626 - Step 13012809
2018-05-03 13:18:00,941 - Episode reward mean: -89.975
2018-05-03 13:18:00,941 - Episode reward std: 128.263
2018-05-03 13:22:30,598 - Episode 30500
2018-05-03 13:22:30,598 - Step 13042110
2018-05-03 13:22:41,133 - Episode reward mean: -60.982
2018-05-03 13:22:41,133 - Episode reward std: 136.724
2018-05-03 13:22:41,133 - **Testing mode
2018-05-03 13:22:41,133 - Running for 20 episodes
2018-05-03 13:23:01,493 - (test) Average reward per episode: -86.60017949964222
2018-05-03 13:23:01,493 - Standard deviation: 108.6327768116157
2018-05-03 13:28:26,497 - Episode 30600
2018-05-03 13:28:26,497 - Step 13078270
2018-05-03 13:28:31,144 - Episode reward mean: -65.043
2018-05-03 13:28:31,144 - Episode reward std: 163.229
2018-05-03 13:34:01,278 - Episode 30700
2018-05-03 13:34:01,278 - Step 13114112
2018-05-03 13:34:03,023 - Episode reward mean: -77.678
2018-05-03 13:34:03,023 - Episode reward std: 185.750
2018-05-03 13:39:28,277 - Episode 30800
2018-05-03 13:39:28,277 - Step 13148855
2018-05-03 13:39:30,169 - Episode reward mean: -19.618
2018-05-03 13:39:30,169 - Episode reward std: 160.655
2018-05-03 13:48:54,264 - Episode 30900
2018-05-03 13:48:54,264 - Step 13208342
2018-05-03 13:48:59,070 - Episode reward mean: -101.390
2018-05-03 13:48:59,070 - Episode reward std: 147.323
2018-05-03 13:58:50,449 - Episode 31000
2018-05-03 13:58:50,449 - Step 13271159
2018-05-03 13:58:56,069 - Episode reward mean: -207.308
2018-05-03 13:58:56,069 - Episode reward std: 66.956
2018-05-03 13:58:56,069 - **Testing mode
2018-05-03 13:58:56,069 - Running for 20 episodes
2018-05-03 13:59:32,631 - (test) Average reward per episode: -169.52800573049018
2018-05-03 13:59:32,632 - Standard deviation: 41.48865862090986
2018-05-03 14:12:30,770 - Episode 31100
2018-05-03 14:12:30,770 - Step 13352324
2018-05-03 14:12:40,679 - Episode reward mean: -235.097
2018-05-03 14:12:40,679 - Episode reward std: 112.400
2018-05-03 14:28:33,619 - Episode 31200
2018-05-03 14:28:33,619 - Step 13450426
2018-05-03 14:28:43,092 - Episode reward mean: -158.235
2018-05-03 14:28:43,092 - Episode reward std: 59.965
2018-05-03 14:44:26,095 - Episode 31300
2018-05-03 14:44:26,095 - Step 13546394
2018-05-03 14:44:35,743 - Episode reward mean: -120.567
2018-05-03 14:44:35,743 - Episode reward std: 85.241
2018-05-03 14:58:55,109 - Episode 31400
2018-05-03 14:58:55,109 - Step 13635574
2018-05-03 14:58:56,967 - Episode reward mean: -142.945
2018-05-03 14:58:56,968 - Episode reward std: 81.705
2018-05-03 15:07:43,292 - Episode 31500
2018-05-03 15:07:43,292 - Step 13690397
2018-05-03 15:07:45,902 - Episode reward mean: -187.988
2018-05-03 15:07:45,902 - Episode reward std: 139.844
2018-05-03 15:07:45,902 - **Testing mode
2018-05-03 15:07:45,902 - Running for 20 episodes
2018-05-03 15:07:52,677 - (test) Average reward per episode: -383.3454803426701
2018-05-03 15:07:52,677 - Standard deviation: 75.34568546371706
2018-05-03 15:18:10,719 - Episode 31600
2018-05-03 15:18:10,719 - Step 13754418
2018-05-03 15:18:20,217 - Episode reward mean: -269.239
2018-05-03 15:18:20,217 - Episode reward std: 97.190
2018-05-03 15:22:55,842 - Episode 31700
2018-05-03 15:22:55,842 - Step 13785070
2018-05-03 15:22:58,115 - Episode reward mean: -339.136
2018-05-03 15:22:58,115 - Episode reward std: 203.367
2018-05-03 15:28:07,787 - Episode 31800
2018-05-03 15:28:07,787 - Step 13818917
2018-05-03 15:28:10,673 - Episode reward mean: -272.590
2018-05-03 15:28:10,673 - Episode reward std: 159.007
2018-05-03 15:31:57,526 - Episode 31900
2018-05-03 15:31:57,526 - Step 13843821
2018-05-03 15:31:59,077 - Episode reward mean: -300.982
2018-05-03 15:31:59,077 - Episode reward std: 133.741
