2018-04-30 10:27:39,798 - Command line args: Namespace(N=50, actor_lr=0.01, actor_model_path=None, alg='dqn', alt_learn=False, combined_replay=False, critic_lr=0.01, critic_model_path=None, deepness='deep', env_name='LunarLander-v2', epsilon=0.5, gamma=0.99, hindsight=False, lr=0.0001, memory_size=50000, model_name='LL_dqn_base', num_episodes=50000, priority_replay=False, record_video_only=False, render=False, replay_batch=32, seed=None, test_mod=500, test_only=False, train_mod=100)
2018-04-30 10:27:39,798 - Log saving to logs/LL_dqn_base_2018_04_30_10_27_39.log
2018-04-30 10:27:39,798 - Alg: dqn
2018-04-30 10:27:39,799 - Numpy random seed 2673746131
2018-04-30 10:27:39,817 - Gym seed set to 2673746131
2018-04-30 10:27:39,818 - Using deep architecture.
2018-04-30 10:27:39,875 - Using initial learning rate 0.0001
2018-04-30 10:27:40,051 - Creating replay buffer with initial max size of 50000
2018-04-30 10:27:40,051 - Burning in 10000 lines
2018-04-30 10:27:52,734 - Training for 50000 episodes
2018-04-30 10:27:52,734 - Episode 0
2018-04-30 10:27:52,734 - Step 0
2018-04-30 10:27:53,700 - Episode reward mean: -0.397
2018-04-30 10:27:53,700 - Episode reward std: 3.931
2018-04-30 10:27:53,747 - Saved model for rendering to models/LL_dqn_base/LL_dqn_base_0_of_3.h5
2018-04-30 10:28:55,774 - Episode 100
2018-04-30 10:28:55,774 - Step 11466
2018-04-30 10:28:56,277 - Episode reward mean: -235.815
2018-04-30 10:28:56,277 - Episode reward std: 125.168
2018-04-30 10:30:23,735 - Episode 200
2018-04-30 10:30:23,735 - Step 27519
2018-04-30 10:30:25,278 - Episode reward mean: -162.369
2018-04-30 10:30:25,278 - Episode reward std: 68.258
2018-04-30 10:32:20,108 - Episode 300
2018-04-30 10:32:20,108 - Step 48336
2018-04-30 10:32:27,227 - Episode reward mean: -131.263
2018-04-30 10:32:27,227 - Episode reward std: 62.823
2018-04-30 10:42:52,578 - Episode 400
2018-04-30 10:42:52,579 - Step 137936
2018-04-30 10:42:59,167 - Episode reward mean: -90.822
2018-04-30 10:42:59,168 - Episode reward std: 66.776
2018-04-30 10:54:27,284 - Episode 500
2018-04-30 10:54:27,284 - Step 237206
2018-04-30 10:54:33,716 - Episode reward mean: -78.709
2018-04-30 10:54:33,716 - Episode reward std: 45.797
2018-04-30 10:54:33,717 - **Testing mode
2018-04-30 10:54:33,717 - Running for 20 episodes
2018-04-30 10:55:25,212 - (test) Average reward per episode: -45.85358238830282
2018-04-30 10:55:25,212 - Standard deviation: 21.602676631820387
2018-04-30 10:55:25,233 - Beat previous value of None! Saved model to models/LL_dqn_base/LL_dqn_base.h5
2018-04-30 11:06:00,638 - Episode 600
2018-04-30 11:06:00,638 - Step 326974
2018-04-30 11:06:06,848 - Episode reward mean: -88.121
2018-04-30 11:06:06,848 - Episode reward std: 53.694
2018-04-30 11:15:49,130 - Episode 700
2018-04-30 11:15:49,131 - Step 411598
2018-04-30 11:15:56,337 - Episode reward mean: -107.798
2018-04-30 11:15:56,337 - Episode reward std: 55.515
2018-04-30 11:26:38,376 - Episode 800
2018-04-30 11:26:38,376 - Step 503855
2018-04-30 11:26:40,382 - Episode reward mean: -92.725
2018-04-30 11:26:40,382 - Episode reward std: 68.860
2018-04-30 11:35:49,605 - Episode 900
2018-04-30 11:35:49,605 - Step 583451
2018-04-30 11:35:54,717 - Episode reward mean: -104.618
2018-04-30 11:35:54,717 - Episode reward std: 75.135
2018-04-30 11:44:51,526 - Episode 1000
2018-04-30 11:44:51,527 - Step 662426
2018-04-30 11:44:55,785 - Episode reward mean: -100.463
2018-04-30 11:44:55,785 - Episode reward std: 63.694
2018-04-30 11:44:55,785 - **Testing mode
2018-04-30 11:44:55,785 - Running for 20 episodes
2018-04-30 11:45:30,273 - (test) Average reward per episode: -93.1000030489517
2018-04-30 11:45:30,273 - Standard deviation: 42.362819855788246
2018-04-30 11:55:36,730 - Episode 1100
2018-04-30 11:55:36,730 - Step 751329
2018-04-30 11:55:42,722 - Episode reward mean: -59.906
2018-04-30 11:55:42,722 - Episode reward std: 98.376
2018-04-30 12:04:42,600 - Episode 1200
2018-04-30 12:04:42,600 - Step 832328
2018-04-30 12:04:47,464 - Episode reward mean: 26.274
2018-04-30 12:04:47,464 - Episode reward std: 113.573
2018-04-30 12:12:39,042 - Episode 1300
2018-04-30 12:12:39,042 - Step 910497
2018-04-30 12:12:41,767 - Episode reward mean: 58.892
2018-04-30 12:12:41,768 - Episode reward std: 105.463
2018-04-30 12:19:58,317 - Episode 1400
2018-04-30 12:19:58,317 - Step 984321
2018-04-30 12:20:04,490 - Episode reward mean: 89.447
2018-04-30 12:20:04,490 - Episode reward std: 87.923
2018-04-30 12:26:51,937 - Episode 1500
2018-04-30 12:26:51,937 - Step 1054054
2018-04-30 12:26:56,021 - Episode reward mean: 100.349
2018-04-30 12:26:56,021 - Episode reward std: 89.478
2018-04-30 12:26:56,021 - **Testing mode
2018-04-30 12:26:56,021 - Running for 20 episodes
2018-04-30 12:27:32,661 - (test) Average reward per episode: 60.614082364136195
2018-04-30 12:27:32,661 - Standard deviation: 77.3248824660753
2018-04-30 12:27:32,681 - Beat previous value of -45.85358238830282! Saved model to models/LL_dqn_base/LL_dqn_base.h5
2018-04-30 12:34:21,113 - Episode 1600
2018-04-30 12:34:21,113 - Step 1123052
2018-04-30 12:34:26,600 - Episode reward mean: 113.153
2018-04-30 12:34:26,600 - Episode reward std: 82.324
2018-04-30 12:40:33,597 - Episode 1700
2018-04-30 12:40:33,597 - Step 1186704
2018-04-30 12:40:35,860 - Episode reward mean: 135.694
2018-04-30 12:40:35,860 - Episode reward std: 56.359
2018-04-30 12:46:23,375 - Episode 1800
2018-04-30 12:46:23,375 - Step 1246967
2018-04-30 12:46:27,678 - Episode reward mean: 54.904
2018-04-30 12:46:27,679 - Episode reward std: 114.343
2018-04-30 12:51:39,169 - Episode 1900
2018-04-30 12:51:39,170 - Step 1302010
2018-04-30 12:51:42,160 - Episode reward mean: 76.361
2018-04-30 12:51:42,160 - Episode reward std: 114.940
2018-04-30 12:57:12,555 - Episode 2000
2018-04-30 12:57:12,555 - Step 1359729
2018-04-30 12:57:17,801 - Episode reward mean: 125.362
2018-04-30 12:57:17,801 - Episode reward std: 80.224
2018-04-30 12:57:17,801 - **Testing mode
2018-04-30 12:57:17,801 - Running for 20 episodes
2018-04-30 12:57:36,395 - (test) Average reward per episode: 135.61023619680154
2018-04-30 12:57:36,395 - Standard deviation: 70.04452817685316
2018-04-30 12:57:36,415 - Beat previous value of 60.614082364136195! Saved model to models/LL_dqn_base/LL_dqn_base.h5
2018-04-30 13:03:09,443 - Episode 2100
2018-04-30 13:03:09,444 - Step 1418242
2018-04-30 13:03:13,468 - Episode reward mean: 143.221
2018-04-30 13:03:13,469 - Episode reward std: 61.980
2018-04-30 13:07:53,386 - Episode 2200
2018-04-30 13:07:53,386 - Step 1468879
2018-04-30 13:07:56,707 - Episode reward mean: 143.860
2018-04-30 13:07:56,707 - Episode reward std: 76.333
2018-04-30 13:11:37,578 - Episode 2300
2018-04-30 13:11:37,579 - Step 1509336
2018-04-30 13:11:39,585 - Episode reward mean: 85.294
2018-04-30 13:11:39,586 - Episode reward std: 125.481
2018-04-30 13:15:00,313 - Episode 2400
2018-04-30 13:15:00,313 - Step 1546434
2018-04-30 13:15:03,015 - Episode reward mean: 177.997
2018-04-30 13:15:03,016 - Episode reward std: 75.345
2018-04-30 13:18:25,834 - Episode 2500
2018-04-30 13:18:25,834 - Step 1584190
2018-04-30 13:18:27,250 - Episode reward mean: 187.364
2018-04-30 13:18:27,251 - Episode reward std: 49.562
2018-04-30 13:18:27,251 - **Testing mode
2018-04-30 13:18:27,251 - Running for 20 episodes
2018-04-30 13:18:38,429 - (test) Average reward per episode: 196.413416160438
2018-04-30 13:18:38,429 - Standard deviation: 34.76359569892123
2018-04-30 13:18:38,444 - Beat previous value of 135.61023619680154! Saved model to models/LL_dqn_base/LL_dqn_base.h5
2018-04-30 13:22:09,482 - Episode 2600
2018-04-30 13:22:09,482 - Step 1623322
2018-04-30 13:22:11,096 - Episode reward mean: 181.166
2018-04-30 13:22:11,096 - Episode reward std: 48.900
2018-04-30 13:25:30,535 - Episode 2700
2018-04-30 13:25:30,535 - Step 1660254
2018-04-30 13:25:32,066 - Episode reward mean: 194.680
2018-04-30 13:25:32,066 - Episode reward std: 37.828
2018-04-30 13:28:39,608 - Episode 2800
2018-04-30 13:28:39,608 - Step 1695379
2018-04-30 13:28:41,014 - Episode reward mean: 176.735
2018-04-30 13:28:41,014 - Episode reward std: 75.866
2018-04-30 13:31:49,191 - Episode 2900
2018-04-30 13:31:49,192 - Step 1730099
2018-04-30 13:31:50,111 - Episode reward mean: 176.404
2018-04-30 13:31:50,111 - Episode reward std: 74.090
2018-04-30 13:35:08,812 - Episode 3000
2018-04-30 13:35:08,812 - Step 1766410
2018-04-30 13:35:12,633 - Episode reward mean: 161.653
2018-04-30 13:35:12,633 - Episode reward std: 112.031
2018-04-30 13:35:12,633 - **Testing mode
2018-04-30 13:35:12,633 - Running for 20 episodes
2018-04-30 13:35:29,363 - (test) Average reward per episode: 123.64401768305652
2018-04-30 13:35:29,363 - Standard deviation: 134.15697694524468
2018-04-30 13:39:24,962 - Episode 3100
2018-04-30 13:39:24,962 - Step 1809138
2018-04-30 13:39:26,044 - Episode reward mean: 157.615
2018-04-30 13:39:26,044 - Episode reward std: 120.406
2018-04-30 13:41:52,800 - Episode 3200
2018-04-30 13:41:52,800 - Step 1836969
2018-04-30 13:41:53,817 - Episode reward mean: 199.640
2018-04-30 13:41:53,817 - Episode reward std: 68.216
2018-04-30 13:44:20,934 - Episode 3300
2018-04-30 13:44:20,934 - Step 1864838
2018-04-30 13:44:23,184 - Episode reward mean: 192.087
2018-04-30 13:44:23,184 - Episode reward std: 80.677
2018-04-30 13:46:49,100 - Episode 3400
2018-04-30 13:46:49,100 - Step 1892745
2018-04-30 13:46:50,092 - Episode reward mean: 166.416
2018-04-30 13:46:50,092 - Episode reward std: 104.420
2018-04-30 13:49:19,442 - Episode 3500
2018-04-30 13:49:19,443 - Step 1920982
2018-04-30 13:49:21,634 - Episode reward mean: 177.131
2018-04-30 13:49:21,634 - Episode reward std: 90.696
2018-04-30 13:49:21,635 - **Testing mode
2018-04-30 13:49:21,635 - Running for 20 episodes
2018-04-30 13:49:26,708 - (test) Average reward per episode: 214.62425421279067
2018-04-30 13:49:26,709 - Standard deviation: 18.701449457754276
2018-04-30 13:49:26,723 - Beat previous value of 196.413416160438! Saved model to models/LL_dqn_base/LL_dqn_base.h5
2018-04-30 13:51:41,950 - Episode 3600
2018-04-30 13:51:41,950 - Step 1946629
2018-04-30 13:51:42,825 - Episode reward mean: 161.994
2018-04-30 13:51:42,825 - Episode reward std: 96.750
2018-04-30 13:54:03,335 - Episode 3700
2018-04-30 13:54:03,335 - Step 1973204
2018-04-30 13:54:04,221 - Episode reward mean: 201.051
2018-04-30 13:54:04,221 - Episode reward std: 65.996
2018-04-30 13:56:11,978 - Episode 3800
2018-04-30 13:56:11,978 - Step 1997558
2018-04-30 13:56:12,966 - Episode reward mean: 186.274
2018-04-30 13:56:12,967 - Episode reward std: 98.076
2018-04-30 13:58:22,890 - Episode 3900
2018-04-30 13:58:22,890 - Step 2022398
2018-04-30 13:58:24,464 - Episode reward mean: 173.633
2018-04-30 13:58:24,464 - Episode reward std: 97.090
2018-04-30 14:00:30,754 - Episode 4000
2018-04-30 14:00:30,754 - Step 2046624
2018-04-30 14:00:32,178 - Episode reward mean: 185.925
2018-04-30 14:00:32,178 - Episode reward std: 88.977
2018-04-30 14:00:32,178 - **Testing mode
2018-04-30 14:00:32,179 - Running for 20 episodes
2018-04-30 14:00:37,956 - (test) Average reward per episode: 206.30338521255257
2018-04-30 14:00:37,956 - Standard deviation: 58.03941307627024
2018-04-30 14:02:48,771 - Episode 4100
2018-04-30 14:02:48,771 - Step 2071739
2018-04-30 14:02:50,092 - Episode reward mean: 153.137
2018-04-30 14:02:50,092 - Episode reward std: 128.113
2018-04-30 14:05:08,071 - Episode 4200
2018-04-30 14:05:08,071 - Step 2097642
2018-04-30 14:05:09,374 - Episode reward mean: 170.783
2018-04-30 14:05:09,375 - Episode reward std: 116.742
2018-04-30 14:07:34,263 - Episode 4300
2018-04-30 14:07:34,263 - Step 2124977
2018-04-30 14:07:35,477 - Episode reward mean: 199.178
2018-04-30 14:07:35,477 - Episode reward std: 83.527
2018-04-30 14:09:45,358 - Episode 4400
2018-04-30 14:09:45,358 - Step 2149912
2018-04-30 14:09:46,326 - Episode reward mean: 188.795
2018-04-30 14:09:46,326 - Episode reward std: 97.816
2018-04-30 14:12:03,254 - Episode 4500
2018-04-30 14:12:03,254 - Step 2175644
2018-04-30 14:12:04,276 - Episode reward mean: 202.647
2018-04-30 14:12:04,276 - Episode reward std: 62.809
2018-04-30 14:12:04,277 - **Testing mode
2018-04-30 14:12:04,277 - Running for 20 episodes
2018-04-30 14:12:12,468 - (test) Average reward per episode: 209.81932125895725
2018-04-30 14:12:12,468 - Standard deviation: 40.15362549358581
2018-04-30 14:15:06,041 - Episode 4600
2018-04-30 14:15:06,041 - Step 2207994
2018-04-30 14:15:11,753 - Episode reward mean: 185.115
2018-04-30 14:15:11,753 - Episode reward std: 83.847
2018-04-30 14:17:48,899 - Episode 4700
2018-04-30 14:17:48,900 - Step 2238328
2018-04-30 14:17:49,962 - Episode reward mean: 199.343
2018-04-30 14:17:49,963 - Episode reward std: 62.330
2018-04-30 14:20:07,921 - Episode 4800
2018-04-30 14:20:07,921 - Step 2264648
2018-04-30 14:20:09,757 - Episode reward mean: 208.794
2018-04-30 14:20:09,757 - Episode reward std: 55.109
2018-04-30 14:22:17,784 - Episode 4900
2018-04-30 14:22:17,784 - Step 2289111
2018-04-30 14:22:18,983 - Episode reward mean: 212.438
2018-04-30 14:22:18,984 - Episode reward std: 66.490
2018-04-30 14:24:27,481 - Episode 5000
2018-04-30 14:24:27,481 - Step 2313733
2018-04-30 14:24:28,559 - Episode reward mean: 208.262
2018-04-30 14:24:28,560 - Episode reward std: 76.953
2018-04-30 14:24:28,560 - **Testing mode
2018-04-30 14:24:28,560 - Running for 20 episodes
2018-04-30 14:24:35,801 - (test) Average reward per episode: 218.6714149278949
2018-04-30 14:24:35,801 - Standard deviation: 45.213582864608924
2018-04-30 14:24:35,816 - Beat previous value of 214.62425421279067! Saved model to models/LL_dqn_base/LL_dqn_base.h5
2018-04-30 14:26:53,192 - Episode 5100
2018-04-30 14:26:53,192 - Step 2339897
2018-04-30 14:26:54,294 - Episode reward mean: 212.426
2018-04-30 14:26:54,294 - Episode reward std: 57.213
2018-04-30 14:29:09,464 - Episode 5200
2018-04-30 14:29:09,464 - Step 2365856
2018-04-30 14:29:10,419 - Episode reward mean: 211.464
2018-04-30 14:29:10,419 - Episode reward std: 56.892
2018-04-30 14:31:31,355 - Episode 5300
2018-04-30 14:31:31,355 - Step 2392744
2018-04-30 14:31:32,594 - Episode reward mean: 212.515
2018-04-30 14:31:32,594 - Episode reward std: 46.417
2018-04-30 14:33:54,091 - Episode 5400
2018-04-30 14:33:54,091 - Step 2419438
2018-04-30 14:33:55,258 - Episode reward mean: 206.028
2018-04-30 14:33:55,259 - Episode reward std: 61.256
2018-04-30 14:36:07,277 - Episode 5500
2018-04-30 14:36:07,277 - Step 2444868
2018-04-30 14:36:08,828 - Episode reward mean: 212.517
2018-04-30 14:36:08,828 - Episode reward std: 56.453
2018-04-30 14:36:08,828 - **Testing mode
2018-04-30 14:36:08,828 - Running for 20 episodes
2018-04-30 14:36:15,275 - (test) Average reward per episode: 207.92872291825717
2018-04-30 14:36:15,275 - Standard deviation: 49.77191439535434
2018-04-30 14:38:19,475 - Episode 5600
2018-04-30 14:38:19,475 - Step 2469170
2018-04-30 14:38:20,133 - Episode reward mean: 198.381
2018-04-30 14:38:20,133 - Episode reward std: 65.875
2018-04-30 14:40:28,162 - Episode 5700
2018-04-30 14:40:28,162 - Step 2493569
2018-04-30 14:40:29,223 - Episode reward mean: 207.526
2018-04-30 14:40:29,223 - Episode reward std: 58.486
2018-04-30 14:42:49,659 - Episode 5800
2018-04-30 14:42:49,659 - Step 2520396
2018-04-30 14:42:50,663 - Episode reward mean: 190.288
2018-04-30 14:42:50,663 - Episode reward std: 75.561
2018-04-30 14:45:03,850 - Episode 5900
2018-04-30 14:45:03,850 - Step 2545968
2018-04-30 14:45:07,135 - Episode reward mean: 203.478
2018-04-30 14:45:07,135 - Episode reward std: 63.929
2018-04-30 14:47:09,674 - Episode 6000
2018-04-30 14:47:09,675 - Step 2569851
2018-04-30 14:47:10,501 - Episode reward mean: 187.333
2018-04-30 14:47:10,501 - Episode reward std: 90.889
2018-04-30 14:47:10,501 - **Testing mode
2018-04-30 14:47:10,501 - Running for 20 episodes
2018-04-30 14:47:16,965 - (test) Average reward per episode: 205.4965919637936
2018-04-30 14:47:16,965 - Standard deviation: 66.9943946006588
2018-04-30 14:49:34,224 - Episode 6100
2018-04-30 14:49:34,224 - Step 2595805
2018-04-30 14:49:35,325 - Episode reward mean: 210.805
2018-04-30 14:49:35,326 - Episode reward std: 53.064
2018-04-30 14:51:45,432 - Episode 6200
2018-04-30 14:51:45,432 - Step 2620599
2018-04-30 14:51:46,384 - Episode reward mean: 218.933
2018-04-30 14:51:46,384 - Episode reward std: 49.017
2018-04-30 14:53:44,348 - Episode 6300
2018-04-30 14:53:44,348 - Step 2643481
2018-04-30 14:53:46,714 - Episode reward mean: 204.491
2018-04-30 14:53:46,714 - Episode reward std: 71.945
2018-04-30 14:55:55,787 - Episode 6400
2018-04-30 14:55:55,787 - Step 2668468
2018-04-30 14:55:57,949 - Episode reward mean: 217.728
2018-04-30 14:55:57,949 - Episode reward std: 50.509
2018-04-30 14:57:50,010 - Episode 6500
2018-04-30 14:57:50,010 - Step 2690437
2018-04-30 14:57:51,087 - Episode reward mean: 207.785
2018-04-30 14:57:51,087 - Episode reward std: 71.921
2018-04-30 14:57:51,087 - **Testing mode
2018-04-30 14:57:51,087 - Running for 20 episodes
2018-04-30 14:57:57,161 - (test) Average reward per episode: 217.0143429483334
2018-04-30 14:57:57,162 - Standard deviation: 20.738257103043075
2018-04-30 14:59:53,862 - Episode 6600
2018-04-30 14:59:53,863 - Step 2713268
2018-04-30 14:59:54,670 - Episode reward mean: 207.824
2018-04-30 14:59:54,670 - Episode reward std: 60.684
2018-04-30 15:01:52,484 - Episode 6700
2018-04-30 15:01:52,484 - Step 2735952
2018-04-30 15:01:53,478 - Episode reward mean: 201.084
2018-04-30 15:01:53,478 - Episode reward std: 79.908
2018-04-30 15:03:43,816 - Episode 6800
2018-04-30 15:03:43,816 - Step 2757471
2018-04-30 15:03:45,046 - Episode reward mean: 212.581
2018-04-30 15:03:45,046 - Episode reward std: 64.789
2018-04-30 15:05:32,924 - Episode 6900
2018-04-30 15:05:32,924 - Step 2778400
2018-04-30 15:05:34,193 - Episode reward mean: 196.309
2018-04-30 15:05:34,194 - Episode reward std: 94.344
2018-04-30 15:07:11,575 - Episode 7000
2018-04-30 15:07:11,575 - Step 2797634
2018-04-30 15:07:12,408 - Episode reward mean: 159.399
2018-04-30 15:07:12,408 - Episode reward std: 120.925
2018-04-30 15:07:12,408 - **Testing mode
2018-04-30 15:07:12,408 - Running for 20 episodes
2018-04-30 15:07:17,829 - (test) Average reward per episode: 127.7932448496069
2018-04-30 15:07:17,829 - Standard deviation: 130.12334029441607
2018-04-30 15:09:02,297 - Episode 7100
2018-04-30 15:09:02,298 - Step 2817796
2018-04-30 15:09:03,249 - Episode reward mean: 165.631
2018-04-30 15:09:03,249 - Episode reward std: 114.726
2018-04-30 15:11:03,111 - Episode 7200
2018-04-30 15:11:03,111 - Step 2840616
2018-04-30 15:11:08,761 - Episode reward mean: 196.892
2018-04-30 15:11:08,761 - Episode reward std: 84.832
2018-04-30 15:13:18,880 - Episode 7300
2018-04-30 15:13:18,880 - Step 2866025
2018-04-30 15:13:20,434 - Episode reward mean: 183.191
2018-04-30 15:13:20,434 - Episode reward std: 89.019
2018-04-30 15:15:16,694 - Episode 7400
2018-04-30 15:15:16,694 - Step 2888550
2018-04-30 15:15:17,690 - Episode reward mean: 204.045
2018-04-30 15:15:17,690 - Episode reward std: 77.932
2018-04-30 15:17:05,901 - Episode 7500
2018-04-30 15:17:05,901 - Step 2909620
2018-04-30 15:17:06,660 - Episode reward mean: 188.904
2018-04-30 15:17:06,660 - Episode reward std: 93.038
2018-04-30 15:17:06,660 - **Testing mode
2018-04-30 15:17:06,660 - Running for 20 episodes
2018-04-30 15:17:10,783 - (test) Average reward per episode: 209.18290354711084
2018-04-30 15:17:10,784 - Standard deviation: 75.65019503632227
2018-04-30 15:19:07,885 - Episode 7600
2018-04-30 15:19:07,885 - Step 2932156
2018-04-30 15:19:09,229 - Episode reward mean: 192.992
2018-04-30 15:19:09,230 - Episode reward std: 86.509
2018-04-30 15:20:49,154 - Episode 7700
2018-04-30 15:20:49,154 - Step 2951778
2018-04-30 15:20:50,234 - Episode reward mean: 212.223
2018-04-30 15:20:50,235 - Episode reward std: 73.802
2018-04-30 15:22:32,162 - Episode 7800
2018-04-30 15:22:32,162 - Step 2971832
2018-04-30 15:22:33,300 - Episode reward mean: 209.551
2018-04-30 15:22:33,300 - Episode reward std: 68.882
2018-04-30 15:24:24,807 - Episode 7900
2018-04-30 15:24:24,807 - Step 2993379
2018-04-30 15:24:25,940 - Episode reward mean: 220.761
2018-04-30 15:24:25,940 - Episode reward std: 54.422
2018-04-30 15:26:17,319 - Episode 8000
2018-04-30 15:26:17,319 - Step 3015074
2018-04-30 15:26:18,647 - Episode reward mean: 224.890
2018-04-30 15:26:18,647 - Episode reward std: 44.755
2018-04-30 15:26:18,647 - **Testing mode
2018-04-30 15:26:18,647 - Running for 20 episodes
2018-04-30 15:26:23,427 - (test) Average reward per episode: 230.7038127222727
2018-04-30 15:26:23,427 - Standard deviation: 17.896883536801514
2018-04-30 15:26:23,442 - Beat previous value of 218.6714149278949! Saved model to models/LL_dqn_base/LL_dqn_base.h5
2018-04-30 15:28:12,371 - Episode 8100
2018-04-30 15:28:12,371 - Step 3036368
2018-04-30 15:28:13,410 - Episode reward mean: 234.353
2018-04-30 15:28:13,411 - Episode reward std: 21.076
2018-04-30 15:29:58,326 - Episode 8200
2018-04-30 15:29:58,326 - Step 3057024
2018-04-30 15:29:59,349 - Episode reward mean: 233.341
2018-04-30 15:29:59,349 - Episode reward std: 26.573
2018-04-30 15:31:41,525 - Episode 8300
2018-04-30 15:31:41,525 - Step 3077061
2018-04-30 15:31:42,596 - Episode reward mean: 223.086
2018-04-30 15:31:42,597 - Episode reward std: 54.453
2018-04-30 15:33:37,266 - Episode 8400
2018-04-30 15:33:37,266 - Step 3099074
2018-04-30 15:33:38,300 - Episode reward mean: 225.895
2018-04-30 15:33:38,301 - Episode reward std: 47.556
2018-04-30 15:35:27,144 - Episode 8500
2018-04-30 15:35:27,144 - Step 3120196
2018-04-30 15:35:27,890 - Episode reward mean: 219.648
2018-04-30 15:35:27,891 - Episode reward std: 63.010
2018-04-30 15:35:27,891 - **Testing mode
2018-04-30 15:35:27,891 - Running for 20 episodes
2018-04-30 15:35:32,692 - (test) Average reward per episode: 227.48295905156198
2018-04-30 15:35:32,692 - Standard deviation: 52.72933589694415
2018-04-30 15:37:27,528 - Episode 8600
2018-04-30 15:37:27,528 - Step 3142418
2018-04-30 15:37:28,793 - Episode reward mean: 216.556
2018-04-30 15:37:28,793 - Episode reward std: 61.811
2018-04-30 15:39:15,818 - Episode 8700
2018-04-30 15:39:15,818 - Step 3163273
2018-04-30 15:39:16,914 - Episode reward mean: 211.947
2018-04-30 15:39:16,914 - Episode reward std: 67.094
2018-04-30 15:41:17,375 - Episode 8800
2018-04-30 15:41:17,375 - Step 3186599
2018-04-30 15:41:18,635 - Episode reward mean: 212.030
2018-04-30 15:41:18,636 - Episode reward std: 65.491
2018-04-30 15:43:13,467 - Episode 8900
2018-04-30 15:43:13,467 - Step 3208966
2018-04-30 15:43:14,481 - Episode reward mean: 222.678
2018-04-30 15:43:14,481 - Episode reward std: 51.225
2018-04-30 15:45:09,171 - Episode 9000
2018-04-30 15:45:09,171 - Step 3231236
2018-04-30 15:45:10,088 - Episode reward mean: 210.327
2018-04-30 15:45:10,088 - Episode reward std: 83.711
2018-04-30 15:45:10,088 - **Testing mode
2018-04-30 15:45:10,088 - Running for 20 episodes
2018-04-30 15:45:15,446 - (test) Average reward per episode: 202.32652230812428
2018-04-30 15:45:15,446 - Standard deviation: 66.26105905048492
2018-04-30 15:47:13,391 - Episode 9100
2018-04-30 15:47:13,391 - Step 3254336
2018-04-30 15:47:14,715 - Episode reward mean: 213.827
2018-04-30 15:47:14,715 - Episode reward std: 61.861
2018-04-30 15:49:23,652 - Episode 9200
2018-04-30 15:49:23,652 - Step 3279199
2018-04-30 15:49:24,497 - Episode reward mean: 222.379
2018-04-30 15:49:24,498 - Episode reward std: 37.660
2018-04-30 15:51:19,193 - Episode 9300
2018-04-30 15:51:19,193 - Step 3301468
2018-04-30 15:51:20,696 - Episode reward mean: 223.609
2018-04-30 15:51:20,696 - Episode reward std: 61.156
2018-04-30 15:53:13,160 - Episode 9400
2018-04-30 15:53:13,161 - Step 3323589
2018-04-30 15:53:13,949 - Episode reward mean: 224.205
2018-04-30 15:53:13,949 - Episode reward std: 50.365
2018-04-30 15:55:06,052 - Episode 9500
2018-04-30 15:55:06,053 - Step 3345212
2018-04-30 15:55:07,469 - Episode reward mean: 229.201
2018-04-30 15:55:07,469 - Episode reward std: 29.010
2018-04-30 15:55:07,470 - **Testing mode
2018-04-30 15:55:07,470 - Running for 20 episodes
2018-04-30 15:55:12,320 - (test) Average reward per episode: 232.0662912180322
2018-04-30 15:55:12,320 - Standard deviation: 21.30135910060997
2018-04-30 15:55:12,335 - Beat previous value of 230.7038127222727! Saved model to models/LL_dqn_base/LL_dqn_base.h5
2018-04-30 15:57:03,189 - Episode 9600
2018-04-30 15:57:03,190 - Step 3366972
2018-04-30 15:57:03,973 - Episode reward mean: 228.586
2018-04-30 15:57:03,973 - Episode reward std: 36.516
2018-04-30 15:58:53,470 - Episode 9700
2018-04-30 15:58:53,470 - Step 3388449
2018-04-30 15:58:54,738 - Episode reward mean: 230.681
2018-04-30 15:58:54,739 - Episode reward std: 29.179
2018-04-30 16:00:47,528 - Episode 9800
2018-04-30 16:00:47,528 - Step 3410501
2018-04-30 16:00:48,522 - Episode reward mean: 209.017
2018-04-30 16:00:48,522 - Episode reward std: 78.000
2018-04-30 16:02:37,826 - Episode 9900
2018-04-30 16:02:37,826 - Step 3431887
2018-04-30 16:02:39,003 - Episode reward mean: 204.668
2018-04-30 16:02:39,003 - Episode reward std: 76.883
2018-04-30 16:04:33,856 - Episode 10000
2018-04-30 16:04:33,857 - Step 3454255
2018-04-30 16:04:34,884 - Episode reward mean: 206.918
2018-04-30 16:04:34,884 - Episode reward std: 72.100
2018-04-30 16:04:34,884 - **Testing mode
2018-04-30 16:04:34,884 - Running for 20 episodes
2018-04-30 16:04:40,983 - (test) Average reward per episode: 202.6150173237073
2018-04-30 16:04:40,983 - Standard deviation: 79.03172065483214
2018-04-30 16:06:39,006 - Episode 10100
2018-04-30 16:06:39,006 - Step 3477075
2018-04-30 16:06:39,984 - Episode reward mean: 206.456
2018-04-30 16:06:39,984 - Episode reward std: 75.843
2018-04-30 16:08:32,853 - Episode 10200
2018-04-30 16:08:32,853 - Step 3499086
2018-04-30 16:08:33,900 - Episode reward mean: 221.728
2018-04-30 16:08:33,900 - Episode reward std: 37.825
2018-04-30 16:10:29,345 - Episode 10300
2018-04-30 16:10:29,345 - Step 3521409
2018-04-30 16:10:30,332 - Episode reward mean: 221.574
2018-04-30 16:10:30,332 - Episode reward std: 45.171
2018-04-30 16:12:24,818 - Episode 10400
2018-04-30 16:12:24,818 - Step 3543790
2018-04-30 16:12:25,747 - Episode reward mean: 212.435
2018-04-30 16:12:25,747 - Episode reward std: 57.744
2018-04-30 16:14:23,885 - Episode 10500
2018-04-30 16:14:23,885 - Step 3566580
2018-04-30 16:14:24,684 - Episode reward mean: 199.206
2018-04-30 16:14:24,684 - Episode reward std: 78.869
2018-04-30 16:14:24,685 - **Testing mode
2018-04-30 16:14:24,685 - Running for 20 episodes
2018-04-30 16:14:46,728 - (test) Average reward per episode: 141.42628341894292
2018-04-30 16:14:46,728 - Standard deviation: 87.4023872553266
2018-04-30 16:16:49,050 - Episode 10600
2018-04-30 16:16:49,050 - Step 3589993
2018-04-30 16:16:50,245 - Episode reward mean: 198.883
2018-04-30 16:16:50,245 - Episode reward std: 72.977
2018-04-30 16:18:52,458 - Episode 10700
2018-04-30 16:18:52,458 - Step 3613564
2018-04-30 16:18:53,367 - Episode reward mean: 196.916
2018-04-30 16:18:53,368 - Episode reward std: 79.326
2018-04-30 16:20:59,039 - Episode 10800
2018-04-30 16:20:59,039 - Step 3637673
2018-04-30 16:21:00,230 - Episode reward mean: 202.410
2018-04-30 16:21:00,230 - Episode reward std: 68.727
2018-04-30 16:23:05,052 - Episode 10900
2018-04-30 16:23:05,052 - Step 3661758
2018-04-30 16:23:06,136 - Episode reward mean: 194.425
2018-04-30 16:23:06,136 - Episode reward std: 93.197
2018-04-30 16:25:00,368 - Episode 11000
2018-04-30 16:25:00,368 - Step 3683798
2018-04-30 16:25:01,183 - Episode reward mean: 169.380
2018-04-30 16:25:01,183 - Episode reward std: 107.368
2018-04-30 16:25:01,183 - **Testing mode
2018-04-30 16:25:01,183 - Running for 20 episodes
2018-04-30 16:25:06,428 - (test) Average reward per episode: 212.96107021817397
2018-04-30 16:25:06,428 - Standard deviation: 54.83679307455238
2018-04-30 16:27:09,546 - Episode 11100
2018-04-30 16:27:09,547 - Step 3707326
2018-04-30 16:27:11,332 - Episode reward mean: 175.723
2018-04-30 16:27:11,332 - Episode reward std: 127.629
2018-04-30 16:29:11,530 - Episode 11200
2018-04-30 16:29:11,530 - Step 3730258
2018-04-30 16:29:12,802 - Episode reward mean: 166.370
2018-04-30 16:29:12,802 - Episode reward std: 120.176
2018-04-30 16:31:21,984 - Episode 11300
2018-04-30 16:31:21,984 - Step 3754650
2018-04-30 16:31:22,884 - Episode reward mean: 175.780
2018-04-30 16:31:22,884 - Episode reward std: 115.883
2018-04-30 16:33:39,264 - Episode 11400
2018-04-30 16:33:39,264 - Step 3779935
2018-04-30 16:33:40,514 - Episode reward mean: 162.860
2018-04-30 16:33:40,515 - Episode reward std: 129.913
2018-04-30 16:36:01,236 - Episode 11500
2018-04-30 16:36:01,237 - Step 3806252
2018-04-30 16:36:02,311 - Episode reward mean: 161.406
2018-04-30 16:36:02,312 - Episode reward std: 126.856
2018-04-30 16:36:02,312 - **Testing mode
2018-04-30 16:36:02,312 - Running for 20 episodes
2018-04-30 16:36:13,530 - (test) Average reward per episode: 103.02910953421494
2018-04-30 16:36:13,530 - Standard deviation: 155.51962259655326
2018-04-30 16:38:25,027 - Episode 11600
2018-04-30 16:38:25,027 - Step 3830874
2018-04-30 16:38:26,028 - Episode reward mean: 164.949
2018-04-30 16:38:26,028 - Episode reward std: 114.999
2018-04-30 16:40:26,053 - Episode 11700
2018-04-30 16:40:26,053 - Step 3853378
2018-04-30 16:40:31,766 - Episode reward mean: 186.459
2018-04-30 16:40:31,767 - Episode reward std: 85.332
2018-04-30 16:42:33,331 - Episode 11800
2018-04-30 16:42:33,331 - Step 3877063
2018-04-30 16:42:34,098 - Episode reward mean: 187.631
2018-04-30 16:42:34,099 - Episode reward std: 92.198
2018-04-30 16:44:30,788 - Episode 11900
2018-04-30 16:44:30,788 - Step 3898934
2018-04-30 16:44:31,862 - Episode reward mean: 178.056
2018-04-30 16:44:31,862 - Episode reward std: 106.180
2018-04-30 16:46:25,470 - Episode 12000
2018-04-30 16:46:25,470 - Step 3920436
2018-04-30 16:46:26,436 - Episode reward mean: 181.766
2018-04-30 16:46:26,436 - Episode reward std: 100.213
2018-04-30 16:46:26,436 - **Testing mode
2018-04-30 16:46:26,436 - Running for 20 episodes
2018-04-30 16:46:31,339 - (test) Average reward per episode: 196.17158158186578
2018-04-30 16:46:31,339 - Standard deviation: 69.4244705515107
2018-04-30 16:48:27,462 - Episode 12100
2018-04-30 16:48:27,462 - Step 3942286
2018-04-30 16:48:28,394 - Episode reward mean: 200.092
2018-04-30 16:48:28,394 - Episode reward std: 84.240
2018-04-30 16:50:18,824 - Episode 12200
2018-04-30 16:50:18,824 - Step 3963070
2018-04-30 16:50:19,807 - Episode reward mean: 179.925
2018-04-30 16:50:19,808 - Episode reward std: 101.456
2018-04-30 16:52:19,371 - Episode 12300
2018-04-30 16:52:19,371 - Step 3986126
2018-04-30 16:52:20,946 - Episode reward mean: 203.889
2018-04-30 16:52:20,946 - Episode reward std: 69.527
2018-04-30 16:54:28,662 - Episode 12400
2018-04-30 16:54:28,663 - Step 4008332
2018-04-30 16:54:30,005 - Episode reward mean: 175.372
2018-04-30 16:54:30,006 - Episode reward std: 99.525
2018-04-30 16:56:44,588 - Episode 12500
2018-04-30 16:56:44,588 - Step 4031129
2018-04-30 16:56:45,825 - Episode reward mean: 184.323
2018-04-30 16:56:45,825 - Episode reward std: 91.953
2018-04-30 16:56:45,826 - **Testing mode
2018-04-30 16:56:45,826 - Running for 20 episodes
2018-04-30 16:56:52,238 - (test) Average reward per episode: 206.60347621142404
2018-04-30 16:56:52,238 - Standard deviation: 60.64532789705116
2018-04-30 16:59:08,439 - Episode 12600
2018-04-30 16:59:08,439 - Step 4054372
2018-04-30 16:59:09,833 - Episode reward mean: 204.696
2018-04-30 16:59:09,833 - Episode reward std: 71.033
2018-04-30 17:01:29,243 - Episode 12700
2018-04-30 17:01:29,243 - Step 4078249
2018-04-30 17:01:30,675 - Episode reward mean: 180.858
2018-04-30 17:01:30,676 - Episode reward std: 103.855
2018-04-30 17:03:51,602 - Episode 12800
2018-04-30 17:03:51,602 - Step 4101789
2018-04-30 17:03:52,876 - Episode reward mean: 191.090
2018-04-30 17:03:52,876 - Episode reward std: 91.157
2018-04-30 17:06:24,489 - Episode 12900
2018-04-30 17:06:24,489 - Step 4127461
2018-04-30 17:06:25,450 - Episode reward mean: 190.867
2018-04-30 17:06:25,451 - Episode reward std: 104.036
2018-04-30 17:08:47,819 - Episode 13000
2018-04-30 17:08:47,819 - Step 4151153
2018-04-30 17:08:49,138 - Episode reward mean: 204.785
2018-04-30 17:08:49,138 - Episode reward std: 86.793
2018-04-30 17:08:49,138 - **Testing mode
2018-04-30 17:08:49,138 - Running for 20 episodes
2018-04-30 17:08:55,824 - (test) Average reward per episode: 182.68471533011626
2018-04-30 17:08:55,825 - Standard deviation: 122.98271192607795
2018-04-30 17:11:24,475 - Episode 13100
2018-04-30 17:11:24,475 - Step 4175858
2018-04-30 17:11:25,542 - Episode reward mean: 203.043
2018-04-30 17:11:25,542 - Episode reward std: 87.244
2018-04-30 17:13:42,726 - Episode 13200
2018-04-30 17:13:42,726 - Step 4199014
2018-04-30 17:13:43,965 - Episode reward mean: 228.663
2018-04-30 17:13:43,965 - Episode reward std: 34.914
2018-04-30 17:15:53,994 - Episode 13300
2018-04-30 17:15:53,994 - Step 4220773
2018-04-30 17:15:55,058 - Episode reward mean: 225.245
2018-04-30 17:15:55,058 - Episode reward std: 54.976
2018-04-30 17:17:56,241 - Episode 13400
2018-04-30 17:17:56,242 - Step 4241526
2018-04-30 17:17:58,051 - Episode reward mean: 218.021
2018-04-30 17:17:58,052 - Episode reward std: 70.375
2018-04-30 17:20:15,236 - Episode 13500
2018-04-30 17:20:15,236 - Step 4264971
2018-04-30 17:20:16,345 - Episode reward mean: 223.875
2018-04-30 17:20:16,346 - Episode reward std: 48.661
2018-04-30 17:20:16,346 - **Testing mode
2018-04-30 17:20:16,346 - Running for 20 episodes
2018-04-30 17:20:22,071 - (test) Average reward per episode: 232.66727174438893
2018-04-30 17:20:22,071 - Standard deviation: 17.585213845606724
2018-04-30 17:20:22,094 - Beat previous value of 232.0662912180322! Saved model to models/LL_dqn_base/LL_dqn_base.h5
2018-04-30 17:22:32,181 - Episode 13600
2018-04-30 17:22:32,181 - Step 4286961
2018-04-30 17:22:33,772 - Episode reward mean: 225.840
2018-04-30 17:22:33,772 - Episode reward std: 42.171
2018-04-30 17:24:37,411 - Episode 13700
2018-04-30 17:24:37,411 - Step 4307988
2018-04-30 17:24:39,159 - Episode reward mean: 223.706
2018-04-30 17:24:39,159 - Episode reward std: 50.716
2018-04-30 17:26:43,258 - Episode 13800
2018-04-30 17:26:43,258 - Step 4329793
2018-04-30 17:26:44,538 - Episode reward mean: 224.189
2018-04-30 17:26:44,538 - Episode reward std: 43.175
2018-04-30 17:28:53,344 - Episode 13900
2018-04-30 17:28:53,345 - Step 4352115
2018-04-30 17:28:54,714 - Episode reward mean: 220.878
2018-04-30 17:28:54,715 - Episode reward std: 55.644
2018-04-30 17:31:06,321 - Episode 14000
2018-04-30 17:31:06,321 - Step 4374732
2018-04-30 17:31:07,209 - Episode reward mean: 220.591
2018-04-30 17:31:07,209 - Episode reward std: 56.883
2018-04-30 17:31:07,209 - **Testing mode
2018-04-30 17:31:07,209 - Running for 20 episodes
2018-04-30 17:31:13,301 - (test) Average reward per episode: 239.1863840399241
2018-04-30 17:31:13,301 - Standard deviation: 16.641796845068168
2018-04-30 17:31:13,323 - Beat previous value of 232.66727174438893! Saved model to models/LL_dqn_base/LL_dqn_base.h5
2018-04-30 17:33:17,740 - Episode 14100
2018-04-30 17:33:17,741 - Step 4395903
2018-04-30 17:33:18,767 - Episode reward mean: 225.458
2018-04-30 17:33:18,767 - Episode reward std: 63.378
2018-04-30 17:35:32,864 - Episode 14200
2018-04-30 17:35:32,864 - Step 4418752
2018-04-30 17:35:34,007 - Episode reward mean: 225.044
2018-04-30 17:35:34,007 - Episode reward std: 41.372
2018-04-30 17:37:50,684 - Episode 14300
2018-04-30 17:37:50,685 - Step 4441928
2018-04-30 17:37:52,004 - Episode reward mean: 219.507
2018-04-30 17:37:52,004 - Episode reward std: 55.529
2018-04-30 17:40:01,228 - Episode 14400
2018-04-30 17:40:01,228 - Step 4463992
2018-04-30 17:40:02,472 - Episode reward mean: 212.507
2018-04-30 17:40:02,472 - Episode reward std: 67.829
2018-04-30 17:42:17,131 - Episode 14500
2018-04-30 17:42:17,131 - Step 4487244
2018-04-30 17:42:18,094 - Episode reward mean: 213.897
2018-04-30 17:42:18,094 - Episode reward std: 56.137
2018-04-30 17:42:18,094 - **Testing mode
2018-04-30 17:42:18,094 - Running for 20 episodes
2018-04-30 17:42:25,895 - (test) Average reward per episode: 214.6937230235607
2018-04-30 17:42:25,896 - Standard deviation: 27.017701370381992
2018-04-30 17:44:35,592 - Episode 14600
2018-04-30 17:44:35,592 - Step 4509211
2018-04-30 17:44:36,609 - Episode reward mean: 179.007
2018-04-30 17:44:36,609 - Episode reward std: 107.252
2018-04-30 17:46:37,483 - Episode 14700
2018-04-30 17:46:37,483 - Step 4529837
2018-04-30 17:46:38,954 - Episode reward mean: 193.165
2018-04-30 17:46:38,955 - Episode reward std: 104.200
2018-04-30 17:48:43,975 - Episode 14800
2018-04-30 17:48:43,975 - Step 4550932
2018-04-30 17:48:45,106 - Episode reward mean: 204.672
2018-04-30 17:48:45,106 - Episode reward std: 100.755
2018-04-30 17:50:44,158 - Episode 14900
2018-04-30 17:50:44,158 - Step 4571593
2018-04-30 17:50:45,322 - Episode reward mean: 203.754
2018-04-30 17:50:45,322 - Episode reward std: 106.611
2018-04-30 17:52:44,188 - Episode 15000
2018-04-30 17:52:44,188 - Step 4592315
2018-04-30 17:52:45,012 - Episode reward mean: 180.038
2018-04-30 17:52:45,012 - Episode reward std: 124.233
2018-04-30 17:52:45,012 - **Testing mode
2018-04-30 17:52:45,012 - Running for 20 episodes
2018-04-30 17:52:51,141 - (test) Average reward per episode: 191.8233728628642
2018-04-30 17:52:51,141 - Standard deviation: 100.45252856086749
2018-04-30 17:54:55,893 - Episode 15100
2018-04-30 17:54:55,893 - Step 4613492
2018-04-30 17:54:57,124 - Episode reward mean: 192.110
2018-04-30 17:54:57,124 - Episode reward std: 104.265
2018-04-30 17:57:01,493 - Episode 15200
2018-04-30 17:57:01,493 - Step 4634722
2018-04-30 17:57:02,193 - Episode reward mean: 164.583
2018-04-30 17:57:02,194 - Episode reward std: 128.745
2018-04-30 17:59:16,279 - Episode 15300
2018-04-30 17:59:16,279 - Step 4657434
2018-04-30 17:59:17,214 - Episode reward mean: 178.641
2018-04-30 17:59:17,214 - Episode reward std: 111.338
2018-04-30 18:01:13,133 - Episode 15400
2018-04-30 18:01:13,133 - Step 4677724
2018-04-30 18:01:14,108 - Episode reward mean: 198.620
2018-04-30 18:01:14,108 - Episode reward std: 109.277
2018-04-30 18:03:04,353 - Episode 15500
2018-04-30 18:03:04,353 - Step 4696877
2018-04-30 18:03:05,528 - Episode reward mean: 184.795
2018-04-30 18:03:05,528 - Episode reward std: 120.503
2018-04-30 18:03:05,528 - **Testing mode
2018-04-30 18:03:05,528 - Running for 20 episodes
2018-04-30 18:03:10,962 - (test) Average reward per episode: 153.20973320711232
2018-04-30 18:03:10,962 - Standard deviation: 149.83747304837945
2018-04-30 18:04:58,250 - Episode 15600
2018-04-30 18:04:58,250 - Step 4715198
2018-04-30 18:04:58,751 - Episode reward mean: 127.839
2018-04-30 18:04:58,752 - Episode reward std: 156.877
2018-04-30 18:06:52,098 - Episode 15700
2018-04-30 18:06:52,098 - Step 4734821
2018-04-30 18:06:53,078 - Episode reward mean: 133.370
2018-04-30 18:06:53,079 - Episode reward std: 151.060
2018-04-30 18:08:50,641 - Episode 15800
2018-04-30 18:08:50,641 - Step 4755295
2018-04-30 18:08:52,094 - Episode reward mean: 179.081
2018-04-30 18:08:52,094 - Episode reward std: 122.028
2018-04-30 18:10:42,278 - Episode 15900
2018-04-30 18:10:42,278 - Step 4774848
2018-04-30 18:10:43,293 - Episode reward mean: 171.844
2018-04-30 18:10:43,293 - Episode reward std: 127.202
2018-04-30 18:12:42,296 - Episode 16000
2018-04-30 18:12:42,296 - Step 4795477
2018-04-30 18:12:43,453 - Episode reward mean: 208.998
2018-04-30 18:12:43,453 - Episode reward std: 83.631
2018-04-30 18:12:43,453 - **Testing mode
2018-04-30 18:12:43,454 - Running for 20 episodes
2018-04-30 18:12:48,868 - (test) Average reward per episode: 189.88706360112323
2018-04-30 18:12:48,868 - Standard deviation: 118.25809502365169
2018-04-30 18:14:50,181 - Episode 16100
2018-04-30 18:14:50,181 - Step 4816388
2018-04-30 18:14:50,756 - Episode reward mean: 212.797
2018-04-30 18:14:50,757 - Episode reward std: 78.609
2018-04-30 18:17:07,748 - Episode 16200
2018-04-30 18:17:07,749 - Step 4839198
2018-04-30 18:17:08,948 - Episode reward mean: 206.659
2018-04-30 18:17:08,948 - Episode reward std: 76.329
2018-04-30 18:19:14,885 - Episode 16300
2018-04-30 18:19:14,885 - Step 4860596
2018-04-30 18:19:16,443 - Episode reward mean: 189.360
2018-04-30 18:19:16,444 - Episode reward std: 92.138
2018-04-30 18:21:50,413 - Episode 16400
2018-04-30 18:21:50,413 - Step 4886145
2018-04-30 18:21:51,677 - Episode reward mean: 216.361
2018-04-30 18:21:51,677 - Episode reward std: 52.398
2018-04-30 18:24:00,975 - Episode 16500
2018-04-30 18:24:00,975 - Step 4908369
2018-04-30 18:24:01,977 - Episode reward mean: 216.572
2018-04-30 18:24:01,977 - Episode reward std: 50.409
2018-04-30 18:24:01,977 - **Testing mode
2018-04-30 18:24:01,977 - Running for 20 episodes
2018-04-30 18:24:09,723 - (test) Average reward per episode: 222.74134704168796
2018-04-30 18:24:09,723 - Standard deviation: 27.26509262944045
2018-04-30 18:26:19,819 - Episode 16600
2018-04-30 18:26:19,819 - Step 4930670
2018-04-30 18:26:21,001 - Episode reward mean: 214.810
2018-04-30 18:26:21,002 - Episode reward std: 53.955
2018-04-30 18:27:47,450 - Saved model for rendering to models/LL_dqn_base/LL_dqn_base_1_of_3.h5
2018-04-30 18:28:29,553 - Episode 16700
2018-04-30 18:28:29,553 - Step 4952961
2018-04-30 18:28:30,617 - Episode reward mean: 205.476
2018-04-30 18:28:30,618 - Episode reward std: 66.738
2018-04-30 18:30:59,180 - Episode 16800
2018-04-30 18:30:59,180 - Step 4977812
2018-04-30 18:31:00,050 - Episode reward mean: 194.152
2018-04-30 18:31:00,050 - Episode reward std: 85.423
2018-04-30 18:33:18,958 - Episode 16900
2018-04-30 18:33:18,958 - Step 5001923
2018-04-30 18:33:20,433 - Episode reward mean: 185.260
2018-04-30 18:33:20,433 - Episode reward std: 101.193
2018-04-30 18:35:29,270 - Episode 17000
2018-04-30 18:35:29,271 - Step 5024541
2018-04-30 18:35:30,567 - Episode reward mean: 190.716
2018-04-30 18:35:30,567 - Episode reward std: 96.589
2018-04-30 18:35:30,567 - **Testing mode
2018-04-30 18:35:30,567 - Running for 20 episodes
2018-04-30 18:35:36,804 - (test) Average reward per episode: 203.5785802383518
2018-04-30 18:35:36,804 - Standard deviation: 75.14067221920286
2018-04-30 18:37:50,352 - Episode 17100
2018-04-30 18:37:50,352 - Step 5047579
2018-04-30 18:37:51,291 - Episode reward mean: 219.543
2018-04-30 18:37:51,291 - Episode reward std: 44.610
2018-04-30 18:39:59,883 - Episode 17200
2018-04-30 18:39:59,883 - Step 5069941
2018-04-30 18:40:01,162 - Episode reward mean: 214.096
2018-04-30 18:40:01,163 - Episode reward std: 58.109
2018-04-30 18:42:20,142 - Episode 17300
2018-04-30 18:42:20,143 - Step 5093610
2018-04-30 18:42:21,146 - Episode reward mean: 216.871
2018-04-30 18:42:21,147 - Episode reward std: 47.941
2018-04-30 18:44:39,931 - Episode 17400
2018-04-30 18:44:39,931 - Step 5117414
2018-04-30 18:44:41,068 - Episode reward mean: 226.994
2018-04-30 18:44:41,068 - Episode reward std: 27.702
2018-04-30 18:46:54,732 - Episode 17500
2018-04-30 18:46:54,732 - Step 5140190
2018-04-30 18:46:55,651 - Episode reward mean: 197.032
2018-04-30 18:46:55,651 - Episode reward std: 78.813
2018-04-30 18:46:55,651 - **Testing mode
2018-04-30 18:46:55,651 - Running for 20 episodes
2018-04-30 18:47:03,594 - (test) Average reward per episode: 186.05926583328542
2018-04-30 18:47:03,594 - Standard deviation: 93.26136943273508
2018-04-30 18:49:04,712 - Episode 17600
2018-04-30 18:49:04,712 - Step 5160971
2018-04-30 18:49:05,717 - Episode reward mean: 188.578
2018-04-30 18:49:05,717 - Episode reward std: 97.209
2018-04-30 18:51:04,162 - Episode 17700
2018-04-30 18:51:04,162 - Step 5181521
2018-04-30 18:51:05,420 - Episode reward mean: 171.859
2018-04-30 18:51:05,420 - Episode reward std: 111.459
2018-04-30 18:53:08,674 - Episode 17800
2018-04-30 18:53:08,674 - Step 5202869
2018-04-30 18:53:09,692 - Episode reward mean: 176.017
2018-04-30 18:53:09,693 - Episode reward std: 108.572
2018-04-30 18:55:15,433 - Episode 17900
2018-04-30 18:55:15,433 - Step 5224392
2018-04-30 18:55:16,581 - Episode reward mean: 190.602
2018-04-30 18:55:16,581 - Episode reward std: 99.697
2018-04-30 18:57:38,303 - Episode 18000
2018-04-30 18:57:38,303 - Step 5248249
2018-04-30 18:57:39,865 - Episode reward mean: 180.210
2018-04-30 18:57:39,866 - Episode reward std: 104.176
2018-04-30 18:57:39,866 - **Testing mode
2018-04-30 18:57:39,866 - Running for 20 episodes
2018-04-30 18:57:46,093 - (test) Average reward per episode: 157.46793686874324
2018-04-30 18:57:46,093 - Standard deviation: 138.51163298159454
2018-04-30 19:00:13,466 - Episode 18100
2018-04-30 19:00:13,466 - Step 5272608
2018-04-30 19:00:14,322 - Episode reward mean: 169.893
2018-04-30 19:00:14,322 - Episode reward std: 111.225
2018-04-30 19:02:41,081 - Episode 18200
2018-04-30 19:02:41,082 - Step 5297113
2018-04-30 19:02:42,794 - Episode reward mean: 168.106
2018-04-30 19:02:42,794 - Episode reward std: 123.409
2018-04-30 19:05:13,727 - Episode 18300
2018-04-30 19:05:13,728 - Step 5322304
2018-04-30 19:05:15,161 - Episode reward mean: 191.506
2018-04-30 19:05:15,161 - Episode reward std: 107.001
2018-04-30 19:07:42,199 - Episode 18400
2018-04-30 19:07:42,199 - Step 5347110
2018-04-30 19:07:43,242 - Episode reward mean: 202.274
2018-04-30 19:07:43,242 - Episode reward std: 77.955
2018-04-30 19:09:50,011 - Episode 18500
2018-04-30 19:09:50,011 - Step 5368919
2018-04-30 19:09:51,173 - Episode reward mean: 202.135
2018-04-30 19:09:51,173 - Episode reward std: 94.386
2018-04-30 19:09:51,173 - **Testing mode
2018-04-30 19:09:51,173 - Running for 20 episodes
2018-04-30 19:09:56,805 - (test) Average reward per episode: 236.6095860812115
2018-04-30 19:09:56,806 - Standard deviation: 10.996967851037144
2018-04-30 19:12:09,178 - Episode 18600
2018-04-30 19:12:09,178 - Step 5391179
2018-04-30 19:12:10,200 - Episode reward mean: 217.869
2018-04-30 19:12:10,200 - Episode reward std: 67.153
2018-04-30 19:14:08,051 - Episode 18700
2018-04-30 19:14:08,052 - Step 5411378
2018-04-30 19:14:09,600 - Episode reward mean: 201.196
2018-04-30 19:14:09,601 - Episode reward std: 91.207
2018-04-30 19:16:18,215 - Episode 18800
2018-04-30 19:16:18,215 - Step 5433396
2018-04-30 19:16:19,259 - Episode reward mean: 223.352
2018-04-30 19:16:19,259 - Episode reward std: 42.990
2018-04-30 19:18:10,534 - Episode 18900
2018-04-30 19:18:10,534 - Step 5452440
2018-04-30 19:18:11,465 - Episode reward mean: 213.028
2018-04-30 19:18:11,465 - Episode reward std: 68.691
2018-04-30 19:20:19,856 - Episode 19000
2018-04-30 19:20:19,857 - Step 5473902
2018-04-30 19:20:22,606 - Episode reward mean: 217.119
2018-04-30 19:20:22,606 - Episode reward std: 57.403
2018-04-30 19:20:22,606 - **Testing mode
2018-04-30 19:20:22,607 - Running for 20 episodes
2018-04-30 19:20:33,549 - (test) Average reward per episode: 216.94041399459996
2018-04-30 19:20:33,549 - Standard deviation: 40.70746921982178
2018-04-30 19:22:34,656 - Episode 19100
2018-04-30 19:22:34,656 - Step 5494861
2018-04-30 19:22:35,933 - Episode reward mean: 228.257
2018-04-30 19:22:35,933 - Episode reward std: 36.353
2018-04-30 19:24:28,254 - Episode 19200
2018-04-30 19:24:28,254 - Step 5513971
2018-04-30 19:24:29,084 - Episode reward mean: 220.612
2018-04-30 19:24:29,084 - Episode reward std: 64.555
2018-04-30 19:26:23,269 - Episode 19300
2018-04-30 19:26:23,269 - Step 5533302
2018-04-30 19:26:24,237 - Episode reward mean: 218.437
2018-04-30 19:26:24,237 - Episode reward std: 56.438
2018-04-30 19:28:23,501 - Episode 19400
2018-04-30 19:28:23,501 - Step 5553565
2018-04-30 19:28:24,304 - Episode reward mean: 209.564
2018-04-30 19:28:24,304 - Episode reward std: 70.435
2018-04-30 19:30:28,501 - Episode 19500
2018-04-30 19:30:28,501 - Step 5574375
2018-04-30 19:30:29,569 - Episode reward mean: 197.755
2018-04-30 19:30:29,569 - Episode reward std: 79.720
2018-04-30 19:30:29,569 - **Testing mode
2018-04-30 19:30:29,569 - Running for 20 episodes
2018-04-30 19:30:36,850 - (test) Average reward per episode: 198.26485947364802
2018-04-30 19:30:36,850 - Standard deviation: 72.66481011824696
2018-04-30 19:32:45,261 - Episode 19600
2018-04-30 19:32:45,262 - Step 5596146
2018-04-30 19:32:46,359 - Episode reward mean: 211.405
2018-04-30 19:32:46,359 - Episode reward std: 74.206
2018-04-30 19:34:40,064 - Episode 19700
2018-04-30 19:34:40,065 - Step 5615708
2018-04-30 19:34:41,415 - Episode reward mean: 214.411
2018-04-30 19:34:41,415 - Episode reward std: 66.984
2018-04-30 19:36:31,225 - Episode 19800
2018-04-30 19:36:31,225 - Step 5634484
2018-04-30 19:36:32,150 - Episode reward mean: 222.087
2018-04-30 19:36:32,150 - Episode reward std: 51.506
2018-04-30 19:38:30,848 - Episode 19900
2018-04-30 19:38:30,848 - Step 5654754
2018-04-30 19:38:31,837 - Episode reward mean: 224.916
2018-04-30 19:38:31,838 - Episode reward std: 45.728
2018-04-30 19:40:39,718 - Episode 20000
2018-04-30 19:40:39,719 - Step 5676332
2018-04-30 19:40:40,665 - Episode reward mean: 221.605
2018-04-30 19:40:40,665 - Episode reward std: 54.023
2018-04-30 19:40:40,665 - **Testing mode
2018-04-30 19:40:40,665 - Running for 20 episodes
2018-04-30 19:40:48,856 - (test) Average reward per episode: 184.7645552507539
2018-04-30 19:40:48,856 - Standard deviation: 136.68352527678326
2018-04-30 19:42:50,461 - Episode 20100
2018-04-30 19:42:50,461 - Step 5697122
2018-04-30 19:42:55,803 - Episode reward mean: 226.800
2018-04-30 19:42:55,803 - Episode reward std: 39.586
2018-04-30 19:44:56,638 - Episode 20200
2018-04-30 19:44:56,638 - Step 5718620
2018-04-30 19:44:58,737 - Episode reward mean: 223.482
2018-04-30 19:44:58,737 - Episode reward std: 42.244
2018-04-30 19:47:01,825 - Episode 20300
2018-04-30 19:47:01,825 - Step 5739595
2018-04-30 19:47:03,117 - Episode reward mean: 223.259
2018-04-30 19:47:03,117 - Episode reward std: 52.588
2018-04-30 19:49:00,457 - Episode 20400
2018-04-30 19:49:00,457 - Step 5759679
2018-04-30 19:49:01,399 - Episode reward mean: 199.319
2018-04-30 19:49:01,400 - Episode reward std: 109.896
2018-04-30 19:51:00,762 - Episode 20500
2018-04-30 19:51:00,762 - Step 5780015
2018-04-30 19:51:01,500 - Episode reward mean: 183.567
2018-04-30 19:51:01,500 - Episode reward std: 116.715
2018-04-30 19:51:01,500 - **Testing mode
2018-04-30 19:51:01,500 - Running for 20 episodes
2018-04-30 19:51:10,049 - (test) Average reward per episode: 182.0751205252445
2018-04-30 19:51:10,049 - Standard deviation: 94.38066809297041
2018-04-30 19:53:13,031 - Episode 20600
2018-04-30 19:53:13,032 - Step 5801297
2018-04-30 19:53:14,042 - Episode reward mean: 178.840
2018-04-30 19:53:14,042 - Episode reward std: 114.123
2018-04-30 19:55:12,009 - Episode 20700
2018-04-30 19:55:12,009 - Step 5821550
2018-04-30 19:55:14,160 - Episode reward mean: 180.087
2018-04-30 19:55:14,160 - Episode reward std: 113.555
2018-04-30 19:57:22,308 - Episode 20800
2018-04-30 19:57:22,308 - Step 5843269
2018-04-30 19:57:23,291 - Episode reward mean: 206.125
2018-04-30 19:57:23,292 - Episode reward std: 83.427
2018-04-30 19:59:17,217 - Episode 20900
2018-04-30 19:59:17,217 - Step 5863088
2018-04-30 19:59:18,460 - Episode reward mean: 224.023
2018-04-30 19:59:18,461 - Episode reward std: 61.745
2018-04-30 20:01:09,469 - Episode 21000
2018-04-30 20:01:09,469 - Step 5882677
2018-04-30 20:01:10,818 - Episode reward mean: 223.667
2018-04-30 20:01:10,818 - Episode reward std: 55.942
2018-04-30 20:01:10,818 - **Testing mode
2018-04-30 20:01:10,818 - Running for 20 episodes
2018-04-30 20:01:17,172 - (test) Average reward per episode: 223.50748601088662
2018-04-30 20:01:17,172 - Standard deviation: 19.464826705554277
2018-04-30 20:03:08,420 - Episode 21100
2018-04-30 20:03:08,421 - Step 5902494
2018-04-30 20:03:09,076 - Episode reward mean: 202.530
2018-04-30 20:03:09,076 - Episode reward std: 85.206
2018-04-30 20:05:18,170 - Episode 21200
2018-04-30 20:05:18,170 - Step 5924868
2018-04-30 20:05:19,096 - Episode reward mean: 210.475
2018-04-30 20:05:19,096 - Episode reward std: 72.409
2018-04-30 20:07:17,531 - Episode 21300
2018-04-30 20:07:17,531 - Step 5945200
2018-04-30 20:07:18,900 - Episode reward mean: 215.580
2018-04-30 20:07:18,900 - Episode reward std: 61.985
2018-04-30 20:09:19,587 - Episode 21400
2018-04-30 20:09:19,587 - Step 5966674
2018-04-30 20:09:20,741 - Episode reward mean: 209.806
2018-04-30 20:09:20,742 - Episode reward std: 72.957
2018-04-30 20:11:20,676 - Episode 21500
2018-04-30 20:11:20,676 - Step 5987089
2018-04-30 20:11:22,127 - Episode reward mean: 206.774
2018-04-30 20:11:22,128 - Episode reward std: 71.569
2018-04-30 20:11:22,128 - **Testing mode
2018-04-30 20:11:22,128 - Running for 20 episodes
2018-04-30 20:11:29,259 - (test) Average reward per episode: 218.33426712709925
2018-04-30 20:11:29,259 - Standard deviation: 59.753446485537154
2018-04-30 20:13:19,732 - Episode 21600
2018-04-30 20:13:19,732 - Step 6006376
2018-04-30 20:13:20,891 - Episode reward mean: 198.052
2018-04-30 20:13:20,892 - Episode reward std: 80.793
2018-04-30 20:15:30,803 - Episode 21700
2018-04-30 20:15:30,803 - Step 6028729
2018-04-30 20:15:31,953 - Episode reward mean: 220.950
2018-04-30 20:15:31,954 - Episode reward std: 51.630
2018-04-30 20:17:33,055 - Episode 21800
2018-04-30 20:17:33,056 - Step 6049632
2018-04-30 20:17:33,855 - Episode reward mean: 219.677
2018-04-30 20:17:33,855 - Episode reward std: 41.492
2018-04-30 20:19:57,025 - Episode 21900
2018-04-30 20:19:57,026 - Step 6074103
2018-04-30 20:19:58,233 - Episode reward mean: 217.702
2018-04-30 20:19:58,234 - Episode reward std: 63.777
2018-04-30 20:21:53,385 - Episode 22000
2018-04-30 20:21:53,385 - Step 6093986
2018-04-30 20:21:54,676 - Episode reward mean: 227.527
2018-04-30 20:21:54,677 - Episode reward std: 36.633
2018-04-30 20:21:54,677 - **Testing mode
2018-04-30 20:21:54,677 - Running for 20 episodes
2018-04-30 20:22:00,007 - (test) Average reward per episode: 234.05797016931197
2018-04-30 20:22:00,007 - Standard deviation: 16.795125695660957
2018-04-30 20:23:55,360 - Episode 22100
2018-04-30 20:23:55,361 - Step 6113988
2018-04-30 20:23:56,460 - Episode reward mean: 217.551
2018-04-30 20:23:56,461 - Episode reward std: 54.572
2018-04-30 20:25:52,634 - Episode 22200
2018-04-30 20:25:52,634 - Step 6134160
2018-04-30 20:25:54,955 - Episode reward mean: 229.378
2018-04-30 20:25:54,956 - Episode reward std: 34.245
2018-04-30 20:27:49,854 - Episode 22300
2018-04-30 20:27:49,854 - Step 6154484
2018-04-30 20:27:51,096 - Episode reward mean: 211.466
2018-04-30 20:27:51,096 - Episode reward std: 136.801
2018-04-30 20:29:59,739 - Episode 22400
2018-04-30 20:29:59,739 - Step 6176334
2018-04-30 20:30:00,539 - Episode reward mean: 221.770
2018-04-30 20:30:00,539 - Episode reward std: 56.208
2018-04-30 20:31:57,150 - Episode 22500
2018-04-30 20:31:57,150 - Step 6196159
2018-04-30 20:31:58,654 - Episode reward mean: 228.600
2018-04-30 20:31:58,654 - Episode reward std: 26.630
2018-04-30 20:31:58,654 - **Testing mode
2018-04-30 20:31:58,654 - Running for 20 episodes
2018-04-30 20:32:08,072 - (test) Average reward per episode: 221.57800044759247
2018-04-30 20:32:08,072 - Standard deviation: 32.314820237894445
2018-04-30 20:34:10,577 - Episode 22600
2018-04-30 20:34:10,577 - Step 6217158
2018-04-30 20:34:11,898 - Episode reward mean: 223.849
2018-04-30 20:34:11,898 - Episode reward std: 36.538
2018-04-30 20:36:07,376 - Episode 22700
2018-04-30 20:36:07,376 - Step 6237530
2018-04-30 20:36:08,423 - Episode reward mean: 226.106
2018-04-30 20:36:08,423 - Episode reward std: 33.713
2018-04-30 20:38:16,019 - Episode 22800
2018-04-30 20:38:16,020 - Step 6259807
2018-04-30 20:38:16,840 - Episode reward mean: 209.844
2018-04-30 20:38:16,840 - Episode reward std: 71.305
2018-04-30 20:40:11,626 - Episode 22900
2018-04-30 20:40:11,626 - Step 6279538
2018-04-30 20:40:16,311 - Episode reward mean: 181.698
2018-04-30 20:40:16,312 - Episode reward std: 111.756
2018-04-30 20:42:12,898 - Episode 23000
2018-04-30 20:42:12,898 - Step 6300200
2018-04-30 20:42:14,169 - Episode reward mean: 134.535
2018-04-30 20:42:14,169 - Episode reward std: 183.376
2018-04-30 20:42:14,170 - **Testing mode
2018-04-30 20:42:14,170 - Running for 20 episodes
2018-04-30 20:42:19,276 - (test) Average reward per episode: 155.33394109601812
2018-04-30 20:42:19,276 - Standard deviation: 202.60684101409362
2018-04-30 20:44:14,284 - Episode 23100
2018-04-30 20:44:14,285 - Step 6320055
2018-04-30 20:44:15,241 - Episode reward mean: 173.122
2018-04-30 20:44:15,241 - Episode reward std: 142.872
2018-04-30 20:46:10,571 - Episode 23200
2018-04-30 20:46:10,571 - Step 6340028
2018-04-30 20:46:11,374 - Episode reward mean: 158.981
2018-04-30 20:46:11,374 - Episode reward std: 141.008
2018-04-30 20:48:06,212 - Episode 23300
2018-04-30 20:48:06,212 - Step 6360031
2018-04-30 20:48:07,657 - Episode reward mean: 167.590
2018-04-30 20:48:07,657 - Episode reward std: 134.227
2018-04-30 20:50:05,868 - Episode 23400
2018-04-30 20:50:05,868 - Step 6380406
2018-04-30 20:50:07,128 - Episode reward mean: 179.814
2018-04-30 20:50:07,129 - Episode reward std: 115.271
2018-04-30 20:52:08,466 - Episode 23500
2018-04-30 20:52:08,466 - Step 6401452
2018-04-30 20:52:09,481 - Episode reward mean: 204.472
2018-04-30 20:52:09,481 - Episode reward std: 74.458
2018-04-30 20:52:09,481 - **Testing mode
2018-04-30 20:52:09,481 - Running for 20 episodes
2018-04-30 20:52:15,514 - (test) Average reward per episode: 242.172088179255
2018-04-30 20:52:15,515 - Standard deviation: 16.11769240743381
2018-04-30 20:52:15,537 - Beat previous value of 239.1863840399241! Saved model to models/LL_dqn_base/LL_dqn_base.h5
2018-04-30 20:54:32,897 - Episode 23600
2018-04-30 20:54:32,897 - Step 6424484
2018-04-30 20:54:33,822 - Episode reward mean: 211.529
2018-04-30 20:54:33,822 - Episode reward std: 66.363
2018-04-30 20:56:57,557 - Episode 23700
2018-04-30 20:56:57,557 - Step 6448815
2018-04-30 20:56:58,774 - Episode reward mean: 222.250
2018-04-30 20:56:58,774 - Episode reward std: 55.395
2018-04-30 20:59:14,224 - Episode 23800
2018-04-30 20:59:14,224 - Step 6471941
2018-04-30 20:59:15,061 - Episode reward mean: 213.153
2018-04-30 20:59:15,062 - Episode reward std: 66.039
2018-04-30 21:01:19,245 - Episode 23900
2018-04-30 21:01:19,245 - Step 6493178
2018-04-30 21:01:20,508 - Episode reward mean: 218.780
2018-04-30 21:01:20,509 - Episode reward std: 61.974
2018-04-30 21:03:37,500 - Episode 24000
2018-04-30 21:03:37,501 - Step 6516380
2018-04-30 21:03:38,757 - Episode reward mean: 230.514
2018-04-30 21:03:38,757 - Episode reward std: 24.640
2018-04-30 21:03:38,757 - **Testing mode
2018-04-30 21:03:38,757 - Running for 20 episodes
2018-04-30 21:03:46,647 - (test) Average reward per episode: 226.34895784980046
2018-04-30 21:03:46,647 - Standard deviation: 30.497010659552117
2018-04-30 21:06:14,151 - Episode 24100
2018-04-30 21:06:14,151 - Step 6541245
2018-04-30 21:06:14,850 - Episode reward mean: 212.250
2018-04-30 21:06:14,850 - Episode reward std: 63.847
2018-04-30 21:08:51,662 - Episode 24200
2018-04-30 21:08:51,662 - Step 6567164
2018-04-30 21:08:53,069 - Episode reward mean: 203.034
2018-04-30 21:08:53,069 - Episode reward std: 68.645
2018-04-30 21:11:16,255 - Episode 24300
2018-04-30 21:11:16,255 - Step 6591569
2018-04-30 21:11:18,211 - Episode reward mean: 206.838
2018-04-30 21:11:18,211 - Episode reward std: 67.111
2018-04-30 21:13:43,121 - Episode 24400
2018-04-30 21:13:43,121 - Step 6616446
2018-04-30 21:13:44,523 - Episode reward mean: 205.523
2018-04-30 21:13:44,524 - Episode reward std: 63.609
2018-04-30 21:16:20,485 - Episode 24500
2018-04-30 21:16:20,485 - Step 6642964
2018-04-30 21:16:21,424 - Episode reward mean: 169.741
2018-04-30 21:16:21,424 - Episode reward std: 95.396
2018-04-30 21:16:21,424 - **Testing mode
2018-04-30 21:16:21,424 - Running for 20 episodes
2018-04-30 21:16:42,318 - (test) Average reward per episode: 125.35143384488723
2018-04-30 21:16:42,318 - Standard deviation: 90.84369483358944
2018-04-30 21:18:49,087 - Episode 24600
2018-04-30 21:18:49,087 - Step 6664712
2018-04-30 21:18:50,412 - Episode reward mean: 145.199
2018-04-30 21:18:50,412 - Episode reward std: 108.848
2018-04-30 21:20:56,720 - Episode 24700
2018-04-30 21:20:56,720 - Step 6686511
2018-04-30 21:20:58,133 - Episode reward mean: 127.617
2018-04-30 21:20:58,133 - Episode reward std: 120.084
2018-04-30 21:23:26,462 - Episode 24800
2018-04-30 21:23:26,463 - Step 6711853
2018-04-30 21:23:28,196 - Episode reward mean: 189.657
2018-04-30 21:23:28,196 - Episode reward std: 77.405
2018-04-30 21:26:10,161 - Episode 24900
2018-04-30 21:26:10,161 - Step 6738890
2018-04-30 21:26:11,412 - Episode reward mean: 210.250
2018-04-30 21:26:11,412 - Episode reward std: 49.898
2018-04-30 21:29:05,767 - Episode 25000
2018-04-30 21:29:05,767 - Step 6768113
2018-04-30 21:29:07,724 - Episode reward mean: 208.618
2018-04-30 21:29:07,724 - Episode reward std: 56.250
2018-04-30 21:29:07,724 - **Testing mode
2018-04-30 21:29:07,724 - Running for 20 episodes
2018-04-30 21:29:22,989 - (test) Average reward per episode: 199.28516255957018
2018-04-30 21:29:22,989 - Standard deviation: 45.024779891957614
2018-04-30 21:32:12,751 - Episode 25100
2018-04-30 21:32:12,751 - Step 6796452
2018-04-30 21:32:14,407 - Episode reward mean: 223.872
2018-04-30 21:32:14,407 - Episode reward std: 21.021
2018-04-30 21:34:37,524 - Episode 25200
2018-04-30 21:34:37,524 - Step 6821057
2018-04-30 21:34:38,566 - Episode reward mean: 225.631
2018-04-30 21:34:38,566 - Episode reward std: 32.535
2018-04-30 21:36:48,858 - Episode 25300
2018-04-30 21:36:48,858 - Step 6843794
2018-04-30 21:36:51,397 - Episode reward mean: 212.645
2018-04-30 21:36:51,398 - Episode reward std: 61.498
2018-04-30 21:38:52,325 - Episode 25400
2018-04-30 21:38:52,325 - Step 6865155
2018-04-30 21:38:53,578 - Episode reward mean: 159.006
2018-04-30 21:38:53,578 - Episode reward std: 142.136
2018-04-30 21:40:53,720 - Episode 25500
2018-04-30 21:40:53,720 - Step 6885836
2018-04-30 21:40:54,351 - Episode reward mean: 113.922
2018-04-30 21:40:54,351 - Episode reward std: 126.300
2018-04-30 21:40:54,352 - **Testing mode
2018-04-30 21:40:54,352 - Running for 20 episodes
2018-04-30 21:40:59,530 - (test) Average reward per episode: 112.41490487007657
2018-04-30 21:40:59,530 - Standard deviation: 136.58956298192948
2018-04-30 21:42:37,025 - Episode 25600
2018-04-30 21:42:37,025 - Step 6903127
2018-04-30 21:42:38,298 - Episode reward mean: 65.361
2018-04-30 21:42:38,299 - Episode reward std: 143.812
2018-04-30 21:45:11,099 - Episode 25700
2018-04-30 21:45:11,100 - Step 6928716
2018-04-30 21:45:12,748 - Episode reward mean: 174.578
2018-04-30 21:45:12,748 - Episode reward std: 102.502
2018-04-30 21:48:15,457 - Episode 25800
2018-04-30 21:48:15,457 - Step 6959137
2018-04-30 21:48:16,393 - Episode reward mean: 192.595
2018-04-30 21:48:16,393 - Episode reward std: 88.281
2018-04-30 21:51:11,684 - Episode 25900
2018-04-30 21:51:11,684 - Step 6988542
2018-04-30 21:51:12,867 - Episode reward mean: 193.657
2018-04-30 21:51:12,867 - Episode reward std: 75.058
2018-04-30 21:53:24,829 - Episode 26000
2018-04-30 21:53:24,829 - Step 7011521
2018-04-30 21:53:25,906 - Episode reward mean: 193.927
2018-04-30 21:53:25,906 - Episode reward std: 92.071
2018-04-30 21:53:25,906 - **Testing mode
2018-04-30 21:53:25,906 - Running for 20 episodes
2018-04-30 21:53:33,058 - (test) Average reward per episode: 208.25719619002228
2018-04-30 21:53:33,058 - Standard deviation: 48.91784326756634
2018-04-30 21:55:42,187 - Episode 26100
2018-04-30 21:55:42,187 - Step 7034118
2018-04-30 21:55:43,357 - Episode reward mean: 171.326
2018-04-30 21:55:43,357 - Episode reward std: 143.735
2018-04-30 21:57:56,277 - Episode 26200
2018-04-30 21:57:56,278 - Step 7057254
2018-04-30 21:57:57,262 - Episode reward mean: 201.951
2018-04-30 21:57:57,262 - Episode reward std: 90.165
2018-04-30 22:00:05,867 - Episode 26300
2018-04-30 22:00:05,868 - Step 7079130
2018-04-30 22:00:06,844 - Episode reward mean: 188.925
2018-04-30 22:00:06,844 - Episode reward std: 117.794
2018-04-30 22:02:11,499 - Episode 26400
2018-04-30 22:02:11,500 - Step 7101258
2018-04-30 22:02:12,439 - Episode reward mean: 204.245
2018-04-30 22:02:12,440 - Episode reward std: 100.073
2018-04-30 22:04:05,410 - Episode 26500
2018-04-30 22:04:05,410 - Step 7121296
2018-04-30 22:04:06,455 - Episode reward mean: 198.385
2018-04-30 22:04:06,455 - Episode reward std: 116.405
2018-04-30 22:04:06,455 - **Testing mode
2018-04-30 22:04:06,455 - Running for 20 episodes
2018-04-30 22:04:11,728 - (test) Average reward per episode: 183.22283277325755
2018-04-30 22:04:11,728 - Standard deviation: 112.71832429113574
2018-04-30 22:06:09,178 - Episode 26600
2018-04-30 22:06:09,178 - Step 7141980
2018-04-30 22:06:10,353 - Episode reward mean: 204.642
2018-04-30 22:06:10,353 - Episode reward std: 106.343
2018-04-30 22:08:06,484 - Episode 26700
2018-04-30 22:08:06,484 - Step 7162498
2018-04-30 22:08:07,449 - Episode reward mean: 208.737
2018-04-30 22:08:07,449 - Episode reward std: 85.083
2018-04-30 22:10:02,547 - Episode 26800
2018-04-30 22:10:02,548 - Step 7182974
2018-04-30 22:10:03,676 - Episode reward mean: 231.933
2018-04-30 22:10:03,676 - Episode reward std: 42.735
2018-04-30 22:12:07,797 - Episode 26900
2018-04-30 22:12:07,797 - Step 7204697
2018-04-30 22:12:08,984 - Episode reward mean: 232.908
2018-04-30 22:12:08,985 - Episode reward std: 39.051
2018-04-30 22:14:12,172 - Episode 27000
2018-04-30 22:14:12,172 - Step 7226746
2018-04-30 22:14:13,597 - Episode reward mean: 229.479
2018-04-30 22:14:13,598 - Episode reward std: 42.463
2018-04-30 22:14:13,598 - **Testing mode
2018-04-30 22:14:13,598 - Running for 20 episodes
2018-04-30 22:14:25,860 - (test) Average reward per episode: 222.36700232712178
2018-04-30 22:14:25,860 - Standard deviation: 41.17526218241402
2018-04-30 22:16:42,944 - Episode 27100
2018-04-30 22:16:42,945 - Step 7250627
2018-04-30 22:16:44,109 - Episode reward mean: 232.987
2018-04-30 22:16:44,109 - Episode reward std: 33.692
2018-04-30 22:18:47,699 - Episode 27200
2018-04-30 22:18:47,699 - Step 7272351
2018-04-30 22:18:48,615 - Episode reward mean: 229.393
2018-04-30 22:18:48,615 - Episode reward std: 32.679
2018-04-30 22:21:00,872 - Episode 27300
2018-04-30 22:21:00,873 - Step 7295356
2018-04-30 22:21:01,979 - Episode reward mean: 224.621
2018-04-30 22:21:01,979 - Episode reward std: 43.243
2018-04-30 22:23:14,984 - Episode 27400
2018-04-30 22:23:14,984 - Step 7318600
2018-04-30 22:23:16,380 - Episode reward mean: 225.138
2018-04-30 22:23:16,381 - Episode reward std: 62.262
2018-04-30 22:25:20,057 - Episode 27500
2018-04-30 22:25:20,057 - Step 7340283
2018-04-30 22:25:21,173 - Episode reward mean: 229.435
2018-04-30 22:25:21,173 - Episode reward std: 34.269
2018-04-30 22:25:21,173 - **Testing mode
2018-04-30 22:25:21,173 - Running for 20 episodes
2018-04-30 22:25:27,514 - (test) Average reward per episode: 235.23548988180087
2018-04-30 22:25:27,514 - Standard deviation: 18.20720685071058
2018-04-30 22:27:24,045 - Episode 27600
2018-04-30 22:27:24,045 - Step 7360942
2018-04-30 22:27:27,644 - Episode reward mean: 194.451
2018-04-30 22:27:27,644 - Episode reward std: 227.343
2018-04-30 22:29:24,827 - Episode 27700
2018-04-30 22:29:24,827 - Step 7381960
2018-04-30 22:29:25,766 - Episode reward mean: 228.117
2018-04-30 22:29:25,766 - Episode reward std: 40.707
2018-04-30 22:31:22,491 - Episode 27800
2018-04-30 22:31:22,491 - Step 7402870
2018-04-30 22:31:23,848 - Episode reward mean: 230.902
2018-04-30 22:31:23,848 - Episode reward std: 35.285
2018-04-30 22:33:31,717 - Episode 27900
2018-04-30 22:33:31,718 - Step 7425344
2018-04-30 22:33:32,804 - Episode reward mean: 218.124
2018-04-30 22:33:32,804 - Episode reward std: 63.814
2018-04-30 22:35:42,844 - Episode 28000
2018-04-30 22:35:42,844 - Step 7447732
2018-04-30 22:35:44,015 - Episode reward mean: 204.611
2018-04-30 22:35:44,016 - Episode reward std: 87.461
2018-04-30 22:35:44,016 - **Testing mode
2018-04-30 22:35:44,016 - Running for 20 episodes
2018-04-30 22:35:49,979 - (test) Average reward per episode: 231.9411311053566
2018-04-30 22:35:49,979 - Standard deviation: 18.880784240228845
2018-04-30 22:37:50,047 - Episode 28100
2018-04-30 22:37:50,047 - Step 7469142
2018-04-30 22:37:51,290 - Episode reward mean: 220.033
2018-04-30 22:37:51,290 - Episode reward std: 58.831
2018-04-30 22:40:09,842 - Episode 28200
2018-04-30 22:40:09,842 - Step 7493207
2018-04-30 22:40:10,875 - Episode reward mean: 225.285
2018-04-30 22:40:10,875 - Episode reward std: 39.499
2018-04-30 22:42:17,002 - Episode 28300
2018-04-30 22:42:17,002 - Step 7515677
2018-04-30 22:42:18,034 - Episode reward mean: 216.082
2018-04-30 22:42:18,035 - Episode reward std: 70.018
2018-04-30 22:44:43,788 - Episode 28400
2018-04-30 22:44:43,788 - Step 7540653
2018-04-30 22:44:44,894 - Episode reward mean: 210.558
2018-04-30 22:44:44,895 - Episode reward std: 63.997
2018-04-30 22:46:46,529 - Episode 28500
2018-04-30 22:46:46,529 - Step 7562526
2018-04-30 22:46:47,695 - Episode reward mean: 227.642
2018-04-30 22:46:47,695 - Episode reward std: 36.496
2018-04-30 22:46:47,695 - **Testing mode
2018-04-30 22:46:47,695 - Running for 20 episodes
2018-04-30 22:46:53,971 - (test) Average reward per episode: 229.2164459808022
2018-04-30 22:46:53,971 - Standard deviation: 12.926777454382306
2018-04-30 22:49:05,793 - Episode 28600
2018-04-30 22:49:05,793 - Step 7586604
2018-04-30 22:49:07,026 - Episode reward mean: 218.650
2018-04-30 22:49:07,027 - Episode reward std: 43.907
2018-04-30 22:51:01,609 - Episode 28700
2018-04-30 22:51:01,609 - Step 7609026
2018-04-30 22:51:03,124 - Episode reward mean: 215.846
2018-04-30 22:51:03,125 - Episode reward std: 59.258
2018-04-30 22:53:13,366 - Episode 28800
2018-04-30 22:53:13,366 - Step 7632927
2018-04-30 22:53:14,840 - Episode reward mean: 209.730
2018-04-30 22:53:14,840 - Episode reward std: 82.843
2018-04-30 22:55:22,122 - Episode 28900
2018-04-30 22:55:22,122 - Step 7656026
2018-04-30 22:55:23,474 - Episode reward mean: 220.039
2018-04-30 22:55:23,474 - Episode reward std: 49.936
2018-04-30 22:57:28,598 - Episode 29000
2018-04-30 22:57:28,598 - Step 7678679
2018-04-30 22:57:29,657 - Episode reward mean: 209.608
2018-04-30 22:57:29,657 - Episode reward std: 69.632
2018-04-30 22:57:29,657 - **Testing mode
2018-04-30 22:57:29,657 - Running for 20 episodes
2018-04-30 22:57:36,800 - (test) Average reward per episode: 208.0715594111629
2018-04-30 22:57:36,801 - Standard deviation: 64.11738533177932
2018-04-30 22:59:42,268 - Episode 29100
2018-04-30 22:59:42,268 - Step 7701756
2018-04-30 22:59:43,359 - Episode reward mean: 217.718
2018-04-30 22:59:43,359 - Episode reward std: 63.798
2018-04-30 23:01:45,497 - Episode 29200
2018-04-30 23:01:45,497 - Step 7724206
2018-04-30 23:01:46,482 - Episode reward mean: 190.711
2018-04-30 23:01:46,482 - Episode reward std: 112.415
2018-04-30 23:04:08,121 - Episode 29300
2018-04-30 23:04:08,121 - Step 7749338
2018-04-30 23:04:09,064 - Episode reward mean: 192.065
2018-04-30 23:04:09,064 - Episode reward std: 103.299
2018-04-30 23:06:19,786 - Episode 29400
2018-04-30 23:06:19,786 - Step 7772722
2018-04-30 23:06:20,882 - Episode reward mean: 165.057
2018-04-30 23:06:20,882 - Episode reward std: 119.840
2018-04-30 23:08:20,083 - Episode 29500
2018-04-30 23:08:20,083 - Step 7794740
2018-04-30 23:08:20,858 - Episode reward mean: 127.513
2018-04-30 23:08:20,858 - Episode reward std: 161.441
2018-04-30 23:08:20,858 - **Testing mode
2018-04-30 23:08:20,858 - Running for 20 episodes
2018-04-30 23:08:27,878 - (test) Average reward per episode: 201.0447559104161
2018-04-30 23:08:27,878 - Standard deviation: 70.79366574199135
